[2023-07-08T02:48:27.604+0000] {processor.py:157} INFO - Started process (PID=318) to work on /opt/airflow/dags/update_post_exposure.py
[2023-07-08T02:48:27.700+0000] {processor.py:826} INFO - Processing file /opt/airflow/dags/update_post_exposure.py for tasks to queue
[2023-07-08T02:48:28.120+0000] {logging_mixin.py:149} INFO - [2023-07-08T02:48:28.065+0000] {dagbag.py:541} INFO - Filling up the DagBag from /opt/airflow/dags/update_post_exposure.py
[2023-07-08T02:48:29.589+0000] {processor.py:836} INFO - DAG(s) dict_keys(['update_post_exposure']) retrieved from /opt/airflow/dags/update_post_exposure.py
[2023-07-08T02:48:30.955+0000] {logging_mixin.py:149} INFO - [2023-07-08T02:48:30.942+0000] {dag.py:2726} INFO - Sync 1 DAGs
[2023-07-08T02:48:51.495+0000] {logging_mixin.py:149} INFO - [2023-07-08T02:48:51.493+0000] {dag.py:3490} INFO - Setting next_dagrun for update_post_exposure to 2023-07-07T00:00:00+00:00, run_after=2023-07-08T00:00:00+00:00
[2023-07-08T02:49:02.988+0000] {processor.py:179} INFO - Processing /opt/airflow/dags/update_post_exposure.py took 38.017 seconds
[2023-07-08T02:49:50.193+0000] {processor.py:157} INFO - Started process (PID=335) to work on /opt/airflow/dags/update_post_exposure.py
[2023-07-08T02:49:50.238+0000] {processor.py:826} INFO - Processing file /opt/airflow/dags/update_post_exposure.py for tasks to queue
[2023-07-08T02:49:50.547+0000] {logging_mixin.py:149} INFO - [2023-07-08T02:49:50.545+0000] {dagbag.py:541} INFO - Filling up the DagBag from /opt/airflow/dags/update_post_exposure.py
[2023-07-08T02:49:51.896+0000] {processor.py:836} INFO - DAG(s) dict_keys(['update_post_exposure']) retrieved from /opt/airflow/dags/update_post_exposure.py
[2023-07-08T02:49:54.673+0000] {logging_mixin.py:149} INFO - [2023-07-08T02:49:54.644+0000] {dag.py:2726} INFO - Sync 1 DAGs
[2023-07-08T02:49:56.458+0000] {logging_mixin.py:149} INFO - [2023-07-08T02:49:56.427+0000] {dag.py:3490} INFO - Setting next_dagrun for update_post_exposure to 2023-07-07T00:00:00+00:00, run_after=2023-07-08T00:00:00+00:00
[2023-07-08T02:49:58.789+0000] {processor.py:179} INFO - Processing /opt/airflow/dags/update_post_exposure.py took 9.018 seconds
[2023-07-08T02:50:31.098+0000] {processor.py:157} INFO - Started process (PID=347) to work on /opt/airflow/dags/update_post_exposure.py
[2023-07-08T02:50:31.136+0000] {processor.py:826} INFO - Processing file /opt/airflow/dags/update_post_exposure.py for tasks to queue
[2023-07-08T02:50:31.257+0000] {logging_mixin.py:149} INFO - [2023-07-08T02:50:31.253+0000] {dagbag.py:541} INFO - Filling up the DagBag from /opt/airflow/dags/update_post_exposure.py
[2023-07-08T02:50:33.117+0000] {processor.py:836} INFO - DAG(s) dict_keys(['update_post_exposure']) retrieved from /opt/airflow/dags/update_post_exposure.py
[2023-07-08T02:50:36.861+0000] {logging_mixin.py:149} INFO - [2023-07-08T02:50:36.857+0000] {dag.py:2726} INFO - Sync 1 DAGs
[2023-07-08T02:50:39.770+0000] {logging_mixin.py:149} INFO - [2023-07-08T02:50:39.768+0000] {dag.py:3490} INFO - Setting next_dagrun for update_post_exposure to 2023-07-07T00:00:00+00:00, run_after=2023-07-08T00:00:00+00:00
[2023-07-08T02:50:45.466+0000] {processor.py:179} INFO - Processing /opt/airflow/dags/update_post_exposure.py took 14.672 seconds
[2023-07-08T02:51:18.036+0000] {processor.py:157} INFO - Started process (PID=358) to work on /opt/airflow/dags/update_post_exposure.py
[2023-07-08T02:51:18.132+0000] {processor.py:826} INFO - Processing file /opt/airflow/dags/update_post_exposure.py for tasks to queue
[2023-07-08T02:51:18.195+0000] {logging_mixin.py:149} INFO - [2023-07-08T02:51:18.194+0000] {dagbag.py:541} INFO - Filling up the DagBag from /opt/airflow/dags/update_post_exposure.py
[2023-07-08T02:51:18.495+0000] {processor.py:836} INFO - DAG(s) dict_keys(['update_post_exposure']) retrieved from /opt/airflow/dags/update_post_exposure.py
[2023-07-08T02:51:19.054+0000] {logging_mixin.py:149} INFO - [2023-07-08T02:51:19.052+0000] {dag.py:2726} INFO - Sync 1 DAGs
[2023-07-08T02:51:19.777+0000] {logging_mixin.py:149} INFO - [2023-07-08T02:51:19.776+0000] {dag.py:3490} INFO - Setting next_dagrun for update_post_exposure to 2023-07-07T00:00:00+00:00, run_after=2023-07-08T00:00:00+00:00
[2023-07-08T02:51:20.323+0000] {processor.py:179} INFO - Processing /opt/airflow/dags/update_post_exposure.py took 2.540 seconds
[2023-07-08T02:52:05.214+0000] {processor.py:157} INFO - Started process (PID=374) to work on /opt/airflow/dags/update_post_exposure.py
[2023-07-08T02:52:05.250+0000] {processor.py:826} INFO - Processing file /opt/airflow/dags/update_post_exposure.py for tasks to queue
[2023-07-08T02:52:05.427+0000] {logging_mixin.py:149} INFO - [2023-07-08T02:52:05.370+0000] {dagbag.py:541} INFO - Filling up the DagBag from /opt/airflow/dags/update_post_exposure.py
[2023-07-08T02:52:06.415+0000] {processor.py:836} INFO - DAG(s) dict_keys(['update_post_exposure']) retrieved from /opt/airflow/dags/update_post_exposure.py
[2023-07-08T02:52:07.492+0000] {logging_mixin.py:149} INFO - [2023-07-08T02:52:07.490+0000] {dag.py:2726} INFO - Sync 1 DAGs
[2023-07-08T02:52:08.025+0000] {logging_mixin.py:149} INFO - [2023-07-08T02:52:08.024+0000] {dag.py:3490} INFO - Setting next_dagrun for update_post_exposure to 2023-07-07T00:00:00+00:00, run_after=2023-07-08T00:00:00+00:00
[2023-07-08T02:52:09.624+0000] {processor.py:179} INFO - Processing /opt/airflow/dags/update_post_exposure.py took 4.865 seconds
[2023-07-08T02:53:12.161+0000] {processor.py:157} INFO - Started process (PID=384) to work on /opt/airflow/dags/update_post_exposure.py
[2023-07-08T02:53:12.235+0000] {processor.py:826} INFO - Processing file /opt/airflow/dags/update_post_exposure.py for tasks to queue
[2023-07-08T02:53:12.338+0000] {logging_mixin.py:149} INFO - [2023-07-08T02:53:12.336+0000] {dagbag.py:541} INFO - Filling up the DagBag from /opt/airflow/dags/update_post_exposure.py
[2023-07-08T02:53:13.017+0000] {processor.py:836} INFO - DAG(s) dict_keys(['update_post_exposure']) retrieved from /opt/airflow/dags/update_post_exposure.py
[2023-07-08T02:53:13.532+0000] {logging_mixin.py:149} INFO - [2023-07-08T02:53:13.530+0000] {dag.py:2726} INFO - Sync 1 DAGs
[2023-07-08T02:53:14.017+0000] {logging_mixin.py:149} INFO - [2023-07-08T02:53:14.015+0000] {dag.py:3490} INFO - Setting next_dagrun for update_post_exposure to 2023-07-07T00:00:00+00:00, run_after=2023-07-08T00:00:00+00:00
[2023-07-08T02:53:14.561+0000] {processor.py:179} INFO - Processing /opt/airflow/dags/update_post_exposure.py took 2.781 seconds
[2023-07-08T02:54:14.762+0000] {processor.py:157} INFO - Started process (PID=401) to work on /opt/airflow/dags/update_post_exposure.py
[2023-07-08T02:54:14.830+0000] {processor.py:826} INFO - Processing file /opt/airflow/dags/update_post_exposure.py for tasks to queue
[2023-07-08T02:54:14.899+0000] {logging_mixin.py:149} INFO - [2023-07-08T02:54:14.898+0000] {dagbag.py:541} INFO - Filling up the DagBag from /opt/airflow/dags/update_post_exposure.py
[2023-07-08T02:54:16.028+0000] {processor.py:836} INFO - DAG(s) dict_keys(['update_post_exposure']) retrieved from /opt/airflow/dags/update_post_exposure.py
[2023-07-08T02:54:16.884+0000] {logging_mixin.py:149} INFO - [2023-07-08T02:54:16.878+0000] {dag.py:2726} INFO - Sync 1 DAGs
[2023-07-08T02:54:17.407+0000] {logging_mixin.py:149} INFO - [2023-07-08T02:54:17.406+0000] {dag.py:3490} INFO - Setting next_dagrun for update_post_exposure to 2023-07-07T00:00:00+00:00, run_after=2023-07-08T00:00:00+00:00
[2023-07-08T02:54:19.636+0000] {processor.py:179} INFO - Processing /opt/airflow/dags/update_post_exposure.py took 4.942 seconds
[2023-07-08T02:55:29.278+0000] {processor.py:157} INFO - Started process (PID=419) to work on /opt/airflow/dags/update_post_exposure.py
[2023-07-08T02:55:29.418+0000] {processor.py:826} INFO - Processing file /opt/airflow/dags/update_post_exposure.py for tasks to queue
[2023-07-08T02:55:29.591+0000] {logging_mixin.py:149} INFO - [2023-07-08T02:55:29.587+0000] {dagbag.py:541} INFO - Filling up the DagBag from /opt/airflow/dags/update_post_exposure.py
[2023-07-08T02:55:30.376+0000] {processor.py:836} INFO - DAG(s) dict_keys(['update_post_exposure']) retrieved from /opt/airflow/dags/update_post_exposure.py
[2023-07-08T02:55:32.709+0000] {logging_mixin.py:149} INFO - [2023-07-08T02:55:32.708+0000] {dag.py:2726} INFO - Sync 1 DAGs
[2023-07-08T02:55:35.702+0000] {logging_mixin.py:149} INFO - [2023-07-08T02:55:35.699+0000] {dag.py:3490} INFO - Setting next_dagrun for update_post_exposure to 2023-07-07T00:00:00+00:00, run_after=2023-07-08T00:00:00+00:00
[2023-07-08T02:55:37.758+0000] {processor.py:179} INFO - Processing /opt/airflow/dags/update_post_exposure.py took 9.074 seconds
[2023-07-08T02:56:16.018+0000] {processor.py:157} INFO - Started process (PID=430) to work on /opt/airflow/dags/update_post_exposure.py
[2023-07-08T02:56:16.050+0000] {processor.py:826} INFO - Processing file /opt/airflow/dags/update_post_exposure.py for tasks to queue
[2023-07-08T02:56:16.179+0000] {logging_mixin.py:149} INFO - [2023-07-08T02:56:16.125+0000] {dagbag.py:541} INFO - Filling up the DagBag from /opt/airflow/dags/update_post_exposure.py
[2023-07-08T02:56:16.796+0000] {processor.py:836} INFO - DAG(s) dict_keys(['update_post_exposure']) retrieved from /opt/airflow/dags/update_post_exposure.py
[2023-07-08T02:56:17.245+0000] {logging_mixin.py:149} INFO - [2023-07-08T02:56:17.244+0000] {dag.py:2726} INFO - Sync 1 DAGs
[2023-07-08T02:56:17.676+0000] {logging_mixin.py:149} INFO - [2023-07-08T02:56:17.675+0000] {dag.py:3490} INFO - Setting next_dagrun for update_post_exposure to 2023-07-07T00:00:00+00:00, run_after=2023-07-08T00:00:00+00:00
[2023-07-08T02:56:17.945+0000] {processor.py:179} INFO - Processing /opt/airflow/dags/update_post_exposure.py took 2.139 seconds
[2023-07-08T02:57:10.581+0000] {processor.py:157} INFO - Started process (PID=446) to work on /opt/airflow/dags/update_post_exposure.py
[2023-07-08T02:57:10.659+0000] {processor.py:826} INFO - Processing file /opt/airflow/dags/update_post_exposure.py for tasks to queue
[2023-07-08T02:57:10.746+0000] {logging_mixin.py:149} INFO - [2023-07-08T02:57:10.745+0000] {dagbag.py:541} INFO - Filling up the DagBag from /opt/airflow/dags/update_post_exposure.py
[2023-07-08T02:57:11.453+0000] {processor.py:836} INFO - DAG(s) dict_keys(['update_post_exposure']) retrieved from /opt/airflow/dags/update_post_exposure.py
[2023-07-08T02:57:12.127+0000] {logging_mixin.py:149} INFO - [2023-07-08T02:57:12.126+0000] {dag.py:2726} INFO - Sync 1 DAGs
[2023-07-08T02:57:12.587+0000] {logging_mixin.py:149} INFO - [2023-07-08T02:57:12.585+0000] {dag.py:3490} INFO - Setting next_dagrun for update_post_exposure to 2023-07-07T00:00:00+00:00, run_after=2023-07-08T00:00:00+00:00
[2023-07-08T02:57:12.807+0000] {processor.py:179} INFO - Processing /opt/airflow/dags/update_post_exposure.py took 3.206 seconds
[2023-07-08T02:57:59.801+0000] {processor.py:157} INFO - Started process (PID=457) to work on /opt/airflow/dags/update_post_exposure.py
[2023-07-08T02:57:59.929+0000] {processor.py:826} INFO - Processing file /opt/airflow/dags/update_post_exposure.py for tasks to queue
[2023-07-08T02:58:00.471+0000] {logging_mixin.py:149} INFO - [2023-07-08T02:58:00.400+0000] {dagbag.py:541} INFO - Filling up the DagBag from /opt/airflow/dags/update_post_exposure.py
[2023-07-08T02:58:01.926+0000] {processor.py:836} INFO - DAG(s) dict_keys(['update_post_exposure']) retrieved from /opt/airflow/dags/update_post_exposure.py
[2023-07-08T02:58:03.322+0000] {logging_mixin.py:149} INFO - [2023-07-08T02:58:03.320+0000] {dag.py:2726} INFO - Sync 1 DAGs
[2023-07-08T02:58:04.437+0000] {logging_mixin.py:149} INFO - [2023-07-08T02:58:04.436+0000] {dag.py:3490} INFO - Setting next_dagrun for update_post_exposure to 2023-07-07T00:00:00+00:00, run_after=2023-07-08T00:00:00+00:00
[2023-07-08T02:58:05.083+0000] {processor.py:179} INFO - Processing /opt/airflow/dags/update_post_exposure.py took 5.785 seconds
[2023-07-08T02:59:10.869+0000] {processor.py:157} INFO - Started process (PID=474) to work on /opt/airflow/dags/update_post_exposure.py
[2023-07-08T02:59:10.941+0000] {processor.py:826} INFO - Processing file /opt/airflow/dags/update_post_exposure.py for tasks to queue
[2023-07-08T02:59:11.205+0000] {logging_mixin.py:149} INFO - [2023-07-08T02:59:11.204+0000] {dagbag.py:541} INFO - Filling up the DagBag from /opt/airflow/dags/update_post_exposure.py
[2023-07-08T02:59:11.800+0000] {processor.py:836} INFO - DAG(s) dict_keys(['update_post_exposure']) retrieved from /opt/airflow/dags/update_post_exposure.py
[2023-07-08T02:59:12.621+0000] {logging_mixin.py:149} INFO - [2023-07-08T02:59:12.620+0000] {dag.py:2726} INFO - Sync 1 DAGs
[2023-07-08T02:59:13.045+0000] {logging_mixin.py:149} INFO - [2023-07-08T02:59:13.044+0000] {dag.py:3490} INFO - Setting next_dagrun for update_post_exposure to 2023-07-07T00:00:00+00:00, run_after=2023-07-08T00:00:00+00:00
[2023-07-08T02:59:13.581+0000] {processor.py:179} INFO - Processing /opt/airflow/dags/update_post_exposure.py took 2.906 seconds
[2023-07-08T02:59:58.560+0000] {processor.py:157} INFO - Started process (PID=484) to work on /opt/airflow/dags/update_post_exposure.py
[2023-07-08T02:59:58.598+0000] {processor.py:826} INFO - Processing file /opt/airflow/dags/update_post_exposure.py for tasks to queue
[2023-07-08T02:59:58.693+0000] {logging_mixin.py:149} INFO - [2023-07-08T02:59:58.691+0000] {dagbag.py:541} INFO - Filling up the DagBag from /opt/airflow/dags/update_post_exposure.py
[2023-07-08T02:59:59.117+0000] {processor.py:836} INFO - DAG(s) dict_keys(['update_post_exposure']) retrieved from /opt/airflow/dags/update_post_exposure.py
[2023-07-08T02:59:59.766+0000] {logging_mixin.py:149} INFO - [2023-07-08T02:59:59.766+0000] {dag.py:2726} INFO - Sync 1 DAGs
[2023-07-08T03:00:00.440+0000] {logging_mixin.py:149} INFO - [2023-07-08T03:00:00.439+0000] {dag.py:3490} INFO - Setting next_dagrun for update_post_exposure to 2023-07-07T00:00:00+00:00, run_after=2023-07-08T00:00:00+00:00
[2023-07-08T03:00:01.520+0000] {processor.py:179} INFO - Processing /opt/airflow/dags/update_post_exposure.py took 3.105 seconds
[2023-07-08T03:00:54.780+0000] {processor.py:157} INFO - Started process (PID=500) to work on /opt/airflow/dags/update_post_exposure.py
[2023-07-08T03:00:54.792+0000] {processor.py:826} INFO - Processing file /opt/airflow/dags/update_post_exposure.py for tasks to queue
[2023-07-08T03:00:54.860+0000] {logging_mixin.py:149} INFO - [2023-07-08T03:00:54.854+0000] {dagbag.py:541} INFO - Filling up the DagBag from /opt/airflow/dags/update_post_exposure.py
[2023-07-08T03:00:55.907+0000] {processor.py:836} INFO - DAG(s) dict_keys(['update_post_exposure']) retrieved from /opt/airflow/dags/update_post_exposure.py
[2023-07-08T03:00:56.745+0000] {logging_mixin.py:149} INFO - [2023-07-08T03:00:56.744+0000] {dag.py:2726} INFO - Sync 1 DAGs
[2023-07-08T03:00:58.164+0000] {logging_mixin.py:149} INFO - [2023-07-08T03:00:58.159+0000] {dag.py:3490} INFO - Setting next_dagrun for update_post_exposure to 2023-07-07T00:00:00+00:00, run_after=2023-07-08T00:00:00+00:00
[2023-07-08T03:00:58.518+0000] {processor.py:179} INFO - Processing /opt/airflow/dags/update_post_exposure.py took 3.819 seconds
[2023-07-08T03:02:01.000+0000] {processor.py:157} INFO - Started process (PID=509) to work on /opt/airflow/dags/update_post_exposure.py
[2023-07-08T03:02:01.047+0000] {processor.py:826} INFO - Processing file /opt/airflow/dags/update_post_exposure.py for tasks to queue
[2023-07-08T03:02:01.087+0000] {logging_mixin.py:149} INFO - [2023-07-08T03:02:01.084+0000] {dagbag.py:541} INFO - Filling up the DagBag from /opt/airflow/dags/update_post_exposure.py
[2023-07-08T03:02:02.233+0000] {processor.py:836} INFO - DAG(s) dict_keys(['update_post_exposure']) retrieved from /opt/airflow/dags/update_post_exposure.py
[2023-07-08T03:02:03.273+0000] {logging_mixin.py:149} INFO - [2023-07-08T03:02:03.272+0000] {dag.py:2726} INFO - Sync 1 DAGs
[2023-07-08T03:02:03.741+0000] {logging_mixin.py:149} INFO - [2023-07-08T03:02:03.740+0000] {dag.py:3490} INFO - Setting next_dagrun for update_post_exposure to 2023-07-07T00:00:00+00:00, run_after=2023-07-08T00:00:00+00:00
[2023-07-08T03:02:04.023+0000] {processor.py:179} INFO - Processing /opt/airflow/dags/update_post_exposure.py took 3.270 seconds
[2023-07-08T03:03:04.555+0000] {processor.py:157} INFO - Started process (PID=527) to work on /opt/airflow/dags/update_post_exposure.py
[2023-07-08T03:03:04.582+0000] {processor.py:826} INFO - Processing file /opt/airflow/dags/update_post_exposure.py for tasks to queue
[2023-07-08T03:03:04.625+0000] {logging_mixin.py:149} INFO - [2023-07-08T03:03:04.618+0000] {dagbag.py:541} INFO - Filling up the DagBag from /opt/airflow/dags/update_post_exposure.py
[2023-07-08T03:03:04.983+0000] {processor.py:836} INFO - DAG(s) dict_keys(['update_post_exposure']) retrieved from /opt/airflow/dags/update_post_exposure.py
[2023-07-08T03:03:06.120+0000] {logging_mixin.py:149} INFO - [2023-07-08T03:03:06.119+0000] {dag.py:2726} INFO - Sync 1 DAGs
[2023-07-08T03:03:06.624+0000] {logging_mixin.py:149} INFO - [2023-07-08T03:03:06.623+0000] {dag.py:3490} INFO - Setting next_dagrun for update_post_exposure to 2023-07-07T00:00:00+00:00, run_after=2023-07-08T00:00:00+00:00
[2023-07-08T03:03:06.945+0000] {processor.py:179} INFO - Processing /opt/airflow/dags/update_post_exposure.py took 2.454 seconds
[2023-07-08T03:06:02.302+0000] {processor.py:157} INFO - Started process (PID=542) to work on /opt/airflow/dags/update_post_exposure.py
[2023-07-08T03:06:02.615+0000] {processor.py:826} INFO - Processing file /opt/airflow/dags/update_post_exposure.py for tasks to queue
[2023-07-08T03:06:03.579+0000] {logging_mixin.py:149} INFO - [2023-07-08T03:06:03.467+0000] {dagbag.py:541} INFO - Filling up the DagBag from /opt/airflow/dags/update_post_exposure.py
[2023-07-08T03:06:08.271+0000] {processor.py:836} INFO - DAG(s) dict_keys(['update_post_exposure']) retrieved from /opt/airflow/dags/update_post_exposure.py
[2023-07-08T03:06:21.824+0000] {logging_mixin.py:149} INFO - [2023-07-08T03:06:21.821+0000] {dag.py:2726} INFO - Sync 1 DAGs
[2023-07-08T03:06:23.894+0000] {logging_mixin.py:149} INFO - [2023-07-08T03:06:23.893+0000] {dag.py:3490} INFO - Setting next_dagrun for update_post_exposure to 2023-07-07T00:00:00+00:00, run_after=2023-07-08T00:00:00+00:00
[2023-07-08T03:06:25.599+0000] {processor.py:179} INFO - Processing /opt/airflow/dags/update_post_exposure.py took 25.586 seconds
[2023-07-08T03:06:59.846+0000] {processor.py:157} INFO - Started process (PID=559) to work on /opt/airflow/dags/update_post_exposure.py
[2023-07-08T03:07:00.482+0000] {processor.py:826} INFO - Processing file /opt/airflow/dags/update_post_exposure.py for tasks to queue
[2023-07-08T03:07:00.652+0000] {logging_mixin.py:149} INFO - [2023-07-08T03:07:00.582+0000] {dagbag.py:541} INFO - Filling up the DagBag from /opt/airflow/dags/update_post_exposure.py
[2023-07-08T03:07:06.822+0000] {processor.py:836} INFO - DAG(s) dict_keys(['update_post_exposure']) retrieved from /opt/airflow/dags/update_post_exposure.py
[2023-07-08T03:07:12.444+0000] {logging_mixin.py:149} INFO - [2023-07-08T03:07:12.442+0000] {dag.py:2726} INFO - Sync 1 DAGs
[2023-07-08T03:07:14.823+0000] {logging_mixin.py:149} INFO - [2023-07-08T03:07:14.821+0000] {dag.py:3490} INFO - Setting next_dagrun for update_post_exposure to 2023-07-07T00:00:00+00:00, run_after=2023-07-08T00:00:00+00:00
[2023-07-08T03:07:16.413+0000] {processor.py:179} INFO - Processing /opt/airflow/dags/update_post_exposure.py took 17.179 seconds
[2023-07-08T03:08:15.634+0000] {processor.py:157} INFO - Started process (PID=578) to work on /opt/airflow/dags/update_post_exposure.py
[2023-07-08T03:08:15.678+0000] {processor.py:826} INFO - Processing file /opt/airflow/dags/update_post_exposure.py for tasks to queue
[2023-07-08T03:08:15.708+0000] {logging_mixin.py:149} INFO - [2023-07-08T03:08:15.706+0000] {dagbag.py:541} INFO - Filling up the DagBag from /opt/airflow/dags/update_post_exposure.py
[2023-07-08T03:08:16.519+0000] {processor.py:836} INFO - DAG(s) dict_keys(['update_post_exposure']) retrieved from /opt/airflow/dags/update_post_exposure.py
[2023-07-08T03:08:17.668+0000] {logging_mixin.py:149} INFO - [2023-07-08T03:08:17.666+0000] {dag.py:2726} INFO - Sync 1 DAGs
[2023-07-08T03:08:20.057+0000] {logging_mixin.py:149} INFO - [2023-07-08T03:08:20.056+0000] {dag.py:3490} INFO - Setting next_dagrun for update_post_exposure to 2023-07-07T00:00:00+00:00, run_after=2023-07-08T00:00:00+00:00
[2023-07-08T03:08:21.270+0000] {processor.py:179} INFO - Processing /opt/airflow/dags/update_post_exposure.py took 5.952 seconds
[2023-07-08T03:09:17.359+0000] {processor.py:157} INFO - Started process (PID=588) to work on /opt/airflow/dags/update_post_exposure.py
[2023-07-08T03:09:17.413+0000] {processor.py:826} INFO - Processing file /opt/airflow/dags/update_post_exposure.py for tasks to queue
[2023-07-08T03:09:17.439+0000] {logging_mixin.py:149} INFO - [2023-07-08T03:09:17.437+0000] {dagbag.py:541} INFO - Filling up the DagBag from /opt/airflow/dags/update_post_exposure.py
[2023-07-08T03:09:18.193+0000] {processor.py:836} INFO - DAG(s) dict_keys(['update_post_exposure']) retrieved from /opt/airflow/dags/update_post_exposure.py
[2023-07-08T03:09:18.766+0000] {logging_mixin.py:149} INFO - [2023-07-08T03:09:18.765+0000] {dag.py:2726} INFO - Sync 1 DAGs
[2023-07-08T03:09:19.841+0000] {logging_mixin.py:149} INFO - [2023-07-08T03:09:19.818+0000] {dag.py:3490} INFO - Setting next_dagrun for update_post_exposure to 2023-07-07T00:00:00+00:00, run_after=2023-07-08T00:00:00+00:00
[2023-07-08T03:09:20.819+0000] {processor.py:179} INFO - Processing /opt/airflow/dags/update_post_exposure.py took 3.766 seconds
[2023-07-08T03:10:20.689+0000] {processor.py:157} INFO - Started process (PID=605) to work on /opt/airflow/dags/update_post_exposure.py
[2023-07-08T03:10:20.807+0000] {processor.py:826} INFO - Processing file /opt/airflow/dags/update_post_exposure.py for tasks to queue
[2023-07-08T03:10:20.824+0000] {logging_mixin.py:149} INFO - [2023-07-08T03:10:20.822+0000] {dagbag.py:541} INFO - Filling up the DagBag from /opt/airflow/dags/update_post_exposure.py
[2023-07-08T03:10:21.942+0000] {processor.py:836} INFO - DAG(s) dict_keys(['update_post_exposure']) retrieved from /opt/airflow/dags/update_post_exposure.py
[2023-07-08T03:10:22.857+0000] {logging_mixin.py:149} INFO - [2023-07-08T03:10:22.856+0000] {dag.py:2726} INFO - Sync 1 DAGs
[2023-07-08T03:10:24.272+0000] {logging_mixin.py:149} INFO - [2023-07-08T03:10:24.271+0000] {dag.py:3490} INFO - Setting next_dagrun for update_post_exposure to 2023-07-07T00:00:00+00:00, run_after=2023-07-08T00:00:00+00:00
[2023-07-08T03:10:25.029+0000] {processor.py:179} INFO - Processing /opt/airflow/dags/update_post_exposure.py took 4.522 seconds
[2023-07-08T03:12:04.066+0000] {processor.py:157} INFO - Started process (PID=622) to work on /opt/airflow/dags/update_post_exposure.py
[2023-07-08T03:12:04.096+0000] {processor.py:826} INFO - Processing file /opt/airflow/dags/update_post_exposure.py for tasks to queue
[2023-07-08T03:12:04.167+0000] {logging_mixin.py:149} INFO - [2023-07-08T03:12:04.159+0000] {dagbag.py:541} INFO - Filling up the DagBag from /opt/airflow/dags/update_post_exposure.py
[2023-07-08T03:12:13.316+0000] {processor.py:836} INFO - DAG(s) dict_keys(['update_post_exposure']) retrieved from /opt/airflow/dags/update_post_exposure.py
[2023-07-08T03:12:18.746+0000] {logging_mixin.py:149} INFO - [2023-07-08T03:12:18.718+0000] {dag.py:2726} INFO - Sync 1 DAGs
[2023-07-08T03:12:20.785+0000] {logging_mixin.py:149} INFO - [2023-07-08T03:12:20.735+0000] {dag.py:3490} INFO - Setting next_dagrun for update_post_exposure to 2023-07-07T00:00:00+00:00, run_after=2023-07-08T00:00:00+00:00
[2023-07-08T03:12:21.884+0000] {processor.py:179} INFO - Processing /opt/airflow/dags/update_post_exposure.py took 18.308 seconds
[2023-07-08T03:12:54.763+0000] {processor.py:157} INFO - Started process (PID=638) to work on /opt/airflow/dags/update_post_exposure.py
[2023-07-08T03:12:54.945+0000] {processor.py:826} INFO - Processing file /opt/airflow/dags/update_post_exposure.py for tasks to queue
[2023-07-08T03:12:55.085+0000] {logging_mixin.py:149} INFO - [2023-07-08T03:12:55.047+0000] {dagbag.py:541} INFO - Filling up the DagBag from /opt/airflow/dags/update_post_exposure.py
[2023-07-08T03:12:57.658+0000] {processor.py:836} INFO - DAG(s) dict_keys(['update_post_exposure']) retrieved from /opt/airflow/dags/update_post_exposure.py
[2023-07-08T03:13:04.375+0000] {logging_mixin.py:149} INFO - [2023-07-08T03:13:04.373+0000] {dag.py:2726} INFO - Sync 1 DAGs
[2023-07-08T03:13:14.182+0000] {logging_mixin.py:149} INFO - [2023-07-08T03:13:14.181+0000] {dag.py:3490} INFO - Setting next_dagrun for update_post_exposure to 2023-07-07T00:00:00+00:00, run_after=2023-07-08T00:00:00+00:00
[2023-07-08T03:13:15.503+0000] {processor.py:179} INFO - Processing /opt/airflow/dags/update_post_exposure.py took 21.240 seconds
[2023-07-08T03:13:48.005+0000] {processor.py:157} INFO - Started process (PID=650) to work on /opt/airflow/dags/update_post_exposure.py
[2023-07-08T03:13:48.253+0000] {processor.py:826} INFO - Processing file /opt/airflow/dags/update_post_exposure.py for tasks to queue
[2023-07-08T03:13:48.316+0000] {logging_mixin.py:149} INFO - [2023-07-08T03:13:48.313+0000] {dagbag.py:541} INFO - Filling up the DagBag from /opt/airflow/dags/update_post_exposure.py
[2023-07-08T03:13:51.086+0000] {processor.py:836} INFO - DAG(s) dict_keys(['update_post_exposure']) retrieved from /opt/airflow/dags/update_post_exposure.py
[2023-07-08T03:13:56.751+0000] {logging_mixin.py:149} INFO - [2023-07-08T03:13:56.717+0000] {dag.py:2726} INFO - Sync 1 DAGs
[2023-07-08T03:14:07.806+0000] {logging_mixin.py:149} INFO - [2023-07-08T03:14:07.805+0000] {dag.py:3490} INFO - Setting next_dagrun for update_post_exposure to 2023-07-07T00:00:00+00:00, run_after=2023-07-08T00:00:00+00:00
[2023-07-08T03:14:09.785+0000] {processor.py:179} INFO - Processing /opt/airflow/dags/update_post_exposure.py took 22.231 seconds
[2023-07-08T03:14:55.366+0000] {processor.py:157} INFO - Started process (PID=666) to work on /opt/airflow/dags/update_post_exposure.py
[2023-07-08T03:14:55.476+0000] {processor.py:826} INFO - Processing file /opt/airflow/dags/update_post_exposure.py for tasks to queue
[2023-07-08T03:14:55.622+0000] {logging_mixin.py:149} INFO - [2023-07-08T03:14:55.620+0000] {dagbag.py:541} INFO - Filling up the DagBag from /opt/airflow/dags/update_post_exposure.py
[2023-07-08T03:15:03.474+0000] {processor.py:836} INFO - DAG(s) dict_keys(['update_post_exposure']) retrieved from /opt/airflow/dags/update_post_exposure.py
[2023-07-08T03:15:07.583+0000] {logging_mixin.py:149} INFO - [2023-07-08T03:15:07.581+0000] {dag.py:2726} INFO - Sync 1 DAGs
[2023-07-08T03:15:10.984+0000] {logging_mixin.py:149} INFO - [2023-07-08T03:15:10.794+0000] {dag.py:3490} INFO - Setting next_dagrun for update_post_exposure to 2023-07-07T00:00:00+00:00, run_after=2023-07-08T00:00:00+00:00
[2023-07-08T03:15:12.480+0000] {processor.py:179} INFO - Processing /opt/airflow/dags/update_post_exposure.py took 20.087 seconds
[2023-07-08T03:15:46.629+0000] {processor.py:157} INFO - Started process (PID=677) to work on /opt/airflow/dags/update_post_exposure.py
[2023-07-08T03:15:46.906+0000] {processor.py:826} INFO - Processing file /opt/airflow/dags/update_post_exposure.py for tasks to queue
[2023-07-08T03:15:47.568+0000] {logging_mixin.py:149} INFO - [2023-07-08T03:15:47.474+0000] {dagbag.py:541} INFO - Filling up the DagBag from /opt/airflow/dags/update_post_exposure.py
[2023-07-08T03:15:55.162+0000] {processor.py:836} INFO - DAG(s) dict_keys(['update_post_exposure']) retrieved from /opt/airflow/dags/update_post_exposure.py
[2023-07-08T03:15:59.603+0000] {logging_mixin.py:149} INFO - [2023-07-08T03:15:59.590+0000] {dag.py:2726} INFO - Sync 1 DAGs
[2023-07-08T03:16:02.062+0000] {logging_mixin.py:149} INFO - [2023-07-08T03:16:02.061+0000] {dag.py:3490} INFO - Setting next_dagrun for update_post_exposure to 2023-07-07T00:00:00+00:00, run_after=2023-07-08T00:00:00+00:00
[2023-07-08T03:16:02.867+0000] {processor.py:179} INFO - Processing /opt/airflow/dags/update_post_exposure.py took 18.255 seconds
[2023-07-08T03:16:42.900+0000] {processor.py:157} INFO - Started process (PID=694) to work on /opt/airflow/dags/update_post_exposure.py
[2023-07-08T03:16:43.376+0000] {processor.py:826} INFO - Processing file /opt/airflow/dags/update_post_exposure.py for tasks to queue
[2023-07-08T03:16:43.825+0000] {logging_mixin.py:149} INFO - [2023-07-08T03:16:43.823+0000] {dagbag.py:541} INFO - Filling up the DagBag from /opt/airflow/dags/update_post_exposure.py
[2023-07-08T03:16:49.403+0000] {processor.py:836} INFO - DAG(s) dict_keys(['update_post_exposure']) retrieved from /opt/airflow/dags/update_post_exposure.py
[2023-07-08T03:16:56.629+0000] {logging_mixin.py:149} INFO - [2023-07-08T03:16:56.622+0000] {dag.py:2726} INFO - Sync 1 DAGs
[2023-07-08T03:16:59.848+0000] {logging_mixin.py:149} INFO - [2023-07-08T03:16:59.847+0000] {dag.py:3490} INFO - Setting next_dagrun for update_post_exposure to 2023-07-07T00:00:00+00:00, run_after=2023-07-08T00:00:00+00:00
[2023-07-08T03:17:01.984+0000] {processor.py:179} INFO - Processing /opt/airflow/dags/update_post_exposure.py took 23.506 seconds
[2023-07-08T03:17:38.878+0000] {processor.py:157} INFO - Started process (PID=705) to work on /opt/airflow/dags/update_post_exposure.py
[2023-07-08T03:17:39.469+0000] {processor.py:826} INFO - Processing file /opt/airflow/dags/update_post_exposure.py for tasks to queue
[2023-07-08T03:17:39.585+0000] {logging_mixin.py:149} INFO - [2023-07-08T03:17:39.583+0000] {dagbag.py:541} INFO - Filling up the DagBag from /opt/airflow/dags/update_post_exposure.py
[2023-07-08T03:17:49.870+0000] {processor.py:836} INFO - DAG(s) dict_keys(['update_post_exposure']) retrieved from /opt/airflow/dags/update_post_exposure.py
[2023-07-08T03:17:54.191+0000] {logging_mixin.py:149} INFO - [2023-07-08T03:17:54.190+0000] {dag.py:2726} INFO - Sync 1 DAGs
[2023-07-08T03:17:55.119+0000] {logging_mixin.py:149} INFO - [2023-07-08T03:17:55.115+0000] {dag.py:3490} INFO - Setting next_dagrun for update_post_exposure to 2023-07-07T00:00:00+00:00, run_after=2023-07-08T00:00:00+00:00
[2023-07-08T03:17:56.360+0000] {processor.py:179} INFO - Processing /opt/airflow/dags/update_post_exposure.py took 18.808 seconds
[2023-07-08T03:18:43.874+0000] {processor.py:157} INFO - Started process (PID=721) to work on /opt/airflow/dags/update_post_exposure.py
[2023-07-08T03:18:44.245+0000] {processor.py:826} INFO - Processing file /opt/airflow/dags/update_post_exposure.py for tasks to queue
[2023-07-08T03:18:44.675+0000] {logging_mixin.py:149} INFO - [2023-07-08T03:18:44.672+0000] {dagbag.py:541} INFO - Filling up the DagBag from /opt/airflow/dags/update_post_exposure.py
[2023-07-08T03:18:50.739+0000] {processor.py:836} INFO - DAG(s) dict_keys(['update_post_exposure']) retrieved from /opt/airflow/dags/update_post_exposure.py
[2023-07-08T03:19:51.424+0000] {processor.py:157} INFO - Started process (PID=739) to work on /opt/airflow/dags/update_post_exposure.py
[2023-07-08T03:19:51.467+0000] {processor.py:826} INFO - Processing file /opt/airflow/dags/update_post_exposure.py for tasks to queue
[2023-07-08T03:19:51.493+0000] {logging_mixin.py:149} INFO - [2023-07-08T03:19:51.492+0000] {dagbag.py:541} INFO - Filling up the DagBag from /opt/airflow/dags/update_post_exposure.py
[2023-07-08T03:19:51.949+0000] {processor.py:836} INFO - DAG(s) dict_keys(['update_post_exposure']) retrieved from /opt/airflow/dags/update_post_exposure.py
[2023-07-08T03:19:52.672+0000] {logging_mixin.py:149} INFO - [2023-07-08T03:19:52.671+0000] {dag.py:2726} INFO - Sync 1 DAGs
[2023-07-08T03:19:53.424+0000] {logging_mixin.py:149} INFO - [2023-07-08T03:19:53.423+0000] {dag.py:3490} INFO - Setting next_dagrun for update_post_exposure to 2023-07-07T00:00:00+00:00, run_after=2023-07-08T00:00:00+00:00
[2023-07-08T03:19:53.977+0000] {processor.py:179} INFO - Processing /opt/airflow/dags/update_post_exposure.py took 2.703 seconds
[2023-07-08T03:20:29.336+0000] {processor.py:157} INFO - Started process (PID=748) to work on /opt/airflow/dags/update_post_exposure.py
[2023-07-08T03:20:29.527+0000] {processor.py:826} INFO - Processing file /opt/airflow/dags/update_post_exposure.py for tasks to queue
[2023-07-08T03:20:29.624+0000] {logging_mixin.py:149} INFO - [2023-07-08T03:20:29.578+0000] {dagbag.py:541} INFO - Filling up the DagBag from /opt/airflow/dags/update_post_exposure.py
[2023-07-08T03:20:33.029+0000] {processor.py:836} INFO - DAG(s) dict_keys(['update_post_exposure']) retrieved from /opt/airflow/dags/update_post_exposure.py
[2023-07-08T03:20:39.645+0000] {logging_mixin.py:149} INFO - [2023-07-08T03:20:39.582+0000] {dag.py:2726} INFO - Sync 1 DAGs
[2023-07-08T03:20:47.393+0000] {logging_mixin.py:149} INFO - [2023-07-08T03:20:47.391+0000] {dag.py:3490} INFO - Setting next_dagrun for update_post_exposure to 2023-07-07T00:00:00+00:00, run_after=2023-07-08T00:00:00+00:00
[2023-07-08T03:20:48.721+0000] {processor.py:179} INFO - Processing /opt/airflow/dags/update_post_exposure.py took 20.537 seconds
[2023-07-08T03:21:23.113+0000] {processor.py:157} INFO - Started process (PID=759) to work on /opt/airflow/dags/update_post_exposure.py
[2023-07-08T03:21:23.353+0000] {processor.py:826} INFO - Processing file /opt/airflow/dags/update_post_exposure.py for tasks to queue
[2023-07-08T03:21:23.831+0000] {logging_mixin.py:149} INFO - [2023-07-08T03:21:23.673+0000] {dagbag.py:541} INFO - Filling up the DagBag from /opt/airflow/dags/update_post_exposure.py
[2023-07-08T03:21:30.362+0000] {processor.py:836} INFO - DAG(s) dict_keys(['update_post_exposure']) retrieved from /opt/airflow/dags/update_post_exposure.py
[2023-07-08T03:21:38.094+0000] {logging_mixin.py:149} INFO - [2023-07-08T03:21:38.089+0000] {dag.py:2726} INFO - Sync 1 DAGs
[2023-07-08T03:21:44.437+0000] {logging_mixin.py:149} INFO - [2023-07-08T03:21:44.434+0000] {dag.py:3490} INFO - Setting next_dagrun for update_post_exposure to 2023-07-07T00:00:00+00:00, run_after=2023-07-08T00:00:00+00:00
[2023-07-08T03:21:46.320+0000] {processor.py:179} INFO - Processing /opt/airflow/dags/update_post_exposure.py took 24.061 seconds
[2023-07-08T03:22:20.967+0000] {processor.py:157} INFO - Started process (PID=776) to work on /opt/airflow/dags/update_post_exposure.py
[2023-07-08T03:22:21.016+0000] {processor.py:826} INFO - Processing file /opt/airflow/dags/update_post_exposure.py for tasks to queue
[2023-07-08T03:22:21.264+0000] {logging_mixin.py:149} INFO - [2023-07-08T03:22:21.229+0000] {dagbag.py:541} INFO - Filling up the DagBag from /opt/airflow/dags/update_post_exposure.py
[2023-07-08T03:22:24.315+0000] {processor.py:836} INFO - DAG(s) dict_keys(['update_post_exposure']) retrieved from /opt/airflow/dags/update_post_exposure.py
[2023-07-08T03:22:29.000+0000] {logging_mixin.py:149} INFO - [2023-07-08T03:22:28.998+0000] {dag.py:2726} INFO - Sync 1 DAGs
[2023-07-08T03:22:34.830+0000] {logging_mixin.py:149} INFO - [2023-07-08T03:22:34.827+0000] {dag.py:3490} INFO - Setting next_dagrun for update_post_exposure to 2023-07-07T00:00:00+00:00, run_after=2023-07-08T00:00:00+00:00
[2023-07-08T03:22:37.373+0000] {processor.py:179} INFO - Processing /opt/airflow/dags/update_post_exposure.py took 16.879 seconds
[2023-07-08T03:23:15.085+0000] {processor.py:157} INFO - Started process (PID=786) to work on /opt/airflow/dags/update_post_exposure.py
[2023-07-08T03:23:15.474+0000] {processor.py:826} INFO - Processing file /opt/airflow/dags/update_post_exposure.py for tasks to queue
[2023-07-08T03:23:15.828+0000] {logging_mixin.py:149} INFO - [2023-07-08T03:23:15.774+0000] {dagbag.py:541} INFO - Filling up the DagBag from /opt/airflow/dags/update_post_exposure.py
[2023-07-08T03:23:21.305+0000] {processor.py:836} INFO - DAG(s) dict_keys(['update_post_exposure']) retrieved from /opt/airflow/dags/update_post_exposure.py
[2023-07-08T03:23:27.394+0000] {logging_mixin.py:149} INFO - [2023-07-08T03:23:27.392+0000] {dag.py:2726} INFO - Sync 1 DAGs
[2023-07-08T03:23:33.150+0000] {logging_mixin.py:149} INFO - [2023-07-08T03:23:33.120+0000] {dag.py:3490} INFO - Setting next_dagrun for update_post_exposure to 2023-07-07T00:00:00+00:00, run_after=2023-07-08T00:00:00+00:00
[2023-07-08T03:23:35.815+0000] {processor.py:179} INFO - Processing /opt/airflow/dags/update_post_exposure.py took 21.562 seconds
[2023-07-08T03:24:14.385+0000] {processor.py:157} INFO - Started process (PID=804) to work on /opt/airflow/dags/update_post_exposure.py
[2023-07-08T03:24:14.525+0000] {processor.py:826} INFO - Processing file /opt/airflow/dags/update_post_exposure.py for tasks to queue
[2023-07-08T03:24:14.733+0000] {logging_mixin.py:149} INFO - [2023-07-08T03:24:14.730+0000] {dagbag.py:541} INFO - Filling up the DagBag from /opt/airflow/dags/update_post_exposure.py
[2023-07-08T03:24:17.744+0000] {processor.py:836} INFO - DAG(s) dict_keys(['update_post_exposure']) retrieved from /opt/airflow/dags/update_post_exposure.py
[2023-07-08T03:24:20.579+0000] {logging_mixin.py:149} INFO - [2023-07-08T03:24:20.577+0000] {dag.py:2726} INFO - Sync 1 DAGs
[2023-07-08T03:24:33.645+0000] {logging_mixin.py:149} INFO - [2023-07-08T03:24:33.626+0000] {dag.py:3490} INFO - Setting next_dagrun for update_post_exposure to 2023-07-07T00:00:00+00:00, run_after=2023-07-08T00:00:00+00:00
[2023-07-08T03:24:36.247+0000] {processor.py:179} INFO - Processing /opt/airflow/dags/update_post_exposure.py took 23.320 seconds
[2023-07-08T03:25:21.474+0000] {processor.py:157} INFO - Started process (PID=820) to work on /opt/airflow/dags/update_post_exposure.py
[2023-07-08T03:25:21.616+0000] {processor.py:826} INFO - Processing file /opt/airflow/dags/update_post_exposure.py for tasks to queue
[2023-07-08T03:25:21.808+0000] {logging_mixin.py:149} INFO - [2023-07-08T03:25:21.805+0000] {dagbag.py:541} INFO - Filling up the DagBag from /opt/airflow/dags/update_post_exposure.py
[2023-07-08T03:25:24.380+0000] {processor.py:836} INFO - DAG(s) dict_keys(['update_post_exposure']) retrieved from /opt/airflow/dags/update_post_exposure.py
[2023-07-08T03:25:27.947+0000] {logging_mixin.py:149} INFO - [2023-07-08T03:25:27.944+0000] {dag.py:2726} INFO - Sync 1 DAGs
[2023-07-08T03:25:33.478+0000] {logging_mixin.py:149} INFO - [2023-07-08T03:25:33.476+0000] {dag.py:3490} INFO - Setting next_dagrun for update_post_exposure to 2023-07-07T00:00:00+00:00, run_after=2023-07-08T00:00:00+00:00
[2023-07-08T03:25:34.180+0000] {processor.py:179} INFO - Processing /opt/airflow/dags/update_post_exposure.py took 14.082 seconds
[2023-07-08T03:26:12.327+0000] {processor.py:157} INFO - Started process (PID=831) to work on /opt/airflow/dags/update_post_exposure.py
[2023-07-08T03:26:12.562+0000] {processor.py:826} INFO - Processing file /opt/airflow/dags/update_post_exposure.py for tasks to queue
[2023-07-08T03:26:13.897+0000] {logging_mixin.py:149} INFO - [2023-07-08T03:26:13.895+0000] {dagbag.py:541} INFO - Filling up the DagBag from /opt/airflow/dags/update_post_exposure.py
[2023-07-08T03:26:18.800+0000] {processor.py:836} INFO - DAG(s) dict_keys(['update_post_exposure']) retrieved from /opt/airflow/dags/update_post_exposure.py
[2023-07-08T03:26:25.644+0000] {logging_mixin.py:149} INFO - [2023-07-08T03:26:25.641+0000] {dag.py:2726} INFO - Sync 1 DAGs
[2023-07-08T03:26:32.375+0000] {logging_mixin.py:149} INFO - [2023-07-08T03:26:32.374+0000] {dag.py:3490} INFO - Setting next_dagrun for update_post_exposure to 2023-07-07T00:00:00+00:00, run_after=2023-07-08T00:00:00+00:00
[2023-07-08T03:26:34.144+0000] {processor.py:179} INFO - Processing /opt/airflow/dags/update_post_exposure.py took 23.092 seconds
[2023-07-08T03:27:23.555+0000] {processor.py:157} INFO - Started process (PID=847) to work on /opt/airflow/dags/update_post_exposure.py
[2023-07-08T03:27:23.684+0000] {processor.py:826} INFO - Processing file /opt/airflow/dags/update_post_exposure.py for tasks to queue
[2023-07-08T03:27:23.898+0000] {logging_mixin.py:149} INFO - [2023-07-08T03:27:23.884+0000] {dagbag.py:541} INFO - Filling up the DagBag from /opt/airflow/dags/update_post_exposure.py
[2023-07-08T03:27:28.089+0000] {processor.py:836} INFO - DAG(s) dict_keys(['update_post_exposure']) retrieved from /opt/airflow/dags/update_post_exposure.py
[2023-07-08T03:27:29.847+0000] {logging_mixin.py:149} INFO - [2023-07-08T03:27:29.847+0000] {dag.py:2726} INFO - Sync 1 DAGs
[2023-07-08T03:27:31.134+0000] {logging_mixin.py:149} INFO - [2023-07-08T03:27:31.132+0000] {dag.py:3490} INFO - Setting next_dagrun for update_post_exposure to 2023-07-07T00:00:00+00:00, run_after=2023-07-08T00:00:00+00:00
[2023-07-08T03:27:31.915+0000] {processor.py:179} INFO - Processing /opt/airflow/dags/update_post_exposure.py took 9.368 seconds
[2023-07-08T03:28:04.958+0000] {processor.py:157} INFO - Started process (PID=857) to work on /opt/airflow/dags/update_post_exposure.py
[2023-07-08T03:28:05.216+0000] {processor.py:826} INFO - Processing file /opt/airflow/dags/update_post_exposure.py for tasks to queue
[2023-07-08T03:28:05.504+0000] {logging_mixin.py:149} INFO - [2023-07-08T03:28:05.424+0000] {dagbag.py:541} INFO - Filling up the DagBag from /opt/airflow/dags/update_post_exposure.py
[2023-07-08T03:28:11.291+0000] {processor.py:836} INFO - DAG(s) dict_keys(['update_post_exposure']) retrieved from /opt/airflow/dags/update_post_exposure.py
[2023-07-08T03:28:20.919+0000] {logging_mixin.py:149} INFO - [2023-07-08T03:28:20.862+0000] {dag.py:2726} INFO - Sync 1 DAGs
[2023-07-08T03:28:24.846+0000] {logging_mixin.py:149} INFO - [2023-07-08T03:28:24.844+0000] {dag.py:3490} INFO - Setting next_dagrun for update_post_exposure to 2023-07-07T00:00:00+00:00, run_after=2023-07-08T00:00:00+00:00
[2023-07-08T03:28:26.843+0000] {processor.py:179} INFO - Processing /opt/airflow/dags/update_post_exposure.py took 22.718 seconds
[2023-07-08T03:29:01.768+0000] {processor.py:157} INFO - Started process (PID=875) to work on /opt/airflow/dags/update_post_exposure.py
[2023-07-08T03:29:01.961+0000] {processor.py:826} INFO - Processing file /opt/airflow/dags/update_post_exposure.py for tasks to queue
[2023-07-08T03:29:02.017+0000] {logging_mixin.py:149} INFO - [2023-07-08T03:29:02.016+0000] {dagbag.py:541} INFO - Filling up the DagBag from /opt/airflow/dags/update_post_exposure.py
[2023-07-08T03:29:12.377+0000] {processor.py:836} INFO - DAG(s) dict_keys(['update_post_exposure']) retrieved from /opt/airflow/dags/update_post_exposure.py
[2023-07-08T03:29:23.857+0000] {logging_mixin.py:149} INFO - [2023-07-08T03:29:23.787+0000] {dag.py:2726} INFO - Sync 1 DAGs
[2023-07-08T03:29:27.342+0000] {logging_mixin.py:149} INFO - [2023-07-08T03:29:27.341+0000] {dag.py:3490} INFO - Setting next_dagrun for update_post_exposure to 2023-07-07T00:00:00+00:00, run_after=2023-07-08T00:00:00+00:00
[2023-07-08T03:29:28.035+0000] {processor.py:179} INFO - Processing /opt/airflow/dags/update_post_exposure.py took 27.219 seconds
[2023-07-08T03:30:05.828+0000] {processor.py:157} INFO - Started process (PID=887) to work on /opt/airflow/dags/update_post_exposure.py
[2023-07-08T03:30:05.914+0000] {processor.py:826} INFO - Processing file /opt/airflow/dags/update_post_exposure.py for tasks to queue
[2023-07-08T03:30:06.014+0000] {logging_mixin.py:149} INFO - [2023-07-08T03:30:05.989+0000] {dagbag.py:541} INFO - Filling up the DagBag from /opt/airflow/dags/update_post_exposure.py
[2023-07-08T03:30:16.911+0000] {processor.py:836} INFO - DAG(s) dict_keys(['update_post_exposure']) retrieved from /opt/airflow/dags/update_post_exposure.py
[2023-07-08T03:30:27.564+0000] {logging_mixin.py:149} INFO - [2023-07-08T03:30:27.562+0000] {dag.py:2726} INFO - Sync 1 DAGs
[2023-07-08T03:30:29.429+0000] {logging_mixin.py:149} INFO - [2023-07-08T03:30:29.428+0000] {dag.py:3490} INFO - Setting next_dagrun for update_post_exposure to 2023-07-07T00:00:00+00:00, run_after=2023-07-08T00:00:00+00:00
[2023-07-08T03:30:30.017+0000] {processor.py:179} INFO - Processing /opt/airflow/dags/update_post_exposure.py took 26.723 seconds
[2023-07-08T03:31:06.245+0000] {processor.py:157} INFO - Started process (PID=903) to work on /opt/airflow/dags/update_post_exposure.py
[2023-07-08T03:31:06.705+0000] {processor.py:826} INFO - Processing file /opt/airflow/dags/update_post_exposure.py for tasks to queue
[2023-07-08T03:31:06.891+0000] {logging_mixin.py:149} INFO - [2023-07-08T03:31:06.887+0000] {dagbag.py:541} INFO - Filling up the DagBag from /opt/airflow/dags/update_post_exposure.py
[2023-07-08T03:31:20.337+0000] {processor.py:836} INFO - DAG(s) dict_keys(['update_post_exposure']) retrieved from /opt/airflow/dags/update_post_exposure.py
[2023-07-08T03:31:28.392+0000] {logging_mixin.py:149} INFO - [2023-07-08T03:31:28.391+0000] {dag.py:2726} INFO - Sync 1 DAGs
[2023-07-08T03:31:30.020+0000] {logging_mixin.py:149} INFO - [2023-07-08T03:31:30.018+0000] {dag.py:3490} INFO - Setting next_dagrun for update_post_exposure to 2023-07-07T00:00:00+00:00, run_after=2023-07-08T00:00:00+00:00
[2023-07-08T03:31:31.230+0000] {processor.py:179} INFO - Processing /opt/airflow/dags/update_post_exposure.py took 26.605 seconds
[2023-07-08T03:32:03.206+0000] {processor.py:157} INFO - Started process (PID=920) to work on /opt/airflow/dags/update_post_exposure.py
[2023-07-08T03:32:03.250+0000] {processor.py:826} INFO - Processing file /opt/airflow/dags/update_post_exposure.py for tasks to queue
[2023-07-08T03:32:03.290+0000] {logging_mixin.py:149} INFO - [2023-07-08T03:32:03.286+0000] {dagbag.py:541} INFO - Filling up the DagBag from /opt/airflow/dags/update_post_exposure.py
[2023-07-08T03:32:06.528+0000] {processor.py:836} INFO - DAG(s) dict_keys(['update_post_exposure']) retrieved from /opt/airflow/dags/update_post_exposure.py
[2023-07-08T03:32:14.162+0000] {logging_mixin.py:149} INFO - [2023-07-08T03:32:14.153+0000] {dag.py:2726} INFO - Sync 1 DAGs
[2023-07-08T03:32:18.887+0000] {logging_mixin.py:149} INFO - [2023-07-08T03:32:18.884+0000] {dag.py:3490} INFO - Setting next_dagrun for update_post_exposure to 2023-07-07T00:00:00+00:00, run_after=2023-07-08T00:00:00+00:00
[2023-07-08T03:32:22.104+0000] {processor.py:179} INFO - Processing /opt/airflow/dags/update_post_exposure.py took 19.417 seconds
[2023-07-08T03:32:55.098+0000] {processor.py:157} INFO - Started process (PID=930) to work on /opt/airflow/dags/update_post_exposure.py
[2023-07-08T03:32:55.149+0000] {processor.py:826} INFO - Processing file /opt/airflow/dags/update_post_exposure.py for tasks to queue
[2023-07-08T03:32:55.234+0000] {logging_mixin.py:149} INFO - [2023-07-08T03:32:55.202+0000] {dagbag.py:541} INFO - Filling up the DagBag from /opt/airflow/dags/update_post_exposure.py
[2023-07-08T03:32:58.475+0000] {processor.py:836} INFO - DAG(s) dict_keys(['update_post_exposure']) retrieved from /opt/airflow/dags/update_post_exposure.py
[2023-07-08T03:33:04.046+0000] {logging_mixin.py:149} INFO - [2023-07-08T03:33:03.982+0000] {dag.py:2726} INFO - Sync 1 DAGs
[2023-07-08T03:33:14.148+0000] {logging_mixin.py:149} INFO - [2023-07-08T03:33:14.145+0000] {dag.py:3490} INFO - Setting next_dagrun for update_post_exposure to 2023-07-07T00:00:00+00:00, run_after=2023-07-08T00:00:00+00:00
[2023-07-08T03:33:17.760+0000] {processor.py:179} INFO - Processing /opt/airflow/dags/update_post_exposure.py took 23.250 seconds
[2023-07-08T03:33:50.810+0000] {processor.py:157} INFO - Started process (PID=948) to work on /opt/airflow/dags/update_post_exposure.py
[2023-07-08T03:33:51.077+0000] {processor.py:826} INFO - Processing file /opt/airflow/dags/update_post_exposure.py for tasks to queue
[2023-07-08T03:33:51.609+0000] {logging_mixin.py:149} INFO - [2023-07-08T03:33:51.605+0000] {dagbag.py:541} INFO - Filling up the DagBag from /opt/airflow/dags/update_post_exposure.py
[2023-07-08T03:33:56.630+0000] {processor.py:836} INFO - DAG(s) dict_keys(['update_post_exposure']) retrieved from /opt/airflow/dags/update_post_exposure.py
[2023-07-08T03:34:03.724+0000] {logging_mixin.py:149} INFO - [2023-07-08T03:34:03.722+0000] {dag.py:2726} INFO - Sync 1 DAGs
[2023-07-08T03:34:09.987+0000] {logging_mixin.py:149} INFO - [2023-07-08T03:34:09.710+0000] {dag.py:3490} INFO - Setting next_dagrun for update_post_exposure to 2023-07-07T00:00:00+00:00, run_after=2023-07-08T00:00:00+00:00
[2023-07-08T03:34:14.311+0000] {processor.py:179} INFO - Processing /opt/airflow/dags/update_post_exposure.py took 24.476 seconds
[2023-07-08T03:35:14.384+0000] {processor.py:157} INFO - Started process (PID=958) to work on /opt/airflow/dags/update_post_exposure.py
[2023-07-08T03:35:14.867+0000] {processor.py:826} INFO - Processing file /opt/airflow/dags/update_post_exposure.py for tasks to queue
[2023-07-08T03:35:17.259+0000] {logging_mixin.py:149} INFO - [2023-07-08T03:35:16.366+0000] {dagbag.py:541} INFO - Filling up the DagBag from /opt/airflow/dags/update_post_exposure.py
[2023-07-08T03:35:22.332+0000] {processor.py:836} INFO - DAG(s) dict_keys(['update_post_exposure']) retrieved from /opt/airflow/dags/update_post_exposure.py
[2023-07-08T03:35:24.152+0000] {logging_mixin.py:149} INFO - [2023-07-08T03:35:23.990+0000] {dag.py:2726} INFO - Sync 1 DAGs
[2023-07-08T03:35:25.704+0000] {logging_mixin.py:149} INFO - [2023-07-08T03:35:25.701+0000] {dag.py:3490} INFO - Setting next_dagrun for update_post_exposure to 2023-07-07T00:00:00+00:00, run_after=2023-07-08T00:00:00+00:00
[2023-07-08T03:35:27.029+0000] {processor.py:179} INFO - Processing /opt/airflow/dags/update_post_exposure.py took 19.807 seconds
[2023-07-08T03:35:59.738+0000] {processor.py:157} INFO - Started process (PID=975) to work on /opt/airflow/dags/update_post_exposure.py
[2023-07-08T03:35:59.858+0000] {processor.py:826} INFO - Processing file /opt/airflow/dags/update_post_exposure.py for tasks to queue
[2023-07-08T03:35:59.981+0000] {logging_mixin.py:149} INFO - [2023-07-08T03:35:59.959+0000] {dagbag.py:541} INFO - Filling up the DagBag from /opt/airflow/dags/update_post_exposure.py
[2023-07-08T03:36:06.920+0000] {processor.py:836} INFO - DAG(s) dict_keys(['update_post_exposure']) retrieved from /opt/airflow/dags/update_post_exposure.py
[2023-07-08T03:36:19.654+0000] {logging_mixin.py:149} INFO - [2023-07-08T03:36:19.653+0000] {dag.py:2726} INFO - Sync 1 DAGs
[2023-07-08T03:36:21.376+0000] {logging_mixin.py:149} INFO - [2023-07-08T03:36:21.335+0000] {dag.py:3490} INFO - Setting next_dagrun for update_post_exposure to 2023-07-07T00:00:00+00:00, run_after=2023-07-08T00:00:00+00:00
[2023-07-08T03:36:22.051+0000] {processor.py:179} INFO - Processing /opt/airflow/dags/update_post_exposure.py took 22.862 seconds
[2023-07-08T03:37:00.531+0000] {processor.py:157} INFO - Started process (PID=992) to work on /opt/airflow/dags/update_post_exposure.py
[2023-07-08T03:37:00.989+0000] {processor.py:826} INFO - Processing file /opt/airflow/dags/update_post_exposure.py for tasks to queue
[2023-07-08T03:37:02.544+0000] {logging_mixin.py:149} INFO - [2023-07-08T03:37:01.797+0000] {dagbag.py:541} INFO - Filling up the DagBag from /opt/airflow/dags/update_post_exposure.py
[2023-07-08T03:37:05.083+0000] {processor.py:836} INFO - DAG(s) dict_keys(['update_post_exposure']) retrieved from /opt/airflow/dags/update_post_exposure.py
[2023-07-08T03:37:15.275+0000] {logging_mixin.py:149} INFO - [2023-07-08T03:37:15.274+0000] {dag.py:2726} INFO - Sync 1 DAGs
[2023-07-08T03:37:16.682+0000] {logging_mixin.py:149} INFO - [2023-07-08T03:37:16.681+0000] {dag.py:3490} INFO - Setting next_dagrun for update_post_exposure to 2023-07-07T00:00:00+00:00, run_after=2023-07-08T00:00:00+00:00
[2023-07-08T03:37:17.572+0000] {processor.py:179} INFO - Processing /opt/airflow/dags/update_post_exposure.py took 19.663 seconds
[2023-07-08T03:38:19.371+0000] {processor.py:157} INFO - Started process (PID=1011) to work on /opt/airflow/dags/update_post_exposure.py
[2023-07-08T03:38:19.387+0000] {processor.py:826} INFO - Processing file /opt/airflow/dags/update_post_exposure.py for tasks to queue
[2023-07-08T03:38:19.407+0000] {logging_mixin.py:149} INFO - [2023-07-08T03:38:19.405+0000] {dagbag.py:541} INFO - Filling up the DagBag from /opt/airflow/dags/update_post_exposure.py
[2023-07-08T03:38:19.661+0000] {processor.py:836} INFO - DAG(s) dict_keys(['update_post_exposure']) retrieved from /opt/airflow/dags/update_post_exposure.py
[2023-07-08T03:38:20.036+0000] {logging_mixin.py:149} INFO - [2023-07-08T03:38:20.034+0000] {dag.py:2726} INFO - Sync 1 DAGs
[2023-07-08T03:38:20.986+0000] {logging_mixin.py:149} INFO - [2023-07-08T03:38:20.985+0000] {dag.py:3490} INFO - Setting next_dagrun for update_post_exposure to 2023-07-07T00:00:00+00:00, run_after=2023-07-08T00:00:00+00:00
[2023-07-08T03:38:21.296+0000] {processor.py:179} INFO - Processing /opt/airflow/dags/update_post_exposure.py took 1.976 seconds
[2023-07-08T03:39:21.557+0000] {processor.py:157} INFO - Started process (PID=1028) to work on /opt/airflow/dags/update_post_exposure.py
[2023-07-08T03:39:21.868+0000] {processor.py:826} INFO - Processing file /opt/airflow/dags/update_post_exposure.py for tasks to queue
[2023-07-08T03:39:22.059+0000] {logging_mixin.py:149} INFO - [2023-07-08T03:39:21.993+0000] {dagbag.py:541} INFO - Filling up the DagBag from /opt/airflow/dags/update_post_exposure.py
[2023-07-08T03:39:23.820+0000] {processor.py:836} INFO - DAG(s) dict_keys(['update_post_exposure']) retrieved from /opt/airflow/dags/update_post_exposure.py
[2023-07-08T03:39:24.715+0000] {logging_mixin.py:149} INFO - [2023-07-08T03:39:24.714+0000] {dag.py:2726} INFO - Sync 1 DAGs
[2023-07-08T03:39:25.996+0000] {logging_mixin.py:149} INFO - [2023-07-08T03:39:25.949+0000] {dag.py:3490} INFO - Setting next_dagrun for update_post_exposure to 2023-07-07T00:00:00+00:00, run_after=2023-07-08T00:00:00+00:00
[2023-07-08T03:39:26.579+0000] {processor.py:179} INFO - Processing /opt/airflow/dags/update_post_exposure.py took 5.410 seconds
[2023-07-08T03:40:11.926+0000] {processor.py:157} INFO - Started process (PID=1038) to work on /opt/airflow/dags/update_post_exposure.py
[2023-07-08T03:40:12.037+0000] {processor.py:826} INFO - Processing file /opt/airflow/dags/update_post_exposure.py for tasks to queue
[2023-07-08T03:40:12.050+0000] {logging_mixin.py:149} INFO - [2023-07-08T03:40:12.049+0000] {dagbag.py:541} INFO - Filling up the DagBag from /opt/airflow/dags/update_post_exposure.py
[2023-07-08T03:40:12.957+0000] {processor.py:836} INFO - DAG(s) dict_keys(['update_post_exposure']) retrieved from /opt/airflow/dags/update_post_exposure.py
[2023-07-08T03:40:13.839+0000] {logging_mixin.py:149} INFO - [2023-07-08T03:40:13.838+0000] {dag.py:2726} INFO - Sync 1 DAGs
[2023-07-08T03:40:14.355+0000] {logging_mixin.py:149} INFO - [2023-07-08T03:40:14.354+0000] {dag.py:3490} INFO - Setting next_dagrun for update_post_exposure to 2023-07-07T00:00:00+00:00, run_after=2023-07-08T00:00:00+00:00
[2023-07-08T03:40:14.693+0000] {processor.py:179} INFO - Processing /opt/airflow/dags/update_post_exposure.py took 2.926 seconds
[2023-07-08T03:41:03.691+0000] {processor.py:157} INFO - Started process (PID=1049) to work on /opt/airflow/dags/update_post_exposure.py
[2023-07-08T03:41:03.719+0000] {processor.py:826} INFO - Processing file /opt/airflow/dags/update_post_exposure.py for tasks to queue
[2023-07-08T03:41:03.792+0000] {logging_mixin.py:149} INFO - [2023-07-08T03:41:03.791+0000] {dagbag.py:541} INFO - Filling up the DagBag from /opt/airflow/dags/update_post_exposure.py
[2023-07-08T03:41:04.717+0000] {processor.py:836} INFO - DAG(s) dict_keys(['update_post_exposure']) retrieved from /opt/airflow/dags/update_post_exposure.py
[2023-07-08T03:41:06.127+0000] {logging_mixin.py:149} INFO - [2023-07-08T03:41:06.126+0000] {dag.py:2726} INFO - Sync 1 DAGs
[2023-07-08T03:41:06.573+0000] {logging_mixin.py:149} INFO - [2023-07-08T03:41:06.565+0000] {dag.py:3490} INFO - Setting next_dagrun for update_post_exposure to 2023-07-07T00:00:00+00:00, run_after=2023-07-08T00:00:00+00:00
[2023-07-08T03:41:06.991+0000] {processor.py:179} INFO - Processing /opt/airflow/dags/update_post_exposure.py took 3.476 seconds
[2023-07-08T03:42:06.915+0000] {processor.py:157} INFO - Started process (PID=1066) to work on /opt/airflow/dags/update_post_exposure.py
[2023-07-08T03:42:06.944+0000] {processor.py:826} INFO - Processing file /opt/airflow/dags/update_post_exposure.py for tasks to queue
[2023-07-08T03:42:06.964+0000] {logging_mixin.py:149} INFO - [2023-07-08T03:42:06.963+0000] {dagbag.py:541} INFO - Filling up the DagBag from /opt/airflow/dags/update_post_exposure.py
[2023-07-08T03:42:07.807+0000] {processor.py:836} INFO - DAG(s) dict_keys(['update_post_exposure']) retrieved from /opt/airflow/dags/update_post_exposure.py
[2023-07-08T03:42:08.226+0000] {logging_mixin.py:149} INFO - [2023-07-08T03:42:08.225+0000] {dag.py:2726} INFO - Sync 1 DAGs
[2023-07-08T03:42:12.101+0000] {logging_mixin.py:149} INFO - [2023-07-08T03:42:12.099+0000] {dag.py:3490} INFO - Setting next_dagrun for update_post_exposure to 2023-07-07T00:00:00+00:00, run_after=2023-07-08T00:00:00+00:00
[2023-07-08T03:42:12.730+0000] {processor.py:179} INFO - Processing /opt/airflow/dags/update_post_exposure.py took 6.003 seconds
[2023-07-08T03:43:06.180+0000] {processor.py:157} INFO - Started process (PID=1083) to work on /opt/airflow/dags/update_post_exposure.py
[2023-07-08T03:43:06.259+0000] {processor.py:826} INFO - Processing file /opt/airflow/dags/update_post_exposure.py for tasks to queue
[2023-07-08T03:43:06.350+0000] {logging_mixin.py:149} INFO - [2023-07-08T03:43:06.326+0000] {dagbag.py:541} INFO - Filling up the DagBag from /opt/airflow/dags/update_post_exposure.py
[2023-07-08T03:43:07.140+0000] {processor.py:836} INFO - DAG(s) dict_keys(['update_post_exposure']) retrieved from /opt/airflow/dags/update_post_exposure.py
[2023-07-08T03:43:08.067+0000] {logging_mixin.py:149} INFO - [2023-07-08T03:43:08.066+0000] {dag.py:2726} INFO - Sync 1 DAGs
[2023-07-08T03:43:11.050+0000] {logging_mixin.py:149} INFO - [2023-07-08T03:43:11.046+0000] {dag.py:3490} INFO - Setting next_dagrun for update_post_exposure to 2023-07-07T00:00:00+00:00, run_after=2023-07-08T00:00:00+00:00
[2023-07-08T03:43:11.664+0000] {processor.py:179} INFO - Processing /opt/airflow/dags/update_post_exposure.py took 5.956 seconds
[2023-07-08T03:44:21.172+0000] {processor.py:157} INFO - Started process (PID=1099) to work on /opt/airflow/dags/update_post_exposure.py
[2023-07-08T03:44:21.221+0000] {processor.py:826} INFO - Processing file /opt/airflow/dags/update_post_exposure.py for tasks to queue
[2023-07-08T03:44:22.176+0000] {logging_mixin.py:149} INFO - [2023-07-08T03:44:22.174+0000] {dagbag.py:541} INFO - Filling up the DagBag from /opt/airflow/dags/update_post_exposure.py
[2023-07-08T03:44:31.795+0000] {processor.py:836} INFO - DAG(s) dict_keys(['update_post_exposure']) retrieved from /opt/airflow/dags/update_post_exposure.py
[2023-07-08T03:44:48.098+0000] {logging_mixin.py:149} INFO - [2023-07-08T03:44:48.095+0000] {dag.py:2726} INFO - Sync 1 DAGs
[2023-07-08T03:44:57.872+0000] {logging_mixin.py:149} INFO - [2023-07-08T03:44:57.733+0000] {dag.py:3490} INFO - Setting next_dagrun for update_post_exposure to 2023-07-07T00:00:00+00:00, run_after=2023-07-08T00:00:00+00:00
[2023-07-08T03:44:59.575+0000] {processor.py:179} INFO - Processing /opt/airflow/dags/update_post_exposure.py took 40.945 seconds
[2023-07-08T03:45:33.313+0000] {processor.py:157} INFO - Started process (PID=1115) to work on /opt/airflow/dags/update_post_exposure.py
[2023-07-08T03:45:33.390+0000] {processor.py:826} INFO - Processing file /opt/airflow/dags/update_post_exposure.py for tasks to queue
[2023-07-08T03:45:33.562+0000] {logging_mixin.py:149} INFO - [2023-07-08T03:45:33.559+0000] {dagbag.py:541} INFO - Filling up the DagBag from /opt/airflow/dags/update_post_exposure.py
[2023-07-08T03:45:37.983+0000] {processor.py:836} INFO - DAG(s) dict_keys(['update_post_exposure']) retrieved from /opt/airflow/dags/update_post_exposure.py
[2023-07-08T03:45:42.198+0000] {logging_mixin.py:149} INFO - [2023-07-08T03:45:42.196+0000] {dag.py:2726} INFO - Sync 1 DAGs
[2023-07-08T03:45:46.772+0000] {logging_mixin.py:149} INFO - [2023-07-08T03:45:46.713+0000] {dag.py:3490} INFO - Setting next_dagrun for update_post_exposure to 2023-07-07T00:00:00+00:00, run_after=2023-07-08T00:00:00+00:00
[2023-07-08T03:45:48.314+0000] {processor.py:179} INFO - Processing /opt/airflow/dags/update_post_exposure.py took 15.983 seconds
[2023-07-08T03:46:19.807+0000] {processor.py:157} INFO - Started process (PID=1126) to work on /opt/airflow/dags/update_post_exposure.py
[2023-07-08T03:46:19.938+0000] {processor.py:826} INFO - Processing file /opt/airflow/dags/update_post_exposure.py for tasks to queue
[2023-07-08T03:46:19.975+0000] {logging_mixin.py:149} INFO - [2023-07-08T03:46:19.971+0000] {dagbag.py:541} INFO - Filling up the DagBag from /opt/airflow/dags/update_post_exposure.py
[2023-07-08T03:46:21.548+0000] {processor.py:836} INFO - DAG(s) dict_keys(['update_post_exposure']) retrieved from /opt/airflow/dags/update_post_exposure.py
[2023-07-08T03:46:25.646+0000] {logging_mixin.py:149} INFO - [2023-07-08T03:46:25.645+0000] {dag.py:2726} INFO - Sync 1 DAGs
[2023-07-08T03:46:33.845+0000] {logging_mixin.py:149} INFO - [2023-07-08T03:46:33.842+0000] {dag.py:3490} INFO - Setting next_dagrun for update_post_exposure to 2023-07-07T00:00:00+00:00, run_after=2023-07-08T00:00:00+00:00
[2023-07-08T03:46:44.189+0000] {processor.py:179} INFO - Processing /opt/airflow/dags/update_post_exposure.py took 24.781 seconds
[2023-07-08T03:47:40.411+0000] {processor.py:157} INFO - Started process (PID=1136) to work on /opt/airflow/dags/update_post_exposure.py
[2023-07-08T03:47:46.704+0000] {processor.py:826} INFO - Processing file /opt/airflow/dags/update_post_exposure.py for tasks to queue
[2023-07-08T03:47:47.205+0000] {logging_mixin.py:149} INFO - [2023-07-08T03:47:47.203+0000] {dagbag.py:541} INFO - Filling up the DagBag from /opt/airflow/dags/update_post_exposure.py
[2023-07-08T03:47:51.430+0000] {processor.py:836} INFO - DAG(s) dict_keys(['update_post_exposure']) retrieved from /opt/airflow/dags/update_post_exposure.py
[2023-07-08T03:47:52.390+0000] {logging_mixin.py:149} INFO - [2023-07-08T03:47:52.389+0000] {dag.py:2726} INFO - Sync 1 DAGs
[2023-07-08T03:47:57.543+0000] {logging_mixin.py:149} INFO - [2023-07-08T03:47:57.533+0000] {dag.py:3490} INFO - Setting next_dagrun for update_post_exposure to 2023-07-07T00:00:00+00:00, run_after=2023-07-08T00:00:00+00:00
[2023-07-08T03:48:01.672+0000] {processor.py:179} INFO - Processing /opt/airflow/dags/update_post_exposure.py took 32.812 seconds
[2023-07-08T03:48:39.772+0000] {processor.py:157} INFO - Started process (PID=1155) to work on /opt/airflow/dags/update_post_exposure.py
[2023-07-08T03:48:40.306+0000] {processor.py:826} INFO - Processing file /opt/airflow/dags/update_post_exposure.py for tasks to queue
[2023-07-08T03:48:40.659+0000] {logging_mixin.py:149} INFO - [2023-07-08T03:48:40.657+0000] {dagbag.py:541} INFO - Filling up the DagBag from /opt/airflow/dags/update_post_exposure.py
[2023-07-08T03:48:42.507+0000] {processor.py:836} INFO - DAG(s) dict_keys(['update_post_exposure']) retrieved from /opt/airflow/dags/update_post_exposure.py
[2023-07-08T03:48:43.745+0000] {logging_mixin.py:149} INFO - [2023-07-08T03:48:43.744+0000] {dag.py:2726} INFO - Sync 1 DAGs
[2023-07-08T03:48:44.399+0000] {logging_mixin.py:149} INFO - [2023-07-08T03:48:44.358+0000] {dag.py:3490} INFO - Setting next_dagrun for update_post_exposure to 2023-07-07T00:00:00+00:00, run_after=2023-07-08T00:00:00+00:00
[2023-07-08T03:48:46.651+0000] {processor.py:179} INFO - Processing /opt/airflow/dags/update_post_exposure.py took 9.412 seconds
[2023-07-08T03:49:31.266+0000] {processor.py:157} INFO - Started process (PID=1172) to work on /opt/airflow/dags/update_post_exposure.py
[2023-07-08T03:49:32.102+0000] {processor.py:826} INFO - Processing file /opt/airflow/dags/update_post_exposure.py for tasks to queue
[2023-07-08T03:49:32.435+0000] {logging_mixin.py:149} INFO - [2023-07-08T03:49:32.432+0000] {dagbag.py:541} INFO - Filling up the DagBag from /opt/airflow/dags/update_post_exposure.py
[2023-07-08T03:49:38.557+0000] {processor.py:836} INFO - DAG(s) dict_keys(['update_post_exposure']) retrieved from /opt/airflow/dags/update_post_exposure.py
[2023-07-08T03:49:44.910+0000] {logging_mixin.py:149} INFO - [2023-07-08T03:49:44.837+0000] {dag.py:2726} INFO - Sync 1 DAGs
[2023-07-08T03:49:47.110+0000] {logging_mixin.py:149} INFO - [2023-07-08T03:49:46.992+0000] {dag.py:3490} INFO - Setting next_dagrun for update_post_exposure to 2023-07-07T00:00:00+00:00, run_after=2023-07-08T00:00:00+00:00
[2023-07-08T03:49:49.024+0000] {processor.py:179} INFO - Processing /opt/airflow/dags/update_post_exposure.py took 19.081 seconds
[2023-07-08T03:50:22.449+0000] {processor.py:157} INFO - Started process (PID=1184) to work on /opt/airflow/dags/update_post_exposure.py
[2023-07-08T03:50:22.524+0000] {processor.py:826} INFO - Processing file /opt/airflow/dags/update_post_exposure.py for tasks to queue
[2023-07-08T03:50:22.616+0000] {logging_mixin.py:149} INFO - [2023-07-08T03:50:22.569+0000] {dagbag.py:541} INFO - Filling up the DagBag from /opt/airflow/dags/update_post_exposure.py
[2023-07-08T03:50:26.990+0000] {processor.py:836} INFO - DAG(s) dict_keys(['update_post_exposure']) retrieved from /opt/airflow/dags/update_post_exposure.py
[2023-07-08T03:50:35.761+0000] {logging_mixin.py:149} INFO - [2023-07-08T03:50:35.760+0000] {dag.py:2726} INFO - Sync 1 DAGs
[2023-07-08T03:50:37.775+0000] {logging_mixin.py:149} INFO - [2023-07-08T03:50:37.761+0000] {dag.py:3490} INFO - Setting next_dagrun for update_post_exposure to 2023-07-07T00:00:00+00:00, run_after=2023-07-08T00:00:00+00:00
[2023-07-08T03:50:38.413+0000] {processor.py:179} INFO - Processing /opt/airflow/dags/update_post_exposure.py took 16.354 seconds
[2023-07-08T03:51:19.330+0000] {processor.py:157} INFO - Started process (PID=1202) to work on /opt/airflow/dags/update_post_exposure.py
[2023-07-08T03:51:19.922+0000] {processor.py:826} INFO - Processing file /opt/airflow/dags/update_post_exposure.py for tasks to queue
[2023-07-08T03:51:20.854+0000] {logging_mixin.py:149} INFO - [2023-07-08T03:51:20.737+0000] {dagbag.py:541} INFO - Filling up the DagBag from /opt/airflow/dags/update_post_exposure.py
[2023-07-08T03:51:30.154+0000] {processor.py:836} INFO - DAG(s) dict_keys(['update_post_exposure']) retrieved from /opt/airflow/dags/update_post_exposure.py
[2023-07-08T03:51:33.317+0000] {logging_mixin.py:149} INFO - [2023-07-08T03:51:33.314+0000] {dag.py:2726} INFO - Sync 1 DAGs
[2023-07-08T03:51:35.291+0000] {logging_mixin.py:149} INFO - [2023-07-08T03:51:35.289+0000] {dag.py:3490} INFO - Setting next_dagrun for update_post_exposure to 2023-07-07T00:00:00+00:00, run_after=2023-07-08T00:00:00+00:00
[2023-07-08T03:51:36.839+0000] {processor.py:179} INFO - Processing /opt/airflow/dags/update_post_exposure.py took 18.247 seconds
[2023-07-08T03:52:16.145+0000] {processor.py:157} INFO - Started process (PID=1213) to work on /opt/airflow/dags/update_post_exposure.py
[2023-07-08T03:52:16.315+0000] {processor.py:826} INFO - Processing file /opt/airflow/dags/update_post_exposure.py for tasks to queue
[2023-07-08T03:52:16.458+0000] {logging_mixin.py:149} INFO - [2023-07-08T03:52:16.393+0000] {dagbag.py:541} INFO - Filling up the DagBag from /opt/airflow/dags/update_post_exposure.py
[2023-07-08T03:52:18.563+0000] {processor.py:836} INFO - DAG(s) dict_keys(['update_post_exposure']) retrieved from /opt/airflow/dags/update_post_exposure.py
[2023-07-08T03:52:25.131+0000] {logging_mixin.py:149} INFO - [2023-07-08T03:52:25.055+0000] {dag.py:2726} INFO - Sync 1 DAGs
[2023-07-08T03:52:26.629+0000] {logging_mixin.py:149} INFO - [2023-07-08T03:52:26.577+0000] {dag.py:3490} INFO - Setting next_dagrun for update_post_exposure to 2023-07-07T00:00:00+00:00, run_after=2023-07-08T00:00:00+00:00
[2023-07-08T03:52:27.576+0000] {processor.py:179} INFO - Processing /opt/airflow/dags/update_post_exposure.py took 12.494 seconds
[2023-07-08T03:53:26.533+0000] {processor.py:157} INFO - Started process (PID=1232) to work on /opt/airflow/dags/update_post_exposure.py
[2023-07-08T03:53:26.580+0000] {processor.py:826} INFO - Processing file /opt/airflow/dags/update_post_exposure.py for tasks to queue
[2023-07-08T03:53:26.633+0000] {logging_mixin.py:149} INFO - [2023-07-08T03:53:26.605+0000] {dagbag.py:541} INFO - Filling up the DagBag from /opt/airflow/dags/update_post_exposure.py
[2023-07-08T03:53:27.191+0000] {processor.py:836} INFO - DAG(s) dict_keys(['update_post_exposure']) retrieved from /opt/airflow/dags/update_post_exposure.py
[2023-07-08T03:53:27.791+0000] {logging_mixin.py:149} INFO - [2023-07-08T03:53:27.785+0000] {dag.py:2726} INFO - Sync 1 DAGs
[2023-07-08T03:53:28.380+0000] {logging_mixin.py:149} INFO - [2023-07-08T03:53:28.376+0000] {dag.py:3490} INFO - Setting next_dagrun for update_post_exposure to 2023-07-07T00:00:00+00:00, run_after=2023-07-08T00:00:00+00:00
[2023-07-08T03:53:28.838+0000] {processor.py:179} INFO - Processing /opt/airflow/dags/update_post_exposure.py took 2.504 seconds
[2023-07-08T03:54:34.144+0000] {processor.py:157} INFO - Started process (PID=1250) to work on /opt/airflow/dags/update_post_exposure.py
[2023-07-08T03:54:34.163+0000] {processor.py:826} INFO - Processing file /opt/airflow/dags/update_post_exposure.py for tasks to queue
[2023-07-08T03:54:34.175+0000] {logging_mixin.py:149} INFO - [2023-07-08T03:54:34.174+0000] {dagbag.py:541} INFO - Filling up the DagBag from /opt/airflow/dags/update_post_exposure.py
[2023-07-08T03:54:35.763+0000] {processor.py:836} INFO - DAG(s) dict_keys(['update_post_exposure']) retrieved from /opt/airflow/dags/update_post_exposure.py
[2023-07-08T03:54:36.469+0000] {logging_mixin.py:149} INFO - [2023-07-08T03:54:36.469+0000] {dag.py:2726} INFO - Sync 1 DAGs
[2023-07-08T03:54:37.198+0000] {logging_mixin.py:149} INFO - [2023-07-08T03:54:37.171+0000] {dag.py:3490} INFO - Setting next_dagrun for update_post_exposure to 2023-07-07T00:00:00+00:00, run_after=2023-07-08T00:00:00+00:00
[2023-07-08T03:54:37.935+0000] {processor.py:179} INFO - Processing /opt/airflow/dags/update_post_exposure.py took 3.821 seconds
[2023-07-08T03:55:39.925+0000] {processor.py:157} INFO - Started process (PID=1269) to work on /opt/airflow/dags/update_post_exposure.py
[2023-07-08T03:55:39.997+0000] {processor.py:826} INFO - Processing file /opt/airflow/dags/update_post_exposure.py for tasks to queue
[2023-07-08T03:55:40.034+0000] {logging_mixin.py:149} INFO - [2023-07-08T03:55:40.033+0000] {dagbag.py:541} INFO - Filling up the DagBag from /opt/airflow/dags/update_post_exposure.py
[2023-07-08T03:55:43.565+0000] {processor.py:836} INFO - DAG(s) dict_keys(['update_post_exposure']) retrieved from /opt/airflow/dags/update_post_exposure.py
[2023-07-08T03:55:45.318+0000] {logging_mixin.py:149} INFO - [2023-07-08T03:55:45.285+0000] {dag.py:2726} INFO - Sync 1 DAGs
[2023-07-08T03:55:54.387+0000] {logging_mixin.py:149} INFO - [2023-07-08T03:55:54.382+0000] {dag.py:3490} INFO - Setting next_dagrun for update_post_exposure to 2023-07-07T00:00:00+00:00, run_after=2023-07-08T00:00:00+00:00
[2023-07-08T03:55:59.278+0000] {processor.py:179} INFO - Processing /opt/airflow/dags/update_post_exposure.py took 19.394 seconds
[2023-07-08T03:56:31.916+0000] {processor.py:157} INFO - Started process (PID=1280) to work on /opt/airflow/dags/update_post_exposure.py
[2023-07-08T03:56:31.981+0000] {processor.py:826} INFO - Processing file /opt/airflow/dags/update_post_exposure.py for tasks to queue
[2023-07-08T03:56:32.059+0000] {logging_mixin.py:149} INFO - [2023-07-08T03:56:32.006+0000] {dagbag.py:541} INFO - Filling up the DagBag from /opt/airflow/dags/update_post_exposure.py
[2023-07-08T03:56:33.021+0000] {processor.py:836} INFO - DAG(s) dict_keys(['update_post_exposure']) retrieved from /opt/airflow/dags/update_post_exposure.py
[2023-07-08T03:56:33.742+0000] {logging_mixin.py:149} INFO - [2023-07-08T03:56:33.741+0000] {dag.py:2726} INFO - Sync 1 DAGs
[2023-07-08T03:56:36.539+0000] {logging_mixin.py:149} INFO - [2023-07-08T03:56:36.341+0000] {dag.py:3490} INFO - Setting next_dagrun for update_post_exposure to 2023-07-07T00:00:00+00:00, run_after=2023-07-08T00:00:00+00:00
[2023-07-08T03:56:43.794+0000] {processor.py:179} INFO - Processing /opt/airflow/dags/update_post_exposure.py took 12.072 seconds
[2023-07-08T03:57:22.641+0000] {processor.py:157} INFO - Started process (PID=1290) to work on /opt/airflow/dags/update_post_exposure.py
[2023-07-08T03:57:22.705+0000] {processor.py:826} INFO - Processing file /opt/airflow/dags/update_post_exposure.py for tasks to queue
[2023-07-08T03:57:22.719+0000] {logging_mixin.py:149} INFO - [2023-07-08T03:57:22.718+0000] {dagbag.py:541} INFO - Filling up the DagBag from /opt/airflow/dags/update_post_exposure.py
[2023-07-08T03:57:23.296+0000] {processor.py:836} INFO - DAG(s) dict_keys(['update_post_exposure']) retrieved from /opt/airflow/dags/update_post_exposure.py
[2023-07-08T03:57:24.388+0000] {logging_mixin.py:149} INFO - [2023-07-08T03:57:24.386+0000] {dag.py:2726} INFO - Sync 1 DAGs
[2023-07-08T03:57:26.756+0000] {logging_mixin.py:149} INFO - [2023-07-08T03:57:26.662+0000] {dag.py:3490} INFO - Setting next_dagrun for update_post_exposure to 2023-07-07T00:00:00+00:00, run_after=2023-07-08T00:00:00+00:00
[2023-07-08T03:57:28.673+0000] {processor.py:179} INFO - Processing /opt/airflow/dags/update_post_exposure.py took 6.175 seconds
[2023-07-08T03:58:44.218+0000] {processor.py:157} INFO - Started process (PID=1312) to work on /opt/airflow/dags/update_post_exposure.py
[2023-07-08T03:58:44.302+0000] {processor.py:826} INFO - Processing file /opt/airflow/dags/update_post_exposure.py for tasks to queue
[2023-07-08T03:58:44.355+0000] {logging_mixin.py:149} INFO - [2023-07-08T03:58:44.353+0000] {dagbag.py:541} INFO - Filling up the DagBag from /opt/airflow/dags/update_post_exposure.py
[2023-07-08T03:58:47.500+0000] {processor.py:836} INFO - DAG(s) dict_keys(['update_post_exposure']) retrieved from /opt/airflow/dags/update_post_exposure.py
[2023-07-08T03:58:50.019+0000] {logging_mixin.py:149} INFO - [2023-07-08T03:58:50.015+0000] {dag.py:2726} INFO - Sync 1 DAGs
[2023-07-08T03:58:59.624+0000] {logging_mixin.py:149} INFO - [2023-07-08T03:58:59.623+0000] {dag.py:3490} INFO - Setting next_dagrun for update_post_exposure to 2023-07-07T00:00:00+00:00, run_after=2023-07-08T00:00:00+00:00
[2023-07-08T03:59:04.292+0000] {processor.py:179} INFO - Processing /opt/airflow/dags/update_post_exposure.py took 21.025 seconds
[2023-07-08T03:59:38.355+0000] {processor.py:157} INFO - Started process (PID=1323) to work on /opt/airflow/dags/update_post_exposure.py
[2023-07-08T03:59:38.466+0000] {processor.py:826} INFO - Processing file /opt/airflow/dags/update_post_exposure.py for tasks to queue
[2023-07-08T03:59:38.532+0000] {logging_mixin.py:149} INFO - [2023-07-08T03:59:38.505+0000] {dagbag.py:541} INFO - Filling up the DagBag from /opt/airflow/dags/update_post_exposure.py
[2023-07-08T03:59:42.118+0000] {processor.py:836} INFO - DAG(s) dict_keys(['update_post_exposure']) retrieved from /opt/airflow/dags/update_post_exposure.py
[2023-07-08T03:59:45.705+0000] {logging_mixin.py:149} INFO - [2023-07-08T03:59:45.704+0000] {dag.py:2726} INFO - Sync 1 DAGs
[2023-07-08T03:59:48.064+0000] {logging_mixin.py:149} INFO - [2023-07-08T03:59:48.043+0000] {dag.py:3490} INFO - Setting next_dagrun for update_post_exposure to 2023-07-07T00:00:00+00:00, run_after=2023-07-08T00:00:00+00:00
[2023-07-08T03:59:48.814+0000] {processor.py:179} INFO - Processing /opt/airflow/dags/update_post_exposure.py took 11.575 seconds
[2023-07-08T04:00:20.172+0000] {processor.py:157} INFO - Started process (PID=1333) to work on /opt/airflow/dags/update_post_exposure.py
[2023-07-08T04:00:20.269+0000] {processor.py:826} INFO - Processing file /opt/airflow/dags/update_post_exposure.py for tasks to queue
[2023-07-08T04:00:20.311+0000] {logging_mixin.py:149} INFO - [2023-07-08T04:00:20.303+0000] {dagbag.py:541} INFO - Filling up the DagBag from /opt/airflow/dags/update_post_exposure.py
[2023-07-08T04:00:22.138+0000] {processor.py:836} INFO - DAG(s) dict_keys(['update_post_exposure']) retrieved from /opt/airflow/dags/update_post_exposure.py
[2023-07-08T04:00:24.949+0000] {logging_mixin.py:149} INFO - [2023-07-08T04:00:24.947+0000] {dag.py:2726} INFO - Sync 1 DAGs
[2023-07-08T04:00:34.701+0000] {logging_mixin.py:149} INFO - [2023-07-08T04:00:34.691+0000] {dag.py:3490} INFO - Setting next_dagrun for update_post_exposure to 2023-07-07T00:00:00+00:00, run_after=2023-07-08T00:00:00+00:00
[2023-07-08T04:00:38.831+0000] {processor.py:179} INFO - Processing /opt/airflow/dags/update_post_exposure.py took 18.979 seconds
[2023-07-08T04:01:11.727+0000] {processor.py:157} INFO - Started process (PID=1349) to work on /opt/airflow/dags/update_post_exposure.py
[2023-07-08T04:01:11.779+0000] {processor.py:826} INFO - Processing file /opt/airflow/dags/update_post_exposure.py for tasks to queue
[2023-07-08T04:01:11.800+0000] {logging_mixin.py:149} INFO - [2023-07-08T04:01:11.798+0000] {dagbag.py:541} INFO - Filling up the DagBag from /opt/airflow/dags/update_post_exposure.py
[2023-07-08T04:01:12.280+0000] {processor.py:836} INFO - DAG(s) dict_keys(['update_post_exposure']) retrieved from /opt/airflow/dags/update_post_exposure.py
[2023-07-08T04:01:12.724+0000] {logging_mixin.py:149} INFO - [2023-07-08T04:01:12.723+0000] {dag.py:2726} INFO - Sync 1 DAGs
[2023-07-08T04:01:13.867+0000] {logging_mixin.py:149} INFO - [2023-07-08T04:01:13.865+0000] {dag.py:3490} INFO - Setting next_dagrun for update_post_exposure to 2023-07-07T00:00:00+00:00, run_after=2023-07-08T00:00:00+00:00
[2023-07-08T04:01:14.228+0000] {processor.py:179} INFO - Processing /opt/airflow/dags/update_post_exposure.py took 2.672 seconds
[2023-07-08T04:02:11.759+0000] {processor.py:157} INFO - Started process (PID=1359) to work on /opt/airflow/dags/update_post_exposure.py
[2023-07-08T04:02:11.937+0000] {processor.py:826} INFO - Processing file /opt/airflow/dags/update_post_exposure.py for tasks to queue
[2023-07-08T04:02:12.160+0000] {logging_mixin.py:149} INFO - [2023-07-08T04:02:12.157+0000] {dagbag.py:541} INFO - Filling up the DagBag from /opt/airflow/dags/update_post_exposure.py
[2023-07-08T04:02:15.937+0000] {processor.py:836} INFO - DAG(s) dict_keys(['update_post_exposure']) retrieved from /opt/airflow/dags/update_post_exposure.py
[2023-07-08T04:02:17.289+0000] {logging_mixin.py:149} INFO - [2023-07-08T04:02:17.286+0000] {dag.py:2726} INFO - Sync 1 DAGs
[2023-07-08T04:02:28.591+0000] {logging_mixin.py:149} INFO - [2023-07-08T04:02:28.459+0000] {dag.py:3490} INFO - Setting next_dagrun for update_post_exposure to 2023-07-07T00:00:00+00:00, run_after=2023-07-08T00:00:00+00:00
[2023-07-08T04:02:37.618+0000] {processor.py:179} INFO - Processing /opt/airflow/dags/update_post_exposure.py took 26.704 seconds
[2023-07-08T04:03:12.263+0000] {processor.py:157} INFO - Started process (PID=1377) to work on /opt/airflow/dags/update_post_exposure.py
[2023-07-08T04:03:12.291+0000] {processor.py:826} INFO - Processing file /opt/airflow/dags/update_post_exposure.py for tasks to queue
[2023-07-08T04:03:12.320+0000] {logging_mixin.py:149} INFO - [2023-07-08T04:03:12.318+0000] {dagbag.py:541} INFO - Filling up the DagBag from /opt/airflow/dags/update_post_exposure.py
[2023-07-08T04:03:12.785+0000] {processor.py:836} INFO - DAG(s) dict_keys(['update_post_exposure']) retrieved from /opt/airflow/dags/update_post_exposure.py
[2023-07-08T04:03:14.482+0000] {logging_mixin.py:149} INFO - [2023-07-08T04:03:14.472+0000] {dag.py:2726} INFO - Sync 1 DAGs
[2023-07-08T04:03:15.573+0000] {logging_mixin.py:149} INFO - [2023-07-08T04:03:15.571+0000] {dag.py:3490} INFO - Setting next_dagrun for update_post_exposure to 2023-07-07T00:00:00+00:00, run_after=2023-07-08T00:00:00+00:00
[2023-07-08T04:03:16.630+0000] {processor.py:179} INFO - Processing /opt/airflow/dags/update_post_exposure.py took 4.485 seconds
[2023-07-08T04:03:56.894+0000] {processor.py:157} INFO - Started process (PID=1387) to work on /opt/airflow/dags/update_post_exposure.py
[2023-07-08T04:03:56.963+0000] {processor.py:826} INFO - Processing file /opt/airflow/dags/update_post_exposure.py for tasks to queue
[2023-07-08T04:03:57.104+0000] {logging_mixin.py:149} INFO - [2023-07-08T04:03:57.103+0000] {dagbag.py:541} INFO - Filling up the DagBag from /opt/airflow/dags/update_post_exposure.py
[2023-07-08T04:03:59.318+0000] {processor.py:836} INFO - DAG(s) dict_keys(['update_post_exposure']) retrieved from /opt/airflow/dags/update_post_exposure.py
[2023-07-08T04:04:01.620+0000] {logging_mixin.py:149} INFO - [2023-07-08T04:04:01.618+0000] {dag.py:2726} INFO - Sync 1 DAGs
[2023-07-08T04:04:03.374+0000] {logging_mixin.py:149} INFO - [2023-07-08T04:04:03.372+0000] {dag.py:3490} INFO - Setting next_dagrun for update_post_exposure to 2023-07-07T00:00:00+00:00, run_after=2023-07-08T00:00:00+00:00
[2023-07-08T04:04:04.157+0000] {processor.py:179} INFO - Processing /opt/airflow/dags/update_post_exposure.py took 7.537 seconds
