[2023-06-27T03:15:55.587+0000] {taskinstance.py:1103} INFO - Dependencies all met for dep_context=non-requeueable deps ti=<TaskInstance: search_posts.update_db manual__2023-06-27T03:13:07.065728+00:00 [queued]>
[2023-06-27T03:15:55.625+0000] {taskinstance.py:1103} INFO - Dependencies all met for dep_context=requeueable deps ti=<TaskInstance: search_posts.update_db manual__2023-06-27T03:13:07.065728+00:00 [queued]>
[2023-06-27T03:15:55.631+0000] {taskinstance.py:1308} INFO - Starting attempt 1 of 1
[2023-06-27T03:15:55.686+0000] {taskinstance.py:1327} INFO - Executing <Task(PythonOperator): update_db> on 2023-06-27 03:13:07.065728+00:00
[2023-06-27T03:15:55.708+0000] {standard_task_runner.py:57} INFO - Started process 1902 to run task
[2023-06-27T03:15:55.723+0000] {standard_task_runner.py:84} INFO - Running: ['***', 'tasks', 'run', 'search_posts', 'update_db', 'manual__2023-06-27T03:13:07.065728+00:00', '--job-id', '103', '--raw', '--subdir', 'DAGS_FOLDER/search_posts.py', '--cfg-path', '/tmp/tmpxjfnt78a']
[2023-06-27T03:15:55.733+0000] {standard_task_runner.py:85} INFO - Job 103: Subtask update_db
[2023-06-27T03:15:55.859+0000] {task_command.py:410} INFO - Running <TaskInstance: search_posts.update_db manual__2023-06-27T03:13:07.065728+00:00 [running]> on host 414be138234a
[2023-06-27T03:15:56.074+0000] {taskinstance.py:1547} INFO - Exporting env vars: AIRFLOW_CTX_DAG_OWNER='***' AIRFLOW_CTX_DAG_ID='search_posts' AIRFLOW_CTX_TASK_ID='update_db' AIRFLOW_CTX_EXECUTION_DATE='2023-06-27T03:13:07.065728+00:00' AIRFLOW_CTX_TRY_NUMBER='1' AIRFLOW_CTX_DAG_RUN_ID='manual__2023-06-27T03:13:07.065728+00:00'
[2023-06-27T03:15:56.259+0000] {logging_mixin.py:149} INFO - 
    fresh_data.shape: (4157, 16)
    old_data.shape: (4056, 1)
    update_data.shape: (3087, 16)
    
[2023-06-27T03:15:56.297+0000] {logging_mixin.py:149} INFO -                     created   created_utc  ... search_term                topic
0 2023-06-06 10:58:50-05:00  1.686067e+09  ...     alcohol  alcoholic_beverages
1 2023-06-14 11:27:31-05:00  1.686760e+09  ...     alcohol  alcoholic_beverages
2 2023-05-23 09:16:55-05:00  1.684851e+09  ...     alcohol  alcoholic_beverages
3 2023-06-24 19:20:46-05:00  1.687652e+09  ...     alcohol  alcoholic_beverages
4 2023-06-17 18:15:42-05:00  1.687044e+09  ...     alcohol  alcoholic_beverages

[5 rows x 16 columns]
[2023-06-27T03:15:56.364+0000] {logging_mixin.py:149} INFO - INSERT INTO reddit_db.raw_reddit_pulls (created, created_utc, subreddit, subreddit_id, selftext, author_fullname, title, name, id, author, num_comments, url, upvote_ratio, ups, search_term, topic) VALUES (?, ?, ?, ?, ?, ?, ?, ?, ?, ?, ?, ?, ?, ?, ?, ?)
[2023-06-27T03:15:56.368+0000] {python.py:183} INFO - Done. Returned value was: None
[2023-06-27T03:15:56.389+0000] {taskinstance.py:1350} INFO - Marking task as SUCCESS. dag_id=search_posts, task_id=update_db, execution_date=20230627T031307, start_date=20230627T031555, end_date=20230627T031556
[2023-06-27T03:15:56.467+0000] {local_task_job_runner.py:225} INFO - Task exited with return code 0
[2023-06-27T03:15:56.522+0000] {taskinstance.py:2653} INFO - 0 downstream tasks scheduled from follow-on schedule check
