[2023-06-29T23:45:50.173+0000] {taskinstance.py:1103} INFO - Dependencies all met for dep_context=non-requeueable deps ti=<TaskInstance: search_posts.get_posts manual__2023-06-29T23:45:43.683527+00:00 [queued]>
[2023-06-29T23:45:50.214+0000] {taskinstance.py:1103} INFO - Dependencies all met for dep_context=requeueable deps ti=<TaskInstance: search_posts.get_posts manual__2023-06-29T23:45:43.683527+00:00 [queued]>
[2023-06-29T23:45:50.216+0000] {taskinstance.py:1308} INFO - Starting attempt 1 of 1
[2023-06-29T23:45:50.269+0000] {taskinstance.py:1327} INFO - Executing <Task(PythonOperator): get_posts> on 2023-06-29 23:45:43.683527+00:00
[2023-06-29T23:45:50.297+0000] {standard_task_runner.py:57} INFO - Started process 3194 to run task
[2023-06-29T23:45:50.325+0000] {standard_task_runner.py:84} INFO - Running: ['***', 'tasks', 'run', 'search_posts', 'get_posts', 'manual__2023-06-29T23:45:43.683527+00:00', '--job-id', '128', '--raw', '--subdir', 'DAGS_FOLDER/search_posts.py', '--cfg-path', '/tmp/tmpwocnozdn']
[2023-06-29T23:45:50.357+0000] {standard_task_runner.py:85} INFO - Job 128: Subtask get_posts
[2023-06-29T23:45:50.541+0000] {task_command.py:410} INFO - Running <TaskInstance: search_posts.get_posts manual__2023-06-29T23:45:43.683527+00:00 [running]> on host 414be138234a
[2023-06-29T23:45:50.843+0000] {taskinstance.py:1547} INFO - Exporting env vars: AIRFLOW_CTX_DAG_OWNER='***' AIRFLOW_CTX_DAG_ID='search_posts' AIRFLOW_CTX_TASK_ID='get_posts' AIRFLOW_CTX_EXECUTION_DATE='2023-06-29T23:45:43.683527+00:00' AIRFLOW_CTX_TRY_NUMBER='1' AIRFLOW_CTX_DAG_RUN_ID='manual__2023-06-29T23:45:43.683527+00:00'
[2023-06-29T23:45:52.520+0000] {logging_mixin.py:149} INFO - <Response [200]>
[2023-06-29T23:45:52.527+0000] {logging_mixin.py:149} INFO - searching alcohol...
[2023-06-29T23:46:03.171+0000] {logging_mixin.py:149} INFO - searching drinks...
[2023-06-29T23:46:14.644+0000] {logging_mixin.py:149} INFO - searching cocktails...
[2023-06-29T23:46:23.224+0000] {logging_mixin.py:149} INFO - searching beer...
[2023-06-29T23:46:32.210+0000] {logging_mixin.py:149} INFO - searching wine...
[2023-06-29T23:46:41.793+0000] {logging_mixin.py:149} INFO - searching liquor...
[2023-06-29T23:46:48.500+0000] {logging_mixin.py:149} INFO - searching spirits...
[2023-06-29T23:46:56.803+0000] {logging_mixin.py:149} INFO - searching happyhour...
[2023-06-29T23:47:03.760+0000] {logging_mixin.py:149} INFO - searching mixology...
[2023-06-29T23:47:10.862+0000] {logging_mixin.py:149} INFO - searching bartender...
[2023-06-29T23:47:20.786+0000] {logging_mixin.py:149} INFO - searching craftbeer...
[2023-06-29T23:47:26.882+0000] {logging_mixin.py:149} INFO - searching winelover...
[2023-06-29T23:47:32.083+0000] {logging_mixin.py:149} INFO - searching drinkstagram...
[2023-06-29T23:47:34.488+0000] {logging_mixin.py:149} INFO - searching whiskey...
[2023-06-29T23:47:43.795+0000] {logging_mixin.py:149} INFO - searching vodka...
[2023-06-29T23:47:50.879+0000] {logging_mixin.py:149} INFO - searching gin...
[2023-06-29T23:48:00.394+0000] {logging_mixin.py:149} INFO - searching rum...
[2023-06-29T23:48:08.604+0000] {logging_mixin.py:149} INFO - searching tequila...
[2023-06-29T23:48:17.148+0000] {logging_mixin.py:149} INFO - searching drinking...
[2023-06-29T23:48:25.742+0000] {logging_mixin.py:149} INFO - searching drinkresponsibly...
[2023-06-29T23:48:27.143+0000] {logging_mixin.py:149} INFO - 
    raw_reddit_posts.shape: (4177, 16)
    
[2023-06-29T23:48:27.194+0000] {logging_mixin.py:149} INFO -                     created   created_utc  ... search_term                topic
0 2023-06-24 19:20:46-05:00  1.687652e+09  ...     alcohol  alcoholic_beverages
1 2023-06-06 10:58:50-05:00  1.686067e+09  ...     alcohol  alcoholic_beverages
2 2023-05-23 09:16:55-05:00  1.684851e+09  ...     alcohol  alcoholic_beverages
3 2023-06-17 18:15:42-05:00  1.687044e+09  ...     alcohol  alcoholic_beverages
4 2023-03-01 16:42:49-06:00  1.677711e+09  ...     alcohol  alcoholic_beverages

[5 rows x 16 columns]
[2023-06-29T23:48:27.199+0000] {python.py:183} INFO - Done. Returned value was:                        created  ...                topic
0    2023-06-24 19:20:46-05:00  ...  alcoholic_beverages
1    2023-06-06 10:58:50-05:00  ...  alcoholic_beverages
2    2023-05-23 09:16:55-05:00  ...  alcoholic_beverages
3    2023-06-17 18:15:42-05:00  ...  alcoholic_beverages
4    2023-03-01 16:42:49-06:00  ...  alcoholic_beverages
...                        ...  ...                  ...
4172 2022-12-28 15:30:44-06:00  ...  alcoholic_beverages
4173 2021-03-27 12:33:25-05:00  ...  alcoholic_beverages
4174 2021-05-05 15:12:35-05:00  ...  alcoholic_beverages
4175 2019-08-02 14:52:47-05:00  ...  alcoholic_beverages
4176 2023-04-15 23:03:35-05:00  ...  alcoholic_beverages

[4177 rows x 16 columns]
[2023-06-29T23:48:27.719+0000] {taskinstance.py:1350} INFO - Marking task as SUCCESS. dag_id=search_posts, task_id=get_posts, execution_date=20230629T234543, start_date=20230629T234550, end_date=20230629T234827
[2023-06-29T23:48:27.786+0000] {local_task_job_runner.py:225} INFO - Task exited with return code 0
[2023-06-29T23:48:27.839+0000] {taskinstance.py:2653} INFO - 1 downstream tasks scheduled from follow-on schedule check
