[2023-06-27T02:12:42.579+0000] {taskinstance.py:1103} INFO - Dependencies all met for dep_context=non-requeueable deps ti=<TaskInstance: search_posts.update_db manual__2023-06-27T02:12:11.481247+00:00 [queued]>
[2023-06-27T02:12:42.612+0000] {taskinstance.py:1103} INFO - Dependencies all met for dep_context=requeueable deps ti=<TaskInstance: search_posts.update_db manual__2023-06-27T02:12:11.481247+00:00 [queued]>
[2023-06-27T02:12:42.615+0000] {taskinstance.py:1308} INFO - Starting attempt 1 of 1
[2023-06-27T02:12:42.678+0000] {taskinstance.py:1327} INFO - Executing <Task(PythonOperator): update_db> on 2023-06-27 02:12:11.481247+00:00
[2023-06-27T02:12:42.729+0000] {standard_task_runner.py:57} INFO - Started process 708 to run task
[2023-06-27T02:12:42.759+0000] {standard_task_runner.py:84} INFO - Running: ['***', 'tasks', 'run', 'search_posts', 'update_db', 'manual__2023-06-27T02:12:11.481247+00:00', '--job-id', '82', '--raw', '--subdir', 'DAGS_FOLDER/search_posts.py', '--cfg-path', '/tmp/tmp6_o9_06h']
[2023-06-27T02:12:42.766+0000] {standard_task_runner.py:85} INFO - Job 82: Subtask update_db
[2023-06-27T02:12:42.907+0000] {task_command.py:410} INFO - Running <TaskInstance: search_posts.update_db manual__2023-06-27T02:12:11.481247+00:00 [running]> on host 414be138234a
[2023-06-27T02:12:43.111+0000] {taskinstance.py:1547} INFO - Exporting env vars: AIRFLOW_CTX_DAG_OWNER='***' AIRFLOW_CTX_DAG_ID='search_posts' AIRFLOW_CTX_TASK_ID='update_db' AIRFLOW_CTX_EXECUTION_DATE='2023-06-27T02:12:11.481247+00:00' AIRFLOW_CTX_TRY_NUMBER='1' AIRFLOW_CTX_DAG_RUN_ID='manual__2023-06-27T02:12:11.481247+00:00'
[2023-06-27T02:12:43.462+0000] {logging_mixin.py:149} INFO -                     created   created_utc  ... search_term topic
0 2023-06-26 02:28:36-05:00  1.687765e+09  ...       tests  test
1 2023-06-09 05:28:48-05:00  1.686307e+09  ...       tests  test
2 2023-06-07 05:13:48-05:00  1.686133e+09  ...       tests  test
3 2023-05-13 21:52:49-05:00  1.684033e+09  ...       tests  test
4 2023-06-24 13:52:30-05:00  1.687633e+09  ...       tests  test

[5 rows x 16 columns]
[2023-06-27T02:12:43.464+0000] {logging_mixin.py:149} INFO - <class 'pandas.core.frame.DataFrame'>
    success!!!
    
[2023-06-27T02:12:43.466+0000] {python.py:183} INFO - Done. Returned value was: None
[2023-06-27T02:12:43.488+0000] {taskinstance.py:1350} INFO - Marking task as SUCCESS. dag_id=search_posts, task_id=update_db, execution_date=20230627T021211, start_date=20230627T021242, end_date=20230627T021243
[2023-06-27T02:12:43.576+0000] {local_task_job_runner.py:225} INFO - Task exited with return code 0
[2023-06-27T02:12:43.617+0000] {taskinstance.py:2653} INFO - 0 downstream tasks scheduled from follow-on schedule check
