[2023-07-04T14:46:33.389+0000] {processor.py:157} INFO - Started process (PID=532) to work on /opt/airflow/dags/update_post_exposure.py
[2023-07-04T14:46:33.976+0000] {processor.py:826} INFO - Processing file /opt/airflow/dags/update_post_exposure.py for tasks to queue
[2023-07-04T14:46:34.777+0000] {logging_mixin.py:149} INFO - [2023-07-04T14:46:34.766+0000] {dagbag.py:541} INFO - Filling up the DagBag from /opt/airflow/dags/update_post_exposure.py
[2023-07-04T14:46:43.171+0000] {processor.py:836} INFO - DAG(s) dict_keys(['update_post_exposure']) retrieved from /opt/airflow/dags/update_post_exposure.py
[2023-07-04T14:46:57.398+0000] {logging_mixin.py:149} INFO - [2023-07-04T14:46:57.360+0000] {dag.py:2726} INFO - Sync 1 DAGs
[2023-07-04T14:47:02.226+0000] {logging_mixin.py:149} INFO - [2023-07-04T14:47:02.225+0000] {dag.py:3490} INFO - Setting next_dagrun for update_post_exposure to 2023-07-03T00:00:00+00:00, run_after=2023-07-04T00:00:00+00:00
[2023-07-04T14:47:09.223+0000] {processor.py:179} INFO - Processing /opt/airflow/dags/update_post_exposure.py took 36.464 seconds
[2023-07-04T14:47:57.703+0000] {processor.py:157} INFO - Started process (PID=549) to work on /opt/airflow/dags/update_post_exposure.py
[2023-07-04T14:47:58.044+0000] {processor.py:826} INFO - Processing file /opt/airflow/dags/update_post_exposure.py for tasks to queue
[2023-07-04T14:47:58.154+0000] {logging_mixin.py:149} INFO - [2023-07-04T14:47:58.152+0000] {dagbag.py:541} INFO - Filling up the DagBag from /opt/airflow/dags/update_post_exposure.py
[2023-07-04T14:48:03.167+0000] {processor.py:836} INFO - DAG(s) dict_keys(['update_post_exposure']) retrieved from /opt/airflow/dags/update_post_exposure.py
[2023-07-04T14:48:07.176+0000] {logging_mixin.py:149} INFO - [2023-07-04T14:48:07.175+0000] {dag.py:2726} INFO - Sync 1 DAGs
[2023-07-04T14:48:09.497+0000] {logging_mixin.py:149} INFO - [2023-07-04T14:48:09.495+0000] {dag.py:3490} INFO - Setting next_dagrun for update_post_exposure to 2023-07-03T00:00:00+00:00, run_after=2023-07-04T00:00:00+00:00
[2023-07-04T14:48:09.972+0000] {processor.py:179} INFO - Processing /opt/airflow/dags/update_post_exposure.py took 13.298 seconds
[2023-07-04T14:48:41.779+0000] {processor.py:157} INFO - Started process (PID=565) to work on /opt/airflow/dags/update_post_exposure.py
[2023-07-04T14:48:41.836+0000] {processor.py:826} INFO - Processing file /opt/airflow/dags/update_post_exposure.py for tasks to queue
[2023-07-04T14:48:41.951+0000] {logging_mixin.py:149} INFO - [2023-07-04T14:48:41.949+0000] {dagbag.py:541} INFO - Filling up the DagBag from /opt/airflow/dags/update_post_exposure.py
[2023-07-04T14:48:44.172+0000] {processor.py:836} INFO - DAG(s) dict_keys(['update_post_exposure']) retrieved from /opt/airflow/dags/update_post_exposure.py
[2023-07-04T14:48:45.656+0000] {logging_mixin.py:149} INFO - [2023-07-04T14:48:45.652+0000] {dag.py:2726} INFO - Sync 1 DAGs
[2023-07-04T14:48:46.497+0000] {logging_mixin.py:149} INFO - [2023-07-04T14:48:46.494+0000] {dag.py:3490} INFO - Setting next_dagrun for update_post_exposure to 2023-07-03T00:00:00+00:00, run_after=2023-07-04T00:00:00+00:00
[2023-07-04T14:48:47.005+0000] {processor.py:179} INFO - Processing /opt/airflow/dags/update_post_exposure.py took 5.813 seconds
[2023-07-04T14:50:12.370+0000] {processor.py:157} INFO - Started process (PID=582) to work on /opt/airflow/dags/update_post_exposure.py
[2023-07-04T14:50:12.847+0000] {processor.py:826} INFO - Processing file /opt/airflow/dags/update_post_exposure.py for tasks to queue
[2023-07-04T14:50:13.486+0000] {logging_mixin.py:149} INFO - [2023-07-04T14:50:13.483+0000] {dagbag.py:541} INFO - Filling up the DagBag from /opt/airflow/dags/update_post_exposure.py
[2023-07-04T14:50:51.027+0000] {logging_mixin.py:149} INFO - [2023-07-04T14:50:51.024+0000] {timeout.py:68} ERROR - Process timed out, PID: 582
[2023-07-04T14:50:56.135+0000] {logging_mixin.py:149} INFO - [2023-07-04T14:50:52.464+0000] {dagbag.py:350} ERROR - Failed to import: /opt/airflow/dags/update_post_exposure.py
Traceback (most recent call last):
  File "/home/airflow/.local/lib/python3.7/site-packages/airflow/models/dagbag.py", line 346, in parse
    loader.exec_module(new_module)
  File "<frozen importlib._bootstrap_external>", line 728, in exec_module
  File "<frozen importlib._bootstrap>", line 219, in _call_with_frames_removed
  File "/opt/airflow/dags/update_post_exposure.py", line 27, in <module>
    schedule_interval="@daily", catchup=False) as dag:
  File "/home/airflow/.local/lib/python3.7/site-packages/airflow/models/dag.py", line 526, in __init__
    if isinstance(schedule, Collection) and not isinstance(schedule, str):
  File "/usr/local/lib/python3.7/typing.py", line 716, in __instancecheck__
    return self.__subclasscheck__(type(obj))
  File "/usr/local/lib/python3.7/typing.py", line 721, in __subclasscheck__
    return issubclass(cls, self.__origin__)
  File "/usr/local/lib/python3.7/abc.py", line 143, in __subclasscheck__
    return _abc_subclasscheck(cls, subclass)
  File "/usr/local/lib/python3.7/abc.py", line 143, in __subclasscheck__
    return _abc_subclasscheck(cls, subclass)
  File "/usr/local/lib/python3.7/abc.py", line 143, in __subclasscheck__
    return _abc_subclasscheck(cls, subclass)
  File "/usr/local/lib/python3.7/_collections_abc.py", line 302, in __subclasshook__
    @classmethod
  File "/home/airflow/.local/lib/python3.7/site-packages/airflow/utils/timeout.py", line 69, in handle_timeout
    raise AirflowTaskTimeout(self.error_message)
airflow.exceptions.AirflowTaskTimeout: DagBag import timeout for /opt/airflow/dags/update_post_exposure.py after 30.0s.
Please take a look at these docs to improve your DAG import time:
* https://airflow.apache.org/docs/apache-airflow/2.6.2/best-practices.html#top-level-python-code
* https://airflow.apache.org/docs/apache-airflow/2.6.2/best-practices.html#reducing-dag-complexity, PID: 582
[2023-07-04T14:50:56.253+0000] {processor.py:838} WARNING - No viable dags retrieved from /opt/airflow/dags/update_post_exposure.py
[2023-07-04T14:51:02.650+0000] {processor.py:179} INFO - Processing /opt/airflow/dags/update_post_exposure.py took 60.209 seconds
[2023-07-04T14:51:35.377+0000] {processor.py:157} INFO - Started process (PID=592) to work on /opt/airflow/dags/update_post_exposure.py
[2023-07-04T14:51:35.418+0000] {processor.py:826} INFO - Processing file /opt/airflow/dags/update_post_exposure.py for tasks to queue
[2023-07-04T14:51:35.432+0000] {logging_mixin.py:149} INFO - [2023-07-04T14:51:35.431+0000] {dagbag.py:541} INFO - Filling up the DagBag from /opt/airflow/dags/update_post_exposure.py
[2023-07-04T14:51:35.781+0000] {processor.py:836} INFO - DAG(s) dict_keys(['update_post_exposure']) retrieved from /opt/airflow/dags/update_post_exposure.py
[2023-07-04T14:51:36.852+0000] {logging_mixin.py:149} INFO - [2023-07-04T14:51:36.851+0000] {dag.py:2726} INFO - Sync 1 DAGs
[2023-07-04T14:51:37.409+0000] {logging_mixin.py:149} INFO - [2023-07-04T14:51:37.407+0000] {dag.py:3490} INFO - Setting next_dagrun for update_post_exposure to 2023-07-03T00:00:00+00:00, run_after=2023-07-04T00:00:00+00:00
[2023-07-04T14:51:38.235+0000] {processor.py:179} INFO - Processing /opt/airflow/dags/update_post_exposure.py took 2.986 seconds
[2023-07-04T14:52:28.880+0000] {processor.py:157} INFO - Started process (PID=601) to work on /opt/airflow/dags/update_post_exposure.py
[2023-07-04T14:52:29.189+0000] {processor.py:826} INFO - Processing file /opt/airflow/dags/update_post_exposure.py for tasks to queue
[2023-07-04T14:52:29.418+0000] {logging_mixin.py:149} INFO - [2023-07-04T14:52:29.415+0000] {dagbag.py:541} INFO - Filling up the DagBag from /opt/airflow/dags/update_post_exposure.py
[2023-07-04T14:52:32.931+0000] {processor.py:836} INFO - DAG(s) dict_keys(['update_post_exposure']) retrieved from /opt/airflow/dags/update_post_exposure.py
[2023-07-04T14:52:40.942+0000] {logging_mixin.py:149} INFO - [2023-07-04T14:52:40.941+0000] {dag.py:2726} INFO - Sync 1 DAGs
[2023-07-04T14:52:49.508+0000] {logging_mixin.py:149} INFO - [2023-07-04T14:52:49.496+0000] {dag.py:3490} INFO - Setting next_dagrun for update_post_exposure to 2023-07-03T00:00:00+00:00, run_after=2023-07-04T00:00:00+00:00
[2023-07-04T14:52:51.098+0000] {processor.py:179} INFO - Processing /opt/airflow/dags/update_post_exposure.py took 23.172 seconds
[2023-07-04T14:53:40.147+0000] {processor.py:157} INFO - Started process (PID=618) to work on /opt/airflow/dags/update_post_exposure.py
[2023-07-04T14:53:40.174+0000] {processor.py:826} INFO - Processing file /opt/airflow/dags/update_post_exposure.py for tasks to queue
[2023-07-04T14:53:40.197+0000] {logging_mixin.py:149} INFO - [2023-07-04T14:53:40.195+0000] {dagbag.py:541} INFO - Filling up the DagBag from /opt/airflow/dags/update_post_exposure.py
[2023-07-04T14:53:40.615+0000] {processor.py:836} INFO - DAG(s) dict_keys(['update_post_exposure']) retrieved from /opt/airflow/dags/update_post_exposure.py
[2023-07-04T14:53:41.371+0000] {logging_mixin.py:149} INFO - [2023-07-04T14:53:41.370+0000] {dag.py:2726} INFO - Sync 1 DAGs
[2023-07-04T14:53:43.446+0000] {logging_mixin.py:149} INFO - [2023-07-04T14:53:43.332+0000] {dag.py:3490} INFO - Setting next_dagrun for update_post_exposure to 2023-07-03T00:00:00+00:00, run_after=2023-07-04T00:00:00+00:00
[2023-07-04T14:53:45.018+0000] {processor.py:179} INFO - Processing /opt/airflow/dags/update_post_exposure.py took 5.224 seconds
[2023-07-04T14:54:22.350+0000] {processor.py:157} INFO - Started process (PID=629) to work on /opt/airflow/dags/update_post_exposure.py
[2023-07-04T14:54:22.375+0000] {processor.py:826} INFO - Processing file /opt/airflow/dags/update_post_exposure.py for tasks to queue
[2023-07-04T14:54:22.552+0000] {logging_mixin.py:149} INFO - [2023-07-04T14:54:22.550+0000] {dagbag.py:541} INFO - Filling up the DagBag from /opt/airflow/dags/update_post_exposure.py
[2023-07-04T14:54:30.961+0000] {processor.py:836} INFO - DAG(s) dict_keys(['update_post_exposure']) retrieved from /opt/airflow/dags/update_post_exposure.py
[2023-07-04T14:54:40.922+0000] {logging_mixin.py:149} INFO - [2023-07-04T14:54:40.920+0000] {dag.py:2726} INFO - Sync 1 DAGs
[2023-07-04T14:54:46.669+0000] {logging_mixin.py:149} INFO - [2023-07-04T14:54:46.667+0000] {dag.py:3490} INFO - Setting next_dagrun for update_post_exposure to 2023-07-03T00:00:00+00:00, run_after=2023-07-04T00:00:00+00:00
[2023-07-04T14:54:50.413+0000] {processor.py:179} INFO - Processing /opt/airflow/dags/update_post_exposure.py took 28.718 seconds
[2023-07-04T14:55:24.754+0000] {processor.py:157} INFO - Started process (PID=646) to work on /opt/airflow/dags/update_post_exposure.py
[2023-07-04T14:55:24.779+0000] {processor.py:826} INFO - Processing file /opt/airflow/dags/update_post_exposure.py for tasks to queue
[2023-07-04T14:55:24.895+0000] {logging_mixin.py:149} INFO - [2023-07-04T14:55:24.809+0000] {dagbag.py:541} INFO - Filling up the DagBag from /opt/airflow/dags/update_post_exposure.py
[2023-07-04T14:55:27.112+0000] {processor.py:836} INFO - DAG(s) dict_keys(['update_post_exposure']) retrieved from /opt/airflow/dags/update_post_exposure.py
[2023-07-04T14:55:32.692+0000] {logging_mixin.py:149} INFO - [2023-07-04T14:55:32.691+0000] {dag.py:2726} INFO - Sync 1 DAGs
[2023-07-04T14:55:40.385+0000] {logging_mixin.py:149} INFO - [2023-07-04T14:55:40.341+0000] {dag.py:3490} INFO - Setting next_dagrun for update_post_exposure to 2023-07-03T00:00:00+00:00, run_after=2023-07-04T00:00:00+00:00
[2023-07-04T14:55:45.661+0000] {processor.py:179} INFO - Processing /opt/airflow/dags/update_post_exposure.py took 21.586 seconds
[2023-07-04T14:56:19.388+0000] {processor.py:157} INFO - Started process (PID=657) to work on /opt/airflow/dags/update_post_exposure.py
[2023-07-04T14:56:19.498+0000] {processor.py:826} INFO - Processing file /opt/airflow/dags/update_post_exposure.py for tasks to queue
[2023-07-04T14:56:19.624+0000] {logging_mixin.py:149} INFO - [2023-07-04T14:56:19.622+0000] {dagbag.py:541} INFO - Filling up the DagBag from /opt/airflow/dags/update_post_exposure.py
[2023-07-04T14:56:21.098+0000] {processor.py:836} INFO - DAG(s) dict_keys(['update_post_exposure']) retrieved from /opt/airflow/dags/update_post_exposure.py
[2023-07-04T14:56:23.898+0000] {logging_mixin.py:149} INFO - [2023-07-04T14:56:23.880+0000] {dag.py:2726} INFO - Sync 1 DAGs
[2023-07-04T14:56:26.036+0000] {logging_mixin.py:149} INFO - [2023-07-04T14:56:25.992+0000] {dag.py:3490} INFO - Setting next_dagrun for update_post_exposure to 2023-07-03T00:00:00+00:00, run_after=2023-07-04T00:00:00+00:00
[2023-07-04T14:56:26.891+0000] {processor.py:179} INFO - Processing /opt/airflow/dags/update_post_exposure.py took 8.728 seconds
[2023-07-04T14:57:21.577+0000] {processor.py:157} INFO - Started process (PID=673) to work on /opt/airflow/dags/update_post_exposure.py
[2023-07-04T14:57:23.213+0000] {processor.py:826} INFO - Processing file /opt/airflow/dags/update_post_exposure.py for tasks to queue
[2023-07-04T14:57:26.918+0000] {logging_mixin.py:149} INFO - [2023-07-04T14:57:26.901+0000] {dagbag.py:541} INFO - Filling up the DagBag from /opt/airflow/dags/update_post_exposure.py
[2023-07-04T14:57:47.417+0000] {processor.py:836} INFO - DAG(s) dict_keys(['update_post_exposure']) retrieved from /opt/airflow/dags/update_post_exposure.py
[2023-07-04T14:57:56.762+0000] {logging_mixin.py:149} INFO - [2023-07-04T14:57:56.759+0000] {dag.py:2726} INFO - Sync 1 DAGs
[2023-07-04T14:58:30.702+0000] {processor.py:157} INFO - Started process (PID=689) to work on /opt/airflow/dags/update_post_exposure.py
[2023-07-04T14:58:30.836+0000] {processor.py:826} INFO - Processing file /opt/airflow/dags/update_post_exposure.py for tasks to queue
[2023-07-04T14:58:30.958+0000] {logging_mixin.py:149} INFO - [2023-07-04T14:58:30.956+0000] {dagbag.py:541} INFO - Filling up the DagBag from /opt/airflow/dags/update_post_exposure.py
[2023-07-04T14:58:35.138+0000] {processor.py:836} INFO - DAG(s) dict_keys(['update_post_exposure']) retrieved from /opt/airflow/dags/update_post_exposure.py
[2023-07-04T14:58:45.754+0000] {logging_mixin.py:149} INFO - [2023-07-04T14:58:45.753+0000] {dag.py:2726} INFO - Sync 1 DAGs
[2023-07-04T14:58:47.865+0000] {logging_mixin.py:149} INFO - [2023-07-04T14:58:47.863+0000] {dag.py:3490} INFO - Setting next_dagrun for update_post_exposure to 2023-07-03T00:00:00+00:00, run_after=2023-07-04T00:00:00+00:00
[2023-07-04T14:58:49.491+0000] {processor.py:179} INFO - Processing /opt/airflow/dags/update_post_exposure.py took 19.556 seconds
[2023-07-04T14:59:23.515+0000] {processor.py:157} INFO - Started process (PID=699) to work on /opt/airflow/dags/update_post_exposure.py
[2023-07-04T14:59:24.079+0000] {processor.py:826} INFO - Processing file /opt/airflow/dags/update_post_exposure.py for tasks to queue
[2023-07-04T14:59:24.450+0000] {logging_mixin.py:149} INFO - [2023-07-04T14:59:24.449+0000] {dagbag.py:541} INFO - Filling up the DagBag from /opt/airflow/dags/update_post_exposure.py
[2023-07-04T14:59:27.856+0000] {processor.py:836} INFO - DAG(s) dict_keys(['update_post_exposure']) retrieved from /opt/airflow/dags/update_post_exposure.py
[2023-07-04T14:59:43.629+0000] {logging_mixin.py:149} INFO - [2023-07-04T14:59:43.628+0000] {dag.py:2726} INFO - Sync 1 DAGs
[2023-07-04T15:00:24.237+0000] {logging_mixin.py:149} INFO - [2023-07-04T15:00:23.119+0000] {dag.py:3490} INFO - Setting next_dagrun for update_post_exposure to 2023-07-03T00:00:00+00:00, run_after=2023-07-04T00:00:00+00:00
[2023-07-04T15:01:17.692+0000] {processor.py:157} INFO - Started process (PID=716) to work on /opt/airflow/dags/update_post_exposure.py
[2023-07-04T15:01:18.411+0000] {processor.py:826} INFO - Processing file /opt/airflow/dags/update_post_exposure.py for tasks to queue
[2023-07-04T15:01:18.756+0000] {logging_mixin.py:149} INFO - [2023-07-04T15:01:18.755+0000] {dagbag.py:541} INFO - Filling up the DagBag from /opt/airflow/dags/update_post_exposure.py
[2023-07-04T15:01:20.596+0000] {processor.py:836} INFO - DAG(s) dict_keys(['update_post_exposure']) retrieved from /opt/airflow/dags/update_post_exposure.py
[2023-07-04T15:01:21.887+0000] {logging_mixin.py:149} INFO - [2023-07-04T15:01:21.885+0000] {dag.py:2726} INFO - Sync 1 DAGs
[2023-07-04T15:01:24.074+0000] {logging_mixin.py:149} INFO - [2023-07-04T15:01:24.072+0000] {dag.py:3490} INFO - Setting next_dagrun for update_post_exposure to 2023-07-03T00:00:00+00:00, run_after=2023-07-04T00:00:00+00:00
[2023-07-04T15:01:25.368+0000] {processor.py:179} INFO - Processing /opt/airflow/dags/update_post_exposure.py took 8.315 seconds
[2023-07-04T15:01:56.714+0000] {processor.py:157} INFO - Started process (PID=726) to work on /opt/airflow/dags/update_post_exposure.py
[2023-07-04T15:01:56.735+0000] {processor.py:826} INFO - Processing file /opt/airflow/dags/update_post_exposure.py for tasks to queue
[2023-07-04T15:01:56.753+0000] {logging_mixin.py:149} INFO - [2023-07-04T15:01:56.752+0000] {dagbag.py:541} INFO - Filling up the DagBag from /opt/airflow/dags/update_post_exposure.py
[2023-07-04T15:01:57.830+0000] {processor.py:836} INFO - DAG(s) dict_keys(['update_post_exposure']) retrieved from /opt/airflow/dags/update_post_exposure.py
[2023-07-04T15:02:00.340+0000] {logging_mixin.py:149} INFO - [2023-07-04T15:02:00.338+0000] {dag.py:2726} INFO - Sync 1 DAGs
[2023-07-04T15:02:02.705+0000] {logging_mixin.py:149} INFO - [2023-07-04T15:02:02.697+0000] {dag.py:3490} INFO - Setting next_dagrun for update_post_exposure to 2023-07-03T00:00:00+00:00, run_after=2023-07-04T00:00:00+00:00
[2023-07-04T15:02:04.258+0000] {processor.py:179} INFO - Processing /opt/airflow/dags/update_post_exposure.py took 7.717 seconds
[2023-07-04T15:02:39.508+0000] {processor.py:157} INFO - Started process (PID=737) to work on /opt/airflow/dags/update_post_exposure.py
[2023-07-04T15:02:39.645+0000] {processor.py:826} INFO - Processing file /opt/airflow/dags/update_post_exposure.py for tasks to queue
[2023-07-04T15:02:40.132+0000] {logging_mixin.py:149} INFO - [2023-07-04T15:02:40.083+0000] {dagbag.py:541} INFO - Filling up the DagBag from /opt/airflow/dags/update_post_exposure.py
[2023-07-04T15:02:46.448+0000] {processor.py:836} INFO - DAG(s) dict_keys(['update_post_exposure']) retrieved from /opt/airflow/dags/update_post_exposure.py
[2023-07-04T15:02:52.847+0000] {logging_mixin.py:149} INFO - [2023-07-04T15:02:52.802+0000] {dag.py:2726} INFO - Sync 1 DAGs
[2023-07-04T15:03:02.601+0000] {logging_mixin.py:149} INFO - [2023-07-04T15:03:02.598+0000] {dag.py:3490} INFO - Setting next_dagrun for update_post_exposure to 2023-07-03T00:00:00+00:00, run_after=2023-07-04T00:00:00+00:00
[2023-07-04T15:03:07.940+0000] {processor.py:179} INFO - Processing /opt/airflow/dags/update_post_exposure.py took 29.785 seconds
[2023-07-04T15:03:42.493+0000] {processor.py:157} INFO - Started process (PID=755) to work on /opt/airflow/dags/update_post_exposure.py
[2023-07-04T15:03:42.546+0000] {processor.py:826} INFO - Processing file /opt/airflow/dags/update_post_exposure.py for tasks to queue
[2023-07-04T15:03:42.602+0000] {logging_mixin.py:149} INFO - [2023-07-04T15:03:42.600+0000] {dagbag.py:541} INFO - Filling up the DagBag from /opt/airflow/dags/update_post_exposure.py
[2023-07-04T15:03:45.348+0000] {processor.py:836} INFO - DAG(s) dict_keys(['update_post_exposure']) retrieved from /opt/airflow/dags/update_post_exposure.py
[2023-07-04T15:03:49.950+0000] {logging_mixin.py:149} INFO - [2023-07-04T15:03:49.946+0000] {dag.py:2726} INFO - Sync 1 DAGs
[2023-07-04T15:03:53.897+0000] {logging_mixin.py:149} INFO - [2023-07-04T15:03:53.892+0000] {dag.py:3490} INFO - Setting next_dagrun for update_post_exposure to 2023-07-03T00:00:00+00:00, run_after=2023-07-04T00:00:00+00:00
[2023-07-04T15:03:55.007+0000] {processor.py:179} INFO - Processing /opt/airflow/dags/update_post_exposure.py took 13.040 seconds
[2023-07-04T15:04:28.844+0000] {processor.py:157} INFO - Started process (PID=766) to work on /opt/airflow/dags/update_post_exposure.py
[2023-07-04T15:04:29.061+0000] {processor.py:826} INFO - Processing file /opt/airflow/dags/update_post_exposure.py for tasks to queue
[2023-07-04T15:04:29.107+0000] {logging_mixin.py:149} INFO - [2023-07-04T15:04:29.106+0000] {dagbag.py:541} INFO - Filling up the DagBag from /opt/airflow/dags/update_post_exposure.py
[2023-07-04T15:04:30.668+0000] {processor.py:836} INFO - DAG(s) dict_keys(['update_post_exposure']) retrieved from /opt/airflow/dags/update_post_exposure.py
[2023-07-04T15:04:36.458+0000] {logging_mixin.py:149} INFO - [2023-07-04T15:04:36.458+0000] {dag.py:2726} INFO - Sync 1 DAGs
[2023-07-04T15:04:39.270+0000] {logging_mixin.py:149} INFO - [2023-07-04T15:04:39.207+0000] {dag.py:3490} INFO - Setting next_dagrun for update_post_exposure to 2023-07-03T00:00:00+00:00, run_after=2023-07-04T00:00:00+00:00
[2023-07-04T15:04:40.297+0000] {processor.py:179} INFO - Processing /opt/airflow/dags/update_post_exposure.py took 12.055 seconds
[2023-07-04T15:05:19.201+0000] {processor.py:157} INFO - Started process (PID=783) to work on /opt/airflow/dags/update_post_exposure.py
[2023-07-04T15:05:19.603+0000] {processor.py:826} INFO - Processing file /opt/airflow/dags/update_post_exposure.py for tasks to queue
[2023-07-04T15:05:19.823+0000] {logging_mixin.py:149} INFO - [2023-07-04T15:05:19.819+0000] {dagbag.py:541} INFO - Filling up the DagBag from /opt/airflow/dags/update_post_exposure.py
[2023-07-04T15:05:24.974+0000] {processor.py:836} INFO - DAG(s) dict_keys(['update_post_exposure']) retrieved from /opt/airflow/dags/update_post_exposure.py
[2023-07-04T15:05:32.329+0000] {logging_mixin.py:149} INFO - [2023-07-04T15:05:32.327+0000] {dag.py:2726} INFO - Sync 1 DAGs
[2023-07-04T15:05:44.391+0000] {logging_mixin.py:149} INFO - [2023-07-04T15:05:43.111+0000] {dag.py:3490} INFO - Setting next_dagrun for update_post_exposure to 2023-07-03T00:00:00+00:00, run_after=2023-07-04T00:00:00+00:00
[2023-07-04T15:05:52.474+0000] {processor.py:179} INFO - Processing /opt/airflow/dags/update_post_exposure.py took 34.439 seconds
[2023-07-04T15:06:36.019+0000] {processor.py:157} INFO - Started process (PID=801) to work on /opt/airflow/dags/update_post_exposure.py
[2023-07-04T15:06:36.101+0000] {processor.py:826} INFO - Processing file /opt/airflow/dags/update_post_exposure.py for tasks to queue
[2023-07-04T15:06:36.243+0000] {logging_mixin.py:149} INFO - [2023-07-04T15:06:36.217+0000] {dagbag.py:541} INFO - Filling up the DagBag from /opt/airflow/dags/update_post_exposure.py
[2023-07-04T15:06:38.051+0000] {processor.py:836} INFO - DAG(s) dict_keys(['update_post_exposure']) retrieved from /opt/airflow/dags/update_post_exposure.py
[2023-07-04T15:06:39.543+0000] {logging_mixin.py:149} INFO - [2023-07-04T15:06:39.542+0000] {dag.py:2726} INFO - Sync 1 DAGs
[2023-07-04T15:06:40.444+0000] {logging_mixin.py:149} INFO - [2023-07-04T15:06:40.442+0000] {dag.py:3490} INFO - Setting next_dagrun for update_post_exposure to 2023-07-03T00:00:00+00:00, run_after=2023-07-04T00:00:00+00:00
[2023-07-04T15:06:41.534+0000] {processor.py:179} INFO - Processing /opt/airflow/dags/update_post_exposure.py took 5.644 seconds
[2023-07-04T15:07:18.566+0000] {processor.py:157} INFO - Started process (PID=811) to work on /opt/airflow/dags/update_post_exposure.py
[2023-07-04T15:07:18.690+0000] {processor.py:826} INFO - Processing file /opt/airflow/dags/update_post_exposure.py for tasks to queue
[2023-07-04T15:07:18.771+0000] {logging_mixin.py:149} INFO - [2023-07-04T15:07:18.713+0000] {dagbag.py:541} INFO - Filling up the DagBag from /opt/airflow/dags/update_post_exposure.py
[2023-07-04T15:07:19.918+0000] {processor.py:836} INFO - DAG(s) dict_keys(['update_post_exposure']) retrieved from /opt/airflow/dags/update_post_exposure.py
[2023-07-04T15:07:22.092+0000] {logging_mixin.py:149} INFO - [2023-07-04T15:07:22.016+0000] {dag.py:2726} INFO - Sync 1 DAGs
[2023-07-04T15:07:24.749+0000] {logging_mixin.py:149} INFO - [2023-07-04T15:07:24.748+0000] {dag.py:3490} INFO - Setting next_dagrun for update_post_exposure to 2023-07-03T00:00:00+00:00, run_after=2023-07-04T00:00:00+00:00
[2023-07-04T15:07:25.976+0000] {processor.py:179} INFO - Processing /opt/airflow/dags/update_post_exposure.py took 8.420 seconds
[2023-07-04T15:08:37.317+0000] {processor.py:157} INFO - Started process (PID=827) to work on /opt/airflow/dags/update_post_exposure.py
[2023-07-04T15:08:37.453+0000] {processor.py:826} INFO - Processing file /opt/airflow/dags/update_post_exposure.py for tasks to queue
[2023-07-04T15:08:37.563+0000] {logging_mixin.py:149} INFO - [2023-07-04T15:08:37.545+0000] {dagbag.py:541} INFO - Filling up the DagBag from /opt/airflow/dags/update_post_exposure.py
[2023-07-04T15:08:45.638+0000] {processor.py:836} INFO - DAG(s) dict_keys(['update_post_exposure']) retrieved from /opt/airflow/dags/update_post_exposure.py
[2023-07-04T15:08:50.706+0000] {logging_mixin.py:149} INFO - [2023-07-04T15:08:50.672+0000] {dag.py:2726} INFO - Sync 1 DAGs
[2023-07-04T15:09:00.322+0000] {logging_mixin.py:149} INFO - [2023-07-04T15:09:00.291+0000] {dag.py:3490} INFO - Setting next_dagrun for update_post_exposure to 2023-07-03T00:00:00+00:00, run_after=2023-07-04T00:00:00+00:00
[2023-07-04T15:09:07.519+0000] {processor.py:179} INFO - Processing /opt/airflow/dags/update_post_exposure.py took 30.390 seconds
[2023-07-04T15:09:40.547+0000] {processor.py:157} INFO - Started process (PID=838) to work on /opt/airflow/dags/update_post_exposure.py
[2023-07-04T15:09:40.619+0000] {processor.py:826} INFO - Processing file /opt/airflow/dags/update_post_exposure.py for tasks to queue
[2023-07-04T15:09:40.660+0000] {logging_mixin.py:149} INFO - [2023-07-04T15:09:40.657+0000] {dagbag.py:541} INFO - Filling up the DagBag from /opt/airflow/dags/update_post_exposure.py
[2023-07-04T15:09:41.418+0000] {processor.py:836} INFO - DAG(s) dict_keys(['update_post_exposure']) retrieved from /opt/airflow/dags/update_post_exposure.py
[2023-07-04T15:09:43.399+0000] {logging_mixin.py:149} INFO - [2023-07-04T15:09:43.391+0000] {dag.py:2726} INFO - Sync 1 DAGs
[2023-07-04T15:09:45.652+0000] {logging_mixin.py:149} INFO - [2023-07-04T15:09:45.562+0000] {dag.py:3490} INFO - Setting next_dagrun for update_post_exposure to 2023-07-03T00:00:00+00:00, run_after=2023-07-04T00:00:00+00:00
[2023-07-04T15:09:47.356+0000] {processor.py:179} INFO - Processing /opt/airflow/dags/update_post_exposure.py took 7.002 seconds
[2023-07-04T15:10:23.686+0000] {processor.py:157} INFO - Started process (PID=849) to work on /opt/airflow/dags/update_post_exposure.py
[2023-07-04T15:10:23.966+0000] {processor.py:826} INFO - Processing file /opt/airflow/dags/update_post_exposure.py for tasks to queue
[2023-07-04T15:10:24.124+0000] {logging_mixin.py:149} INFO - [2023-07-04T15:10:24.048+0000] {dagbag.py:541} INFO - Filling up the DagBag from /opt/airflow/dags/update_post_exposure.py
[2023-07-04T15:10:28.729+0000] {processor.py:836} INFO - DAG(s) dict_keys(['update_post_exposure']) retrieved from /opt/airflow/dags/update_post_exposure.py
[2023-07-04T15:10:35.892+0000] {logging_mixin.py:149} INFO - [2023-07-04T15:10:35.889+0000] {dag.py:2726} INFO - Sync 1 DAGs
[2023-07-04T15:10:44.523+0000] {logging_mixin.py:149} INFO - [2023-07-04T15:10:44.518+0000] {dag.py:3490} INFO - Setting next_dagrun for update_post_exposure to 2023-07-03T00:00:00+00:00, run_after=2023-07-04T00:00:00+00:00
[2023-07-04T15:10:48.369+0000] {processor.py:179} INFO - Processing /opt/airflow/dags/update_post_exposure.py took 25.871 seconds
[2023-07-04T15:11:30.899+0000] {processor.py:157} INFO - Started process (PID=865) to work on /opt/airflow/dags/update_post_exposure.py
[2023-07-04T15:11:30.971+0000] {processor.py:826} INFO - Processing file /opt/airflow/dags/update_post_exposure.py for tasks to queue
[2023-07-04T15:11:31.178+0000] {logging_mixin.py:149} INFO - [2023-07-04T15:11:31.058+0000] {dagbag.py:541} INFO - Filling up the DagBag from /opt/airflow/dags/update_post_exposure.py
[2023-07-04T15:11:36.662+0000] {processor.py:836} INFO - DAG(s) dict_keys(['update_post_exposure']) retrieved from /opt/airflow/dags/update_post_exposure.py
[2023-07-04T15:11:45.822+0000] {logging_mixin.py:149} INFO - [2023-07-04T15:11:45.746+0000] {dag.py:2726} INFO - Sync 1 DAGs
[2023-07-04T15:11:49.884+0000] {logging_mixin.py:149} INFO - [2023-07-04T15:11:49.883+0000] {dag.py:3490} INFO - Setting next_dagrun for update_post_exposure to 2023-07-03T00:00:00+00:00, run_after=2023-07-04T00:00:00+00:00
[2023-07-04T15:11:50.923+0000] {processor.py:179} INFO - Processing /opt/airflow/dags/update_post_exposure.py took 21.134 seconds
[2023-07-04T15:12:23.919+0000] {processor.py:157} INFO - Started process (PID=881) to work on /opt/airflow/dags/update_post_exposure.py
[2023-07-04T15:12:24.039+0000] {processor.py:826} INFO - Processing file /opt/airflow/dags/update_post_exposure.py for tasks to queue
[2023-07-04T15:12:24.098+0000] {logging_mixin.py:149} INFO - [2023-07-04T15:12:24.097+0000] {dagbag.py:541} INFO - Filling up the DagBag from /opt/airflow/dags/update_post_exposure.py
[2023-07-04T15:12:26.013+0000] {processor.py:836} INFO - DAG(s) dict_keys(['update_post_exposure']) retrieved from /opt/airflow/dags/update_post_exposure.py
[2023-07-04T15:12:28.359+0000] {logging_mixin.py:149} INFO - [2023-07-04T15:12:28.072+0000] {dag.py:2726} INFO - Sync 1 DAGs
[2023-07-04T15:12:29.923+0000] {logging_mixin.py:149} INFO - [2023-07-04T15:12:29.921+0000] {dag.py:3490} INFO - Setting next_dagrun for update_post_exposure to 2023-07-03T00:00:00+00:00, run_after=2023-07-04T00:00:00+00:00
[2023-07-04T15:12:30.868+0000] {processor.py:179} INFO - Processing /opt/airflow/dags/update_post_exposure.py took 7.213 seconds
[2023-07-04T15:13:05.050+0000] {processor.py:157} INFO - Started process (PID=892) to work on /opt/airflow/dags/update_post_exposure.py
[2023-07-04T15:13:05.111+0000] {processor.py:826} INFO - Processing file /opt/airflow/dags/update_post_exposure.py for tasks to queue
[2023-07-04T15:13:05.339+0000] {logging_mixin.py:149} INFO - [2023-07-04T15:13:05.286+0000] {dagbag.py:541} INFO - Filling up the DagBag from /opt/airflow/dags/update_post_exposure.py
[2023-07-04T15:13:09.972+0000] {processor.py:836} INFO - DAG(s) dict_keys(['update_post_exposure']) retrieved from /opt/airflow/dags/update_post_exposure.py
[2023-07-04T15:13:25.572+0000] {logging_mixin.py:149} INFO - [2023-07-04T15:13:25.439+0000] {dag.py:2726} INFO - Sync 1 DAGs
[2023-07-04T15:13:42.404+0000] {logging_mixin.py:149} INFO - [2023-07-04T15:13:42.402+0000] {dag.py:3490} INFO - Setting next_dagrun for update_post_exposure to 2023-07-03T00:00:00+00:00, run_after=2023-07-04T00:00:00+00:00
[2023-07-04T15:13:49.735+0000] {processor.py:179} INFO - Processing /opt/airflow/dags/update_post_exposure.py took 45.445 seconds
[2023-07-04T15:14:31.876+0000] {processor.py:157} INFO - Started process (PID=908) to work on /opt/airflow/dags/update_post_exposure.py
[2023-07-04T15:14:32.008+0000] {processor.py:826} INFO - Processing file /opt/airflow/dags/update_post_exposure.py for tasks to queue
[2023-07-04T15:14:32.020+0000] {logging_mixin.py:149} INFO - [2023-07-04T15:14:32.019+0000] {dagbag.py:541} INFO - Filling up the DagBag from /opt/airflow/dags/update_post_exposure.py
[2023-07-04T15:14:35.249+0000] {processor.py:836} INFO - DAG(s) dict_keys(['update_post_exposure']) retrieved from /opt/airflow/dags/update_post_exposure.py
[2023-07-04T15:14:37.055+0000] {logging_mixin.py:149} INFO - [2023-07-04T15:14:37.000+0000] {dag.py:2726} INFO - Sync 1 DAGs
[2023-07-04T15:14:39.174+0000] {logging_mixin.py:149} INFO - [2023-07-04T15:14:39.173+0000] {dag.py:3490} INFO - Setting next_dagrun for update_post_exposure to 2023-07-03T00:00:00+00:00, run_after=2023-07-04T00:00:00+00:00
[2023-07-04T15:14:40.610+0000] {processor.py:179} INFO - Processing /opt/airflow/dags/update_post_exposure.py took 10.992 seconds
[2023-07-04T15:15:15.958+0000] {processor.py:157} INFO - Started process (PID=920) to work on /opt/airflow/dags/update_post_exposure.py
[2023-07-04T15:15:16.060+0000] {processor.py:826} INFO - Processing file /opt/airflow/dags/update_post_exposure.py for tasks to queue
[2023-07-04T15:15:16.152+0000] {logging_mixin.py:149} INFO - [2023-07-04T15:15:16.151+0000] {dagbag.py:541} INFO - Filling up the DagBag from /opt/airflow/dags/update_post_exposure.py
[2023-07-04T15:15:17.379+0000] {processor.py:836} INFO - DAG(s) dict_keys(['update_post_exposure']) retrieved from /opt/airflow/dags/update_post_exposure.py
[2023-07-04T15:15:22.208+0000] {logging_mixin.py:149} INFO - [2023-07-04T15:15:22.205+0000] {dag.py:2726} INFO - Sync 1 DAGs
[2023-07-04T15:15:35.079+0000] {logging_mixin.py:149} INFO - [2023-07-04T15:15:35.075+0000] {dag.py:3490} INFO - Setting next_dagrun for update_post_exposure to 2023-07-03T00:00:00+00:00, run_after=2023-07-04T00:00:00+00:00
[2023-07-04T15:15:40.440+0000] {processor.py:179} INFO - Processing /opt/airflow/dags/update_post_exposure.py took 24.807 seconds
[2023-07-04T15:16:25.199+0000] {processor.py:157} INFO - Started process (PID=938) to work on /opt/airflow/dags/update_post_exposure.py
[2023-07-04T15:16:25.251+0000] {processor.py:826} INFO - Processing file /opt/airflow/dags/update_post_exposure.py for tasks to queue
[2023-07-04T15:16:25.381+0000] {logging_mixin.py:149} INFO - [2023-07-04T15:16:25.378+0000] {dagbag.py:541} INFO - Filling up the DagBag from /opt/airflow/dags/update_post_exposure.py
[2023-07-04T15:16:30.958+0000] {processor.py:836} INFO - DAG(s) dict_keys(['update_post_exposure']) retrieved from /opt/airflow/dags/update_post_exposure.py
[2023-07-04T15:16:36.874+0000] {logging_mixin.py:149} INFO - [2023-07-04T15:16:36.873+0000] {dag.py:2726} INFO - Sync 1 DAGs
[2023-07-04T15:16:47.602+0000] {logging_mixin.py:149} INFO - [2023-07-04T15:16:47.600+0000] {dag.py:3490} INFO - Setting next_dagrun for update_post_exposure to 2023-07-03T00:00:00+00:00, run_after=2023-07-04T00:00:00+00:00
[2023-07-04T15:16:52.827+0000] {processor.py:179} INFO - Processing /opt/airflow/dags/update_post_exposure.py took 29.505 seconds
[2023-07-04T15:17:27.055+0000] {processor.py:157} INFO - Started process (PID=955) to work on /opt/airflow/dags/update_post_exposure.py
[2023-07-04T15:17:27.161+0000] {processor.py:826} INFO - Processing file /opt/airflow/dags/update_post_exposure.py for tasks to queue
[2023-07-04T15:17:27.246+0000] {logging_mixin.py:149} INFO - [2023-07-04T15:17:27.244+0000] {dagbag.py:541} INFO - Filling up the DagBag from /opt/airflow/dags/update_post_exposure.py
[2023-07-04T15:17:28.814+0000] {processor.py:836} INFO - DAG(s) dict_keys(['update_post_exposure']) retrieved from /opt/airflow/dags/update_post_exposure.py
[2023-07-04T15:17:29.950+0000] {logging_mixin.py:149} INFO - [2023-07-04T15:17:29.930+0000] {dag.py:2726} INFO - Sync 1 DAGs
[2023-07-04T15:17:31.749+0000] {logging_mixin.py:149} INFO - [2023-07-04T15:17:31.748+0000] {dag.py:3490} INFO - Setting next_dagrun for update_post_exposure to 2023-07-03T00:00:00+00:00, run_after=2023-07-04T00:00:00+00:00
[2023-07-04T15:17:32.685+0000] {processor.py:179} INFO - Processing /opt/airflow/dags/update_post_exposure.py took 6.397 seconds
[2023-07-04T15:18:07.375+0000] {processor.py:157} INFO - Started process (PID=967) to work on /opt/airflow/dags/update_post_exposure.py
[2023-07-04T15:18:08.364+0000] {processor.py:826} INFO - Processing file /opt/airflow/dags/update_post_exposure.py for tasks to queue
[2023-07-04T15:18:08.547+0000] {logging_mixin.py:149} INFO - [2023-07-04T15:18:08.545+0000] {dagbag.py:541} INFO - Filling up the DagBag from /opt/airflow/dags/update_post_exposure.py
[2023-07-04T15:18:35.178+0000] {processor.py:836} INFO - DAG(s) dict_keys(['update_post_exposure']) retrieved from /opt/airflow/dags/update_post_exposure.py
[2023-07-04T15:18:48.922+0000] {logging_mixin.py:149} INFO - [2023-07-04T15:18:48.921+0000] {dag.py:2726} INFO - Sync 1 DAGs
[2023-07-04T15:19:31.623+0000] {processor.py:157} INFO - Started process (PID=986) to work on /opt/airflow/dags/update_post_exposure.py
[2023-07-04T15:19:31.734+0000] {processor.py:826} INFO - Processing file /opt/airflow/dags/update_post_exposure.py for tasks to queue
[2023-07-04T15:19:31.841+0000] {logging_mixin.py:149} INFO - [2023-07-04T15:19:31.798+0000] {dagbag.py:541} INFO - Filling up the DagBag from /opt/airflow/dags/update_post_exposure.py
[2023-07-04T15:19:39.003+0000] {processor.py:836} INFO - DAG(s) dict_keys(['update_post_exposure']) retrieved from /opt/airflow/dags/update_post_exposure.py
[2023-07-04T15:19:52.287+0000] {logging_mixin.py:149} INFO - [2023-07-04T15:19:52.286+0000] {dag.py:2726} INFO - Sync 1 DAGs
[2023-07-04T15:19:54.646+0000] {logging_mixin.py:149} INFO - [2023-07-04T15:19:54.645+0000] {dag.py:3490} INFO - Setting next_dagrun for update_post_exposure to 2023-07-03T00:00:00+00:00, run_after=2023-07-04T00:00:00+00:00
[2023-07-04T15:19:55.719+0000] {processor.py:179} INFO - Processing /opt/airflow/dags/update_post_exposure.py took 25.042 seconds
[2023-07-04T15:20:30.214+0000] {processor.py:157} INFO - Started process (PID=996) to work on /opt/airflow/dags/update_post_exposure.py
[2023-07-04T15:20:30.432+0000] {processor.py:826} INFO - Processing file /opt/airflow/dags/update_post_exposure.py for tasks to queue
[2023-07-04T15:20:30.684+0000] {logging_mixin.py:149} INFO - [2023-07-04T15:20:30.680+0000] {dagbag.py:541} INFO - Filling up the DagBag from /opt/airflow/dags/update_post_exposure.py
[2023-07-04T15:20:36.688+0000] {processor.py:836} INFO - DAG(s) dict_keys(['update_post_exposure']) retrieved from /opt/airflow/dags/update_post_exposure.py
[2023-07-04T15:20:45.201+0000] {logging_mixin.py:149} INFO - [2023-07-04T15:20:45.177+0000] {dag.py:2726} INFO - Sync 1 DAGs
[2023-07-04T15:20:49.698+0000] {logging_mixin.py:149} INFO - [2023-07-04T15:20:49.695+0000] {dag.py:3490} INFO - Setting next_dagrun for update_post_exposure to 2023-07-03T00:00:00+00:00, run_after=2023-07-04T00:00:00+00:00
[2023-07-04T15:20:53.113+0000] {processor.py:179} INFO - Processing /opt/airflow/dags/update_post_exposure.py took 23.517 seconds
[2023-07-04T15:21:37.673+0000] {processor.py:157} INFO - Started process (PID=1016) to work on /opt/airflow/dags/update_post_exposure.py
[2023-07-04T15:21:37.894+0000] {processor.py:826} INFO - Processing file /opt/airflow/dags/update_post_exposure.py for tasks to queue
[2023-07-04T15:21:38.081+0000] {logging_mixin.py:149} INFO - [2023-07-04T15:21:38.079+0000] {dagbag.py:541} INFO - Filling up the DagBag from /opt/airflow/dags/update_post_exposure.py
[2023-07-04T15:21:45.694+0000] {processor.py:836} INFO - DAG(s) dict_keys(['update_post_exposure']) retrieved from /opt/airflow/dags/update_post_exposure.py
[2023-07-04T15:21:55.523+0000] {logging_mixin.py:149} INFO - [2023-07-04T15:21:55.521+0000] {dag.py:2726} INFO - Sync 1 DAGs
[2023-07-04T15:22:08.134+0000] {logging_mixin.py:149} INFO - [2023-07-04T15:22:07.633+0000] {dag.py:3490} INFO - Setting next_dagrun for update_post_exposure to 2023-07-03T00:00:00+00:00, run_after=2023-07-04T00:00:00+00:00
[2023-07-04T15:22:20.886+0000] {processor.py:179} INFO - Processing /opt/airflow/dags/update_post_exposure.py took 44.427 seconds
[2023-07-04T15:22:57.579+0000] {processor.py:157} INFO - Started process (PID=1032) to work on /opt/airflow/dags/update_post_exposure.py
[2023-07-04T15:22:58.162+0000] {processor.py:826} INFO - Processing file /opt/airflow/dags/update_post_exposure.py for tasks to queue
[2023-07-04T15:22:58.389+0000] {logging_mixin.py:149} INFO - [2023-07-04T15:22:58.294+0000] {dagbag.py:541} INFO - Filling up the DagBag from /opt/airflow/dags/update_post_exposure.py
[2023-07-04T15:23:02.049+0000] {processor.py:836} INFO - DAG(s) dict_keys(['update_post_exposure']) retrieved from /opt/airflow/dags/update_post_exposure.py
[2023-07-04T15:23:20.697+0000] {logging_mixin.py:149} INFO - [2023-07-04T15:23:20.693+0000] {dag.py:2726} INFO - Sync 1 DAGs
[2023-07-04T15:23:24.195+0000] {logging_mixin.py:149} INFO - [2023-07-04T15:23:24.191+0000] {dag.py:3490} INFO - Setting next_dagrun for update_post_exposure to 2023-07-03T00:00:00+00:00, run_after=2023-07-04T00:00:00+00:00
[2023-07-04T15:23:25.499+0000] {processor.py:179} INFO - Processing /opt/airflow/dags/update_post_exposure.py took 29.787 seconds
[2023-07-04T15:24:01.179+0000] {processor.py:157} INFO - Started process (PID=1049) to work on /opt/airflow/dags/update_post_exposure.py
[2023-07-04T15:24:01.263+0000] {processor.py:826} INFO - Processing file /opt/airflow/dags/update_post_exposure.py for tasks to queue
[2023-07-04T15:24:01.296+0000] {logging_mixin.py:149} INFO - [2023-07-04T15:24:01.293+0000] {dagbag.py:541} INFO - Filling up the DagBag from /opt/airflow/dags/update_post_exposure.py
[2023-07-04T15:24:06.160+0000] {processor.py:836} INFO - DAG(s) dict_keys(['update_post_exposure']) retrieved from /opt/airflow/dags/update_post_exposure.py
[2023-07-04T15:24:16.199+0000] {logging_mixin.py:149} INFO - [2023-07-04T15:24:16.197+0000] {dag.py:2726} INFO - Sync 1 DAGs
[2023-07-04T15:24:47.670+0000] {logging_mixin.py:149} INFO - [2023-07-04T15:24:47.652+0000] {dag.py:3490} INFO - Setting next_dagrun for update_post_exposure to 2023-07-03T00:00:00+00:00, run_after=2023-07-04T00:00:00+00:00
[2023-07-04T15:25:18.754+0000] {processor.py:157} INFO - Started process (PID=1065) to work on /opt/airflow/dags/update_post_exposure.py
[2023-07-04T15:25:18.789+0000] {processor.py:826} INFO - Processing file /opt/airflow/dags/update_post_exposure.py for tasks to queue
[2023-07-04T15:25:18.813+0000] {logging_mixin.py:149} INFO - [2023-07-04T15:25:18.811+0000] {dagbag.py:541} INFO - Filling up the DagBag from /opt/airflow/dags/update_post_exposure.py
[2023-07-04T15:25:19.184+0000] {processor.py:836} INFO - DAG(s) dict_keys(['update_post_exposure']) retrieved from /opt/airflow/dags/update_post_exposure.py
[2023-07-04T15:25:20.361+0000] {logging_mixin.py:149} INFO - [2023-07-04T15:25:20.326+0000] {dag.py:2726} INFO - Sync 1 DAGs
[2023-07-04T15:25:21.159+0000] {logging_mixin.py:149} INFO - [2023-07-04T15:25:21.158+0000] {dag.py:3490} INFO - Setting next_dagrun for update_post_exposure to 2023-07-03T00:00:00+00:00, run_after=2023-07-04T00:00:00+00:00
[2023-07-04T15:25:21.715+0000] {processor.py:179} INFO - Processing /opt/airflow/dags/update_post_exposure.py took 3.005 seconds
[2023-07-04T15:26:19.893+0000] {processor.py:157} INFO - Started process (PID=1075) to work on /opt/airflow/dags/update_post_exposure.py
[2023-07-04T15:26:20.833+0000] {processor.py:826} INFO - Processing file /opt/airflow/dags/update_post_exposure.py for tasks to queue
[2023-07-04T15:26:21.742+0000] {logging_mixin.py:149} INFO - [2023-07-04T15:26:21.740+0000] {dagbag.py:541} INFO - Filling up the DagBag from /opt/airflow/dags/update_post_exposure.py
[2023-07-04T15:26:25.169+0000] {processor.py:836} INFO - DAG(s) dict_keys(['update_post_exposure']) retrieved from /opt/airflow/dags/update_post_exposure.py
[2023-07-04T15:26:31.034+0000] {logging_mixin.py:149} INFO - [2023-07-04T15:26:31.032+0000] {dag.py:2726} INFO - Sync 1 DAGs
[2023-07-04T15:26:51.512+0000] {logging_mixin.py:149} INFO - [2023-07-04T15:26:51.509+0000] {dag.py:3490} INFO - Setting next_dagrun for update_post_exposure to 2023-07-03T00:00:00+00:00, run_after=2023-07-04T00:00:00+00:00
[2023-07-04T15:27:01.762+0000] {processor.py:179} INFO - Processing /opt/airflow/dags/update_post_exposure.py took 43.467 seconds
[2023-07-04T15:28:13.301+0000] {processor.py:157} INFO - Started process (PID=1093) to work on /opt/airflow/dags/update_post_exposure.py
[2023-07-04T15:28:13.360+0000] {processor.py:826} INFO - Processing file /opt/airflow/dags/update_post_exposure.py for tasks to queue
[2023-07-04T15:28:13.397+0000] {logging_mixin.py:149} INFO - [2023-07-04T15:28:13.395+0000] {dagbag.py:541} INFO - Filling up the DagBag from /opt/airflow/dags/update_post_exposure.py
[2023-07-04T15:28:13.905+0000] {processor.py:836} INFO - DAG(s) dict_keys(['update_post_exposure']) retrieved from /opt/airflow/dags/update_post_exposure.py
[2023-07-04T15:28:14.321+0000] {logging_mixin.py:149} INFO - [2023-07-04T15:28:14.320+0000] {dag.py:2726} INFO - Sync 1 DAGs
[2023-07-04T15:28:14.702+0000] {logging_mixin.py:149} INFO - [2023-07-04T15:28:14.692+0000] {dag.py:3490} INFO - Setting next_dagrun for update_post_exposure to 2023-07-03T00:00:00+00:00, run_after=2023-07-04T00:00:00+00:00
[2023-07-04T15:28:15.029+0000] {processor.py:179} INFO - Processing /opt/airflow/dags/update_post_exposure.py took 1.981 seconds
[2023-07-04T15:29:32.484+0000] {processor.py:157} INFO - Started process (PID=1109) to work on /opt/airflow/dags/update_post_exposure.py
[2023-07-04T15:29:32.608+0000] {processor.py:826} INFO - Processing file /opt/airflow/dags/update_post_exposure.py for tasks to queue
[2023-07-04T15:29:33.356+0000] {logging_mixin.py:149} INFO - [2023-07-04T15:29:33.326+0000] {dagbag.py:541} INFO - Filling up the DagBag from /opt/airflow/dags/update_post_exposure.py
[2023-07-04T15:29:37.132+0000] {processor.py:836} INFO - DAG(s) dict_keys(['update_post_exposure']) retrieved from /opt/airflow/dags/update_post_exposure.py
[2023-07-04T15:29:42.972+0000] {logging_mixin.py:149} INFO - [2023-07-04T15:29:42.970+0000] {dag.py:2726} INFO - Sync 1 DAGs
[2023-07-04T15:29:49.369+0000] {logging_mixin.py:149} INFO - [2023-07-04T15:29:49.366+0000] {dag.py:3490} INFO - Setting next_dagrun for update_post_exposure to 2023-07-03T00:00:00+00:00, run_after=2023-07-04T00:00:00+00:00
[2023-07-04T15:29:51.883+0000] {processor.py:179} INFO - Processing /opt/airflow/dags/update_post_exposure.py took 21.590 seconds
[2023-07-04T15:30:25.082+0000] {processor.py:157} INFO - Started process (PID=1119) to work on /opt/airflow/dags/update_post_exposure.py
[2023-07-04T15:30:25.262+0000] {processor.py:826} INFO - Processing file /opt/airflow/dags/update_post_exposure.py for tasks to queue
[2023-07-04T15:30:25.287+0000] {logging_mixin.py:149} INFO - [2023-07-04T15:30:25.286+0000] {dagbag.py:541} INFO - Filling up the DagBag from /opt/airflow/dags/update_post_exposure.py
[2023-07-04T15:30:27.249+0000] {processor.py:836} INFO - DAG(s) dict_keys(['update_post_exposure']) retrieved from /opt/airflow/dags/update_post_exposure.py
[2023-07-04T15:30:30.593+0000] {logging_mixin.py:149} INFO - [2023-07-04T15:30:30.575+0000] {dag.py:2726} INFO - Sync 1 DAGs
[2023-07-04T15:30:32.092+0000] {logging_mixin.py:149} INFO - [2023-07-04T15:30:32.091+0000] {dag.py:3490} INFO - Setting next_dagrun for update_post_exposure to 2023-07-03T00:00:00+00:00, run_after=2023-07-04T00:00:00+00:00
[2023-07-04T15:30:33.408+0000] {processor.py:179} INFO - Processing /opt/airflow/dags/update_post_exposure.py took 8.819 seconds
[2023-07-04T15:32:13.249+0000] {processor.py:157} INFO - Started process (PID=1143) to work on /opt/airflow/dags/update_post_exposure.py
[2023-07-04T15:32:18.855+0000] {processor.py:826} INFO - Processing file /opt/airflow/dags/update_post_exposure.py for tasks to queue
[2023-07-04T15:32:22.747+0000] {logging_mixin.py:149} INFO - [2023-07-04T15:32:20.293+0000] {dagbag.py:541} INFO - Filling up the DagBag from /opt/airflow/dags/update_post_exposure.py
[2023-07-04T15:32:34.605+0000] {processor.py:836} INFO - DAG(s) dict_keys(['update_post_exposure']) retrieved from /opt/airflow/dags/update_post_exposure.py
[2023-07-04T15:32:39.246+0000] {logging_mixin.py:149} INFO - [2023-07-04T15:32:39.244+0000] {dag.py:2726} INFO - Sync 1 DAGs
[2023-07-04T15:33:16.143+0000] {processor.py:157} INFO - Started process (PID=1155) to work on /opt/airflow/dags/update_post_exposure.py
[2023-07-04T15:33:16.254+0000] {processor.py:826} INFO - Processing file /opt/airflow/dags/update_post_exposure.py for tasks to queue
[2023-07-04T15:33:16.291+0000] {logging_mixin.py:149} INFO - [2023-07-04T15:33:16.288+0000] {dagbag.py:541} INFO - Filling up the DagBag from /opt/airflow/dags/update_post_exposure.py
[2023-07-04T15:33:18.181+0000] {processor.py:836} INFO - DAG(s) dict_keys(['update_post_exposure']) retrieved from /opt/airflow/dags/update_post_exposure.py
[2023-07-04T15:33:21.350+0000] {logging_mixin.py:149} INFO - [2023-07-04T15:33:21.349+0000] {dag.py:2726} INFO - Sync 1 DAGs
[2023-07-04T15:33:24.472+0000] {logging_mixin.py:149} INFO - [2023-07-04T15:33:24.470+0000] {dag.py:3490} INFO - Setting next_dagrun for update_post_exposure to 2023-07-03T00:00:00+00:00, run_after=2023-07-04T00:00:00+00:00
[2023-07-04T15:33:31.304+0000] {processor.py:179} INFO - Processing /opt/airflow/dags/update_post_exposure.py took 15.635 seconds
[2023-07-04T15:34:06.850+0000] {processor.py:157} INFO - Started process (PID=1166) to work on /opt/airflow/dags/update_post_exposure.py
[2023-07-04T15:34:06.915+0000] {processor.py:826} INFO - Processing file /opt/airflow/dags/update_post_exposure.py for tasks to queue
[2023-07-04T15:34:06.974+0000] {logging_mixin.py:149} INFO - [2023-07-04T15:34:06.972+0000] {dagbag.py:541} INFO - Filling up the DagBag from /opt/airflow/dags/update_post_exposure.py
[2023-07-04T15:34:09.566+0000] {processor.py:836} INFO - DAG(s) dict_keys(['update_post_exposure']) retrieved from /opt/airflow/dags/update_post_exposure.py
[2023-07-04T15:34:28.476+0000] {logging_mixin.py:149} INFO - [2023-07-04T15:34:28.429+0000] {dag.py:2726} INFO - Sync 1 DAGs
[2023-07-04T15:34:51.797+0000] {logging_mixin.py:149} INFO - [2023-07-04T15:34:51.775+0000] {dag.py:3490} INFO - Setting next_dagrun for update_post_exposure to 2023-07-03T00:00:00+00:00, run_after=2023-07-04T00:00:00+00:00
[2023-07-04T15:35:26.561+0000] {processor.py:157} INFO - Started process (PID=1183) to work on /opt/airflow/dags/update_post_exposure.py
[2023-07-04T15:35:26.597+0000] {processor.py:826} INFO - Processing file /opt/airflow/dags/update_post_exposure.py for tasks to queue
[2023-07-04T15:35:26.633+0000] {logging_mixin.py:149} INFO - [2023-07-04T15:35:26.632+0000] {dagbag.py:541} INFO - Filling up the DagBag from /opt/airflow/dags/update_post_exposure.py
[2023-07-04T15:35:27.046+0000] {processor.py:836} INFO - DAG(s) dict_keys(['update_post_exposure']) retrieved from /opt/airflow/dags/update_post_exposure.py
[2023-07-04T15:35:28.408+0000] {logging_mixin.py:149} INFO - [2023-07-04T15:35:28.407+0000] {dag.py:2726} INFO - Sync 1 DAGs
[2023-07-04T15:35:30.083+0000] {logging_mixin.py:149} INFO - [2023-07-04T15:35:30.080+0000] {dag.py:3490} INFO - Setting next_dagrun for update_post_exposure to 2023-07-03T00:00:00+00:00, run_after=2023-07-04T00:00:00+00:00
[2023-07-04T15:35:31.402+0000] {processor.py:179} INFO - Processing /opt/airflow/dags/update_post_exposure.py took 5.014 seconds
[2023-07-04T15:36:33.867+0000] {processor.py:157} INFO - Started process (PID=1201) to work on /opt/airflow/dags/update_post_exposure.py
[2023-07-04T15:36:34.382+0000] {processor.py:826} INFO - Processing file /opt/airflow/dags/update_post_exposure.py for tasks to queue
[2023-07-04T15:36:34.539+0000] {logging_mixin.py:149} INFO - [2023-07-04T15:36:34.534+0000] {dagbag.py:541} INFO - Filling up the DagBag from /opt/airflow/dags/update_post_exposure.py
[2023-07-04T15:36:37.558+0000] {processor.py:836} INFO - DAG(s) dict_keys(['update_post_exposure']) retrieved from /opt/airflow/dags/update_post_exposure.py
[2023-07-04T15:36:44.667+0000] {logging_mixin.py:149} INFO - [2023-07-04T15:36:44.645+0000] {dag.py:2726} INFO - Sync 1 DAGs
[2023-07-04T15:36:52.303+0000] {logging_mixin.py:149} INFO - [2023-07-04T15:36:52.300+0000] {dag.py:3490} INFO - Setting next_dagrun for update_post_exposure to 2023-07-03T00:00:00+00:00, run_after=2023-07-04T00:00:00+00:00
[2023-07-04T15:37:01.320+0000] {processor.py:179} INFO - Processing /opt/airflow/dags/update_post_exposure.py took 28.416 seconds
[2023-07-04T15:37:55.219+0000] {processor.py:157} INFO - Started process (PID=1219) to work on /opt/airflow/dags/update_post_exposure.py
[2023-07-04T15:37:55.240+0000] {processor.py:826} INFO - Processing file /opt/airflow/dags/update_post_exposure.py for tasks to queue
[2023-07-04T15:37:55.303+0000] {logging_mixin.py:149} INFO - [2023-07-04T15:37:55.302+0000] {dagbag.py:541} INFO - Filling up the DagBag from /opt/airflow/dags/update_post_exposure.py
[2023-07-04T15:37:57.443+0000] {processor.py:836} INFO - DAG(s) dict_keys(['update_post_exposure']) retrieved from /opt/airflow/dags/update_post_exposure.py
[2023-07-04T15:37:59.638+0000] {logging_mixin.py:149} INFO - [2023-07-04T15:37:59.637+0000] {dag.py:2726} INFO - Sync 1 DAGs
[2023-07-04T15:38:02.251+0000] {logging_mixin.py:149} INFO - [2023-07-04T15:38:02.250+0000] {dag.py:3490} INFO - Setting next_dagrun for update_post_exposure to 2023-07-03T00:00:00+00:00, run_after=2023-07-04T00:00:00+00:00
[2023-07-04T15:38:03.127+0000] {processor.py:179} INFO - Processing /opt/airflow/dags/update_post_exposure.py took 8.321 seconds
[2023-07-04T15:38:52.110+0000] {processor.py:157} INFO - Started process (PID=1230) to work on /opt/airflow/dags/update_post_exposure.py
[2023-07-04T15:38:52.286+0000] {processor.py:826} INFO - Processing file /opt/airflow/dags/update_post_exposure.py for tasks to queue
[2023-07-04T15:38:53.178+0000] {logging_mixin.py:149} INFO - [2023-07-04T15:38:52.421+0000] {dagbag.py:541} INFO - Filling up the DagBag from /opt/airflow/dags/update_post_exposure.py
[2023-07-04T15:39:10.416+0000] {processor.py:836} INFO - DAG(s) dict_keys(['update_post_exposure']) retrieved from /opt/airflow/dags/update_post_exposure.py
