[2023-06-27T03:06:10.771+0000] {taskinstance.py:1103} INFO - Dependencies all met for dep_context=non-requeueable deps ti=<TaskInstance: search_posts.get_posts manual__2023-06-27T03:06:03.041622+00:00 [queued]>
[2023-06-27T03:06:10.807+0000] {taskinstance.py:1103} INFO - Dependencies all met for dep_context=requeueable deps ti=<TaskInstance: search_posts.get_posts manual__2023-06-27T03:06:03.041622+00:00 [queued]>
[2023-06-27T03:06:10.808+0000] {taskinstance.py:1308} INFO - Starting attempt 1 of 1
[2023-06-27T03:06:10.848+0000] {taskinstance.py:1327} INFO - Executing <Task(PythonOperator): get_posts> on 2023-06-27 03:06:03.041622+00:00
[2023-06-27T03:06:10.860+0000] {standard_task_runner.py:57} INFO - Started process 1683 to run task
[2023-06-27T03:06:10.877+0000] {standard_task_runner.py:84} INFO - Running: ['***', 'tasks', 'run', 'search_posts', 'get_posts', 'manual__2023-06-27T03:06:03.041622+00:00', '--job-id', '95', '--raw', '--subdir', 'DAGS_FOLDER/search_posts.py', '--cfg-path', '/tmp/tmpylyvh_kh']
[2023-06-27T03:06:10.883+0000] {standard_task_runner.py:85} INFO - Job 95: Subtask get_posts
[2023-06-27T03:06:11.014+0000] {task_command.py:410} INFO - Running <TaskInstance: search_posts.get_posts manual__2023-06-27T03:06:03.041622+00:00 [running]> on host 414be138234a
[2023-06-27T03:06:11.411+0000] {taskinstance.py:1547} INFO - Exporting env vars: AIRFLOW_CTX_DAG_OWNER='***' AIRFLOW_CTX_DAG_ID='search_posts' AIRFLOW_CTX_TASK_ID='get_posts' AIRFLOW_CTX_EXECUTION_DATE='2023-06-27T03:06:03.041622+00:00' AIRFLOW_CTX_TRY_NUMBER='1' AIRFLOW_CTX_DAG_RUN_ID='manual__2023-06-27T03:06:03.041622+00:00'
[2023-06-27T03:06:12.939+0000] {logging_mixin.py:149} INFO - <Response [200]>
[2023-06-27T03:06:12.982+0000] {logging_mixin.py:149} INFO - searching alcohol...
[2023-06-27T03:06:25.125+0000] {logging_mixin.py:149} INFO - searching drinks...
[2023-06-27T03:06:33.188+0000] {logging_mixin.py:149} INFO - searching cocktails...
[2023-06-27T03:06:41.445+0000] {logging_mixin.py:149} INFO - searching beer...
[2023-06-27T03:06:49.955+0000] {logging_mixin.py:149} INFO - searching wine...
[2023-06-27T03:06:57.335+0000] {logging_mixin.py:149} INFO - searching liquor...
[2023-06-27T03:07:04.264+0000] {logging_mixin.py:149} INFO - searching spirits...
[2023-06-27T03:07:11.479+0000] {logging_mixin.py:149} INFO - searching happyhour...
[2023-06-27T03:07:15.172+0000] {logging_mixin.py:149} INFO - searching mixology...
[2023-06-27T03:07:22.040+0000] {logging_mixin.py:149} INFO - searching bartender...
[2023-06-27T03:07:28.673+0000] {logging_mixin.py:149} INFO - searching craftbeer...
[2023-06-27T03:07:33.385+0000] {logging_mixin.py:149} INFO - searching winelover...
[2023-06-27T03:07:37.204+0000] {logging_mixin.py:149} INFO - searching drinkstagram...
[2023-06-27T03:07:38.274+0000] {logging_mixin.py:149} INFO - searching whiskey...
[2023-06-27T03:07:45.598+0000] {logging_mixin.py:149} INFO - searching vodka...
[2023-06-27T03:07:52.282+0000] {logging_mixin.py:149} INFO - searching gin...
[2023-06-27T03:07:59.213+0000] {logging_mixin.py:149} INFO - searching rum...
[2023-06-27T03:08:05.405+0000] {logging_mixin.py:149} INFO - searching tequila...
[2023-06-27T03:08:13.325+0000] {logging_mixin.py:149} INFO - searching drinking...
[2023-06-27T03:08:21.085+0000] {logging_mixin.py:149} INFO - searching drinkresponsibly...
[2023-06-27T03:08:22.135+0000] {logging_mixin.py:149} INFO - 
    raw_reddit_posts.shape: (4157, 16)
    
[2023-06-27T03:08:22.185+0000] {logging_mixin.py:149} INFO -                     created   created_utc  ... search_term                topic
0 2023-06-06 10:58:50-05:00  1.686067e+09  ...     alcohol  alcoholic_beverages
1 2023-06-14 11:27:31-05:00  1.686760e+09  ...     alcohol  alcoholic_beverages
2 2023-05-23 09:16:55-05:00  1.684851e+09  ...     alcohol  alcoholic_beverages
3 2023-06-24 19:20:46-05:00  1.687652e+09  ...     alcohol  alcoholic_beverages
4 2023-06-17 18:15:42-05:00  1.687044e+09  ...     alcohol  alcoholic_beverages

[5 rows x 16 columns]
[2023-06-27T03:08:22.190+0000] {python.py:183} INFO - Done. Returned value was:                        created  ...                topic
0    2023-06-06 10:58:50-05:00  ...  alcoholic_beverages
1    2023-06-14 11:27:31-05:00  ...  alcoholic_beverages
2    2023-05-23 09:16:55-05:00  ...  alcoholic_beverages
3    2023-06-24 19:20:46-05:00  ...  alcoholic_beverages
4    2023-06-17 18:15:42-05:00  ...  alcoholic_beverages
...                        ...  ...                  ...
4152 2022-12-28 15:30:44-06:00  ...  alcoholic_beverages
4153 2021-03-27 12:33:25-05:00  ...  alcoholic_beverages
4154 2021-05-05 15:12:35-05:00  ...  alcoholic_beverages
4155 2019-08-02 14:52:47-05:00  ...  alcoholic_beverages
4156 2023-04-15 23:03:35-05:00  ...  alcoholic_beverages

[4157 rows x 16 columns]
[2023-06-27T03:08:22.682+0000] {taskinstance.py:1350} INFO - Marking task as SUCCESS. dag_id=search_posts, task_id=get_posts, execution_date=20230627T030603, start_date=20230627T030610, end_date=20230627T030822
[2023-06-27T03:08:22.811+0000] {local_task_job_runner.py:225} INFO - Task exited with return code 0
[2023-06-27T03:08:22.881+0000] {taskinstance.py:2653} INFO - 0 downstream tasks scheduled from follow-on schedule check
