[2023-07-10T15:21:09.218+0000] {processor.py:157} INFO - Started process (PID=43) to work on /opt/airflow/dags/my_dag.py
[2023-07-10T15:21:09.228+0000] {processor.py:826} INFO - Processing file /opt/airflow/dags/my_dag.py for tasks to queue
[2023-07-10T15:21:09.291+0000] {logging_mixin.py:149} INFO - [2023-07-10T15:21:09.290+0000] {dagbag.py:541} INFO - Filling up the DagBag from /opt/airflow/dags/my_dag.py
[2023-07-10T15:21:09.567+0000] {processor.py:836} INFO - DAG(s) dict_keys(['my_dag']) retrieved from /opt/airflow/dags/my_dag.py
[2023-07-10T15:21:11.554+0000] {logging_mixin.py:149} INFO - [2023-07-10T15:21:11.554+0000] {dag.py:2726} INFO - Sync 1 DAGs
[2023-07-10T15:21:11.913+0000] {logging_mixin.py:149} INFO - [2023-07-10T15:21:11.912+0000] {dag.py:3490} INFO - Setting next_dagrun for my_dag to 2023-07-09T00:00:00+00:00, run_after=2023-07-10T00:00:00+00:00
[2023-07-10T15:21:12.128+0000] {processor.py:179} INFO - Processing /opt/airflow/dags/my_dag.py took 3.018 seconds
[2023-07-10T15:21:42.642+0000] {processor.py:157} INFO - Started process (PID=53) to work on /opt/airflow/dags/my_dag.py
[2023-07-10T15:21:42.647+0000] {processor.py:826} INFO - Processing file /opt/airflow/dags/my_dag.py for tasks to queue
[2023-07-10T15:21:42.672+0000] {logging_mixin.py:149} INFO - [2023-07-10T15:21:42.671+0000] {dagbag.py:541} INFO - Filling up the DagBag from /opt/airflow/dags/my_dag.py
[2023-07-10T15:21:42.815+0000] {processor.py:836} INFO - DAG(s) dict_keys(['my_dag']) retrieved from /opt/airflow/dags/my_dag.py
[2023-07-10T15:21:42.992+0000] {logging_mixin.py:149} INFO - [2023-07-10T15:21:42.988+0000] {dag.py:2726} INFO - Sync 1 DAGs
[2023-07-10T15:21:43.149+0000] {logging_mixin.py:149} INFO - [2023-07-10T15:21:43.149+0000] {dag.py:3490} INFO - Setting next_dagrun for my_dag to 2023-07-10T00:00:00+00:00, run_after=2023-07-11T00:00:00+00:00
[2023-07-10T15:21:43.326+0000] {processor.py:179} INFO - Processing /opt/airflow/dags/my_dag.py took 0.707 seconds
[2023-07-10T15:22:14.330+0000] {processor.py:157} INFO - Started process (PID=62) to work on /opt/airflow/dags/my_dag.py
[2023-07-10T15:22:14.361+0000] {processor.py:826} INFO - Processing file /opt/airflow/dags/my_dag.py for tasks to queue
[2023-07-10T15:22:14.506+0000] {logging_mixin.py:149} INFO - [2023-07-10T15:22:14.504+0000] {dagbag.py:541} INFO - Filling up the DagBag from /opt/airflow/dags/my_dag.py
[2023-07-10T15:22:15.307+0000] {processor.py:836} INFO - DAG(s) dict_keys(['my_dag']) retrieved from /opt/airflow/dags/my_dag.py
[2023-07-10T15:22:15.935+0000] {logging_mixin.py:149} INFO - [2023-07-10T15:22:15.913+0000] {dag.py:2726} INFO - Sync 1 DAGs
[2023-07-10T15:22:16.896+0000] {logging_mixin.py:149} INFO - [2023-07-10T15:22:16.889+0000] {dag.py:3490} INFO - Setting next_dagrun for my_dag to 2023-07-10T00:00:00+00:00, run_after=2023-07-11T00:00:00+00:00
[2023-07-10T15:22:17.317+0000] {processor.py:179} INFO - Processing /opt/airflow/dags/my_dag.py took 3.184 seconds
[2023-07-10T15:22:48.154+0000] {processor.py:157} INFO - Started process (PID=72) to work on /opt/airflow/dags/my_dag.py
[2023-07-10T15:22:48.170+0000] {processor.py:826} INFO - Processing file /opt/airflow/dags/my_dag.py for tasks to queue
[2023-07-10T15:22:48.216+0000] {logging_mixin.py:149} INFO - [2023-07-10T15:22:48.215+0000] {dagbag.py:541} INFO - Filling up the DagBag from /opt/airflow/dags/my_dag.py
[2023-07-10T15:22:48.610+0000] {processor.py:836} INFO - DAG(s) dict_keys(['my_dag']) retrieved from /opt/airflow/dags/my_dag.py
[2023-07-10T15:22:49.438+0000] {logging_mixin.py:149} INFO - [2023-07-10T15:22:49.438+0000] {dag.py:2726} INFO - Sync 1 DAGs
[2023-07-10T15:22:49.926+0000] {logging_mixin.py:149} INFO - [2023-07-10T15:22:49.925+0000] {dag.py:3490} INFO - Setting next_dagrun for my_dag to 2023-07-10T00:00:00+00:00, run_after=2023-07-11T00:00:00+00:00
[2023-07-10T15:22:50.240+0000] {processor.py:179} INFO - Processing /opt/airflow/dags/my_dag.py took 2.238 seconds
[2023-07-10T15:23:20.918+0000] {processor.py:157} INFO - Started process (PID=83) to work on /opt/airflow/dags/my_dag.py
[2023-07-10T15:23:20.926+0000] {processor.py:826} INFO - Processing file /opt/airflow/dags/my_dag.py for tasks to queue
[2023-07-10T15:23:20.955+0000] {logging_mixin.py:149} INFO - [2023-07-10T15:23:20.954+0000] {dagbag.py:541} INFO - Filling up the DagBag from /opt/airflow/dags/my_dag.py
[2023-07-10T15:23:21.506+0000] {processor.py:836} INFO - DAG(s) dict_keys(['my_dag']) retrieved from /opt/airflow/dags/my_dag.py
[2023-07-10T15:23:22.327+0000] {logging_mixin.py:149} INFO - [2023-07-10T15:23:22.326+0000] {dag.py:2726} INFO - Sync 1 DAGs
[2023-07-10T15:23:22.835+0000] {logging_mixin.py:149} INFO - [2023-07-10T15:23:22.834+0000] {dag.py:3490} INFO - Setting next_dagrun for my_dag to 2023-07-10T00:00:00+00:00, run_after=2023-07-11T00:00:00+00:00
[2023-07-10T15:23:23.096+0000] {processor.py:179} INFO - Processing /opt/airflow/dags/my_dag.py took 2.216 seconds
[2023-07-10T15:23:54.275+0000] {processor.py:157} INFO - Started process (PID=93) to work on /opt/airflow/dags/my_dag.py
[2023-07-10T15:23:54.282+0000] {processor.py:826} INFO - Processing file /opt/airflow/dags/my_dag.py for tasks to queue
[2023-07-10T15:23:54.295+0000] {logging_mixin.py:149} INFO - [2023-07-10T15:23:54.294+0000] {dagbag.py:541} INFO - Filling up the DagBag from /opt/airflow/dags/my_dag.py
[2023-07-10T15:23:54.565+0000] {processor.py:836} INFO - DAG(s) dict_keys(['my_dag']) retrieved from /opt/airflow/dags/my_dag.py
[2023-07-10T15:23:58.008+0000] {logging_mixin.py:149} INFO - [2023-07-10T15:23:58.007+0000] {dag.py:2726} INFO - Sync 1 DAGs
[2023-07-10T15:23:59.144+0000] {logging_mixin.py:149} INFO - [2023-07-10T15:23:59.144+0000] {dag.py:3490} INFO - Setting next_dagrun for my_dag to 2023-07-10T00:00:00+00:00, run_after=2023-07-11T00:00:00+00:00
[2023-07-10T15:23:59.629+0000] {processor.py:179} INFO - Processing /opt/airflow/dags/my_dag.py took 5.369 seconds
[2023-07-10T15:24:30.197+0000] {processor.py:157} INFO - Started process (PID=103) to work on /opt/airflow/dags/my_dag.py
[2023-07-10T15:24:30.216+0000] {processor.py:826} INFO - Processing file /opt/airflow/dags/my_dag.py for tasks to queue
[2023-07-10T15:24:30.263+0000] {logging_mixin.py:149} INFO - [2023-07-10T15:24:30.262+0000] {dagbag.py:541} INFO - Filling up the DagBag from /opt/airflow/dags/my_dag.py
[2023-07-10T15:24:30.778+0000] {processor.py:836} INFO - DAG(s) dict_keys(['my_dag']) retrieved from /opt/airflow/dags/my_dag.py
[2023-07-10T15:24:32.689+0000] {logging_mixin.py:149} INFO - [2023-07-10T15:24:32.689+0000] {dag.py:2726} INFO - Sync 1 DAGs
[2023-07-10T15:24:33.586+0000] {logging_mixin.py:149} INFO - [2023-07-10T15:24:33.585+0000] {dag.py:3490} INFO - Setting next_dagrun for my_dag to 2023-07-10T00:00:00+00:00, run_after=2023-07-11T00:00:00+00:00
[2023-07-10T15:24:33.786+0000] {processor.py:179} INFO - Processing /opt/airflow/dags/my_dag.py took 3.635 seconds
[2023-07-10T15:25:04.692+0000] {processor.py:157} INFO - Started process (PID=120) to work on /opt/airflow/dags/my_dag.py
[2023-07-10T15:25:04.737+0000] {processor.py:826} INFO - Processing file /opt/airflow/dags/my_dag.py for tasks to queue
[2023-07-10T15:25:05.009+0000] {logging_mixin.py:149} INFO - [2023-07-10T15:25:05.009+0000] {dagbag.py:541} INFO - Filling up the DagBag from /opt/airflow/dags/my_dag.py
[2023-07-10T15:25:05.524+0000] {processor.py:836} INFO - DAG(s) dict_keys(['my_dag']) retrieved from /opt/airflow/dags/my_dag.py
[2023-07-10T15:25:08.466+0000] {logging_mixin.py:149} INFO - [2023-07-10T15:25:08.466+0000] {dag.py:2726} INFO - Sync 1 DAGs
[2023-07-10T15:25:09.969+0000] {logging_mixin.py:149} INFO - [2023-07-10T15:25:09.969+0000] {dag.py:3490} INFO - Setting next_dagrun for my_dag to 2023-07-10T00:00:00+00:00, run_after=2023-07-11T00:00:00+00:00
[2023-07-10T15:25:10.306+0000] {processor.py:179} INFO - Processing /opt/airflow/dags/my_dag.py took 5.828 seconds
[2023-07-10T15:25:40.571+0000] {processor.py:157} INFO - Started process (PID=129) to work on /opt/airflow/dags/my_dag.py
[2023-07-10T15:25:40.580+0000] {processor.py:826} INFO - Processing file /opt/airflow/dags/my_dag.py for tasks to queue
[2023-07-10T15:25:40.605+0000] {logging_mixin.py:149} INFO - [2023-07-10T15:25:40.604+0000] {dagbag.py:541} INFO - Filling up the DagBag from /opt/airflow/dags/my_dag.py
[2023-07-10T15:25:40.721+0000] {processor.py:836} INFO - DAG(s) dict_keys(['my_dag']) retrieved from /opt/airflow/dags/my_dag.py
[2023-07-10T15:25:40.872+0000] {logging_mixin.py:149} INFO - [2023-07-10T15:25:40.871+0000] {dag.py:2726} INFO - Sync 1 DAGs
[2023-07-10T15:25:40.957+0000] {logging_mixin.py:149} INFO - [2023-07-10T15:25:40.957+0000] {dag.py:3490} INFO - Setting next_dagrun for my_dag to 2023-07-10T00:00:00+00:00, run_after=2023-07-11T00:00:00+00:00
[2023-07-10T15:25:41.036+0000] {processor.py:179} INFO - Processing /opt/airflow/dags/my_dag.py took 0.486 seconds
[2023-07-10T15:26:11.227+0000] {processor.py:157} INFO - Started process (PID=139) to work on /opt/airflow/dags/my_dag.py
[2023-07-10T15:26:11.231+0000] {processor.py:826} INFO - Processing file /opt/airflow/dags/my_dag.py for tasks to queue
[2023-07-10T15:26:11.237+0000] {logging_mixin.py:149} INFO - [2023-07-10T15:26:11.237+0000] {dagbag.py:541} INFO - Filling up the DagBag from /opt/airflow/dags/my_dag.py
[2023-07-10T15:26:11.276+0000] {processor.py:836} INFO - DAG(s) dict_keys(['my_dag']) retrieved from /opt/airflow/dags/my_dag.py
[2023-07-10T15:26:11.332+0000] {logging_mixin.py:149} INFO - [2023-07-10T15:26:11.332+0000] {dag.py:2726} INFO - Sync 1 DAGs
[2023-07-10T15:26:11.392+0000] {logging_mixin.py:149} INFO - [2023-07-10T15:26:11.392+0000] {dag.py:3490} INFO - Setting next_dagrun for my_dag to 2023-07-10T00:00:00+00:00, run_after=2023-07-11T00:00:00+00:00
[2023-07-10T15:26:11.457+0000] {processor.py:179} INFO - Processing /opt/airflow/dags/my_dag.py took 0.237 seconds
[2023-07-10T15:26:41.767+0000] {processor.py:157} INFO - Started process (PID=149) to work on /opt/airflow/dags/my_dag.py
[2023-07-10T15:26:41.771+0000] {processor.py:826} INFO - Processing file /opt/airflow/dags/my_dag.py for tasks to queue
[2023-07-10T15:26:41.778+0000] {logging_mixin.py:149} INFO - [2023-07-10T15:26:41.778+0000] {dagbag.py:541} INFO - Filling up the DagBag from /opt/airflow/dags/my_dag.py
[2023-07-10T15:26:41.834+0000] {processor.py:836} INFO - DAG(s) dict_keys(['my_dag']) retrieved from /opt/airflow/dags/my_dag.py
[2023-07-10T15:26:41.924+0000] {logging_mixin.py:149} INFO - [2023-07-10T15:26:41.924+0000] {dag.py:2726} INFO - Sync 1 DAGs
[2023-07-10T15:26:41.977+0000] {logging_mixin.py:149} INFO - [2023-07-10T15:26:41.976+0000] {dag.py:3490} INFO - Setting next_dagrun for my_dag to 2023-07-10T00:00:00+00:00, run_after=2023-07-11T00:00:00+00:00
[2023-07-10T15:26:42.015+0000] {processor.py:179} INFO - Processing /opt/airflow/dags/my_dag.py took 0.257 seconds
[2023-07-10T15:27:12.685+0000] {processor.py:157} INFO - Started process (PID=159) to work on /opt/airflow/dags/my_dag.py
[2023-07-10T15:27:12.689+0000] {processor.py:826} INFO - Processing file /opt/airflow/dags/my_dag.py for tasks to queue
[2023-07-10T15:27:12.696+0000] {logging_mixin.py:149} INFO - [2023-07-10T15:27:12.695+0000] {dagbag.py:541} INFO - Filling up the DagBag from /opt/airflow/dags/my_dag.py
[2023-07-10T15:27:12.758+0000] {processor.py:836} INFO - DAG(s) dict_keys(['my_dag']) retrieved from /opt/airflow/dags/my_dag.py
[2023-07-10T15:27:12.841+0000] {logging_mixin.py:149} INFO - [2023-07-10T15:27:12.841+0000] {dag.py:2726} INFO - Sync 1 DAGs
[2023-07-10T15:27:12.922+0000] {logging_mixin.py:149} INFO - [2023-07-10T15:27:12.922+0000] {dag.py:3490} INFO - Setting next_dagrun for my_dag to 2023-07-10T00:00:00+00:00, run_after=2023-07-11T00:00:00+00:00
[2023-07-10T15:27:12.958+0000] {processor.py:179} INFO - Processing /opt/airflow/dags/my_dag.py took 0.281 seconds
[2023-07-10T15:27:43.398+0000] {processor.py:157} INFO - Started process (PID=169) to work on /opt/airflow/dags/my_dag.py
[2023-07-10T15:27:43.401+0000] {processor.py:826} INFO - Processing file /opt/airflow/dags/my_dag.py for tasks to queue
[2023-07-10T15:27:43.409+0000] {logging_mixin.py:149} INFO - [2023-07-10T15:27:43.408+0000] {dagbag.py:541} INFO - Filling up the DagBag from /opt/airflow/dags/my_dag.py
[2023-07-10T15:27:43.472+0000] {processor.py:836} INFO - DAG(s) dict_keys(['my_dag']) retrieved from /opt/airflow/dags/my_dag.py
[2023-07-10T15:27:43.556+0000] {logging_mixin.py:149} INFO - [2023-07-10T15:27:43.556+0000] {dag.py:2726} INFO - Sync 1 DAGs
[2023-07-10T15:27:43.622+0000] {logging_mixin.py:149} INFO - [2023-07-10T15:27:43.622+0000] {dag.py:3490} INFO - Setting next_dagrun for my_dag to 2023-07-10T00:00:00+00:00, run_after=2023-07-11T00:00:00+00:00
[2023-07-10T15:27:43.718+0000] {processor.py:179} INFO - Processing /opt/airflow/dags/my_dag.py took 0.365 seconds
[2023-07-10T15:28:14.084+0000] {processor.py:157} INFO - Started process (PID=179) to work on /opt/airflow/dags/my_dag.py
[2023-07-10T15:28:14.087+0000] {processor.py:826} INFO - Processing file /opt/airflow/dags/my_dag.py for tasks to queue
[2023-07-10T15:28:14.094+0000] {logging_mixin.py:149} INFO - [2023-07-10T15:28:14.094+0000] {dagbag.py:541} INFO - Filling up the DagBag from /opt/airflow/dags/my_dag.py
[2023-07-10T15:28:14.161+0000] {processor.py:836} INFO - DAG(s) dict_keys(['my_dag']) retrieved from /opt/airflow/dags/my_dag.py
[2023-07-10T15:28:14.236+0000] {logging_mixin.py:149} INFO - [2023-07-10T15:28:14.236+0000] {dag.py:2726} INFO - Sync 1 DAGs
[2023-07-10T15:28:14.373+0000] {logging_mixin.py:149} INFO - [2023-07-10T15:28:14.373+0000] {dag.py:3490} INFO - Setting next_dagrun for my_dag to 2023-07-10T00:00:00+00:00, run_after=2023-07-11T00:00:00+00:00
[2023-07-10T15:28:14.489+0000] {processor.py:179} INFO - Processing /opt/airflow/dags/my_dag.py took 0.412 seconds
[2023-07-10T15:28:44.933+0000] {processor.py:157} INFO - Started process (PID=189) to work on /opt/airflow/dags/my_dag.py
[2023-07-10T15:28:44.937+0000] {processor.py:826} INFO - Processing file /opt/airflow/dags/my_dag.py for tasks to queue
[2023-07-10T15:28:44.956+0000] {logging_mixin.py:149} INFO - [2023-07-10T15:28:44.954+0000] {dagbag.py:541} INFO - Filling up the DagBag from /opt/airflow/dags/my_dag.py
[2023-07-10T15:28:45.147+0000] {processor.py:836} INFO - DAG(s) dict_keys(['my_dag']) retrieved from /opt/airflow/dags/my_dag.py
[2023-07-10T15:28:45.448+0000] {logging_mixin.py:149} INFO - [2023-07-10T15:28:45.448+0000] {dag.py:2726} INFO - Sync 1 DAGs
[2023-07-10T15:28:45.565+0000] {logging_mixin.py:149} INFO - [2023-07-10T15:28:45.565+0000] {dag.py:3490} INFO - Setting next_dagrun for my_dag to 2023-07-10T00:00:00+00:00, run_after=2023-07-11T00:00:00+00:00
[2023-07-10T15:28:45.602+0000] {processor.py:179} INFO - Processing /opt/airflow/dags/my_dag.py took 0.699 seconds
[2023-07-10T15:29:15.937+0000] {processor.py:157} INFO - Started process (PID=199) to work on /opt/airflow/dags/my_dag.py
[2023-07-10T15:29:15.940+0000] {processor.py:826} INFO - Processing file /opt/airflow/dags/my_dag.py for tasks to queue
[2023-07-10T15:29:15.946+0000] {logging_mixin.py:149} INFO - [2023-07-10T15:29:15.946+0000] {dagbag.py:541} INFO - Filling up the DagBag from /opt/airflow/dags/my_dag.py
[2023-07-10T15:29:16.013+0000] {processor.py:836} INFO - DAG(s) dict_keys(['my_dag']) retrieved from /opt/airflow/dags/my_dag.py
[2023-07-10T15:29:16.092+0000] {logging_mixin.py:149} INFO - [2023-07-10T15:29:16.091+0000] {dag.py:2726} INFO - Sync 1 DAGs
[2023-07-10T15:29:16.174+0000] {logging_mixin.py:149} INFO - [2023-07-10T15:29:16.173+0000] {dag.py:3490} INFO - Setting next_dagrun for my_dag to 2023-07-10T00:00:00+00:00, run_after=2023-07-11T00:00:00+00:00
[2023-07-10T15:29:16.236+0000] {processor.py:179} INFO - Processing /opt/airflow/dags/my_dag.py took 0.306 seconds
[2023-07-10T15:29:46.752+0000] {processor.py:157} INFO - Started process (PID=209) to work on /opt/airflow/dags/my_dag.py
[2023-07-10T15:29:46.767+0000] {processor.py:826} INFO - Processing file /opt/airflow/dags/my_dag.py for tasks to queue
[2023-07-10T15:29:46.797+0000] {logging_mixin.py:149} INFO - [2023-07-10T15:29:46.797+0000] {dagbag.py:541} INFO - Filling up the DagBag from /opt/airflow/dags/my_dag.py
[2023-07-10T15:29:46.954+0000] {processor.py:836} INFO - DAG(s) dict_keys(['my_dag']) retrieved from /opt/airflow/dags/my_dag.py
[2023-07-10T15:29:47.129+0000] {logging_mixin.py:149} INFO - [2023-07-10T15:29:47.128+0000] {dag.py:2726} INFO - Sync 1 DAGs
[2023-07-10T15:29:47.202+0000] {logging_mixin.py:149} INFO - [2023-07-10T15:29:47.202+0000] {dag.py:3490} INFO - Setting next_dagrun for my_dag to 2023-07-10T00:00:00+00:00, run_after=2023-07-11T00:00:00+00:00
[2023-07-10T15:29:47.259+0000] {processor.py:179} INFO - Processing /opt/airflow/dags/my_dag.py took 0.552 seconds
[2023-07-10T15:30:17.611+0000] {processor.py:157} INFO - Started process (PID=219) to work on /opt/airflow/dags/my_dag.py
[2023-07-10T15:30:17.615+0000] {processor.py:826} INFO - Processing file /opt/airflow/dags/my_dag.py for tasks to queue
[2023-07-10T15:30:17.628+0000] {logging_mixin.py:149} INFO - [2023-07-10T15:30:17.627+0000] {dagbag.py:541} INFO - Filling up the DagBag from /opt/airflow/dags/my_dag.py
[2023-07-10T15:30:17.705+0000] {processor.py:836} INFO - DAG(s) dict_keys(['my_dag']) retrieved from /opt/airflow/dags/my_dag.py
[2023-07-10T15:30:17.835+0000] {logging_mixin.py:149} INFO - [2023-07-10T15:30:17.835+0000] {dag.py:2726} INFO - Sync 1 DAGs
[2023-07-10T15:30:18.001+0000] {logging_mixin.py:149} INFO - [2023-07-10T15:30:18.001+0000] {dag.py:3490} INFO - Setting next_dagrun for my_dag to 2023-07-10T00:00:00+00:00, run_after=2023-07-11T00:00:00+00:00
[2023-07-10T15:30:18.095+0000] {processor.py:179} INFO - Processing /opt/airflow/dags/my_dag.py took 0.504 seconds
[2023-07-10T15:30:48.517+0000] {processor.py:157} INFO - Started process (PID=229) to work on /opt/airflow/dags/my_dag.py
[2023-07-10T15:30:48.526+0000] {processor.py:826} INFO - Processing file /opt/airflow/dags/my_dag.py for tasks to queue
[2023-07-10T15:30:48.537+0000] {logging_mixin.py:149} INFO - [2023-07-10T15:30:48.537+0000] {dagbag.py:541} INFO - Filling up the DagBag from /opt/airflow/dags/my_dag.py
[2023-07-10T15:30:48.604+0000] {processor.py:836} INFO - DAG(s) dict_keys(['my_dag']) retrieved from /opt/airflow/dags/my_dag.py
[2023-07-10T15:30:48.720+0000] {logging_mixin.py:149} INFO - [2023-07-10T15:30:48.719+0000] {dag.py:2726} INFO - Sync 1 DAGs
[2023-07-10T15:30:48.809+0000] {logging_mixin.py:149} INFO - [2023-07-10T15:30:48.809+0000] {dag.py:3490} INFO - Setting next_dagrun for my_dag to 2023-07-10T00:00:00+00:00, run_after=2023-07-11T00:00:00+00:00
[2023-07-10T15:30:48.879+0000] {processor.py:179} INFO - Processing /opt/airflow/dags/my_dag.py took 0.376 seconds
[2023-07-10T15:31:19.286+0000] {processor.py:157} INFO - Started process (PID=239) to work on /opt/airflow/dags/my_dag.py
[2023-07-10T15:31:19.291+0000] {processor.py:826} INFO - Processing file /opt/airflow/dags/my_dag.py for tasks to queue
[2023-07-10T15:31:19.302+0000] {logging_mixin.py:149} INFO - [2023-07-10T15:31:19.301+0000] {dagbag.py:541} INFO - Filling up the DagBag from /opt/airflow/dags/my_dag.py
[2023-07-10T15:31:19.364+0000] {processor.py:836} INFO - DAG(s) dict_keys(['my_dag']) retrieved from /opt/airflow/dags/my_dag.py
[2023-07-10T15:31:19.443+0000] {logging_mixin.py:149} INFO - [2023-07-10T15:31:19.442+0000] {dag.py:2726} INFO - Sync 1 DAGs
[2023-07-10T15:31:19.507+0000] {logging_mixin.py:149} INFO - [2023-07-10T15:31:19.506+0000] {dag.py:3490} INFO - Setting next_dagrun for my_dag to 2023-07-10T00:00:00+00:00, run_after=2023-07-11T00:00:00+00:00
[2023-07-10T15:31:19.548+0000] {processor.py:179} INFO - Processing /opt/airflow/dags/my_dag.py took 0.277 seconds
[2023-07-10T15:31:49.874+0000] {processor.py:157} INFO - Started process (PID=250) to work on /opt/airflow/dags/my_dag.py
[2023-07-10T15:31:49.877+0000] {processor.py:826} INFO - Processing file /opt/airflow/dags/my_dag.py for tasks to queue
[2023-07-10T15:31:49.884+0000] {logging_mixin.py:149} INFO - [2023-07-10T15:31:49.883+0000] {dagbag.py:541} INFO - Filling up the DagBag from /opt/airflow/dags/my_dag.py
[2023-07-10T15:31:49.954+0000] {processor.py:836} INFO - DAG(s) dict_keys(['my_dag']) retrieved from /opt/airflow/dags/my_dag.py
[2023-07-10T15:31:50.039+0000] {logging_mixin.py:149} INFO - [2023-07-10T15:31:50.039+0000] {dag.py:2726} INFO - Sync 1 DAGs
[2023-07-10T15:31:50.117+0000] {logging_mixin.py:149} INFO - [2023-07-10T15:31:50.117+0000] {dag.py:3490} INFO - Setting next_dagrun for my_dag to 2023-07-10T00:00:00+00:00, run_after=2023-07-11T00:00:00+00:00
[2023-07-10T15:31:50.165+0000] {processor.py:179} INFO - Processing /opt/airflow/dags/my_dag.py took 0.299 seconds
[2023-07-10T15:32:20.570+0000] {processor.py:157} INFO - Started process (PID=260) to work on /opt/airflow/dags/my_dag.py
[2023-07-10T15:32:20.575+0000] {processor.py:826} INFO - Processing file /opt/airflow/dags/my_dag.py for tasks to queue
[2023-07-10T15:32:20.586+0000] {logging_mixin.py:149} INFO - [2023-07-10T15:32:20.586+0000] {dagbag.py:541} INFO - Filling up the DagBag from /opt/airflow/dags/my_dag.py
[2023-07-10T15:32:20.646+0000] {processor.py:836} INFO - DAG(s) dict_keys(['my_dag']) retrieved from /opt/airflow/dags/my_dag.py
[2023-07-10T15:32:20.709+0000] {logging_mixin.py:149} INFO - [2023-07-10T15:32:20.709+0000] {dag.py:2726} INFO - Sync 1 DAGs
[2023-07-10T15:32:20.775+0000] {logging_mixin.py:149} INFO - [2023-07-10T15:32:20.775+0000] {dag.py:3490} INFO - Setting next_dagrun for my_dag to 2023-07-10T00:00:00+00:00, run_after=2023-07-11T00:00:00+00:00
[2023-07-10T15:32:20.830+0000] {processor.py:179} INFO - Processing /opt/airflow/dags/my_dag.py took 0.272 seconds
[2023-07-10T15:32:51.250+0000] {processor.py:157} INFO - Started process (PID=270) to work on /opt/airflow/dags/my_dag.py
[2023-07-10T15:32:51.260+0000] {processor.py:826} INFO - Processing file /opt/airflow/dags/my_dag.py for tasks to queue
[2023-07-10T15:32:51.285+0000] {logging_mixin.py:149} INFO - [2023-07-10T15:32:51.284+0000] {dagbag.py:541} INFO - Filling up the DagBag from /opt/airflow/dags/my_dag.py
[2023-07-10T15:32:51.425+0000] {processor.py:836} INFO - DAG(s) dict_keys(['my_dag']) retrieved from /opt/airflow/dags/my_dag.py
[2023-07-10T15:32:51.579+0000] {logging_mixin.py:149} INFO - [2023-07-10T15:32:51.579+0000] {dag.py:2726} INFO - Sync 1 DAGs
[2023-07-10T15:32:51.808+0000] {logging_mixin.py:149} INFO - [2023-07-10T15:32:51.808+0000] {dag.py:3490} INFO - Setting next_dagrun for my_dag to 2023-07-10T00:00:00+00:00, run_after=2023-07-11T00:00:00+00:00
[2023-07-10T15:32:51.897+0000] {processor.py:179} INFO - Processing /opt/airflow/dags/my_dag.py took 0.667 seconds
[2023-07-10T15:33:22.256+0000] {processor.py:157} INFO - Started process (PID=280) to work on /opt/airflow/dags/my_dag.py
[2023-07-10T15:33:22.259+0000] {processor.py:826} INFO - Processing file /opt/airflow/dags/my_dag.py for tasks to queue
[2023-07-10T15:33:22.265+0000] {logging_mixin.py:149} INFO - [2023-07-10T15:33:22.265+0000] {dagbag.py:541} INFO - Filling up the DagBag from /opt/airflow/dags/my_dag.py
[2023-07-10T15:33:22.323+0000] {processor.py:836} INFO - DAG(s) dict_keys(['my_dag']) retrieved from /opt/airflow/dags/my_dag.py
[2023-07-10T15:33:22.409+0000] {logging_mixin.py:149} INFO - [2023-07-10T15:33:22.409+0000] {dag.py:2726} INFO - Sync 1 DAGs
[2023-07-10T15:33:22.469+0000] {logging_mixin.py:149} INFO - [2023-07-10T15:33:22.469+0000] {dag.py:3490} INFO - Setting next_dagrun for my_dag to 2023-07-10T00:00:00+00:00, run_after=2023-07-11T00:00:00+00:00
[2023-07-10T15:33:22.506+0000] {processor.py:179} INFO - Processing /opt/airflow/dags/my_dag.py took 0.280 seconds
[2023-07-10T15:33:52.981+0000] {processor.py:157} INFO - Started process (PID=290) to work on /opt/airflow/dags/my_dag.py
[2023-07-10T15:33:52.984+0000] {processor.py:826} INFO - Processing file /opt/airflow/dags/my_dag.py for tasks to queue
[2023-07-10T15:33:52.991+0000] {logging_mixin.py:149} INFO - [2023-07-10T15:33:52.990+0000] {dagbag.py:541} INFO - Filling up the DagBag from /opt/airflow/dags/my_dag.py
[2023-07-10T15:33:53.037+0000] {processor.py:836} INFO - DAG(s) dict_keys(['my_dag']) retrieved from /opt/airflow/dags/my_dag.py
[2023-07-10T15:33:53.107+0000] {logging_mixin.py:149} INFO - [2023-07-10T15:33:53.106+0000] {dag.py:2726} INFO - Sync 1 DAGs
[2023-07-10T15:33:53.171+0000] {logging_mixin.py:149} INFO - [2023-07-10T15:33:53.171+0000] {dag.py:3490} INFO - Setting next_dagrun for my_dag to 2023-07-10T00:00:00+00:00, run_after=2023-07-11T00:00:00+00:00
[2023-07-10T15:33:53.212+0000] {processor.py:179} INFO - Processing /opt/airflow/dags/my_dag.py took 0.239 seconds
[2023-07-10T15:34:23.682+0000] {processor.py:157} INFO - Started process (PID=300) to work on /opt/airflow/dags/my_dag.py
[2023-07-10T15:34:23.687+0000] {processor.py:826} INFO - Processing file /opt/airflow/dags/my_dag.py for tasks to queue
[2023-07-10T15:34:23.695+0000] {logging_mixin.py:149} INFO - [2023-07-10T15:34:23.695+0000] {dagbag.py:541} INFO - Filling up the DagBag from /opt/airflow/dags/my_dag.py
[2023-07-10T15:34:23.842+0000] {processor.py:836} INFO - DAG(s) dict_keys(['my_dag']) retrieved from /opt/airflow/dags/my_dag.py
[2023-07-10T15:34:23.929+0000] {logging_mixin.py:149} INFO - [2023-07-10T15:34:23.929+0000] {dag.py:2726} INFO - Sync 1 DAGs
[2023-07-10T15:34:24.014+0000] {logging_mixin.py:149} INFO - [2023-07-10T15:34:24.014+0000] {dag.py:3490} INFO - Setting next_dagrun for my_dag to 2023-07-10T00:00:00+00:00, run_after=2023-07-11T00:00:00+00:00
[2023-07-10T15:34:24.098+0000] {processor.py:179} INFO - Processing /opt/airflow/dags/my_dag.py took 0.423 seconds
[2023-07-10T15:34:54.565+0000] {processor.py:157} INFO - Started process (PID=310) to work on /opt/airflow/dags/my_dag.py
[2023-07-10T15:34:54.570+0000] {processor.py:826} INFO - Processing file /opt/airflow/dags/my_dag.py for tasks to queue
[2023-07-10T15:34:54.578+0000] {logging_mixin.py:149} INFO - [2023-07-10T15:34:54.577+0000] {dagbag.py:541} INFO - Filling up the DagBag from /opt/airflow/dags/my_dag.py
[2023-07-10T15:34:54.637+0000] {processor.py:836} INFO - DAG(s) dict_keys(['my_dag']) retrieved from /opt/airflow/dags/my_dag.py
[2023-07-10T15:34:54.711+0000] {logging_mixin.py:149} INFO - [2023-07-10T15:34:54.711+0000] {dag.py:2726} INFO - Sync 1 DAGs
[2023-07-10T15:34:54.814+0000] {logging_mixin.py:149} INFO - [2023-07-10T15:34:54.814+0000] {dag.py:3490} INFO - Setting next_dagrun for my_dag to 2023-07-10T00:00:00+00:00, run_after=2023-07-11T00:00:00+00:00
[2023-07-10T15:34:54.859+0000] {processor.py:179} INFO - Processing /opt/airflow/dags/my_dag.py took 0.312 seconds
[2023-07-10T15:35:25.283+0000] {processor.py:157} INFO - Started process (PID=320) to work on /opt/airflow/dags/my_dag.py
[2023-07-10T15:35:25.285+0000] {processor.py:826} INFO - Processing file /opt/airflow/dags/my_dag.py for tasks to queue
[2023-07-10T15:35:25.292+0000] {logging_mixin.py:149} INFO - [2023-07-10T15:35:25.292+0000] {dagbag.py:541} INFO - Filling up the DagBag from /opt/airflow/dags/my_dag.py
[2023-07-10T15:35:25.335+0000] {processor.py:836} INFO - DAG(s) dict_keys(['my_dag']) retrieved from /opt/airflow/dags/my_dag.py
[2023-07-10T15:35:25.423+0000] {logging_mixin.py:149} INFO - [2023-07-10T15:35:25.422+0000] {dag.py:2726} INFO - Sync 1 DAGs
[2023-07-10T15:35:25.507+0000] {logging_mixin.py:149} INFO - [2023-07-10T15:35:25.507+0000] {dag.py:3490} INFO - Setting next_dagrun for my_dag to 2023-07-10T00:00:00+00:00, run_after=2023-07-11T00:00:00+00:00
[2023-07-10T15:35:25.552+0000] {processor.py:179} INFO - Processing /opt/airflow/dags/my_dag.py took 0.277 seconds
[2023-07-10T15:35:56.032+0000] {processor.py:157} INFO - Started process (PID=330) to work on /opt/airflow/dags/my_dag.py
[2023-07-10T15:35:56.040+0000] {processor.py:826} INFO - Processing file /opt/airflow/dags/my_dag.py for tasks to queue
[2023-07-10T15:35:56.051+0000] {logging_mixin.py:149} INFO - [2023-07-10T15:35:56.051+0000] {dagbag.py:541} INFO - Filling up the DagBag from /opt/airflow/dags/my_dag.py
[2023-07-10T15:35:56.150+0000] {processor.py:836} INFO - DAG(s) dict_keys(['my_dag']) retrieved from /opt/airflow/dags/my_dag.py
[2023-07-10T15:35:56.297+0000] {logging_mixin.py:149} INFO - [2023-07-10T15:35:56.297+0000] {dag.py:2726} INFO - Sync 1 DAGs
[2023-07-10T15:35:56.445+0000] {logging_mixin.py:149} INFO - [2023-07-10T15:35:56.444+0000] {dag.py:3490} INFO - Setting next_dagrun for my_dag to 2023-07-10T00:00:00+00:00, run_after=2023-07-11T00:00:00+00:00
[2023-07-10T15:35:56.528+0000] {processor.py:179} INFO - Processing /opt/airflow/dags/my_dag.py took 0.510 seconds
[2023-07-10T15:36:27.014+0000] {processor.py:157} INFO - Started process (PID=340) to work on /opt/airflow/dags/my_dag.py
[2023-07-10T15:36:27.019+0000] {processor.py:826} INFO - Processing file /opt/airflow/dags/my_dag.py for tasks to queue
[2023-07-10T15:36:27.031+0000] {logging_mixin.py:149} INFO - [2023-07-10T15:36:27.030+0000] {dagbag.py:541} INFO - Filling up the DagBag from /opt/airflow/dags/my_dag.py
[2023-07-10T15:36:27.098+0000] {processor.py:836} INFO - DAG(s) dict_keys(['my_dag']) retrieved from /opt/airflow/dags/my_dag.py
[2023-07-10T15:36:27.194+0000] {logging_mixin.py:149} INFO - [2023-07-10T15:36:27.193+0000] {dag.py:2726} INFO - Sync 1 DAGs
[2023-07-10T15:36:27.279+0000] {logging_mixin.py:149} INFO - [2023-07-10T15:36:27.279+0000] {dag.py:3490} INFO - Setting next_dagrun for my_dag to 2023-07-10T00:00:00+00:00, run_after=2023-07-11T00:00:00+00:00
[2023-07-10T15:36:27.317+0000] {processor.py:179} INFO - Processing /opt/airflow/dags/my_dag.py took 0.321 seconds
[2023-07-10T15:36:57.632+0000] {processor.py:157} INFO - Started process (PID=350) to work on /opt/airflow/dags/my_dag.py
[2023-07-10T15:36:57.636+0000] {processor.py:826} INFO - Processing file /opt/airflow/dags/my_dag.py for tasks to queue
[2023-07-10T15:36:57.643+0000] {logging_mixin.py:149} INFO - [2023-07-10T15:36:57.642+0000] {dagbag.py:541} INFO - Filling up the DagBag from /opt/airflow/dags/my_dag.py
[2023-07-10T15:36:57.721+0000] {processor.py:836} INFO - DAG(s) dict_keys(['my_dag']) retrieved from /opt/airflow/dags/my_dag.py
[2023-07-10T15:36:57.795+0000] {logging_mixin.py:149} INFO - [2023-07-10T15:36:57.795+0000] {dag.py:2726} INFO - Sync 1 DAGs
[2023-07-10T15:36:57.872+0000] {logging_mixin.py:149} INFO - [2023-07-10T15:36:57.872+0000] {dag.py:3490} INFO - Setting next_dagrun for my_dag to 2023-07-10T00:00:00+00:00, run_after=2023-07-11T00:00:00+00:00
[2023-07-10T15:36:57.920+0000] {processor.py:179} INFO - Processing /opt/airflow/dags/my_dag.py took 0.296 seconds
[2023-07-10T15:37:28.325+0000] {processor.py:157} INFO - Started process (PID=360) to work on /opt/airflow/dags/my_dag.py
[2023-07-10T15:37:28.330+0000] {processor.py:826} INFO - Processing file /opt/airflow/dags/my_dag.py for tasks to queue
[2023-07-10T15:37:28.342+0000] {logging_mixin.py:149} INFO - [2023-07-10T15:37:28.341+0000] {dagbag.py:541} INFO - Filling up the DagBag from /opt/airflow/dags/my_dag.py
[2023-07-10T15:37:28.403+0000] {processor.py:836} INFO - DAG(s) dict_keys(['my_dag']) retrieved from /opt/airflow/dags/my_dag.py
[2023-07-10T15:37:28.478+0000] {logging_mixin.py:149} INFO - [2023-07-10T15:37:28.478+0000] {dag.py:2726} INFO - Sync 1 DAGs
[2023-07-10T15:37:28.542+0000] {logging_mixin.py:149} INFO - [2023-07-10T15:37:28.542+0000] {dag.py:3490} INFO - Setting next_dagrun for my_dag to 2023-07-10T00:00:00+00:00, run_after=2023-07-11T00:00:00+00:00
[2023-07-10T15:37:28.581+0000] {processor.py:179} INFO - Processing /opt/airflow/dags/my_dag.py took 0.275 seconds
[2023-07-10T15:37:58.991+0000] {processor.py:157} INFO - Started process (PID=371) to work on /opt/airflow/dags/my_dag.py
[2023-07-10T15:37:58.995+0000] {processor.py:826} INFO - Processing file /opt/airflow/dags/my_dag.py for tasks to queue
[2023-07-10T15:37:59.001+0000] {logging_mixin.py:149} INFO - [2023-07-10T15:37:59.001+0000] {dagbag.py:541} INFO - Filling up the DagBag from /opt/airflow/dags/my_dag.py
[2023-07-10T15:37:59.079+0000] {processor.py:836} INFO - DAG(s) dict_keys(['my_dag']) retrieved from /opt/airflow/dags/my_dag.py
[2023-07-10T15:37:59.152+0000] {logging_mixin.py:149} INFO - [2023-07-10T15:37:59.151+0000] {dag.py:2726} INFO - Sync 1 DAGs
[2023-07-10T15:37:59.304+0000] {logging_mixin.py:149} INFO - [2023-07-10T15:37:59.304+0000] {dag.py:3490} INFO - Setting next_dagrun for my_dag to 2023-07-10T00:00:00+00:00, run_after=2023-07-11T00:00:00+00:00
[2023-07-10T15:37:59.346+0000] {processor.py:179} INFO - Processing /opt/airflow/dags/my_dag.py took 0.363 seconds
[2023-07-10T15:38:29.756+0000] {processor.py:157} INFO - Started process (PID=380) to work on /opt/airflow/dags/my_dag.py
[2023-07-10T15:38:29.761+0000] {processor.py:826} INFO - Processing file /opt/airflow/dags/my_dag.py for tasks to queue
[2023-07-10T15:38:29.768+0000] {logging_mixin.py:149} INFO - [2023-07-10T15:38:29.767+0000] {dagbag.py:541} INFO - Filling up the DagBag from /opt/airflow/dags/my_dag.py
[2023-07-10T15:38:29.826+0000] {processor.py:836} INFO - DAG(s) dict_keys(['my_dag']) retrieved from /opt/airflow/dags/my_dag.py
[2023-07-10T15:38:29.896+0000] {logging_mixin.py:149} INFO - [2023-07-10T15:38:29.896+0000] {dag.py:2726} INFO - Sync 1 DAGs
[2023-07-10T15:38:29.955+0000] {logging_mixin.py:149} INFO - [2023-07-10T15:38:29.955+0000] {dag.py:3490} INFO - Setting next_dagrun for my_dag to 2023-07-10T00:00:00+00:00, run_after=2023-07-11T00:00:00+00:00
[2023-07-10T15:38:30.001+0000] {processor.py:179} INFO - Processing /opt/airflow/dags/my_dag.py took 0.253 seconds
[2023-07-10T15:39:00.606+0000] {processor.py:157} INFO - Started process (PID=390) to work on /opt/airflow/dags/my_dag.py
[2023-07-10T15:39:00.609+0000] {processor.py:826} INFO - Processing file /opt/airflow/dags/my_dag.py for tasks to queue
[2023-07-10T15:39:00.615+0000] {logging_mixin.py:149} INFO - [2023-07-10T15:39:00.615+0000] {dagbag.py:541} INFO - Filling up the DagBag from /opt/airflow/dags/my_dag.py
[2023-07-10T15:39:00.683+0000] {processor.py:836} INFO - DAG(s) dict_keys(['my_dag']) retrieved from /opt/airflow/dags/my_dag.py
[2023-07-10T15:39:00.761+0000] {logging_mixin.py:149} INFO - [2023-07-10T15:39:00.760+0000] {dag.py:2726} INFO - Sync 1 DAGs
[2023-07-10T15:39:00.877+0000] {logging_mixin.py:149} INFO - [2023-07-10T15:39:00.877+0000] {dag.py:3490} INFO - Setting next_dagrun for my_dag to 2023-07-10T00:00:00+00:00, run_after=2023-07-11T00:00:00+00:00
[2023-07-10T15:39:00.915+0000] {processor.py:179} INFO - Processing /opt/airflow/dags/my_dag.py took 0.316 seconds
[2023-07-10T15:39:31.373+0000] {processor.py:157} INFO - Started process (PID=400) to work on /opt/airflow/dags/my_dag.py
[2023-07-10T15:39:31.377+0000] {processor.py:826} INFO - Processing file /opt/airflow/dags/my_dag.py for tasks to queue
[2023-07-10T15:39:31.385+0000] {logging_mixin.py:149} INFO - [2023-07-10T15:39:31.384+0000] {dagbag.py:541} INFO - Filling up the DagBag from /opt/airflow/dags/my_dag.py
[2023-07-10T15:39:31.429+0000] {processor.py:836} INFO - DAG(s) dict_keys(['my_dag']) retrieved from /opt/airflow/dags/my_dag.py
[2023-07-10T15:39:31.531+0000] {logging_mixin.py:149} INFO - [2023-07-10T15:39:31.531+0000] {dag.py:2726} INFO - Sync 1 DAGs
[2023-07-10T15:39:31.605+0000] {logging_mixin.py:149} INFO - [2023-07-10T15:39:31.604+0000] {dag.py:3490} INFO - Setting next_dagrun for my_dag to 2023-07-10T00:00:00+00:00, run_after=2023-07-11T00:00:00+00:00
[2023-07-10T15:39:31.650+0000] {processor.py:179} INFO - Processing /opt/airflow/dags/my_dag.py took 0.286 seconds
[2023-07-10T15:40:02.141+0000] {processor.py:157} INFO - Started process (PID=410) to work on /opt/airflow/dags/my_dag.py
[2023-07-10T15:40:02.144+0000] {processor.py:826} INFO - Processing file /opt/airflow/dags/my_dag.py for tasks to queue
[2023-07-10T15:40:02.150+0000] {logging_mixin.py:149} INFO - [2023-07-10T15:40:02.150+0000] {dagbag.py:541} INFO - Filling up the DagBag from /opt/airflow/dags/my_dag.py
[2023-07-10T15:40:02.216+0000] {processor.py:836} INFO - DAG(s) dict_keys(['my_dag']) retrieved from /opt/airflow/dags/my_dag.py
[2023-07-10T15:40:02.282+0000] {logging_mixin.py:149} INFO - [2023-07-10T15:40:02.282+0000] {dag.py:2726} INFO - Sync 1 DAGs
[2023-07-10T15:40:02.352+0000] {logging_mixin.py:149} INFO - [2023-07-10T15:40:02.351+0000] {dag.py:3490} INFO - Setting next_dagrun for my_dag to 2023-07-10T00:00:00+00:00, run_after=2023-07-11T00:00:00+00:00
[2023-07-10T15:40:02.398+0000] {processor.py:179} INFO - Processing /opt/airflow/dags/my_dag.py took 0.265 seconds
[2023-07-10T15:40:32.865+0000] {processor.py:157} INFO - Started process (PID=421) to work on /opt/airflow/dags/my_dag.py
[2023-07-10T15:40:32.870+0000] {processor.py:826} INFO - Processing file /opt/airflow/dags/my_dag.py for tasks to queue
[2023-07-10T15:40:32.888+0000] {logging_mixin.py:149} INFO - [2023-07-10T15:40:32.887+0000] {dagbag.py:541} INFO - Filling up the DagBag from /opt/airflow/dags/my_dag.py
[2023-07-10T15:40:32.959+0000] {processor.py:836} INFO - DAG(s) dict_keys(['my_dag']) retrieved from /opt/airflow/dags/my_dag.py
[2023-07-10T15:40:33.029+0000] {logging_mixin.py:149} INFO - [2023-07-10T15:40:33.029+0000] {dag.py:2726} INFO - Sync 1 DAGs
[2023-07-10T15:40:33.085+0000] {logging_mixin.py:149} INFO - [2023-07-10T15:40:33.084+0000] {dag.py:3490} INFO - Setting next_dagrun for my_dag to 2023-07-10T00:00:00+00:00, run_after=2023-07-11T00:00:00+00:00
[2023-07-10T15:40:33.122+0000] {processor.py:179} INFO - Processing /opt/airflow/dags/my_dag.py took 0.286 seconds
[2023-07-10T15:41:03.570+0000] {processor.py:157} INFO - Started process (PID=430) to work on /opt/airflow/dags/my_dag.py
[2023-07-10T15:41:03.575+0000] {processor.py:826} INFO - Processing file /opt/airflow/dags/my_dag.py for tasks to queue
[2023-07-10T15:41:03.603+0000] {logging_mixin.py:149} INFO - [2023-07-10T15:41:03.601+0000] {dagbag.py:541} INFO - Filling up the DagBag from /opt/airflow/dags/my_dag.py
[2023-07-10T15:41:03.729+0000] {processor.py:836} INFO - DAG(s) dict_keys(['my_dag']) retrieved from /opt/airflow/dags/my_dag.py
[2023-07-10T15:41:03.903+0000] {logging_mixin.py:149} INFO - [2023-07-10T15:41:03.902+0000] {dag.py:2726} INFO - Sync 1 DAGs
[2023-07-10T15:41:04.050+0000] {logging_mixin.py:149} INFO - [2023-07-10T15:41:04.050+0000] {dag.py:3490} INFO - Setting next_dagrun for my_dag to 2023-07-10T00:00:00+00:00, run_after=2023-07-11T00:00:00+00:00
[2023-07-10T15:41:04.128+0000] {processor.py:179} INFO - Processing /opt/airflow/dags/my_dag.py took 0.579 seconds
[2023-07-10T15:41:34.515+0000] {processor.py:157} INFO - Started process (PID=440) to work on /opt/airflow/dags/my_dag.py
[2023-07-10T15:41:34.518+0000] {processor.py:826} INFO - Processing file /opt/airflow/dags/my_dag.py for tasks to queue
[2023-07-10T15:41:34.525+0000] {logging_mixin.py:149} INFO - [2023-07-10T15:41:34.525+0000] {dagbag.py:541} INFO - Filling up the DagBag from /opt/airflow/dags/my_dag.py
[2023-07-10T15:41:34.574+0000] {processor.py:836} INFO - DAG(s) dict_keys(['my_dag']) retrieved from /opt/airflow/dags/my_dag.py
[2023-07-10T15:41:34.645+0000] {logging_mixin.py:149} INFO - [2023-07-10T15:41:34.644+0000] {dag.py:2726} INFO - Sync 1 DAGs
[2023-07-10T15:41:34.710+0000] {logging_mixin.py:149} INFO - [2023-07-10T15:41:34.710+0000] {dag.py:3490} INFO - Setting next_dagrun for my_dag to 2023-07-10T00:00:00+00:00, run_after=2023-07-11T00:00:00+00:00
[2023-07-10T15:41:34.752+0000] {processor.py:179} INFO - Processing /opt/airflow/dags/my_dag.py took 0.245 seconds
[2023-07-10T15:42:05.198+0000] {processor.py:157} INFO - Started process (PID=450) to work on /opt/airflow/dags/my_dag.py
[2023-07-10T15:42:05.202+0000] {processor.py:826} INFO - Processing file /opt/airflow/dags/my_dag.py for tasks to queue
[2023-07-10T15:42:05.211+0000] {logging_mixin.py:149} INFO - [2023-07-10T15:42:05.210+0000] {dagbag.py:541} INFO - Filling up the DagBag from /opt/airflow/dags/my_dag.py
[2023-07-10T15:42:05.259+0000] {processor.py:836} INFO - DAG(s) dict_keys(['my_dag']) retrieved from /opt/airflow/dags/my_dag.py
[2023-07-10T15:42:05.325+0000] {logging_mixin.py:149} INFO - [2023-07-10T15:42:05.325+0000] {dag.py:2726} INFO - Sync 1 DAGs
[2023-07-10T15:42:05.408+0000] {logging_mixin.py:149} INFO - [2023-07-10T15:42:05.407+0000] {dag.py:3490} INFO - Setting next_dagrun for my_dag to 2023-07-10T00:00:00+00:00, run_after=2023-07-11T00:00:00+00:00
[2023-07-10T15:42:05.462+0000] {processor.py:179} INFO - Processing /opt/airflow/dags/my_dag.py took 0.273 seconds
[2023-07-10T15:42:35.872+0000] {processor.py:157} INFO - Started process (PID=459) to work on /opt/airflow/dags/my_dag.py
[2023-07-10T15:42:35.875+0000] {processor.py:826} INFO - Processing file /opt/airflow/dags/my_dag.py for tasks to queue
[2023-07-10T15:42:35.883+0000] {logging_mixin.py:149} INFO - [2023-07-10T15:42:35.882+0000] {dagbag.py:541} INFO - Filling up the DagBag from /opt/airflow/dags/my_dag.py
[2023-07-10T15:42:35.974+0000] {processor.py:836} INFO - DAG(s) dict_keys(['my_dag']) retrieved from /opt/airflow/dags/my_dag.py
[2023-07-10T15:42:36.048+0000] {logging_mixin.py:149} INFO - [2023-07-10T15:42:36.047+0000] {dag.py:2726} INFO - Sync 1 DAGs
[2023-07-10T15:42:36.113+0000] {logging_mixin.py:149} INFO - [2023-07-10T15:42:36.113+0000] {dag.py:3490} INFO - Setting next_dagrun for my_dag to 2023-07-10T00:00:00+00:00, run_after=2023-07-11T00:00:00+00:00
[2023-07-10T15:42:36.157+0000] {processor.py:179} INFO - Processing /opt/airflow/dags/my_dag.py took 0.294 seconds
[2023-07-10T15:43:06.574+0000] {processor.py:157} INFO - Started process (PID=469) to work on /opt/airflow/dags/my_dag.py
[2023-07-10T15:43:06.578+0000] {processor.py:826} INFO - Processing file /opt/airflow/dags/my_dag.py for tasks to queue
[2023-07-10T15:43:06.587+0000] {logging_mixin.py:149} INFO - [2023-07-10T15:43:06.587+0000] {dagbag.py:541} INFO - Filling up the DagBag from /opt/airflow/dags/my_dag.py
[2023-07-10T15:43:06.633+0000] {processor.py:836} INFO - DAG(s) dict_keys(['my_dag']) retrieved from /opt/airflow/dags/my_dag.py
[2023-07-10T15:43:06.710+0000] {logging_mixin.py:149} INFO - [2023-07-10T15:43:06.710+0000] {dag.py:2726} INFO - Sync 1 DAGs
[2023-07-10T15:43:06.778+0000] {logging_mixin.py:149} INFO - [2023-07-10T15:43:06.778+0000] {dag.py:3490} INFO - Setting next_dagrun for my_dag to 2023-07-10T00:00:00+00:00, run_after=2023-07-11T00:00:00+00:00
[2023-07-10T15:43:06.865+0000] {processor.py:179} INFO - Processing /opt/airflow/dags/my_dag.py took 0.302 seconds
[2023-07-10T15:43:37.312+0000] {processor.py:157} INFO - Started process (PID=479) to work on /opt/airflow/dags/my_dag.py
[2023-07-10T15:43:37.315+0000] {processor.py:826} INFO - Processing file /opt/airflow/dags/my_dag.py for tasks to queue
[2023-07-10T15:43:37.322+0000] {logging_mixin.py:149} INFO - [2023-07-10T15:43:37.321+0000] {dagbag.py:541} INFO - Filling up the DagBag from /opt/airflow/dags/my_dag.py
[2023-07-10T15:43:37.368+0000] {processor.py:836} INFO - DAG(s) dict_keys(['my_dag']) retrieved from /opt/airflow/dags/my_dag.py
[2023-07-10T15:43:37.453+0000] {logging_mixin.py:149} INFO - [2023-07-10T15:43:37.453+0000] {dag.py:2726} INFO - Sync 1 DAGs
[2023-07-10T15:43:37.532+0000] {logging_mixin.py:149} INFO - [2023-07-10T15:43:37.531+0000] {dag.py:3490} INFO - Setting next_dagrun for my_dag to 2023-07-10T00:00:00+00:00, run_after=2023-07-11T00:00:00+00:00
[2023-07-10T15:43:37.579+0000] {processor.py:179} INFO - Processing /opt/airflow/dags/my_dag.py took 0.275 seconds
[2023-07-10T15:44:08.024+0000] {processor.py:157} INFO - Started process (PID=489) to work on /opt/airflow/dags/my_dag.py
[2023-07-10T15:44:08.032+0000] {processor.py:826} INFO - Processing file /opt/airflow/dags/my_dag.py for tasks to queue
[2023-07-10T15:44:08.046+0000] {logging_mixin.py:149} INFO - [2023-07-10T15:44:08.045+0000] {dagbag.py:541} INFO - Filling up the DagBag from /opt/airflow/dags/my_dag.py
[2023-07-10T15:44:08.108+0000] {processor.py:836} INFO - DAG(s) dict_keys(['my_dag']) retrieved from /opt/airflow/dags/my_dag.py
[2023-07-10T15:44:08.174+0000] {logging_mixin.py:149} INFO - [2023-07-10T15:44:08.173+0000] {dag.py:2726} INFO - Sync 1 DAGs
[2023-07-10T15:44:08.247+0000] {logging_mixin.py:149} INFO - [2023-07-10T15:44:08.247+0000] {dag.py:3490} INFO - Setting next_dagrun for my_dag to 2023-07-10T00:00:00+00:00, run_after=2023-07-11T00:00:00+00:00
[2023-07-10T15:44:08.303+0000] {processor.py:179} INFO - Processing /opt/airflow/dags/my_dag.py took 0.303 seconds
[2023-07-10T15:44:38.677+0000] {processor.py:157} INFO - Started process (PID=500) to work on /opt/airflow/dags/my_dag.py
[2023-07-10T15:44:38.681+0000] {processor.py:826} INFO - Processing file /opt/airflow/dags/my_dag.py for tasks to queue
[2023-07-10T15:44:38.688+0000] {logging_mixin.py:149} INFO - [2023-07-10T15:44:38.688+0000] {dagbag.py:541} INFO - Filling up the DagBag from /opt/airflow/dags/my_dag.py
[2023-07-10T15:44:38.742+0000] {processor.py:836} INFO - DAG(s) dict_keys(['my_dag']) retrieved from /opt/airflow/dags/my_dag.py
[2023-07-10T15:44:38.815+0000] {logging_mixin.py:149} INFO - [2023-07-10T15:44:38.814+0000] {dag.py:2726} INFO - Sync 1 DAGs
[2023-07-10T15:44:38.873+0000] {logging_mixin.py:149} INFO - [2023-07-10T15:44:38.872+0000] {dag.py:3490} INFO - Setting next_dagrun for my_dag to 2023-07-10T00:00:00+00:00, run_after=2023-07-11T00:00:00+00:00
[2023-07-10T15:44:38.951+0000] {processor.py:179} INFO - Processing /opt/airflow/dags/my_dag.py took 0.282 seconds
[2023-07-10T15:45:09.347+0000] {processor.py:157} INFO - Started process (PID=517) to work on /opt/airflow/dags/my_dag.py
[2023-07-10T15:45:09.377+0000] {processor.py:826} INFO - Processing file /opt/airflow/dags/my_dag.py for tasks to queue
[2023-07-10T15:45:09.409+0000] {logging_mixin.py:149} INFO - [2023-07-10T15:45:09.409+0000] {dagbag.py:541} INFO - Filling up the DagBag from /opt/airflow/dags/my_dag.py
[2023-07-10T15:45:09.513+0000] {processor.py:836} INFO - DAG(s) dict_keys(['my_dag']) retrieved from /opt/airflow/dags/my_dag.py
[2023-07-10T15:45:09.585+0000] {logging_mixin.py:149} INFO - [2023-07-10T15:45:09.584+0000] {dag.py:2726} INFO - Sync 1 DAGs
[2023-07-10T15:45:09.649+0000] {logging_mixin.py:149} INFO - [2023-07-10T15:45:09.648+0000] {dag.py:3490} INFO - Setting next_dagrun for my_dag to 2023-07-10T00:00:00+00:00, run_after=2023-07-11T00:00:00+00:00
[2023-07-10T15:45:09.695+0000] {processor.py:179} INFO - Processing /opt/airflow/dags/my_dag.py took 0.380 seconds
[2023-07-10T15:45:40.104+0000] {processor.py:157} INFO - Started process (PID=527) to work on /opt/airflow/dags/my_dag.py
[2023-07-10T15:45:40.107+0000] {processor.py:826} INFO - Processing file /opt/airflow/dags/my_dag.py for tasks to queue
[2023-07-10T15:45:40.113+0000] {logging_mixin.py:149} INFO - [2023-07-10T15:45:40.113+0000] {dagbag.py:541} INFO - Filling up the DagBag from /opt/airflow/dags/my_dag.py
[2023-07-10T15:45:40.156+0000] {processor.py:836} INFO - DAG(s) dict_keys(['my_dag']) retrieved from /opt/airflow/dags/my_dag.py
[2023-07-10T15:45:40.231+0000] {logging_mixin.py:149} INFO - [2023-07-10T15:45:40.231+0000] {dag.py:2726} INFO - Sync 1 DAGs
[2023-07-10T15:45:40.317+0000] {logging_mixin.py:149} INFO - [2023-07-10T15:45:40.314+0000] {dag.py:3490} INFO - Setting next_dagrun for my_dag to 2023-07-10T00:00:00+00:00, run_after=2023-07-11T00:00:00+00:00
[2023-07-10T15:45:40.503+0000] {processor.py:179} INFO - Processing /opt/airflow/dags/my_dag.py took 0.400 seconds
[2023-07-10T15:46:10.640+0000] {processor.py:157} INFO - Started process (PID=536) to work on /opt/airflow/dags/my_dag.py
[2023-07-10T15:46:10.643+0000] {processor.py:826} INFO - Processing file /opt/airflow/dags/my_dag.py for tasks to queue
[2023-07-10T15:46:10.658+0000] {logging_mixin.py:149} INFO - [2023-07-10T15:46:10.656+0000] {dagbag.py:541} INFO - Filling up the DagBag from /opt/airflow/dags/my_dag.py
[2023-07-10T15:46:10.831+0000] {processor.py:836} INFO - DAG(s) dict_keys(['my_dag']) retrieved from /opt/airflow/dags/my_dag.py
[2023-07-10T15:46:10.926+0000] {logging_mixin.py:149} INFO - [2023-07-10T15:46:10.925+0000] {dag.py:2726} INFO - Sync 1 DAGs
[2023-07-10T15:46:10.984+0000] {logging_mixin.py:149} INFO - [2023-07-10T15:46:10.984+0000] {dag.py:3490} INFO - Setting next_dagrun for my_dag to 2023-07-10T00:00:00+00:00, run_after=2023-07-11T00:00:00+00:00
[2023-07-10T15:46:11.032+0000] {processor.py:179} INFO - Processing /opt/airflow/dags/my_dag.py took 0.403 seconds
[2023-07-10T15:46:41.479+0000] {processor.py:157} INFO - Started process (PID=546) to work on /opt/airflow/dags/my_dag.py
[2023-07-10T15:46:41.483+0000] {processor.py:826} INFO - Processing file /opt/airflow/dags/my_dag.py for tasks to queue
[2023-07-10T15:46:41.498+0000] {logging_mixin.py:149} INFO - [2023-07-10T15:46:41.498+0000] {dagbag.py:541} INFO - Filling up the DagBag from /opt/airflow/dags/my_dag.py
[2023-07-10T15:46:41.606+0000] {processor.py:836} INFO - DAG(s) dict_keys(['my_dag']) retrieved from /opt/airflow/dags/my_dag.py
[2023-07-10T15:46:41.731+0000] {logging_mixin.py:149} INFO - [2023-07-10T15:46:41.731+0000] {dag.py:2726} INFO - Sync 1 DAGs
[2023-07-10T15:46:41.901+0000] {logging_mixin.py:149} INFO - [2023-07-10T15:46:41.901+0000] {dag.py:3490} INFO - Setting next_dagrun for my_dag to 2023-07-10T00:00:00+00:00, run_after=2023-07-11T00:00:00+00:00
[2023-07-10T15:46:41.941+0000] {processor.py:179} INFO - Processing /opt/airflow/dags/my_dag.py took 0.476 seconds
[2023-07-10T15:47:12.446+0000] {processor.py:157} INFO - Started process (PID=556) to work on /opt/airflow/dags/my_dag.py
[2023-07-10T15:47:12.450+0000] {processor.py:826} INFO - Processing file /opt/airflow/dags/my_dag.py for tasks to queue
[2023-07-10T15:47:12.457+0000] {logging_mixin.py:149} INFO - [2023-07-10T15:47:12.457+0000] {dagbag.py:541} INFO - Filling up the DagBag from /opt/airflow/dags/my_dag.py
[2023-07-10T15:47:12.500+0000] {processor.py:836} INFO - DAG(s) dict_keys(['my_dag']) retrieved from /opt/airflow/dags/my_dag.py
[2023-07-10T15:47:12.576+0000] {logging_mixin.py:149} INFO - [2023-07-10T15:47:12.575+0000] {dag.py:2726} INFO - Sync 1 DAGs
[2023-07-10T15:47:12.673+0000] {logging_mixin.py:149} INFO - [2023-07-10T15:47:12.673+0000] {dag.py:3490} INFO - Setting next_dagrun for my_dag to 2023-07-10T00:00:00+00:00, run_after=2023-07-11T00:00:00+00:00
[2023-07-10T15:47:12.715+0000] {processor.py:179} INFO - Processing /opt/airflow/dags/my_dag.py took 0.278 seconds
[2023-07-10T15:47:43.212+0000] {processor.py:157} INFO - Started process (PID=566) to work on /opt/airflow/dags/my_dag.py
[2023-07-10T15:47:43.216+0000] {processor.py:826} INFO - Processing file /opt/airflow/dags/my_dag.py for tasks to queue
[2023-07-10T15:47:43.222+0000] {logging_mixin.py:149} INFO - [2023-07-10T15:47:43.222+0000] {dagbag.py:541} INFO - Filling up the DagBag from /opt/airflow/dags/my_dag.py
[2023-07-10T15:47:43.276+0000] {processor.py:836} INFO - DAG(s) dict_keys(['my_dag']) retrieved from /opt/airflow/dags/my_dag.py
[2023-07-10T15:47:43.355+0000] {logging_mixin.py:149} INFO - [2023-07-10T15:47:43.353+0000] {dag.py:2726} INFO - Sync 1 DAGs
[2023-07-10T15:47:43.427+0000] {logging_mixin.py:149} INFO - [2023-07-10T15:47:43.426+0000] {dag.py:3490} INFO - Setting next_dagrun for my_dag to 2023-07-10T00:00:00+00:00, run_after=2023-07-11T00:00:00+00:00
[2023-07-10T15:47:43.473+0000] {processor.py:179} INFO - Processing /opt/airflow/dags/my_dag.py took 0.270 seconds
[2023-07-10T15:48:13.925+0000] {processor.py:157} INFO - Started process (PID=576) to work on /opt/airflow/dags/my_dag.py
[2023-07-10T15:48:13.930+0000] {processor.py:826} INFO - Processing file /opt/airflow/dags/my_dag.py for tasks to queue
[2023-07-10T15:48:13.944+0000] {logging_mixin.py:149} INFO - [2023-07-10T15:48:13.943+0000] {dagbag.py:541} INFO - Filling up the DagBag from /opt/airflow/dags/my_dag.py
[2023-07-10T15:48:13.988+0000] {processor.py:836} INFO - DAG(s) dict_keys(['my_dag']) retrieved from /opt/airflow/dags/my_dag.py
[2023-07-10T15:48:14.068+0000] {logging_mixin.py:149} INFO - [2023-07-10T15:48:14.068+0000] {dag.py:2726} INFO - Sync 1 DAGs
[2023-07-10T15:48:14.130+0000] {logging_mixin.py:149} INFO - [2023-07-10T15:48:14.130+0000] {dag.py:3490} INFO - Setting next_dagrun for my_dag to 2023-07-10T00:00:00+00:00, run_after=2023-07-11T00:00:00+00:00
[2023-07-10T15:48:14.177+0000] {processor.py:179} INFO - Processing /opt/airflow/dags/my_dag.py took 0.265 seconds
[2023-07-10T15:48:44.584+0000] {processor.py:157} INFO - Started process (PID=586) to work on /opt/airflow/dags/my_dag.py
[2023-07-10T15:48:44.588+0000] {processor.py:826} INFO - Processing file /opt/airflow/dags/my_dag.py for tasks to queue
[2023-07-10T15:48:44.595+0000] {logging_mixin.py:149} INFO - [2023-07-10T15:48:44.595+0000] {dagbag.py:541} INFO - Filling up the DagBag from /opt/airflow/dags/my_dag.py
[2023-07-10T15:48:44.653+0000] {processor.py:836} INFO - DAG(s) dict_keys(['my_dag']) retrieved from /opt/airflow/dags/my_dag.py
[2023-07-10T15:48:44.722+0000] {logging_mixin.py:149} INFO - [2023-07-10T15:48:44.722+0000] {dag.py:2726} INFO - Sync 1 DAGs
[2023-07-10T15:48:44.787+0000] {logging_mixin.py:149} INFO - [2023-07-10T15:48:44.787+0000] {dag.py:3490} INFO - Setting next_dagrun for my_dag to 2023-07-10T00:00:00+00:00, run_after=2023-07-11T00:00:00+00:00
[2023-07-10T15:48:44.830+0000] {processor.py:179} INFO - Processing /opt/airflow/dags/my_dag.py took 0.254 seconds
[2023-07-10T15:49:15.120+0000] {processor.py:157} INFO - Started process (PID=595) to work on /opt/airflow/dags/my_dag.py
[2023-07-10T15:49:15.127+0000] {processor.py:826} INFO - Processing file /opt/airflow/dags/my_dag.py for tasks to queue
[2023-07-10T15:49:15.136+0000] {logging_mixin.py:149} INFO - [2023-07-10T15:49:15.135+0000] {dagbag.py:541} INFO - Filling up the DagBag from /opt/airflow/dags/my_dag.py
[2023-07-10T15:49:15.250+0000] {processor.py:836} INFO - DAG(s) dict_keys(['my_dag']) retrieved from /opt/airflow/dags/my_dag.py
[2023-07-10T15:49:15.373+0000] {logging_mixin.py:149} INFO - [2023-07-10T15:49:15.373+0000] {dag.py:2726} INFO - Sync 1 DAGs
[2023-07-10T15:49:15.524+0000] {logging_mixin.py:149} INFO - [2023-07-10T15:49:15.524+0000] {dag.py:3490} INFO - Setting next_dagrun for my_dag to 2023-07-10T00:00:00+00:00, run_after=2023-07-11T00:00:00+00:00
[2023-07-10T15:49:15.622+0000] {processor.py:179} INFO - Processing /opt/airflow/dags/my_dag.py took 0.509 seconds
[2023-07-10T15:49:46.008+0000] {processor.py:157} INFO - Started process (PID=605) to work on /opt/airflow/dags/my_dag.py
[2023-07-10T15:49:46.012+0000] {processor.py:826} INFO - Processing file /opt/airflow/dags/my_dag.py for tasks to queue
[2023-07-10T15:49:46.027+0000] {logging_mixin.py:149} INFO - [2023-07-10T15:49:46.026+0000] {dagbag.py:541} INFO - Filling up the DagBag from /opt/airflow/dags/my_dag.py
[2023-07-10T15:49:46.077+0000] {processor.py:836} INFO - DAG(s) dict_keys(['my_dag']) retrieved from /opt/airflow/dags/my_dag.py
[2023-07-10T15:49:46.142+0000] {logging_mixin.py:149} INFO - [2023-07-10T15:49:46.142+0000] {dag.py:2726} INFO - Sync 1 DAGs
[2023-07-10T15:49:46.206+0000] {logging_mixin.py:149} INFO - [2023-07-10T15:49:46.205+0000] {dag.py:3490} INFO - Setting next_dagrun for my_dag to 2023-07-10T00:00:00+00:00, run_after=2023-07-11T00:00:00+00:00
[2023-07-10T15:49:46.242+0000] {processor.py:179} INFO - Processing /opt/airflow/dags/my_dag.py took 0.249 seconds
[2023-07-10T15:50:16.719+0000] {processor.py:157} INFO - Started process (PID=615) to work on /opt/airflow/dags/my_dag.py
[2023-07-10T15:50:16.722+0000] {processor.py:826} INFO - Processing file /opt/airflow/dags/my_dag.py for tasks to queue
[2023-07-10T15:50:16.728+0000] {logging_mixin.py:149} INFO - [2023-07-10T15:50:16.728+0000] {dagbag.py:541} INFO - Filling up the DagBag from /opt/airflow/dags/my_dag.py
[2023-07-10T15:50:16.781+0000] {processor.py:836} INFO - DAG(s) dict_keys(['my_dag']) retrieved from /opt/airflow/dags/my_dag.py
[2023-07-10T15:50:17.043+0000] {logging_mixin.py:149} INFO - [2023-07-10T15:50:17.042+0000] {dag.py:2726} INFO - Sync 1 DAGs
[2023-07-10T15:50:17.183+0000] {logging_mixin.py:149} INFO - [2023-07-10T15:50:17.183+0000] {dag.py:3490} INFO - Setting next_dagrun for my_dag to 2023-07-10T00:00:00+00:00, run_after=2023-07-11T00:00:00+00:00
[2023-07-10T15:50:17.222+0000] {processor.py:179} INFO - Processing /opt/airflow/dags/my_dag.py took 0.511 seconds
[2023-07-10T15:50:47.659+0000] {processor.py:157} INFO - Started process (PID=625) to work on /opt/airflow/dags/my_dag.py
[2023-07-10T15:50:47.663+0000] {processor.py:826} INFO - Processing file /opt/airflow/dags/my_dag.py for tasks to queue
[2023-07-10T15:50:47.671+0000] {logging_mixin.py:149} INFO - [2023-07-10T15:50:47.671+0000] {dagbag.py:541} INFO - Filling up the DagBag from /opt/airflow/dags/my_dag.py
[2023-07-10T15:50:47.714+0000] {processor.py:836} INFO - DAG(s) dict_keys(['my_dag']) retrieved from /opt/airflow/dags/my_dag.py
[2023-07-10T15:50:47.788+0000] {logging_mixin.py:149} INFO - [2023-07-10T15:50:47.788+0000] {dag.py:2726} INFO - Sync 1 DAGs
[2023-07-10T15:50:47.856+0000] {logging_mixin.py:149} INFO - [2023-07-10T15:50:47.856+0000] {dag.py:3490} INFO - Setting next_dagrun for my_dag to 2023-07-10T00:00:00+00:00, run_after=2023-07-11T00:00:00+00:00
[2023-07-10T15:50:47.910+0000] {processor.py:179} INFO - Processing /opt/airflow/dags/my_dag.py took 0.258 seconds
[2023-07-10T15:51:18.503+0000] {processor.py:157} INFO - Started process (PID=635) to work on /opt/airflow/dags/my_dag.py
[2023-07-10T15:51:18.509+0000] {processor.py:826} INFO - Processing file /opt/airflow/dags/my_dag.py for tasks to queue
[2023-07-10T15:51:18.523+0000] {logging_mixin.py:149} INFO - [2023-07-10T15:51:18.522+0000] {dagbag.py:541} INFO - Filling up the DagBag from /opt/airflow/dags/my_dag.py
[2023-07-10T15:51:18.588+0000] {processor.py:836} INFO - DAG(s) dict_keys(['my_dag']) retrieved from /opt/airflow/dags/my_dag.py
[2023-07-10T15:51:18.667+0000] {logging_mixin.py:149} INFO - [2023-07-10T15:51:18.667+0000] {dag.py:2726} INFO - Sync 1 DAGs
[2023-07-10T15:51:18.735+0000] {logging_mixin.py:149} INFO - [2023-07-10T15:51:18.734+0000] {dag.py:3490} INFO - Setting next_dagrun for my_dag to 2023-07-10T00:00:00+00:00, run_after=2023-07-11T00:00:00+00:00
[2023-07-10T15:51:18.784+0000] {processor.py:179} INFO - Processing /opt/airflow/dags/my_dag.py took 0.291 seconds
[2023-07-10T15:51:49.167+0000] {processor.py:157} INFO - Started process (PID=645) to work on /opt/airflow/dags/my_dag.py
[2023-07-10T15:51:49.174+0000] {processor.py:826} INFO - Processing file /opt/airflow/dags/my_dag.py for tasks to queue
[2023-07-10T15:51:49.187+0000] {logging_mixin.py:149} INFO - [2023-07-10T15:51:49.186+0000] {dagbag.py:541} INFO - Filling up the DagBag from /opt/airflow/dags/my_dag.py
[2023-07-10T15:51:49.247+0000] {processor.py:836} INFO - DAG(s) dict_keys(['my_dag']) retrieved from /opt/airflow/dags/my_dag.py
[2023-07-10T15:51:49.396+0000] {logging_mixin.py:149} INFO - [2023-07-10T15:51:49.390+0000] {dag.py:2726} INFO - Sync 1 DAGs
[2023-07-10T15:51:49.504+0000] {logging_mixin.py:149} INFO - [2023-07-10T15:51:49.503+0000] {dag.py:3490} INFO - Setting next_dagrun for my_dag to 2023-07-10T00:00:00+00:00, run_after=2023-07-11T00:00:00+00:00
[2023-07-10T15:51:49.546+0000] {processor.py:179} INFO - Processing /opt/airflow/dags/my_dag.py took 0.400 seconds
[2023-07-10T15:52:20.025+0000] {processor.py:157} INFO - Started process (PID=655) to work on /opt/airflow/dags/my_dag.py
[2023-07-10T15:52:20.029+0000] {processor.py:826} INFO - Processing file /opt/airflow/dags/my_dag.py for tasks to queue
[2023-07-10T15:52:20.043+0000] {logging_mixin.py:149} INFO - [2023-07-10T15:52:20.042+0000] {dagbag.py:541} INFO - Filling up the DagBag from /opt/airflow/dags/my_dag.py
[2023-07-10T15:52:20.118+0000] {processor.py:836} INFO - DAG(s) dict_keys(['my_dag']) retrieved from /opt/airflow/dags/my_dag.py
[2023-07-10T15:52:20.225+0000] {logging_mixin.py:149} INFO - [2023-07-10T15:52:20.225+0000] {dag.py:2726} INFO - Sync 1 DAGs
[2023-07-10T15:52:20.294+0000] {logging_mixin.py:149} INFO - [2023-07-10T15:52:20.293+0000] {dag.py:3490} INFO - Setting next_dagrun for my_dag to 2023-07-10T00:00:00+00:00, run_after=2023-07-11T00:00:00+00:00
[2023-07-10T15:52:20.343+0000] {processor.py:179} INFO - Processing /opt/airflow/dags/my_dag.py took 0.334 seconds
[2023-07-10T15:52:50.687+0000] {processor.py:157} INFO - Started process (PID=665) to work on /opt/airflow/dags/my_dag.py
[2023-07-10T15:52:50.691+0000] {processor.py:826} INFO - Processing file /opt/airflow/dags/my_dag.py for tasks to queue
[2023-07-10T15:52:50.703+0000] {logging_mixin.py:149} INFO - [2023-07-10T15:52:50.702+0000] {dagbag.py:541} INFO - Filling up the DagBag from /opt/airflow/dags/my_dag.py
[2023-07-10T15:52:50.775+0000] {processor.py:836} INFO - DAG(s) dict_keys(['my_dag']) retrieved from /opt/airflow/dags/my_dag.py
[2023-07-10T15:52:50.852+0000] {logging_mixin.py:149} INFO - [2023-07-10T15:52:50.852+0000] {dag.py:2726} INFO - Sync 1 DAGs
[2023-07-10T15:52:50.922+0000] {logging_mixin.py:149} INFO - [2023-07-10T15:52:50.921+0000] {dag.py:3490} INFO - Setting next_dagrun for my_dag to 2023-07-10T00:00:00+00:00, run_after=2023-07-11T00:00:00+00:00
[2023-07-10T15:52:50.969+0000] {processor.py:179} INFO - Processing /opt/airflow/dags/my_dag.py took 0.300 seconds
[2023-07-10T15:53:21.351+0000] {processor.py:157} INFO - Started process (PID=675) to work on /opt/airflow/dags/my_dag.py
[2023-07-10T15:53:21.355+0000] {processor.py:826} INFO - Processing file /opt/airflow/dags/my_dag.py for tasks to queue
[2023-07-10T15:53:21.362+0000] {logging_mixin.py:149} INFO - [2023-07-10T15:53:21.361+0000] {dagbag.py:541} INFO - Filling up the DagBag from /opt/airflow/dags/my_dag.py
[2023-07-10T15:53:21.415+0000] {processor.py:836} INFO - DAG(s) dict_keys(['my_dag']) retrieved from /opt/airflow/dags/my_dag.py
[2023-07-10T15:53:21.486+0000] {logging_mixin.py:149} INFO - [2023-07-10T15:53:21.486+0000] {dag.py:2726} INFO - Sync 1 DAGs
[2023-07-10T15:53:21.561+0000] {logging_mixin.py:149} INFO - [2023-07-10T15:53:21.558+0000] {dag.py:3490} INFO - Setting next_dagrun for my_dag to 2023-07-10T00:00:00+00:00, run_after=2023-07-11T00:00:00+00:00
[2023-07-10T15:53:21.610+0000] {processor.py:179} INFO - Processing /opt/airflow/dags/my_dag.py took 0.274 seconds
[2023-07-10T15:53:52.024+0000] {processor.py:157} INFO - Started process (PID=685) to work on /opt/airflow/dags/my_dag.py
[2023-07-10T15:53:52.028+0000] {processor.py:826} INFO - Processing file /opt/airflow/dags/my_dag.py for tasks to queue
[2023-07-10T15:53:52.040+0000] {logging_mixin.py:149} INFO - [2023-07-10T15:53:52.039+0000] {dagbag.py:541} INFO - Filling up the DagBag from /opt/airflow/dags/my_dag.py
[2023-07-10T15:53:52.109+0000] {processor.py:836} INFO - DAG(s) dict_keys(['my_dag']) retrieved from /opt/airflow/dags/my_dag.py
[2023-07-10T15:53:52.186+0000] {logging_mixin.py:149} INFO - [2023-07-10T15:53:52.185+0000] {dag.py:2726} INFO - Sync 1 DAGs
[2023-07-10T15:53:52.266+0000] {logging_mixin.py:149} INFO - [2023-07-10T15:53:52.265+0000] {dag.py:3490} INFO - Setting next_dagrun for my_dag to 2023-07-10T00:00:00+00:00, run_after=2023-07-11T00:00:00+00:00
[2023-07-10T15:53:52.318+0000] {processor.py:179} INFO - Processing /opt/airflow/dags/my_dag.py took 0.315 seconds
[2023-07-10T15:54:22.762+0000] {processor.py:157} INFO - Started process (PID=695) to work on /opt/airflow/dags/my_dag.py
[2023-07-10T15:54:22.766+0000] {processor.py:826} INFO - Processing file /opt/airflow/dags/my_dag.py for tasks to queue
[2023-07-10T15:54:22.784+0000] {logging_mixin.py:149} INFO - [2023-07-10T15:54:22.782+0000] {dagbag.py:541} INFO - Filling up the DagBag from /opt/airflow/dags/my_dag.py
[2023-07-10T15:54:22.845+0000] {processor.py:836} INFO - DAG(s) dict_keys(['my_dag']) retrieved from /opt/airflow/dags/my_dag.py
[2023-07-10T15:54:22.912+0000] {logging_mixin.py:149} INFO - [2023-07-10T15:54:22.912+0000] {dag.py:2726} INFO - Sync 1 DAGs
[2023-07-10T15:54:22.994+0000] {logging_mixin.py:149} INFO - [2023-07-10T15:54:22.994+0000] {dag.py:3490} INFO - Setting next_dagrun for my_dag to 2023-07-10T00:00:00+00:00, run_after=2023-07-11T00:00:00+00:00
[2023-07-10T15:54:23.060+0000] {processor.py:179} INFO - Processing /opt/airflow/dags/my_dag.py took 0.312 seconds
[2023-07-10T15:54:53.548+0000] {processor.py:157} INFO - Started process (PID=705) to work on /opt/airflow/dags/my_dag.py
[2023-07-10T15:54:53.551+0000] {processor.py:826} INFO - Processing file /opt/airflow/dags/my_dag.py for tasks to queue
[2023-07-10T15:54:53.557+0000] {logging_mixin.py:149} INFO - [2023-07-10T15:54:53.557+0000] {dagbag.py:541} INFO - Filling up the DagBag from /opt/airflow/dags/my_dag.py
[2023-07-10T15:54:53.605+0000] {processor.py:836} INFO - DAG(s) dict_keys(['my_dag']) retrieved from /opt/airflow/dags/my_dag.py
[2023-07-10T15:54:53.686+0000] {logging_mixin.py:149} INFO - [2023-07-10T15:54:53.686+0000] {dag.py:2726} INFO - Sync 1 DAGs
[2023-07-10T15:54:53.759+0000] {logging_mixin.py:149} INFO - [2023-07-10T15:54:53.758+0000] {dag.py:3490} INFO - Setting next_dagrun for my_dag to 2023-07-10T00:00:00+00:00, run_after=2023-07-11T00:00:00+00:00
[2023-07-10T15:54:53.855+0000] {processor.py:179} INFO - Processing /opt/airflow/dags/my_dag.py took 0.315 seconds
[2023-07-10T15:55:24.248+0000] {processor.py:157} INFO - Started process (PID=715) to work on /opt/airflow/dags/my_dag.py
[2023-07-10T15:55:24.251+0000] {processor.py:826} INFO - Processing file /opt/airflow/dags/my_dag.py for tasks to queue
[2023-07-10T15:55:24.260+0000] {logging_mixin.py:149} INFO - [2023-07-10T15:55:24.260+0000] {dagbag.py:541} INFO - Filling up the DagBag from /opt/airflow/dags/my_dag.py
[2023-07-10T15:55:24.359+0000] {processor.py:836} INFO - DAG(s) dict_keys(['my_dag']) retrieved from /opt/airflow/dags/my_dag.py
[2023-07-10T15:55:24.453+0000] {logging_mixin.py:149} INFO - [2023-07-10T15:55:24.453+0000] {dag.py:2726} INFO - Sync 1 DAGs
[2023-07-10T15:55:24.532+0000] {logging_mixin.py:149} INFO - [2023-07-10T15:55:24.532+0000] {dag.py:3490} INFO - Setting next_dagrun for my_dag to 2023-07-10T00:00:00+00:00, run_after=2023-07-11T00:00:00+00:00
[2023-07-10T15:55:24.577+0000] {processor.py:179} INFO - Processing /opt/airflow/dags/my_dag.py took 0.337 seconds
[2023-07-10T15:55:55.021+0000] {processor.py:157} INFO - Started process (PID=725) to work on /opt/airflow/dags/my_dag.py
[2023-07-10T15:55:55.026+0000] {processor.py:826} INFO - Processing file /opt/airflow/dags/my_dag.py for tasks to queue
[2023-07-10T15:55:55.033+0000] {logging_mixin.py:149} INFO - [2023-07-10T15:55:55.033+0000] {dagbag.py:541} INFO - Filling up the DagBag from /opt/airflow/dags/my_dag.py
[2023-07-10T15:55:55.109+0000] {processor.py:836} INFO - DAG(s) dict_keys(['my_dag']) retrieved from /opt/airflow/dags/my_dag.py
[2023-07-10T15:55:55.207+0000] {logging_mixin.py:149} INFO - [2023-07-10T15:55:55.207+0000] {dag.py:2726} INFO - Sync 1 DAGs
[2023-07-10T15:55:55.314+0000] {logging_mixin.py:149} INFO - [2023-07-10T15:55:55.314+0000] {dag.py:3490} INFO - Setting next_dagrun for my_dag to 2023-07-10T00:00:00+00:00, run_after=2023-07-11T00:00:00+00:00
[2023-07-10T15:55:55.388+0000] {processor.py:179} INFO - Processing /opt/airflow/dags/my_dag.py took 0.376 seconds
[2023-07-10T15:56:25.935+0000] {processor.py:157} INFO - Started process (PID=735) to work on /opt/airflow/dags/my_dag.py
[2023-07-10T15:56:25.951+0000] {processor.py:826} INFO - Processing file /opt/airflow/dags/my_dag.py for tasks to queue
[2023-07-10T15:56:25.971+0000] {logging_mixin.py:149} INFO - [2023-07-10T15:56:25.971+0000] {dagbag.py:541} INFO - Filling up the DagBag from /opt/airflow/dags/my_dag.py
[2023-07-10T15:56:26.041+0000] {processor.py:836} INFO - DAG(s) dict_keys(['my_dag']) retrieved from /opt/airflow/dags/my_dag.py
[2023-07-10T15:56:26.114+0000] {logging_mixin.py:149} INFO - [2023-07-10T15:56:26.113+0000] {dag.py:2726} INFO - Sync 1 DAGs
[2023-07-10T15:56:26.198+0000] {logging_mixin.py:149} INFO - [2023-07-10T15:56:26.198+0000] {dag.py:3490} INFO - Setting next_dagrun for my_dag to 2023-07-10T00:00:00+00:00, run_after=2023-07-11T00:00:00+00:00
[2023-07-10T15:56:26.245+0000] {processor.py:179} INFO - Processing /opt/airflow/dags/my_dag.py took 0.320 seconds
[2023-07-10T15:56:56.708+0000] {processor.py:157} INFO - Started process (PID=746) to work on /opt/airflow/dags/my_dag.py
[2023-07-10T15:56:56.714+0000] {processor.py:826} INFO - Processing file /opt/airflow/dags/my_dag.py for tasks to queue
[2023-07-10T15:56:56.724+0000] {logging_mixin.py:149} INFO - [2023-07-10T15:56:56.723+0000] {dagbag.py:541} INFO - Filling up the DagBag from /opt/airflow/dags/my_dag.py
[2023-07-10T15:56:56.823+0000] {processor.py:836} INFO - DAG(s) dict_keys(['my_dag']) retrieved from /opt/airflow/dags/my_dag.py
[2023-07-10T15:56:57.025+0000] {logging_mixin.py:149} INFO - [2023-07-10T15:56:57.025+0000] {dag.py:2726} INFO - Sync 1 DAGs
[2023-07-10T15:56:57.145+0000] {logging_mixin.py:149} INFO - [2023-07-10T15:56:57.144+0000] {dag.py:3490} INFO - Setting next_dagrun for my_dag to 2023-07-10T00:00:00+00:00, run_after=2023-07-11T00:00:00+00:00
[2023-07-10T15:56:57.224+0000] {processor.py:179} INFO - Processing /opt/airflow/dags/my_dag.py took 0.531 seconds
[2023-07-10T15:57:27.673+0000] {processor.py:157} INFO - Started process (PID=757) to work on /opt/airflow/dags/my_dag.py
[2023-07-10T15:57:27.681+0000] {processor.py:826} INFO - Processing file /opt/airflow/dags/my_dag.py for tasks to queue
[2023-07-10T15:57:27.693+0000] {logging_mixin.py:149} INFO - [2023-07-10T15:57:27.693+0000] {dagbag.py:541} INFO - Filling up the DagBag from /opt/airflow/dags/my_dag.py
[2023-07-10T15:57:27.766+0000] {processor.py:836} INFO - DAG(s) dict_keys(['my_dag']) retrieved from /opt/airflow/dags/my_dag.py
[2023-07-10T15:57:27.888+0000] {logging_mixin.py:149} INFO - [2023-07-10T15:57:27.888+0000] {dag.py:2726} INFO - Sync 1 DAGs
[2023-07-10T15:57:28.001+0000] {logging_mixin.py:149} INFO - [2023-07-10T15:57:28.001+0000] {dag.py:3490} INFO - Setting next_dagrun for my_dag to 2023-07-10T00:00:00+00:00, run_after=2023-07-11T00:00:00+00:00
[2023-07-10T15:57:28.073+0000] {processor.py:179} INFO - Processing /opt/airflow/dags/my_dag.py took 0.411 seconds
[2023-07-10T15:57:58.487+0000] {processor.py:157} INFO - Started process (PID=768) to work on /opt/airflow/dags/my_dag.py
[2023-07-10T15:57:58.491+0000] {processor.py:826} INFO - Processing file /opt/airflow/dags/my_dag.py for tasks to queue
[2023-07-10T15:57:58.502+0000] {logging_mixin.py:149} INFO - [2023-07-10T15:57:58.501+0000] {dagbag.py:541} INFO - Filling up the DagBag from /opt/airflow/dags/my_dag.py
[2023-07-10T15:57:58.550+0000] {processor.py:836} INFO - DAG(s) dict_keys(['my_dag']) retrieved from /opt/airflow/dags/my_dag.py
[2023-07-10T15:57:58.670+0000] {logging_mixin.py:149} INFO - [2023-07-10T15:57:58.669+0000] {dag.py:2726} INFO - Sync 1 DAGs
[2023-07-10T15:57:58.744+0000] {logging_mixin.py:149} INFO - [2023-07-10T15:57:58.744+0000] {dag.py:3490} INFO - Setting next_dagrun for my_dag to 2023-07-10T00:00:00+00:00, run_after=2023-07-11T00:00:00+00:00
[2023-07-10T15:57:58.789+0000] {processor.py:179} INFO - Processing /opt/airflow/dags/my_dag.py took 0.312 seconds
[2023-07-10T15:58:29.234+0000] {processor.py:157} INFO - Started process (PID=778) to work on /opt/airflow/dags/my_dag.py
[2023-07-10T15:58:29.239+0000] {processor.py:826} INFO - Processing file /opt/airflow/dags/my_dag.py for tasks to queue
[2023-07-10T15:58:29.251+0000] {logging_mixin.py:149} INFO - [2023-07-10T15:58:29.250+0000] {dagbag.py:541} INFO - Filling up the DagBag from /opt/airflow/dags/my_dag.py
[2023-07-10T15:58:29.316+0000] {processor.py:836} INFO - DAG(s) dict_keys(['my_dag']) retrieved from /opt/airflow/dags/my_dag.py
[2023-07-10T15:58:29.399+0000] {logging_mixin.py:149} INFO - [2023-07-10T15:58:29.398+0000] {dag.py:2726} INFO - Sync 1 DAGs
[2023-07-10T15:58:29.458+0000] {logging_mixin.py:149} INFO - [2023-07-10T15:58:29.458+0000] {dag.py:3490} INFO - Setting next_dagrun for my_dag to 2023-07-10T00:00:00+00:00, run_after=2023-07-11T00:00:00+00:00
[2023-07-10T15:58:29.501+0000] {processor.py:179} INFO - Processing /opt/airflow/dags/my_dag.py took 0.285 seconds
[2023-07-10T15:58:59.899+0000] {processor.py:157} INFO - Started process (PID=789) to work on /opt/airflow/dags/my_dag.py
[2023-07-10T15:58:59.902+0000] {processor.py:826} INFO - Processing file /opt/airflow/dags/my_dag.py for tasks to queue
[2023-07-10T15:58:59.910+0000] {logging_mixin.py:149} INFO - [2023-07-10T15:58:59.910+0000] {dagbag.py:541} INFO - Filling up the DagBag from /opt/airflow/dags/my_dag.py
[2023-07-10T15:58:59.965+0000] {processor.py:836} INFO - DAG(s) dict_keys(['my_dag']) retrieved from /opt/airflow/dags/my_dag.py
[2023-07-10T15:59:00.050+0000] {logging_mixin.py:149} INFO - [2023-07-10T15:59:00.049+0000] {dag.py:2726} INFO - Sync 1 DAGs
[2023-07-10T15:59:00.160+0000] {logging_mixin.py:149} INFO - [2023-07-10T15:59:00.160+0000] {dag.py:3490} INFO - Setting next_dagrun for my_dag to 2023-07-10T00:00:00+00:00, run_after=2023-07-11T00:00:00+00:00
[2023-07-10T15:59:00.209+0000] {processor.py:179} INFO - Processing /opt/airflow/dags/my_dag.py took 0.321 seconds
[2023-07-10T15:59:30.679+0000] {processor.py:157} INFO - Started process (PID=800) to work on /opt/airflow/dags/my_dag.py
[2023-07-10T15:59:30.682+0000] {processor.py:826} INFO - Processing file /opt/airflow/dags/my_dag.py for tasks to queue
[2023-07-10T15:59:30.689+0000] {logging_mixin.py:149} INFO - [2023-07-10T15:59:30.689+0000] {dagbag.py:541} INFO - Filling up the DagBag from /opt/airflow/dags/my_dag.py
[2023-07-10T15:59:30.749+0000] {processor.py:836} INFO - DAG(s) dict_keys(['my_dag']) retrieved from /opt/airflow/dags/my_dag.py
[2023-07-10T15:59:30.853+0000] {logging_mixin.py:149} INFO - [2023-07-10T15:59:30.853+0000] {dag.py:2726} INFO - Sync 1 DAGs
[2023-07-10T15:59:30.924+0000] {logging_mixin.py:149} INFO - [2023-07-10T15:59:30.923+0000] {dag.py:3490} INFO - Setting next_dagrun for my_dag to 2023-07-10T00:00:00+00:00, run_after=2023-07-11T00:00:00+00:00
[2023-07-10T15:59:30.976+0000] {processor.py:179} INFO - Processing /opt/airflow/dags/my_dag.py took 0.307 seconds
[2023-07-10T16:00:01.395+0000] {processor.py:157} INFO - Started process (PID=809) to work on /opt/airflow/dags/my_dag.py
[2023-07-10T16:00:01.403+0000] {processor.py:826} INFO - Processing file /opt/airflow/dags/my_dag.py for tasks to queue
[2023-07-10T16:00:01.415+0000] {logging_mixin.py:149} INFO - [2023-07-10T16:00:01.414+0000] {dagbag.py:541} INFO - Filling up the DagBag from /opt/airflow/dags/my_dag.py
[2023-07-10T16:00:01.477+0000] {processor.py:836} INFO - DAG(s) dict_keys(['my_dag']) retrieved from /opt/airflow/dags/my_dag.py
[2023-07-10T16:00:01.553+0000] {logging_mixin.py:149} INFO - [2023-07-10T16:00:01.552+0000] {dag.py:2726} INFO - Sync 1 DAGs
[2023-07-10T16:00:01.619+0000] {logging_mixin.py:149} INFO - [2023-07-10T16:00:01.619+0000] {dag.py:3490} INFO - Setting next_dagrun for my_dag to 2023-07-10T00:00:00+00:00, run_after=2023-07-11T00:00:00+00:00
[2023-07-10T16:00:01.667+0000] {processor.py:179} INFO - Processing /opt/airflow/dags/my_dag.py took 0.285 seconds
[2023-07-10T16:00:32.089+0000] {processor.py:157} INFO - Started process (PID=819) to work on /opt/airflow/dags/my_dag.py
[2023-07-10T16:00:32.093+0000] {processor.py:826} INFO - Processing file /opt/airflow/dags/my_dag.py for tasks to queue
[2023-07-10T16:00:32.100+0000] {logging_mixin.py:149} INFO - [2023-07-10T16:00:32.100+0000] {dagbag.py:541} INFO - Filling up the DagBag from /opt/airflow/dags/my_dag.py
[2023-07-10T16:00:32.180+0000] {processor.py:836} INFO - DAG(s) dict_keys(['my_dag']) retrieved from /opt/airflow/dags/my_dag.py
[2023-07-10T16:00:32.251+0000] {logging_mixin.py:149} INFO - [2023-07-10T16:00:32.250+0000] {dag.py:2726} INFO - Sync 1 DAGs
[2023-07-10T16:00:32.323+0000] {logging_mixin.py:149} INFO - [2023-07-10T16:00:32.322+0000] {dag.py:3490} INFO - Setting next_dagrun for my_dag to 2023-07-10T00:00:00+00:00, run_after=2023-07-11T00:00:00+00:00
[2023-07-10T16:00:32.376+0000] {processor.py:179} INFO - Processing /opt/airflow/dags/my_dag.py took 0.297 seconds
[2023-07-10T16:01:03.061+0000] {processor.py:157} INFO - Started process (PID=829) to work on /opt/airflow/dags/my_dag.py
[2023-07-10T16:01:03.077+0000] {processor.py:826} INFO - Processing file /opt/airflow/dags/my_dag.py for tasks to queue
[2023-07-10T16:01:03.092+0000] {logging_mixin.py:149} INFO - [2023-07-10T16:01:03.091+0000] {dagbag.py:541} INFO - Filling up the DagBag from /opt/airflow/dags/my_dag.py
[2023-07-10T16:01:03.256+0000] {processor.py:836} INFO - DAG(s) dict_keys(['my_dag']) retrieved from /opt/airflow/dags/my_dag.py
[2023-07-10T16:01:03.445+0000] {logging_mixin.py:149} INFO - [2023-07-10T16:01:03.445+0000] {dag.py:2726} INFO - Sync 1 DAGs
[2023-07-10T16:01:03.652+0000] {logging_mixin.py:149} INFO - [2023-07-10T16:01:03.651+0000] {dag.py:3490} INFO - Setting next_dagrun for my_dag to 2023-07-10T00:00:00+00:00, run_after=2023-07-11T00:00:00+00:00
[2023-07-10T16:01:03.736+0000] {processor.py:179} INFO - Processing /opt/airflow/dags/my_dag.py took 0.696 seconds
