[2023-07-10T15:21:00.508+0000] {processor.py:157} INFO - Started process (PID=38) to work on /opt/airflow/dags/search_posts.py
[2023-07-10T15:21:00.531+0000] {processor.py:826} INFO - Processing file /opt/airflow/dags/search_posts.py for tasks to queue
[2023-07-10T15:21:00.553+0000] {logging_mixin.py:149} INFO - [2023-07-10T15:21:00.553+0000] {dagbag.py:541} INFO - Filling up the DagBag from /opt/airflow/dags/search_posts.py
[2023-07-10T15:21:06.709+0000] {processor.py:836} INFO - DAG(s) dict_keys(['search_posts']) retrieved from /opt/airflow/dags/search_posts.py
[2023-07-10T15:21:08.866+0000] {logging_mixin.py:149} INFO - [2023-07-10T15:21:08.865+0000] {dag.py:2726} INFO - Sync 1 DAGs
[2023-07-10T15:21:09.320+0000] {logging_mixin.py:149} INFO - [2023-07-10T15:21:09.305+0000] {dag.py:3490} INFO - Setting next_dagrun for search_posts to 2023-07-09T00:00:00+00:00, run_after=2023-07-10T00:00:00+00:00
[2023-07-10T15:21:09.669+0000] {processor.py:179} INFO - Processing /opt/airflow/dags/search_posts.py took 9.199 seconds
[2023-07-10T15:21:40.508+0000] {processor.py:157} INFO - Started process (PID=52) to work on /opt/airflow/dags/search_posts.py
[2023-07-10T15:21:40.517+0000] {processor.py:826} INFO - Processing file /opt/airflow/dags/search_posts.py for tasks to queue
[2023-07-10T15:21:40.535+0000] {logging_mixin.py:149} INFO - [2023-07-10T15:21:40.533+0000] {dagbag.py:541} INFO - Filling up the DagBag from /opt/airflow/dags/search_posts.py
[2023-07-10T15:21:40.610+0000] {processor.py:836} INFO - DAG(s) dict_keys(['search_posts']) retrieved from /opt/airflow/dags/search_posts.py
[2023-07-10T15:21:40.705+0000] {logging_mixin.py:149} INFO - [2023-07-10T15:21:40.704+0000] {dag.py:2726} INFO - Sync 1 DAGs
[2023-07-10T15:21:40.779+0000] {logging_mixin.py:149} INFO - [2023-07-10T15:21:40.778+0000] {dag.py:3490} INFO - Setting next_dagrun for search_posts to 2023-07-10T00:00:00+00:00, run_after=2023-07-11T00:00:00+00:00
[2023-07-10T15:21:40.823+0000] {processor.py:179} INFO - Processing /opt/airflow/dags/search_posts.py took 0.342 seconds
[2023-07-10T15:22:11.157+0000] {processor.py:157} INFO - Started process (PID=61) to work on /opt/airflow/dags/search_posts.py
[2023-07-10T15:22:11.162+0000] {processor.py:826} INFO - Processing file /opt/airflow/dags/search_posts.py for tasks to queue
[2023-07-10T15:22:11.178+0000] {logging_mixin.py:149} INFO - [2023-07-10T15:22:11.177+0000] {dagbag.py:541} INFO - Filling up the DagBag from /opt/airflow/dags/search_posts.py
[2023-07-10T15:22:11.309+0000] {processor.py:836} INFO - DAG(s) dict_keys(['search_posts']) retrieved from /opt/airflow/dags/search_posts.py
[2023-07-10T15:22:11.454+0000] {logging_mixin.py:149} INFO - [2023-07-10T15:22:11.452+0000] {dag.py:2726} INFO - Sync 1 DAGs
[2023-07-10T15:22:11.575+0000] {logging_mixin.py:149} INFO - [2023-07-10T15:22:11.574+0000] {dag.py:3490} INFO - Setting next_dagrun for search_posts to 2023-07-10T00:00:00+00:00, run_after=2023-07-11T00:00:00+00:00
[2023-07-10T15:22:11.800+0000] {processor.py:179} INFO - Processing /opt/airflow/dags/search_posts.py took 0.713 seconds
[2023-07-10T15:22:42.968+0000] {processor.py:157} INFO - Started process (PID=71) to work on /opt/airflow/dags/search_posts.py
[2023-07-10T15:22:42.980+0000] {processor.py:826} INFO - Processing file /opt/airflow/dags/search_posts.py for tasks to queue
[2023-07-10T15:22:43.005+0000] {logging_mixin.py:149} INFO - [2023-07-10T15:22:43.004+0000] {dagbag.py:541} INFO - Filling up the DagBag from /opt/airflow/dags/search_posts.py
[2023-07-10T15:22:43.464+0000] {processor.py:836} INFO - DAG(s) dict_keys(['search_posts']) retrieved from /opt/airflow/dags/search_posts.py
[2023-07-10T15:22:43.610+0000] {logging_mixin.py:149} INFO - [2023-07-10T15:22:43.596+0000] {dag.py:2726} INFO - Sync 1 DAGs
[2023-07-10T15:22:43.752+0000] {logging_mixin.py:149} INFO - [2023-07-10T15:22:43.752+0000] {dag.py:3490} INFO - Setting next_dagrun for search_posts to 2023-07-10T00:00:00+00:00, run_after=2023-07-11T00:00:00+00:00
[2023-07-10T15:22:43.859+0000] {processor.py:179} INFO - Processing /opt/airflow/dags/search_posts.py took 0.967 seconds
[2023-07-10T15:23:14.513+0000] {processor.py:157} INFO - Started process (PID=82) to work on /opt/airflow/dags/search_posts.py
[2023-07-10T15:23:14.517+0000] {processor.py:826} INFO - Processing file /opt/airflow/dags/search_posts.py for tasks to queue
[2023-07-10T15:23:14.539+0000] {logging_mixin.py:149} INFO - [2023-07-10T15:23:14.538+0000] {dagbag.py:541} INFO - Filling up the DagBag from /opt/airflow/dags/search_posts.py
[2023-07-10T15:23:14.965+0000] {processor.py:836} INFO - DAG(s) dict_keys(['search_posts']) retrieved from /opt/airflow/dags/search_posts.py
[2023-07-10T15:23:15.467+0000] {logging_mixin.py:149} INFO - [2023-07-10T15:23:15.456+0000] {dag.py:2726} INFO - Sync 1 DAGs
[2023-07-10T15:23:15.894+0000] {logging_mixin.py:149} INFO - [2023-07-10T15:23:15.894+0000] {dag.py:3490} INFO - Setting next_dagrun for search_posts to 2023-07-10T00:00:00+00:00, run_after=2023-07-11T00:00:00+00:00
[2023-07-10T15:23:16.039+0000] {processor.py:179} INFO - Processing /opt/airflow/dags/search_posts.py took 1.577 seconds
[2023-07-10T15:23:46.284+0000] {processor.py:157} INFO - Started process (PID=92) to work on /opt/airflow/dags/search_posts.py
[2023-07-10T15:23:46.311+0000] {processor.py:826} INFO - Processing file /opt/airflow/dags/search_posts.py for tasks to queue
[2023-07-10T15:23:46.342+0000] {logging_mixin.py:149} INFO - [2023-07-10T15:23:46.341+0000] {dagbag.py:541} INFO - Filling up the DagBag from /opt/airflow/dags/search_posts.py
[2023-07-10T15:23:46.598+0000] {processor.py:836} INFO - DAG(s) dict_keys(['search_posts']) retrieved from /opt/airflow/dags/search_posts.py
[2023-07-10T15:23:48.191+0000] {logging_mixin.py:149} INFO - [2023-07-10T15:23:48.190+0000] {dag.py:2726} INFO - Sync 1 DAGs
[2023-07-10T15:23:48.420+0000] {logging_mixin.py:149} INFO - [2023-07-10T15:23:48.420+0000] {dag.py:3490} INFO - Setting next_dagrun for search_posts to 2023-07-10T00:00:00+00:00, run_after=2023-07-11T00:00:00+00:00
[2023-07-10T15:23:48.650+0000] {processor.py:179} INFO - Processing /opt/airflow/dags/search_posts.py took 2.411 seconds
[2023-07-10T15:24:19.784+0000] {processor.py:157} INFO - Started process (PID=102) to work on /opt/airflow/dags/search_posts.py
[2023-07-10T15:24:19.821+0000] {processor.py:826} INFO - Processing file /opt/airflow/dags/search_posts.py for tasks to queue
[2023-07-10T15:24:19.841+0000] {logging_mixin.py:149} INFO - [2023-07-10T15:24:19.841+0000] {dagbag.py:541} INFO - Filling up the DagBag from /opt/airflow/dags/search_posts.py
[2023-07-10T15:24:20.209+0000] {processor.py:836} INFO - DAG(s) dict_keys(['search_posts']) retrieved from /opt/airflow/dags/search_posts.py
[2023-07-10T15:24:20.731+0000] {logging_mixin.py:149} INFO - [2023-07-10T15:24:20.727+0000] {dag.py:2726} INFO - Sync 1 DAGs
[2023-07-10T15:24:21.863+0000] {logging_mixin.py:149} INFO - [2023-07-10T15:24:21.863+0000] {dag.py:3490} INFO - Setting next_dagrun for search_posts to 2023-07-10T00:00:00+00:00, run_after=2023-07-11T00:00:00+00:00
[2023-07-10T15:24:22.422+0000] {processor.py:179} INFO - Processing /opt/airflow/dags/search_posts.py took 2.683 seconds
[2023-07-10T15:24:53.249+0000] {processor.py:157} INFO - Started process (PID=111) to work on /opt/airflow/dags/search_posts.py
[2023-07-10T15:24:54.666+0000] {processor.py:826} INFO - Processing file /opt/airflow/dags/search_posts.py for tasks to queue
[2023-07-10T15:24:54.899+0000] {logging_mixin.py:149} INFO - [2023-07-10T15:24:54.861+0000] {dagbag.py:541} INFO - Filling up the DagBag from /opt/airflow/dags/search_posts.py
[2023-07-10T15:24:56.027+0000] {processor.py:836} INFO - DAG(s) dict_keys(['search_posts']) retrieved from /opt/airflow/dags/search_posts.py
[2023-07-10T15:24:57.717+0000] {logging_mixin.py:149} INFO - [2023-07-10T15:24:57.715+0000] {dag.py:2726} INFO - Sync 1 DAGs
[2023-07-10T15:24:58.926+0000] {logging_mixin.py:149} INFO - [2023-07-10T15:24:58.925+0000] {dag.py:3490} INFO - Setting next_dagrun for search_posts to 2023-07-10T00:00:00+00:00, run_after=2023-07-11T00:00:00+00:00
[2023-07-10T15:24:59.903+0000] {processor.py:179} INFO - Processing /opt/airflow/dags/search_posts.py took 6.689 seconds
[2023-07-10T15:25:30.390+0000] {processor.py:157} INFO - Started process (PID=122) to work on /opt/airflow/dags/search_posts.py
[2023-07-10T15:25:30.426+0000] {processor.py:826} INFO - Processing file /opt/airflow/dags/search_posts.py for tasks to queue
[2023-07-10T15:25:30.465+0000] {logging_mixin.py:149} INFO - [2023-07-10T15:25:30.462+0000] {dagbag.py:541} INFO - Filling up the DagBag from /opt/airflow/dags/search_posts.py
[2023-07-10T15:25:30.622+0000] {processor.py:836} INFO - DAG(s) dict_keys(['search_posts']) retrieved from /opt/airflow/dags/search_posts.py
[2023-07-10T15:25:30.781+0000] {logging_mixin.py:149} INFO - [2023-07-10T15:25:30.777+0000] {dag.py:2726} INFO - Sync 1 DAGs
[2023-07-10T15:25:30.906+0000] {logging_mixin.py:149} INFO - [2023-07-10T15:25:30.905+0000] {dag.py:3490} INFO - Setting next_dagrun for search_posts to 2023-07-10T00:00:00+00:00, run_after=2023-07-11T00:00:00+00:00
[2023-07-10T15:25:30.952+0000] {processor.py:179} INFO - Processing /opt/airflow/dags/search_posts.py took 0.624 seconds
[2023-07-10T15:26:01.440+0000] {processor.py:157} INFO - Started process (PID=131) to work on /opt/airflow/dags/search_posts.py
[2023-07-10T15:26:01.448+0000] {processor.py:826} INFO - Processing file /opt/airflow/dags/search_posts.py for tasks to queue
[2023-07-10T15:26:01.519+0000] {logging_mixin.py:149} INFO - [2023-07-10T15:26:01.510+0000] {dagbag.py:541} INFO - Filling up the DagBag from /opt/airflow/dags/search_posts.py
[2023-07-10T15:26:01.681+0000] {processor.py:836} INFO - DAG(s) dict_keys(['search_posts']) retrieved from /opt/airflow/dags/search_posts.py
[2023-07-10T15:26:01.887+0000] {logging_mixin.py:149} INFO - [2023-07-10T15:26:01.886+0000] {dag.py:2726} INFO - Sync 1 DAGs
[2023-07-10T15:26:01.987+0000] {logging_mixin.py:149} INFO - [2023-07-10T15:26:01.986+0000] {dag.py:3490} INFO - Setting next_dagrun for search_posts to 2023-07-10T00:00:00+00:00, run_after=2023-07-11T00:00:00+00:00
[2023-07-10T15:26:02.053+0000] {processor.py:179} INFO - Processing /opt/airflow/dags/search_posts.py took 0.626 seconds
[2023-07-10T15:26:32.292+0000] {processor.py:157} INFO - Started process (PID=141) to work on /opt/airflow/dags/search_posts.py
[2023-07-10T15:26:32.297+0000] {processor.py:826} INFO - Processing file /opt/airflow/dags/search_posts.py for tasks to queue
[2023-07-10T15:26:32.306+0000] {logging_mixin.py:149} INFO - [2023-07-10T15:26:32.305+0000] {dagbag.py:541} INFO - Filling up the DagBag from /opt/airflow/dags/search_posts.py
[2023-07-10T15:26:32.370+0000] {processor.py:836} INFO - DAG(s) dict_keys(['search_posts']) retrieved from /opt/airflow/dags/search_posts.py
[2023-07-10T15:26:32.459+0000] {logging_mixin.py:149} INFO - [2023-07-10T15:26:32.458+0000] {dag.py:2726} INFO - Sync 1 DAGs
[2023-07-10T15:26:32.562+0000] {logging_mixin.py:149} INFO - [2023-07-10T15:26:32.562+0000] {dag.py:3490} INFO - Setting next_dagrun for search_posts to 2023-07-10T00:00:00+00:00, run_after=2023-07-11T00:00:00+00:00
[2023-07-10T15:26:32.607+0000] {processor.py:179} INFO - Processing /opt/airflow/dags/search_posts.py took 0.326 seconds
[2023-07-10T15:27:03.378+0000] {processor.py:157} INFO - Started process (PID=151) to work on /opt/airflow/dags/search_posts.py
[2023-07-10T15:27:03.382+0000] {processor.py:826} INFO - Processing file /opt/airflow/dags/search_posts.py for tasks to queue
[2023-07-10T15:27:03.392+0000] {logging_mixin.py:149} INFO - [2023-07-10T15:27:03.392+0000] {dagbag.py:541} INFO - Filling up the DagBag from /opt/airflow/dags/search_posts.py
[2023-07-10T15:27:03.440+0000] {processor.py:836} INFO - DAG(s) dict_keys(['search_posts']) retrieved from /opt/airflow/dags/search_posts.py
[2023-07-10T15:27:03.538+0000] {logging_mixin.py:149} INFO - [2023-07-10T15:27:03.535+0000] {dag.py:2726} INFO - Sync 1 DAGs
[2023-07-10T15:27:03.613+0000] {logging_mixin.py:149} INFO - [2023-07-10T15:27:03.613+0000] {dag.py:3490} INFO - Setting next_dagrun for search_posts to 2023-07-10T00:00:00+00:00, run_after=2023-07-11T00:00:00+00:00
[2023-07-10T15:27:03.658+0000] {processor.py:179} INFO - Processing /opt/airflow/dags/search_posts.py took 0.293 seconds
[2023-07-10T15:27:34.209+0000] {processor.py:157} INFO - Started process (PID=161) to work on /opt/airflow/dags/search_posts.py
[2023-07-10T15:27:34.212+0000] {processor.py:826} INFO - Processing file /opt/airflow/dags/search_posts.py for tasks to queue
[2023-07-10T15:27:34.219+0000] {logging_mixin.py:149} INFO - [2023-07-10T15:27:34.218+0000] {dagbag.py:541} INFO - Filling up the DagBag from /opt/airflow/dags/search_posts.py
[2023-07-10T15:27:34.270+0000] {processor.py:836} INFO - DAG(s) dict_keys(['search_posts']) retrieved from /opt/airflow/dags/search_posts.py
[2023-07-10T15:27:34.330+0000] {logging_mixin.py:149} INFO - [2023-07-10T15:27:34.329+0000] {dag.py:2726} INFO - Sync 1 DAGs
[2023-07-10T15:27:34.395+0000] {logging_mixin.py:149} INFO - [2023-07-10T15:27:34.394+0000] {dag.py:3490} INFO - Setting next_dagrun for search_posts to 2023-07-10T00:00:00+00:00, run_after=2023-07-11T00:00:00+00:00
[2023-07-10T15:27:34.438+0000] {processor.py:179} INFO - Processing /opt/airflow/dags/search_posts.py took 0.241 seconds
[2023-07-10T15:28:04.875+0000] {processor.py:157} INFO - Started process (PID=171) to work on /opt/airflow/dags/search_posts.py
[2023-07-10T15:28:04.878+0000] {processor.py:826} INFO - Processing file /opt/airflow/dags/search_posts.py for tasks to queue
[2023-07-10T15:28:04.883+0000] {logging_mixin.py:149} INFO - [2023-07-10T15:28:04.883+0000] {dagbag.py:541} INFO - Filling up the DagBag from /opt/airflow/dags/search_posts.py
[2023-07-10T15:28:04.969+0000] {processor.py:836} INFO - DAG(s) dict_keys(['search_posts']) retrieved from /opt/airflow/dags/search_posts.py
[2023-07-10T15:28:05.082+0000] {logging_mixin.py:149} INFO - [2023-07-10T15:28:05.079+0000] {dag.py:2726} INFO - Sync 1 DAGs
[2023-07-10T15:28:05.156+0000] {logging_mixin.py:149} INFO - [2023-07-10T15:28:05.156+0000] {dag.py:3490} INFO - Setting next_dagrun for search_posts to 2023-07-10T00:00:00+00:00, run_after=2023-07-11T00:00:00+00:00
[2023-07-10T15:28:05.189+0000] {processor.py:179} INFO - Processing /opt/airflow/dags/search_posts.py took 0.323 seconds
[2023-07-10T15:28:35.777+0000] {processor.py:157} INFO - Started process (PID=188) to work on /opt/airflow/dags/search_posts.py
[2023-07-10T15:28:35.782+0000] {processor.py:826} INFO - Processing file /opt/airflow/dags/search_posts.py for tasks to queue
[2023-07-10T15:28:35.789+0000] {logging_mixin.py:149} INFO - [2023-07-10T15:28:35.788+0000] {dagbag.py:541} INFO - Filling up the DagBag from /opt/airflow/dags/search_posts.py
[2023-07-10T15:28:35.867+0000] {processor.py:836} INFO - DAG(s) dict_keys(['search_posts']) retrieved from /opt/airflow/dags/search_posts.py
[2023-07-10T15:28:35.923+0000] {logging_mixin.py:149} INFO - [2023-07-10T15:28:35.922+0000] {dag.py:2726} INFO - Sync 1 DAGs
[2023-07-10T15:28:36.021+0000] {logging_mixin.py:149} INFO - [2023-07-10T15:28:36.021+0000] {dag.py:3490} INFO - Setting next_dagrun for search_posts to 2023-07-10T00:00:00+00:00, run_after=2023-07-11T00:00:00+00:00
[2023-07-10T15:28:36.090+0000] {processor.py:179} INFO - Processing /opt/airflow/dags/search_posts.py took 0.331 seconds
[2023-07-10T15:29:06.847+0000] {processor.py:157} INFO - Started process (PID=198) to work on /opt/airflow/dags/search_posts.py
[2023-07-10T15:29:06.850+0000] {processor.py:826} INFO - Processing file /opt/airflow/dags/search_posts.py for tasks to queue
[2023-07-10T15:29:06.860+0000] {logging_mixin.py:149} INFO - [2023-07-10T15:29:06.860+0000] {dagbag.py:541} INFO - Filling up the DagBag from /opt/airflow/dags/search_posts.py
[2023-07-10T15:29:06.904+0000] {processor.py:836} INFO - DAG(s) dict_keys(['search_posts']) retrieved from /opt/airflow/dags/search_posts.py
[2023-07-10T15:29:06.998+0000] {logging_mixin.py:149} INFO - [2023-07-10T15:29:06.996+0000] {dag.py:2726} INFO - Sync 1 DAGs
[2023-07-10T15:29:07.095+0000] {logging_mixin.py:149} INFO - [2023-07-10T15:29:07.095+0000] {dag.py:3490} INFO - Setting next_dagrun for search_posts to 2023-07-10T00:00:00+00:00, run_after=2023-07-11T00:00:00+00:00
[2023-07-10T15:29:07.140+0000] {processor.py:179} INFO - Processing /opt/airflow/dags/search_posts.py took 0.305 seconds
[2023-07-10T15:29:37.449+0000] {processor.py:157} INFO - Started process (PID=208) to work on /opt/airflow/dags/search_posts.py
[2023-07-10T15:29:37.454+0000] {processor.py:826} INFO - Processing file /opt/airflow/dags/search_posts.py for tasks to queue
[2023-07-10T15:29:37.463+0000] {logging_mixin.py:149} INFO - [2023-07-10T15:29:37.462+0000] {dagbag.py:541} INFO - Filling up the DagBag from /opt/airflow/dags/search_posts.py
[2023-07-10T15:29:37.521+0000] {processor.py:836} INFO - DAG(s) dict_keys(['search_posts']) retrieved from /opt/airflow/dags/search_posts.py
[2023-07-10T15:29:37.610+0000] {logging_mixin.py:149} INFO - [2023-07-10T15:29:37.609+0000] {dag.py:2726} INFO - Sync 1 DAGs
[2023-07-10T15:29:37.672+0000] {logging_mixin.py:149} INFO - [2023-07-10T15:29:37.671+0000] {dag.py:3490} INFO - Setting next_dagrun for search_posts to 2023-07-10T00:00:00+00:00, run_after=2023-07-11T00:00:00+00:00
[2023-07-10T15:29:37.705+0000] {processor.py:179} INFO - Processing /opt/airflow/dags/search_posts.py took 0.267 seconds
[2023-07-10T15:30:08.453+0000] {processor.py:157} INFO - Started process (PID=218) to work on /opt/airflow/dags/search_posts.py
[2023-07-10T15:30:08.456+0000] {processor.py:826} INFO - Processing file /opt/airflow/dags/search_posts.py for tasks to queue
[2023-07-10T15:30:08.463+0000] {logging_mixin.py:149} INFO - [2023-07-10T15:30:08.462+0000] {dagbag.py:541} INFO - Filling up the DagBag from /opt/airflow/dags/search_posts.py
[2023-07-10T15:30:08.509+0000] {processor.py:836} INFO - DAG(s) dict_keys(['search_posts']) retrieved from /opt/airflow/dags/search_posts.py
[2023-07-10T15:30:08.565+0000] {logging_mixin.py:149} INFO - [2023-07-10T15:30:08.564+0000] {dag.py:2726} INFO - Sync 1 DAGs
[2023-07-10T15:30:08.663+0000] {logging_mixin.py:149} INFO - [2023-07-10T15:30:08.660+0000] {dag.py:3490} INFO - Setting next_dagrun for search_posts to 2023-07-10T00:00:00+00:00, run_after=2023-07-11T00:00:00+00:00
[2023-07-10T15:30:08.715+0000] {processor.py:179} INFO - Processing /opt/airflow/dags/search_posts.py took 0.269 seconds
[2023-07-10T15:30:39.375+0000] {processor.py:157} INFO - Started process (PID=228) to work on /opt/airflow/dags/search_posts.py
[2023-07-10T15:30:39.378+0000] {processor.py:826} INFO - Processing file /opt/airflow/dags/search_posts.py for tasks to queue
[2023-07-10T15:30:39.384+0000] {logging_mixin.py:149} INFO - [2023-07-10T15:30:39.384+0000] {dagbag.py:541} INFO - Filling up the DagBag from /opt/airflow/dags/search_posts.py
[2023-07-10T15:30:39.430+0000] {processor.py:836} INFO - DAG(s) dict_keys(['search_posts']) retrieved from /opt/airflow/dags/search_posts.py
[2023-07-10T15:30:39.483+0000] {logging_mixin.py:149} INFO - [2023-07-10T15:30:39.482+0000] {dag.py:2726} INFO - Sync 1 DAGs
[2023-07-10T15:30:39.543+0000] {logging_mixin.py:149} INFO - [2023-07-10T15:30:39.543+0000] {dag.py:3490} INFO - Setting next_dagrun for search_posts to 2023-07-10T00:00:00+00:00, run_after=2023-07-11T00:00:00+00:00
[2023-07-10T15:30:39.617+0000] {processor.py:179} INFO - Processing /opt/airflow/dags/search_posts.py took 0.251 seconds
[2023-07-10T15:31:10.179+0000] {processor.py:157} INFO - Started process (PID=238) to work on /opt/airflow/dags/search_posts.py
[2023-07-10T15:31:10.182+0000] {processor.py:826} INFO - Processing file /opt/airflow/dags/search_posts.py for tasks to queue
[2023-07-10T15:31:10.187+0000] {logging_mixin.py:149} INFO - [2023-07-10T15:31:10.187+0000] {dagbag.py:541} INFO - Filling up the DagBag from /opt/airflow/dags/search_posts.py
[2023-07-10T15:31:10.222+0000] {processor.py:836} INFO - DAG(s) dict_keys(['search_posts']) retrieved from /opt/airflow/dags/search_posts.py
[2023-07-10T15:31:10.274+0000] {logging_mixin.py:149} INFO - [2023-07-10T15:31:10.273+0000] {dag.py:2726} INFO - Sync 1 DAGs
[2023-07-10T15:31:10.327+0000] {logging_mixin.py:149} INFO - [2023-07-10T15:31:10.327+0000] {dag.py:3490} INFO - Setting next_dagrun for search_posts to 2023-07-10T00:00:00+00:00, run_after=2023-07-11T00:00:00+00:00
[2023-07-10T15:31:10.373+0000] {processor.py:179} INFO - Processing /opt/airflow/dags/search_posts.py took 0.203 seconds
[2023-07-10T15:31:40.688+0000] {processor.py:157} INFO - Started process (PID=249) to work on /opt/airflow/dags/search_posts.py
[2023-07-10T15:31:40.692+0000] {processor.py:826} INFO - Processing file /opt/airflow/dags/search_posts.py for tasks to queue
[2023-07-10T15:31:40.699+0000] {logging_mixin.py:149} INFO - [2023-07-10T15:31:40.699+0000] {dagbag.py:541} INFO - Filling up the DagBag from /opt/airflow/dags/search_posts.py
[2023-07-10T15:31:40.734+0000] {processor.py:836} INFO - DAG(s) dict_keys(['search_posts']) retrieved from /opt/airflow/dags/search_posts.py
[2023-07-10T15:31:40.791+0000] {logging_mixin.py:149} INFO - [2023-07-10T15:31:40.790+0000] {dag.py:2726} INFO - Sync 1 DAGs
[2023-07-10T15:31:40.843+0000] {logging_mixin.py:149} INFO - [2023-07-10T15:31:40.842+0000] {dag.py:3490} INFO - Setting next_dagrun for search_posts to 2023-07-10T00:00:00+00:00, run_after=2023-07-11T00:00:00+00:00
[2023-07-10T15:31:40.882+0000] {processor.py:179} INFO - Processing /opt/airflow/dags/search_posts.py took 0.205 seconds
[2023-07-10T15:32:11.413+0000] {processor.py:157} INFO - Started process (PID=259) to work on /opt/airflow/dags/search_posts.py
[2023-07-10T15:32:11.416+0000] {processor.py:826} INFO - Processing file /opt/airflow/dags/search_posts.py for tasks to queue
[2023-07-10T15:32:11.422+0000] {logging_mixin.py:149} INFO - [2023-07-10T15:32:11.421+0000] {dagbag.py:541} INFO - Filling up the DagBag from /opt/airflow/dags/search_posts.py
[2023-07-10T15:32:11.461+0000] {processor.py:836} INFO - DAG(s) dict_keys(['search_posts']) retrieved from /opt/airflow/dags/search_posts.py
[2023-07-10T15:32:11.531+0000] {logging_mixin.py:149} INFO - [2023-07-10T15:32:11.530+0000] {dag.py:2726} INFO - Sync 1 DAGs
[2023-07-10T15:32:11.590+0000] {logging_mixin.py:149} INFO - [2023-07-10T15:32:11.590+0000] {dag.py:3490} INFO - Setting next_dagrun for search_posts to 2023-07-10T00:00:00+00:00, run_after=2023-07-11T00:00:00+00:00
[2023-07-10T15:32:11.631+0000] {processor.py:179} INFO - Processing /opt/airflow/dags/search_posts.py took 0.229 seconds
[2023-07-10T15:32:42.099+0000] {processor.py:157} INFO - Started process (PID=269) to work on /opt/airflow/dags/search_posts.py
[2023-07-10T15:32:42.102+0000] {processor.py:826} INFO - Processing file /opt/airflow/dags/search_posts.py for tasks to queue
[2023-07-10T15:32:42.111+0000] {logging_mixin.py:149} INFO - [2023-07-10T15:32:42.110+0000] {dagbag.py:541} INFO - Filling up the DagBag from /opt/airflow/dags/search_posts.py
[2023-07-10T15:32:42.155+0000] {processor.py:836} INFO - DAG(s) dict_keys(['search_posts']) retrieved from /opt/airflow/dags/search_posts.py
[2023-07-10T15:32:42.205+0000] {logging_mixin.py:149} INFO - [2023-07-10T15:32:42.204+0000] {dag.py:2726} INFO - Sync 1 DAGs
[2023-07-10T15:32:42.280+0000] {logging_mixin.py:149} INFO - [2023-07-10T15:32:42.280+0000] {dag.py:3490} INFO - Setting next_dagrun for search_posts to 2023-07-10T00:00:00+00:00, run_after=2023-07-11T00:00:00+00:00
[2023-07-10T15:32:42.332+0000] {processor.py:179} INFO - Processing /opt/airflow/dags/search_posts.py took 0.242 seconds
[2023-07-10T15:33:13.097+0000] {processor.py:157} INFO - Started process (PID=279) to work on /opt/airflow/dags/search_posts.py
[2023-07-10T15:33:13.100+0000] {processor.py:826} INFO - Processing file /opt/airflow/dags/search_posts.py for tasks to queue
[2023-07-10T15:33:13.106+0000] {logging_mixin.py:149} INFO - [2023-07-10T15:33:13.105+0000] {dagbag.py:541} INFO - Filling up the DagBag from /opt/airflow/dags/search_posts.py
[2023-07-10T15:33:13.148+0000] {processor.py:836} INFO - DAG(s) dict_keys(['search_posts']) retrieved from /opt/airflow/dags/search_posts.py
[2023-07-10T15:33:13.198+0000] {logging_mixin.py:149} INFO - [2023-07-10T15:33:13.197+0000] {dag.py:2726} INFO - Sync 1 DAGs
[2023-07-10T15:33:13.251+0000] {logging_mixin.py:149} INFO - [2023-07-10T15:33:13.251+0000] {dag.py:3490} INFO - Setting next_dagrun for search_posts to 2023-07-10T00:00:00+00:00, run_after=2023-07-11T00:00:00+00:00
[2023-07-10T15:33:13.294+0000] {processor.py:179} INFO - Processing /opt/airflow/dags/search_posts.py took 0.203 seconds
[2023-07-10T15:33:43.801+0000] {processor.py:157} INFO - Started process (PID=289) to work on /opt/airflow/dags/search_posts.py
[2023-07-10T15:33:43.804+0000] {processor.py:826} INFO - Processing file /opt/airflow/dags/search_posts.py for tasks to queue
[2023-07-10T15:33:43.810+0000] {logging_mixin.py:149} INFO - [2023-07-10T15:33:43.809+0000] {dagbag.py:541} INFO - Filling up the DagBag from /opt/airflow/dags/search_posts.py
[2023-07-10T15:33:43.849+0000] {processor.py:836} INFO - DAG(s) dict_keys(['search_posts']) retrieved from /opt/airflow/dags/search_posts.py
[2023-07-10T15:33:43.902+0000] {logging_mixin.py:149} INFO - [2023-07-10T15:33:43.901+0000] {dag.py:2726} INFO - Sync 1 DAGs
[2023-07-10T15:33:43.958+0000] {logging_mixin.py:149} INFO - [2023-07-10T15:33:43.957+0000] {dag.py:3490} INFO - Setting next_dagrun for search_posts to 2023-07-10T00:00:00+00:00, run_after=2023-07-11T00:00:00+00:00
[2023-07-10T15:33:43.998+0000] {processor.py:179} INFO - Processing /opt/airflow/dags/search_posts.py took 0.204 seconds
[2023-07-10T15:34:14.530+0000] {processor.py:157} INFO - Started process (PID=299) to work on /opt/airflow/dags/search_posts.py
[2023-07-10T15:34:14.533+0000] {processor.py:826} INFO - Processing file /opt/airflow/dags/search_posts.py for tasks to queue
[2023-07-10T15:34:14.542+0000] {logging_mixin.py:149} INFO - [2023-07-10T15:34:14.541+0000] {dagbag.py:541} INFO - Filling up the DagBag from /opt/airflow/dags/search_posts.py
[2023-07-10T15:34:14.591+0000] {processor.py:836} INFO - DAG(s) dict_keys(['search_posts']) retrieved from /opt/airflow/dags/search_posts.py
[2023-07-10T15:34:14.647+0000] {logging_mixin.py:149} INFO - [2023-07-10T15:34:14.646+0000] {dag.py:2726} INFO - Sync 1 DAGs
[2023-07-10T15:34:14.708+0000] {logging_mixin.py:149} INFO - [2023-07-10T15:34:14.707+0000] {dag.py:3490} INFO - Setting next_dagrun for search_posts to 2023-07-10T00:00:00+00:00, run_after=2023-07-11T00:00:00+00:00
[2023-07-10T15:34:14.750+0000] {processor.py:179} INFO - Processing /opt/airflow/dags/search_posts.py took 0.235 seconds
[2023-07-10T15:34:45.145+0000] {processor.py:157} INFO - Started process (PID=309) to work on /opt/airflow/dags/search_posts.py
[2023-07-10T15:34:45.149+0000] {processor.py:826} INFO - Processing file /opt/airflow/dags/search_posts.py for tasks to queue
[2023-07-10T15:34:45.159+0000] {logging_mixin.py:149} INFO - [2023-07-10T15:34:45.158+0000] {dagbag.py:541} INFO - Filling up the DagBag from /opt/airflow/dags/search_posts.py
[2023-07-10T15:34:45.210+0000] {processor.py:836} INFO - DAG(s) dict_keys(['search_posts']) retrieved from /opt/airflow/dags/search_posts.py
[2023-07-10T15:34:45.333+0000] {logging_mixin.py:149} INFO - [2023-07-10T15:34:45.330+0000] {dag.py:2726} INFO - Sync 1 DAGs
[2023-07-10T15:34:45.425+0000] {logging_mixin.py:149} INFO - [2023-07-10T15:34:45.425+0000] {dag.py:3490} INFO - Setting next_dagrun for search_posts to 2023-07-10T00:00:00+00:00, run_after=2023-07-11T00:00:00+00:00
[2023-07-10T15:34:45.471+0000] {processor.py:179} INFO - Processing /opt/airflow/dags/search_posts.py took 0.337 seconds
[2023-07-10T15:35:16.193+0000] {processor.py:157} INFO - Started process (PID=319) to work on /opt/airflow/dags/search_posts.py
[2023-07-10T15:35:16.196+0000] {processor.py:826} INFO - Processing file /opt/airflow/dags/search_posts.py for tasks to queue
[2023-07-10T15:35:16.201+0000] {logging_mixin.py:149} INFO - [2023-07-10T15:35:16.201+0000] {dagbag.py:541} INFO - Filling up the DagBag from /opt/airflow/dags/search_posts.py
[2023-07-10T15:35:16.245+0000] {processor.py:836} INFO - DAG(s) dict_keys(['search_posts']) retrieved from /opt/airflow/dags/search_posts.py
[2023-07-10T15:35:16.297+0000] {logging_mixin.py:149} INFO - [2023-07-10T15:35:16.297+0000] {dag.py:2726} INFO - Sync 1 DAGs
[2023-07-10T15:35:16.355+0000] {logging_mixin.py:149} INFO - [2023-07-10T15:35:16.355+0000] {dag.py:3490} INFO - Setting next_dagrun for search_posts to 2023-07-10T00:00:00+00:00, run_after=2023-07-11T00:00:00+00:00
[2023-07-10T15:35:16.400+0000] {processor.py:179} INFO - Processing /opt/airflow/dags/search_posts.py took 0.217 seconds
[2023-07-10T15:35:46.929+0000] {processor.py:157} INFO - Started process (PID=329) to work on /opt/airflow/dags/search_posts.py
[2023-07-10T15:35:46.932+0000] {processor.py:826} INFO - Processing file /opt/airflow/dags/search_posts.py for tasks to queue
[2023-07-10T15:35:46.941+0000] {logging_mixin.py:149} INFO - [2023-07-10T15:35:46.940+0000] {dagbag.py:541} INFO - Filling up the DagBag from /opt/airflow/dags/search_posts.py
[2023-07-10T15:35:46.986+0000] {processor.py:836} INFO - DAG(s) dict_keys(['search_posts']) retrieved from /opt/airflow/dags/search_posts.py
[2023-07-10T15:35:47.040+0000] {logging_mixin.py:149} INFO - [2023-07-10T15:35:47.039+0000] {dag.py:2726} INFO - Sync 1 DAGs
[2023-07-10T15:35:47.093+0000] {logging_mixin.py:149} INFO - [2023-07-10T15:35:47.092+0000] {dag.py:3490} INFO - Setting next_dagrun for search_posts to 2023-07-10T00:00:00+00:00, run_after=2023-07-11T00:00:00+00:00
[2023-07-10T15:35:47.135+0000] {processor.py:179} INFO - Processing /opt/airflow/dags/search_posts.py took 0.215 seconds
[2023-07-10T15:36:17.904+0000] {processor.py:157} INFO - Started process (PID=339) to work on /opt/airflow/dags/search_posts.py
[2023-07-10T15:36:17.908+0000] {processor.py:826} INFO - Processing file /opt/airflow/dags/search_posts.py for tasks to queue
[2023-07-10T15:36:17.917+0000] {logging_mixin.py:149} INFO - [2023-07-10T15:36:17.917+0000] {dagbag.py:541} INFO - Filling up the DagBag from /opt/airflow/dags/search_posts.py
[2023-07-10T15:36:17.965+0000] {processor.py:836} INFO - DAG(s) dict_keys(['search_posts']) retrieved from /opt/airflow/dags/search_posts.py
[2023-07-10T15:36:18.017+0000] {logging_mixin.py:149} INFO - [2023-07-10T15:36:18.016+0000] {dag.py:2726} INFO - Sync 1 DAGs
[2023-07-10T15:36:18.090+0000] {logging_mixin.py:149} INFO - [2023-07-10T15:36:18.090+0000] {dag.py:3490} INFO - Setting next_dagrun for search_posts to 2023-07-10T00:00:00+00:00, run_after=2023-07-11T00:00:00+00:00
[2023-07-10T15:36:18.157+0000] {processor.py:179} INFO - Processing /opt/airflow/dags/search_posts.py took 0.263 seconds
[2023-07-10T15:36:48.525+0000] {processor.py:157} INFO - Started process (PID=349) to work on /opt/airflow/dags/search_posts.py
[2023-07-10T15:36:48.529+0000] {processor.py:826} INFO - Processing file /opt/airflow/dags/search_posts.py for tasks to queue
[2023-07-10T15:36:48.538+0000] {logging_mixin.py:149} INFO - [2023-07-10T15:36:48.538+0000] {dagbag.py:541} INFO - Filling up the DagBag from /opt/airflow/dags/search_posts.py
[2023-07-10T15:36:48.581+0000] {processor.py:836} INFO - DAG(s) dict_keys(['search_posts']) retrieved from /opt/airflow/dags/search_posts.py
[2023-07-10T15:36:48.638+0000] {logging_mixin.py:149} INFO - [2023-07-10T15:36:48.636+0000] {dag.py:2726} INFO - Sync 1 DAGs
[2023-07-10T15:36:48.698+0000] {logging_mixin.py:149} INFO - [2023-07-10T15:36:48.698+0000] {dag.py:3490} INFO - Setting next_dagrun for search_posts to 2023-07-10T00:00:00+00:00, run_after=2023-07-11T00:00:00+00:00
[2023-07-10T15:36:48.743+0000] {processor.py:179} INFO - Processing /opt/airflow/dags/search_posts.py took 0.228 seconds
[2023-07-10T15:37:19.202+0000] {processor.py:157} INFO - Started process (PID=359) to work on /opt/airflow/dags/search_posts.py
[2023-07-10T15:37:19.206+0000] {processor.py:826} INFO - Processing file /opt/airflow/dags/search_posts.py for tasks to queue
[2023-07-10T15:37:19.214+0000] {logging_mixin.py:149} INFO - [2023-07-10T15:37:19.213+0000] {dagbag.py:541} INFO - Filling up the DagBag from /opt/airflow/dags/search_posts.py
[2023-07-10T15:37:19.252+0000] {processor.py:836} INFO - DAG(s) dict_keys(['search_posts']) retrieved from /opt/airflow/dags/search_posts.py
[2023-07-10T15:37:19.303+0000] {logging_mixin.py:149} INFO - [2023-07-10T15:37:19.302+0000] {dag.py:2726} INFO - Sync 1 DAGs
[2023-07-10T15:37:19.362+0000] {logging_mixin.py:149} INFO - [2023-07-10T15:37:19.362+0000] {dag.py:3490} INFO - Setting next_dagrun for search_posts to 2023-07-10T00:00:00+00:00, run_after=2023-07-11T00:00:00+00:00
[2023-07-10T15:37:19.402+0000] {processor.py:179} INFO - Processing /opt/airflow/dags/search_posts.py took 0.209 seconds
[2023-07-10T15:37:49.858+0000] {processor.py:157} INFO - Started process (PID=370) to work on /opt/airflow/dags/search_posts.py
[2023-07-10T15:37:49.862+0000] {processor.py:826} INFO - Processing file /opt/airflow/dags/search_posts.py for tasks to queue
[2023-07-10T15:37:49.869+0000] {logging_mixin.py:149} INFO - [2023-07-10T15:37:49.869+0000] {dagbag.py:541} INFO - Filling up the DagBag from /opt/airflow/dags/search_posts.py
[2023-07-10T15:37:49.911+0000] {processor.py:836} INFO - DAG(s) dict_keys(['search_posts']) retrieved from /opt/airflow/dags/search_posts.py
[2023-07-10T15:37:49.970+0000] {logging_mixin.py:149} INFO - [2023-07-10T15:37:49.969+0000] {dag.py:2726} INFO - Sync 1 DAGs
[2023-07-10T15:37:50.029+0000] {logging_mixin.py:149} INFO - [2023-07-10T15:37:50.029+0000] {dag.py:3490} INFO - Setting next_dagrun for search_posts to 2023-07-10T00:00:00+00:00, run_after=2023-07-11T00:00:00+00:00
[2023-07-10T15:37:50.073+0000] {processor.py:179} INFO - Processing /opt/airflow/dags/search_posts.py took 0.224 seconds
[2023-07-10T15:38:20.644+0000] {processor.py:157} INFO - Started process (PID=379) to work on /opt/airflow/dags/search_posts.py
[2023-07-10T15:38:20.648+0000] {processor.py:826} INFO - Processing file /opt/airflow/dags/search_posts.py for tasks to queue
[2023-07-10T15:38:20.657+0000] {logging_mixin.py:149} INFO - [2023-07-10T15:38:20.656+0000] {dagbag.py:541} INFO - Filling up the DagBag from /opt/airflow/dags/search_posts.py
[2023-07-10T15:38:20.711+0000] {processor.py:836} INFO - DAG(s) dict_keys(['search_posts']) retrieved from /opt/airflow/dags/search_posts.py
[2023-07-10T15:38:20.764+0000] {logging_mixin.py:149} INFO - [2023-07-10T15:38:20.763+0000] {dag.py:2726} INFO - Sync 1 DAGs
[2023-07-10T15:38:20.821+0000] {logging_mixin.py:149} INFO - [2023-07-10T15:38:20.821+0000] {dag.py:3490} INFO - Setting next_dagrun for search_posts to 2023-07-10T00:00:00+00:00, run_after=2023-07-11T00:00:00+00:00
[2023-07-10T15:38:20.859+0000] {processor.py:179} INFO - Processing /opt/airflow/dags/search_posts.py took 0.227 seconds
[2023-07-10T15:38:51.429+0000] {processor.py:157} INFO - Started process (PID=389) to work on /opt/airflow/dags/search_posts.py
[2023-07-10T15:38:51.437+0000] {processor.py:826} INFO - Processing file /opt/airflow/dags/search_posts.py for tasks to queue
[2023-07-10T15:38:51.462+0000] {logging_mixin.py:149} INFO - [2023-07-10T15:38:51.462+0000] {dagbag.py:541} INFO - Filling up the DagBag from /opt/airflow/dags/search_posts.py
[2023-07-10T15:38:51.536+0000] {processor.py:836} INFO - DAG(s) dict_keys(['search_posts']) retrieved from /opt/airflow/dags/search_posts.py
[2023-07-10T15:38:51.598+0000] {logging_mixin.py:149} INFO - [2023-07-10T15:38:51.597+0000] {dag.py:2726} INFO - Sync 1 DAGs
[2023-07-10T15:38:51.663+0000] {logging_mixin.py:149} INFO - [2023-07-10T15:38:51.663+0000] {dag.py:3490} INFO - Setting next_dagrun for search_posts to 2023-07-10T00:00:00+00:00, run_after=2023-07-11T00:00:00+00:00
[2023-07-10T15:38:51.708+0000] {processor.py:179} INFO - Processing /opt/airflow/dags/search_posts.py took 0.296 seconds
[2023-07-10T15:39:22.274+0000] {processor.py:157} INFO - Started process (PID=399) to work on /opt/airflow/dags/search_posts.py
[2023-07-10T15:39:22.278+0000] {processor.py:826} INFO - Processing file /opt/airflow/dags/search_posts.py for tasks to queue
[2023-07-10T15:39:22.286+0000] {logging_mixin.py:149} INFO - [2023-07-10T15:39:22.286+0000] {dagbag.py:541} INFO - Filling up the DagBag from /opt/airflow/dags/search_posts.py
[2023-07-10T15:39:22.334+0000] {processor.py:836} INFO - DAG(s) dict_keys(['search_posts']) retrieved from /opt/airflow/dags/search_posts.py
[2023-07-10T15:39:22.385+0000] {logging_mixin.py:149} INFO - [2023-07-10T15:39:22.384+0000] {dag.py:2726} INFO - Sync 1 DAGs
[2023-07-10T15:39:22.433+0000] {logging_mixin.py:149} INFO - [2023-07-10T15:39:22.433+0000] {dag.py:3490} INFO - Setting next_dagrun for search_posts to 2023-07-10T00:00:00+00:00, run_after=2023-07-11T00:00:00+00:00
[2023-07-10T15:39:22.483+0000] {processor.py:179} INFO - Processing /opt/airflow/dags/search_posts.py took 0.242 seconds
[2023-07-10T15:39:52.946+0000] {processor.py:157} INFO - Started process (PID=409) to work on /opt/airflow/dags/search_posts.py
[2023-07-10T15:39:52.950+0000] {processor.py:826} INFO - Processing file /opt/airflow/dags/search_posts.py for tasks to queue
[2023-07-10T15:39:52.956+0000] {logging_mixin.py:149} INFO - [2023-07-10T15:39:52.955+0000] {dagbag.py:541} INFO - Filling up the DagBag from /opt/airflow/dags/search_posts.py
[2023-07-10T15:39:52.998+0000] {processor.py:836} INFO - DAG(s) dict_keys(['search_posts']) retrieved from /opt/airflow/dags/search_posts.py
[2023-07-10T15:39:53.054+0000] {logging_mixin.py:149} INFO - [2023-07-10T15:39:53.052+0000] {dag.py:2726} INFO - Sync 1 DAGs
[2023-07-10T15:39:53.106+0000] {logging_mixin.py:149} INFO - [2023-07-10T15:39:53.106+0000] {dag.py:3490} INFO - Setting next_dagrun for search_posts to 2023-07-10T00:00:00+00:00, run_after=2023-07-11T00:00:00+00:00
[2023-07-10T15:39:53.143+0000] {processor.py:179} INFO - Processing /opt/airflow/dags/search_posts.py took 0.204 seconds
[2023-07-10T15:40:23.646+0000] {processor.py:157} INFO - Started process (PID=420) to work on /opt/airflow/dags/search_posts.py
[2023-07-10T15:40:23.650+0000] {processor.py:826} INFO - Processing file /opt/airflow/dags/search_posts.py for tasks to queue
[2023-07-10T15:40:23.656+0000] {logging_mixin.py:149} INFO - [2023-07-10T15:40:23.656+0000] {dagbag.py:541} INFO - Filling up the DagBag from /opt/airflow/dags/search_posts.py
[2023-07-10T15:40:23.696+0000] {processor.py:836} INFO - DAG(s) dict_keys(['search_posts']) retrieved from /opt/airflow/dags/search_posts.py
[2023-07-10T15:40:23.750+0000] {logging_mixin.py:149} INFO - [2023-07-10T15:40:23.749+0000] {dag.py:2726} INFO - Sync 1 DAGs
[2023-07-10T15:40:23.816+0000] {logging_mixin.py:149} INFO - [2023-07-10T15:40:23.816+0000] {dag.py:3490} INFO - Setting next_dagrun for search_posts to 2023-07-10T00:00:00+00:00, run_after=2023-07-11T00:00:00+00:00
[2023-07-10T15:40:23.858+0000] {processor.py:179} INFO - Processing /opt/airflow/dags/search_posts.py took 0.218 seconds
[2023-07-10T15:40:54.428+0000] {processor.py:157} INFO - Started process (PID=429) to work on /opt/airflow/dags/search_posts.py
[2023-07-10T15:40:54.431+0000] {processor.py:826} INFO - Processing file /opt/airflow/dags/search_posts.py for tasks to queue
[2023-07-10T15:40:54.439+0000] {logging_mixin.py:149} INFO - [2023-07-10T15:40:54.437+0000] {dagbag.py:541} INFO - Filling up the DagBag from /opt/airflow/dags/search_posts.py
[2023-07-10T15:40:54.485+0000] {processor.py:836} INFO - DAG(s) dict_keys(['search_posts']) retrieved from /opt/airflow/dags/search_posts.py
[2023-07-10T15:40:54.547+0000] {logging_mixin.py:149} INFO - [2023-07-10T15:40:54.546+0000] {dag.py:2726} INFO - Sync 1 DAGs
[2023-07-10T15:40:54.609+0000] {logging_mixin.py:149} INFO - [2023-07-10T15:40:54.609+0000] {dag.py:3490} INFO - Setting next_dagrun for search_posts to 2023-07-10T00:00:00+00:00, run_after=2023-07-11T00:00:00+00:00
[2023-07-10T15:40:54.653+0000] {processor.py:179} INFO - Processing /opt/airflow/dags/search_posts.py took 0.236 seconds
[2023-07-10T15:41:25.342+0000] {processor.py:157} INFO - Started process (PID=439) to work on /opt/airflow/dags/search_posts.py
[2023-07-10T15:41:25.347+0000] {processor.py:826} INFO - Processing file /opt/airflow/dags/search_posts.py for tasks to queue
[2023-07-10T15:41:25.357+0000] {logging_mixin.py:149} INFO - [2023-07-10T15:41:25.356+0000] {dagbag.py:541} INFO - Filling up the DagBag from /opt/airflow/dags/search_posts.py
[2023-07-10T15:41:25.404+0000] {processor.py:836} INFO - DAG(s) dict_keys(['search_posts']) retrieved from /opt/airflow/dags/search_posts.py
[2023-07-10T15:41:25.459+0000] {logging_mixin.py:149} INFO - [2023-07-10T15:41:25.457+0000] {dag.py:2726} INFO - Sync 1 DAGs
[2023-07-10T15:41:25.519+0000] {logging_mixin.py:149} INFO - [2023-07-10T15:41:25.519+0000] {dag.py:3490} INFO - Setting next_dagrun for search_posts to 2023-07-10T00:00:00+00:00, run_after=2023-07-11T00:00:00+00:00
[2023-07-10T15:41:25.561+0000] {processor.py:179} INFO - Processing /opt/airflow/dags/search_posts.py took 0.230 seconds
[2023-07-10T15:41:56.037+0000] {processor.py:157} INFO - Started process (PID=449) to work on /opt/airflow/dags/search_posts.py
[2023-07-10T15:41:56.040+0000] {processor.py:826} INFO - Processing file /opt/airflow/dags/search_posts.py for tasks to queue
[2023-07-10T15:41:56.049+0000] {logging_mixin.py:149} INFO - [2023-07-10T15:41:56.049+0000] {dagbag.py:541} INFO - Filling up the DagBag from /opt/airflow/dags/search_posts.py
[2023-07-10T15:41:56.088+0000] {processor.py:836} INFO - DAG(s) dict_keys(['search_posts']) retrieved from /opt/airflow/dags/search_posts.py
[2023-07-10T15:41:56.140+0000] {logging_mixin.py:149} INFO - [2023-07-10T15:41:56.139+0000] {dag.py:2726} INFO - Sync 1 DAGs
[2023-07-10T15:41:56.192+0000] {logging_mixin.py:149} INFO - [2023-07-10T15:41:56.191+0000] {dag.py:3490} INFO - Setting next_dagrun for search_posts to 2023-07-10T00:00:00+00:00, run_after=2023-07-11T00:00:00+00:00
[2023-07-10T15:41:56.230+0000] {processor.py:179} INFO - Processing /opt/airflow/dags/search_posts.py took 0.203 seconds
[2023-07-10T15:42:26.707+0000] {processor.py:157} INFO - Started process (PID=458) to work on /opt/airflow/dags/search_posts.py
[2023-07-10T15:42:26.711+0000] {processor.py:826} INFO - Processing file /opt/airflow/dags/search_posts.py for tasks to queue
[2023-07-10T15:42:26.717+0000] {logging_mixin.py:149} INFO - [2023-07-10T15:42:26.717+0000] {dagbag.py:541} INFO - Filling up the DagBag from /opt/airflow/dags/search_posts.py
[2023-07-10T15:42:26.756+0000] {processor.py:836} INFO - DAG(s) dict_keys(['search_posts']) retrieved from /opt/airflow/dags/search_posts.py
[2023-07-10T15:42:26.842+0000] {logging_mixin.py:149} INFO - [2023-07-10T15:42:26.841+0000] {dag.py:2726} INFO - Sync 1 DAGs
[2023-07-10T15:42:26.914+0000] {logging_mixin.py:149} INFO - [2023-07-10T15:42:26.913+0000] {dag.py:3490} INFO - Setting next_dagrun for search_posts to 2023-07-10T00:00:00+00:00, run_after=2023-07-11T00:00:00+00:00
[2023-07-10T15:42:26.959+0000] {processor.py:179} INFO - Processing /opt/airflow/dags/search_posts.py took 0.259 seconds
[2023-07-10T15:42:57.429+0000] {processor.py:157} INFO - Started process (PID=468) to work on /opt/airflow/dags/search_posts.py
[2023-07-10T15:42:57.433+0000] {processor.py:826} INFO - Processing file /opt/airflow/dags/search_posts.py for tasks to queue
[2023-07-10T15:42:57.440+0000] {logging_mixin.py:149} INFO - [2023-07-10T15:42:57.439+0000] {dagbag.py:541} INFO - Filling up the DagBag from /opt/airflow/dags/search_posts.py
[2023-07-10T15:42:57.485+0000] {processor.py:836} INFO - DAG(s) dict_keys(['search_posts']) retrieved from /opt/airflow/dags/search_posts.py
[2023-07-10T15:42:57.550+0000] {logging_mixin.py:149} INFO - [2023-07-10T15:42:57.548+0000] {dag.py:2726} INFO - Sync 1 DAGs
[2023-07-10T15:42:57.612+0000] {logging_mixin.py:149} INFO - [2023-07-10T15:42:57.612+0000] {dag.py:3490} INFO - Setting next_dagrun for search_posts to 2023-07-10T00:00:00+00:00, run_after=2023-07-11T00:00:00+00:00
[2023-07-10T15:42:57.656+0000] {processor.py:179} INFO - Processing /opt/airflow/dags/search_posts.py took 0.245 seconds
[2023-07-10T15:43:28.168+0000] {processor.py:157} INFO - Started process (PID=478) to work on /opt/airflow/dags/search_posts.py
[2023-07-10T15:43:28.170+0000] {processor.py:826} INFO - Processing file /opt/airflow/dags/search_posts.py for tasks to queue
[2023-07-10T15:43:28.175+0000] {logging_mixin.py:149} INFO - [2023-07-10T15:43:28.175+0000] {dagbag.py:541} INFO - Filling up the DagBag from /opt/airflow/dags/search_posts.py
[2023-07-10T15:43:28.228+0000] {processor.py:836} INFO - DAG(s) dict_keys(['search_posts']) retrieved from /opt/airflow/dags/search_posts.py
[2023-07-10T15:43:28.284+0000] {logging_mixin.py:149} INFO - [2023-07-10T15:43:28.283+0000] {dag.py:2726} INFO - Sync 1 DAGs
[2023-07-10T15:43:28.338+0000] {logging_mixin.py:149} INFO - [2023-07-10T15:43:28.338+0000] {dag.py:3490} INFO - Setting next_dagrun for search_posts to 2023-07-10T00:00:00+00:00, run_after=2023-07-11T00:00:00+00:00
[2023-07-10T15:43:28.376+0000] {processor.py:179} INFO - Processing /opt/airflow/dags/search_posts.py took 0.217 seconds
[2023-07-10T15:43:58.828+0000] {processor.py:157} INFO - Started process (PID=488) to work on /opt/airflow/dags/search_posts.py
[2023-07-10T15:43:58.830+0000] {processor.py:826} INFO - Processing file /opt/airflow/dags/search_posts.py for tasks to queue
[2023-07-10T15:43:58.837+0000] {logging_mixin.py:149} INFO - [2023-07-10T15:43:58.836+0000] {dagbag.py:541} INFO - Filling up the DagBag from /opt/airflow/dags/search_posts.py
[2023-07-10T15:43:58.882+0000] {processor.py:836} INFO - DAG(s) dict_keys(['search_posts']) retrieved from /opt/airflow/dags/search_posts.py
[2023-07-10T15:43:58.933+0000] {logging_mixin.py:149} INFO - [2023-07-10T15:43:58.932+0000] {dag.py:2726} INFO - Sync 1 DAGs
[2023-07-10T15:43:58.990+0000] {logging_mixin.py:149} INFO - [2023-07-10T15:43:58.989+0000] {dag.py:3490} INFO - Setting next_dagrun for search_posts to 2023-07-10T00:00:00+00:00, run_after=2023-07-11T00:00:00+00:00
[2023-07-10T15:43:59.042+0000] {processor.py:179} INFO - Processing /opt/airflow/dags/search_posts.py took 0.221 seconds
[2023-07-10T15:44:29.513+0000] {processor.py:157} INFO - Started process (PID=499) to work on /opt/airflow/dags/search_posts.py
[2023-07-10T15:44:29.519+0000] {processor.py:826} INFO - Processing file /opt/airflow/dags/search_posts.py for tasks to queue
[2023-07-10T15:44:29.527+0000] {logging_mixin.py:149} INFO - [2023-07-10T15:44:29.527+0000] {dagbag.py:541} INFO - Filling up the DagBag from /opt/airflow/dags/search_posts.py
[2023-07-10T15:44:29.567+0000] {processor.py:836} INFO - DAG(s) dict_keys(['search_posts']) retrieved from /opt/airflow/dags/search_posts.py
[2023-07-10T15:44:29.624+0000] {logging_mixin.py:149} INFO - [2023-07-10T15:44:29.622+0000] {dag.py:2726} INFO - Sync 1 DAGs
[2023-07-10T15:44:29.679+0000] {logging_mixin.py:149} INFO - [2023-07-10T15:44:29.679+0000] {dag.py:3490} INFO - Setting next_dagrun for search_posts to 2023-07-10T00:00:00+00:00, run_after=2023-07-11T00:00:00+00:00
[2023-07-10T15:44:29.717+0000] {processor.py:179} INFO - Processing /opt/airflow/dags/search_posts.py took 0.213 seconds
[2023-07-10T15:45:00.188+0000] {processor.py:157} INFO - Started process (PID=509) to work on /opt/airflow/dags/search_posts.py
[2023-07-10T15:45:00.191+0000] {processor.py:826} INFO - Processing file /opt/airflow/dags/search_posts.py for tasks to queue
[2023-07-10T15:45:00.199+0000] {logging_mixin.py:149} INFO - [2023-07-10T15:45:00.199+0000] {dagbag.py:541} INFO - Filling up the DagBag from /opt/airflow/dags/search_posts.py
[2023-07-10T15:45:00.255+0000] {processor.py:836} INFO - DAG(s) dict_keys(['search_posts']) retrieved from /opt/airflow/dags/search_posts.py
[2023-07-10T15:45:00.310+0000] {logging_mixin.py:149} INFO - [2023-07-10T15:45:00.309+0000] {dag.py:2726} INFO - Sync 1 DAGs
[2023-07-10T15:45:00.390+0000] {logging_mixin.py:149} INFO - [2023-07-10T15:45:00.389+0000] {dag.py:3490} INFO - Setting next_dagrun for search_posts to 2023-07-10T00:00:00+00:00, run_after=2023-07-11T00:00:00+00:00
[2023-07-10T15:45:00.440+0000] {processor.py:179} INFO - Processing /opt/airflow/dags/search_posts.py took 0.271 seconds
[2023-07-10T15:45:30.989+0000] {processor.py:157} INFO - Started process (PID=519) to work on /opt/airflow/dags/search_posts.py
[2023-07-10T15:45:30.992+0000] {processor.py:826} INFO - Processing file /opt/airflow/dags/search_posts.py for tasks to queue
[2023-07-10T15:45:30.998+0000] {logging_mixin.py:149} INFO - [2023-07-10T15:45:30.997+0000] {dagbag.py:541} INFO - Filling up the DagBag from /opt/airflow/dags/search_posts.py
[2023-07-10T15:45:31.039+0000] {processor.py:836} INFO - DAG(s) dict_keys(['search_posts']) retrieved from /opt/airflow/dags/search_posts.py
[2023-07-10T15:45:31.091+0000] {logging_mixin.py:149} INFO - [2023-07-10T15:45:31.090+0000] {dag.py:2726} INFO - Sync 1 DAGs
[2023-07-10T15:45:31.147+0000] {logging_mixin.py:149} INFO - [2023-07-10T15:45:31.146+0000] {dag.py:3490} INFO - Setting next_dagrun for search_posts to 2023-07-10T00:00:00+00:00, run_after=2023-07-11T00:00:00+00:00
[2023-07-10T15:45:31.186+0000] {processor.py:179} INFO - Processing /opt/airflow/dags/search_posts.py took 0.205 seconds
[2023-07-10T15:46:01.532+0000] {processor.py:157} INFO - Started process (PID=529) to work on /opt/airflow/dags/search_posts.py
[2023-07-10T15:46:01.534+0000] {processor.py:826} INFO - Processing file /opt/airflow/dags/search_posts.py for tasks to queue
[2023-07-10T15:46:01.539+0000] {logging_mixin.py:149} INFO - [2023-07-10T15:46:01.539+0000] {dagbag.py:541} INFO - Filling up the DagBag from /opt/airflow/dags/search_posts.py
[2023-07-10T15:46:01.577+0000] {processor.py:836} INFO - DAG(s) dict_keys(['search_posts']) retrieved from /opt/airflow/dags/search_posts.py
[2023-07-10T15:46:01.630+0000] {logging_mixin.py:149} INFO - [2023-07-10T15:46:01.628+0000] {dag.py:2726} INFO - Sync 1 DAGs
[2023-07-10T15:46:01.689+0000] {logging_mixin.py:149} INFO - [2023-07-10T15:46:01.688+0000] {dag.py:3490} INFO - Setting next_dagrun for search_posts to 2023-07-10T00:00:00+00:00, run_after=2023-07-11T00:00:00+00:00
[2023-07-10T15:46:01.727+0000] {processor.py:179} INFO - Processing /opt/airflow/dags/search_posts.py took 0.205 seconds
[2023-07-10T15:46:32.339+0000] {processor.py:157} INFO - Started process (PID=538) to work on /opt/airflow/dags/search_posts.py
[2023-07-10T15:46:32.351+0000] {processor.py:826} INFO - Processing file /opt/airflow/dags/search_posts.py for tasks to queue
[2023-07-10T15:46:32.367+0000] {logging_mixin.py:149} INFO - [2023-07-10T15:46:32.366+0000] {dagbag.py:541} INFO - Filling up the DagBag from /opt/airflow/dags/search_posts.py
[2023-07-10T15:46:32.432+0000] {processor.py:836} INFO - DAG(s) dict_keys(['search_posts']) retrieved from /opt/airflow/dags/search_posts.py
[2023-07-10T15:46:32.507+0000] {logging_mixin.py:149} INFO - [2023-07-10T15:46:32.506+0000] {dag.py:2726} INFO - Sync 1 DAGs
[2023-07-10T15:46:32.570+0000] {logging_mixin.py:149} INFO - [2023-07-10T15:46:32.570+0000] {dag.py:3490} INFO - Setting next_dagrun for search_posts to 2023-07-10T00:00:00+00:00, run_after=2023-07-11T00:00:00+00:00
[2023-07-10T15:46:32.605+0000] {processor.py:179} INFO - Processing /opt/airflow/dags/search_posts.py took 0.290 seconds
[2023-07-10T15:47:03.250+0000] {processor.py:157} INFO - Started process (PID=548) to work on /opt/airflow/dags/search_posts.py
[2023-07-10T15:47:03.253+0000] {processor.py:826} INFO - Processing file /opt/airflow/dags/search_posts.py for tasks to queue
[2023-07-10T15:47:03.260+0000] {logging_mixin.py:149} INFO - [2023-07-10T15:47:03.260+0000] {dagbag.py:541} INFO - Filling up the DagBag from /opt/airflow/dags/search_posts.py
[2023-07-10T15:47:03.306+0000] {processor.py:836} INFO - DAG(s) dict_keys(['search_posts']) retrieved from /opt/airflow/dags/search_posts.py
[2023-07-10T15:47:03.381+0000] {logging_mixin.py:149} INFO - [2023-07-10T15:47:03.380+0000] {dag.py:2726} INFO - Sync 1 DAGs
[2023-07-10T15:47:03.496+0000] {logging_mixin.py:149} INFO - [2023-07-10T15:47:03.495+0000] {dag.py:3490} INFO - Setting next_dagrun for search_posts to 2023-07-10T00:00:00+00:00, run_after=2023-07-11T00:00:00+00:00
[2023-07-10T15:47:03.542+0000] {processor.py:179} INFO - Processing /opt/airflow/dags/search_posts.py took 0.299 seconds
[2023-07-10T15:47:33.976+0000] {processor.py:157} INFO - Started process (PID=558) to work on /opt/airflow/dags/search_posts.py
[2023-07-10T15:47:33.978+0000] {processor.py:826} INFO - Processing file /opt/airflow/dags/search_posts.py for tasks to queue
[2023-07-10T15:47:33.988+0000] {logging_mixin.py:149} INFO - [2023-07-10T15:47:33.988+0000] {dagbag.py:541} INFO - Filling up the DagBag from /opt/airflow/dags/search_posts.py
[2023-07-10T15:47:34.049+0000] {processor.py:836} INFO - DAG(s) dict_keys(['search_posts']) retrieved from /opt/airflow/dags/search_posts.py
[2023-07-10T15:47:34.154+0000] {logging_mixin.py:149} INFO - [2023-07-10T15:47:34.152+0000] {dag.py:2726} INFO - Sync 1 DAGs
[2023-07-10T15:47:34.219+0000] {logging_mixin.py:149} INFO - [2023-07-10T15:47:34.219+0000] {dag.py:3490} INFO - Setting next_dagrun for search_posts to 2023-07-10T00:00:00+00:00, run_after=2023-07-11T00:00:00+00:00
[2023-07-10T15:47:34.258+0000] {processor.py:179} INFO - Processing /opt/airflow/dags/search_posts.py took 0.292 seconds
[2023-07-10T15:48:04.759+0000] {processor.py:157} INFO - Started process (PID=568) to work on /opt/airflow/dags/search_posts.py
[2023-07-10T15:48:04.762+0000] {processor.py:826} INFO - Processing file /opt/airflow/dags/search_posts.py for tasks to queue
[2023-07-10T15:48:04.768+0000] {logging_mixin.py:149} INFO - [2023-07-10T15:48:04.768+0000] {dagbag.py:541} INFO - Filling up the DagBag from /opt/airflow/dags/search_posts.py
[2023-07-10T15:48:04.809+0000] {processor.py:836} INFO - DAG(s) dict_keys(['search_posts']) retrieved from /opt/airflow/dags/search_posts.py
[2023-07-10T15:48:04.861+0000] {logging_mixin.py:149} INFO - [2023-07-10T15:48:04.860+0000] {dag.py:2726} INFO - Sync 1 DAGs
[2023-07-10T15:48:04.915+0000] {logging_mixin.py:149} INFO - [2023-07-10T15:48:04.914+0000] {dag.py:3490} INFO - Setting next_dagrun for search_posts to 2023-07-10T00:00:00+00:00, run_after=2023-07-11T00:00:00+00:00
[2023-07-10T15:48:04.955+0000] {processor.py:179} INFO - Processing /opt/airflow/dags/search_posts.py took 0.203 seconds
[2023-07-10T15:48:35.463+0000] {processor.py:157} INFO - Started process (PID=578) to work on /opt/airflow/dags/search_posts.py
[2023-07-10T15:48:35.466+0000] {processor.py:826} INFO - Processing file /opt/airflow/dags/search_posts.py for tasks to queue
[2023-07-10T15:48:35.475+0000] {logging_mixin.py:149} INFO - [2023-07-10T15:48:35.475+0000] {dagbag.py:541} INFO - Filling up the DagBag from /opt/airflow/dags/search_posts.py
[2023-07-10T15:48:35.535+0000] {processor.py:836} INFO - DAG(s) dict_keys(['search_posts']) retrieved from /opt/airflow/dags/search_posts.py
[2023-07-10T15:48:35.637+0000] {logging_mixin.py:149} INFO - [2023-07-10T15:48:35.636+0000] {dag.py:2726} INFO - Sync 1 DAGs
[2023-07-10T15:48:35.711+0000] {logging_mixin.py:149} INFO - [2023-07-10T15:48:35.711+0000] {dag.py:3490} INFO - Setting next_dagrun for search_posts to 2023-07-10T00:00:00+00:00, run_after=2023-07-11T00:00:00+00:00
[2023-07-10T15:48:35.756+0000] {processor.py:179} INFO - Processing /opt/airflow/dags/search_posts.py took 0.305 seconds
[2023-07-10T15:49:05.982+0000] {processor.py:157} INFO - Started process (PID=588) to work on /opt/airflow/dags/search_posts.py
[2023-07-10T15:49:05.985+0000] {processor.py:826} INFO - Processing file /opt/airflow/dags/search_posts.py for tasks to queue
[2023-07-10T15:49:05.994+0000] {logging_mixin.py:149} INFO - [2023-07-10T15:49:05.994+0000] {dagbag.py:541} INFO - Filling up the DagBag from /opt/airflow/dags/search_posts.py
[2023-07-10T15:49:06.047+0000] {processor.py:836} INFO - DAG(s) dict_keys(['search_posts']) retrieved from /opt/airflow/dags/search_posts.py
[2023-07-10T15:49:06.104+0000] {logging_mixin.py:149} INFO - [2023-07-10T15:49:06.103+0000] {dag.py:2726} INFO - Sync 1 DAGs
[2023-07-10T15:49:06.159+0000] {logging_mixin.py:149} INFO - [2023-07-10T15:49:06.159+0000] {dag.py:3490} INFO - Setting next_dagrun for search_posts to 2023-07-10T00:00:00+00:00, run_after=2023-07-11T00:00:00+00:00
[2023-07-10T15:49:06.203+0000] {processor.py:179} INFO - Processing /opt/airflow/dags/search_posts.py took 0.231 seconds
[2023-07-10T15:49:36.828+0000] {processor.py:157} INFO - Started process (PID=597) to work on /opt/airflow/dags/search_posts.py
[2023-07-10T15:49:36.833+0000] {processor.py:826} INFO - Processing file /opt/airflow/dags/search_posts.py for tasks to queue
[2023-07-10T15:49:36.840+0000] {logging_mixin.py:149} INFO - [2023-07-10T15:49:36.840+0000] {dagbag.py:541} INFO - Filling up the DagBag from /opt/airflow/dags/search_posts.py
[2023-07-10T15:49:36.896+0000] {processor.py:836} INFO - DAG(s) dict_keys(['search_posts']) retrieved from /opt/airflow/dags/search_posts.py
[2023-07-10T15:49:36.955+0000] {logging_mixin.py:149} INFO - [2023-07-10T15:49:36.954+0000] {dag.py:2726} INFO - Sync 1 DAGs
[2023-07-10T15:49:37.008+0000] {logging_mixin.py:149} INFO - [2023-07-10T15:49:37.008+0000] {dag.py:3490} INFO - Setting next_dagrun for search_posts to 2023-07-10T00:00:00+00:00, run_after=2023-07-11T00:00:00+00:00
[2023-07-10T15:49:37.045+0000] {processor.py:179} INFO - Processing /opt/airflow/dags/search_posts.py took 0.230 seconds
[2023-07-10T15:50:07.602+0000] {processor.py:157} INFO - Started process (PID=607) to work on /opt/airflow/dags/search_posts.py
[2023-07-10T15:50:07.605+0000] {processor.py:826} INFO - Processing file /opt/airflow/dags/search_posts.py for tasks to queue
[2023-07-10T15:50:07.618+0000] {logging_mixin.py:149} INFO - [2023-07-10T15:50:07.617+0000] {dagbag.py:541} INFO - Filling up the DagBag from /opt/airflow/dags/search_posts.py
[2023-07-10T15:50:07.701+0000] {processor.py:836} INFO - DAG(s) dict_keys(['search_posts']) retrieved from /opt/airflow/dags/search_posts.py
[2023-07-10T15:50:07.767+0000] {logging_mixin.py:149} INFO - [2023-07-10T15:50:07.766+0000] {dag.py:2726} INFO - Sync 1 DAGs
[2023-07-10T15:50:07.871+0000] {logging_mixin.py:149} INFO - [2023-07-10T15:50:07.871+0000] {dag.py:3490} INFO - Setting next_dagrun for search_posts to 2023-07-10T00:00:00+00:00, run_after=2023-07-11T00:00:00+00:00
[2023-07-10T15:50:07.911+0000] {processor.py:179} INFO - Processing /opt/airflow/dags/search_posts.py took 0.323 seconds
[2023-07-10T15:50:38.525+0000] {processor.py:157} INFO - Started process (PID=617) to work on /opt/airflow/dags/search_posts.py
[2023-07-10T15:50:38.528+0000] {processor.py:826} INFO - Processing file /opt/airflow/dags/search_posts.py for tasks to queue
[2023-07-10T15:50:38.536+0000] {logging_mixin.py:149} INFO - [2023-07-10T15:50:38.536+0000] {dagbag.py:541} INFO - Filling up the DagBag from /opt/airflow/dags/search_posts.py
[2023-07-10T15:50:38.576+0000] {processor.py:836} INFO - DAG(s) dict_keys(['search_posts']) retrieved from /opt/airflow/dags/search_posts.py
[2023-07-10T15:50:38.632+0000] {logging_mixin.py:149} INFO - [2023-07-10T15:50:38.631+0000] {dag.py:2726} INFO - Sync 1 DAGs
[2023-07-10T15:50:38.698+0000] {logging_mixin.py:149} INFO - [2023-07-10T15:50:38.697+0000] {dag.py:3490} INFO - Setting next_dagrun for search_posts to 2023-07-10T00:00:00+00:00, run_after=2023-07-11T00:00:00+00:00
[2023-07-10T15:50:38.774+0000] {processor.py:179} INFO - Processing /opt/airflow/dags/search_posts.py took 0.259 seconds
[2023-07-10T15:51:09.398+0000] {processor.py:157} INFO - Started process (PID=627) to work on /opt/airflow/dags/search_posts.py
[2023-07-10T15:51:09.401+0000] {processor.py:826} INFO - Processing file /opt/airflow/dags/search_posts.py for tasks to queue
[2023-07-10T15:51:09.409+0000] {logging_mixin.py:149} INFO - [2023-07-10T15:51:09.409+0000] {dagbag.py:541} INFO - Filling up the DagBag from /opt/airflow/dags/search_posts.py
[2023-07-10T15:51:09.450+0000] {processor.py:836} INFO - DAG(s) dict_keys(['search_posts']) retrieved from /opt/airflow/dags/search_posts.py
[2023-07-10T15:51:09.502+0000] {logging_mixin.py:149} INFO - [2023-07-10T15:51:09.501+0000] {dag.py:2726} INFO - Sync 1 DAGs
[2023-07-10T15:51:09.562+0000] {logging_mixin.py:149} INFO - [2023-07-10T15:51:09.562+0000] {dag.py:3490} INFO - Setting next_dagrun for search_posts to 2023-07-10T00:00:00+00:00, run_after=2023-07-11T00:00:00+00:00
[2023-07-10T15:51:09.605+0000] {processor.py:179} INFO - Processing /opt/airflow/dags/search_posts.py took 0.217 seconds
[2023-07-10T15:51:40.005+0000] {processor.py:157} INFO - Started process (PID=637) to work on /opt/airflow/dags/search_posts.py
[2023-07-10T15:51:40.009+0000] {processor.py:826} INFO - Processing file /opt/airflow/dags/search_posts.py for tasks to queue
[2023-07-10T15:51:40.015+0000] {logging_mixin.py:149} INFO - [2023-07-10T15:51:40.015+0000] {dagbag.py:541} INFO - Filling up the DagBag from /opt/airflow/dags/search_posts.py
[2023-07-10T15:51:40.073+0000] {processor.py:836} INFO - DAG(s) dict_keys(['search_posts']) retrieved from /opt/airflow/dags/search_posts.py
[2023-07-10T15:51:40.130+0000] {logging_mixin.py:149} INFO - [2023-07-10T15:51:40.129+0000] {dag.py:2726} INFO - Sync 1 DAGs
[2023-07-10T15:51:40.198+0000] {logging_mixin.py:149} INFO - [2023-07-10T15:51:40.198+0000] {dag.py:3490} INFO - Setting next_dagrun for search_posts to 2023-07-10T00:00:00+00:00, run_after=2023-07-11T00:00:00+00:00
[2023-07-10T15:51:40.243+0000] {processor.py:179} INFO - Processing /opt/airflow/dags/search_posts.py took 0.253 seconds
[2023-07-10T15:52:10.830+0000] {processor.py:157} INFO - Started process (PID=647) to work on /opt/airflow/dags/search_posts.py
[2023-07-10T15:52:10.835+0000] {processor.py:826} INFO - Processing file /opt/airflow/dags/search_posts.py for tasks to queue
[2023-07-10T15:52:10.844+0000] {logging_mixin.py:149} INFO - [2023-07-10T15:52:10.844+0000] {dagbag.py:541} INFO - Filling up the DagBag from /opt/airflow/dags/search_posts.py
[2023-07-10T15:52:10.908+0000] {processor.py:836} INFO - DAG(s) dict_keys(['search_posts']) retrieved from /opt/airflow/dags/search_posts.py
[2023-07-10T15:52:10.993+0000] {logging_mixin.py:149} INFO - [2023-07-10T15:52:10.991+0000] {dag.py:2726} INFO - Sync 1 DAGs
[2023-07-10T15:52:11.075+0000] {logging_mixin.py:149} INFO - [2023-07-10T15:52:11.075+0000] {dag.py:3490} INFO - Setting next_dagrun for search_posts to 2023-07-10T00:00:00+00:00, run_after=2023-07-11T00:00:00+00:00
[2023-07-10T15:52:11.117+0000] {processor.py:179} INFO - Processing /opt/airflow/dags/search_posts.py took 0.299 seconds
[2023-07-10T15:52:41.460+0000] {processor.py:157} INFO - Started process (PID=664) to work on /opt/airflow/dags/search_posts.py
[2023-07-10T15:52:41.463+0000] {processor.py:826} INFO - Processing file /opt/airflow/dags/search_posts.py for tasks to queue
[2023-07-10T15:52:41.468+0000] {logging_mixin.py:149} INFO - [2023-07-10T15:52:41.468+0000] {dagbag.py:541} INFO - Filling up the DagBag from /opt/airflow/dags/search_posts.py
[2023-07-10T15:52:41.526+0000] {processor.py:836} INFO - DAG(s) dict_keys(['search_posts']) retrieved from /opt/airflow/dags/search_posts.py
[2023-07-10T15:52:41.591+0000] {logging_mixin.py:149} INFO - [2023-07-10T15:52:41.590+0000] {dag.py:2726} INFO - Sync 1 DAGs
[2023-07-10T15:52:41.652+0000] {logging_mixin.py:149} INFO - [2023-07-10T15:52:41.651+0000] {dag.py:3490} INFO - Setting next_dagrun for search_posts to 2023-07-10T00:00:00+00:00, run_after=2023-07-11T00:00:00+00:00
[2023-07-10T15:52:41.700+0000] {processor.py:179} INFO - Processing /opt/airflow/dags/search_posts.py took 0.261 seconds
[2023-07-10T15:53:12.209+0000] {processor.py:157} INFO - Started process (PID=674) to work on /opt/airflow/dags/search_posts.py
[2023-07-10T15:53:12.211+0000] {processor.py:826} INFO - Processing file /opt/airflow/dags/search_posts.py for tasks to queue
[2023-07-10T15:53:12.222+0000] {logging_mixin.py:149} INFO - [2023-07-10T15:53:12.221+0000] {dagbag.py:541} INFO - Filling up the DagBag from /opt/airflow/dags/search_posts.py
[2023-07-10T15:53:12.273+0000] {processor.py:836} INFO - DAG(s) dict_keys(['search_posts']) retrieved from /opt/airflow/dags/search_posts.py
[2023-07-10T15:53:12.333+0000] {logging_mixin.py:149} INFO - [2023-07-10T15:53:12.332+0000] {dag.py:2726} INFO - Sync 1 DAGs
[2023-07-10T15:53:12.398+0000] {logging_mixin.py:149} INFO - [2023-07-10T15:53:12.398+0000] {dag.py:3490} INFO - Setting next_dagrun for search_posts to 2023-07-10T00:00:00+00:00, run_after=2023-07-11T00:00:00+00:00
[2023-07-10T15:53:12.438+0000] {processor.py:179} INFO - Processing /opt/airflow/dags/search_posts.py took 0.239 seconds
[2023-07-10T15:53:42.877+0000] {processor.py:157} INFO - Started process (PID=684) to work on /opt/airflow/dags/search_posts.py
[2023-07-10T15:53:42.879+0000] {processor.py:826} INFO - Processing file /opt/airflow/dags/search_posts.py for tasks to queue
[2023-07-10T15:53:42.885+0000] {logging_mixin.py:149} INFO - [2023-07-10T15:53:42.884+0000] {dagbag.py:541} INFO - Filling up the DagBag from /opt/airflow/dags/search_posts.py
[2023-07-10T15:53:42.940+0000] {processor.py:836} INFO - DAG(s) dict_keys(['search_posts']) retrieved from /opt/airflow/dags/search_posts.py
[2023-07-10T15:53:43.001+0000] {logging_mixin.py:149} INFO - [2023-07-10T15:53:43.000+0000] {dag.py:2726} INFO - Sync 1 DAGs
[2023-07-10T15:53:43.057+0000] {logging_mixin.py:149} INFO - [2023-07-10T15:53:43.056+0000] {dag.py:3490} INFO - Setting next_dagrun for search_posts to 2023-07-10T00:00:00+00:00, run_after=2023-07-11T00:00:00+00:00
[2023-07-10T15:53:43.101+0000] {processor.py:179} INFO - Processing /opt/airflow/dags/search_posts.py took 0.236 seconds
[2023-07-10T15:54:13.604+0000] {processor.py:157} INFO - Started process (PID=694) to work on /opt/airflow/dags/search_posts.py
[2023-07-10T15:54:13.612+0000] {processor.py:826} INFO - Processing file /opt/airflow/dags/search_posts.py for tasks to queue
[2023-07-10T15:54:13.619+0000] {logging_mixin.py:149} INFO - [2023-07-10T15:54:13.619+0000] {dagbag.py:541} INFO - Filling up the DagBag from /opt/airflow/dags/search_posts.py
[2023-07-10T15:54:13.676+0000] {processor.py:836} INFO - DAG(s) dict_keys(['search_posts']) retrieved from /opt/airflow/dags/search_posts.py
[2023-07-10T15:54:13.736+0000] {logging_mixin.py:149} INFO - [2023-07-10T15:54:13.735+0000] {dag.py:2726} INFO - Sync 1 DAGs
[2023-07-10T15:54:13.798+0000] {logging_mixin.py:149} INFO - [2023-07-10T15:54:13.797+0000] {dag.py:3490} INFO - Setting next_dagrun for search_posts to 2023-07-10T00:00:00+00:00, run_after=2023-07-11T00:00:00+00:00
[2023-07-10T15:54:13.846+0000] {processor.py:179} INFO - Processing /opt/airflow/dags/search_posts.py took 0.257 seconds
[2023-07-10T15:54:44.418+0000] {processor.py:157} INFO - Started process (PID=704) to work on /opt/airflow/dags/search_posts.py
[2023-07-10T15:54:44.421+0000] {processor.py:826} INFO - Processing file /opt/airflow/dags/search_posts.py for tasks to queue
[2023-07-10T15:54:44.428+0000] {logging_mixin.py:149} INFO - [2023-07-10T15:54:44.427+0000] {dagbag.py:541} INFO - Filling up the DagBag from /opt/airflow/dags/search_posts.py
[2023-07-10T15:54:44.487+0000] {processor.py:836} INFO - DAG(s) dict_keys(['search_posts']) retrieved from /opt/airflow/dags/search_posts.py
[2023-07-10T15:54:44.561+0000] {logging_mixin.py:149} INFO - [2023-07-10T15:54:44.560+0000] {dag.py:2726} INFO - Sync 1 DAGs
[2023-07-10T15:54:44.632+0000] {logging_mixin.py:149} INFO - [2023-07-10T15:54:44.632+0000] {dag.py:3490} INFO - Setting next_dagrun for search_posts to 2023-07-10T00:00:00+00:00, run_after=2023-07-11T00:00:00+00:00
[2023-07-10T15:54:44.681+0000] {processor.py:179} INFO - Processing /opt/airflow/dags/search_posts.py took 0.279 seconds
[2023-07-10T15:55:15.159+0000] {processor.py:157} INFO - Started process (PID=714) to work on /opt/airflow/dags/search_posts.py
[2023-07-10T15:55:15.161+0000] {processor.py:826} INFO - Processing file /opt/airflow/dags/search_posts.py for tasks to queue
[2023-07-10T15:55:15.167+0000] {logging_mixin.py:149} INFO - [2023-07-10T15:55:15.167+0000] {dagbag.py:541} INFO - Filling up the DagBag from /opt/airflow/dags/search_posts.py
[2023-07-10T15:55:15.205+0000] {processor.py:836} INFO - DAG(s) dict_keys(['search_posts']) retrieved from /opt/airflow/dags/search_posts.py
[2023-07-10T15:55:15.261+0000] {logging_mixin.py:149} INFO - [2023-07-10T15:55:15.260+0000] {dag.py:2726} INFO - Sync 1 DAGs
[2023-07-10T15:55:15.318+0000] {logging_mixin.py:149} INFO - [2023-07-10T15:55:15.318+0000] {dag.py:3490} INFO - Setting next_dagrun for search_posts to 2023-07-10T00:00:00+00:00, run_after=2023-07-11T00:00:00+00:00
[2023-07-10T15:55:15.357+0000] {processor.py:179} INFO - Processing /opt/airflow/dags/search_posts.py took 0.206 seconds
[2023-07-10T15:55:45.892+0000] {processor.py:157} INFO - Started process (PID=724) to work on /opt/airflow/dags/search_posts.py
[2023-07-10T15:55:45.896+0000] {processor.py:826} INFO - Processing file /opt/airflow/dags/search_posts.py for tasks to queue
[2023-07-10T15:55:45.901+0000] {logging_mixin.py:149} INFO - [2023-07-10T15:55:45.901+0000] {dagbag.py:541} INFO - Filling up the DagBag from /opt/airflow/dags/search_posts.py
[2023-07-10T15:55:45.948+0000] {processor.py:836} INFO - DAG(s) dict_keys(['search_posts']) retrieved from /opt/airflow/dags/search_posts.py
[2023-07-10T15:55:46.005+0000] {logging_mixin.py:149} INFO - [2023-07-10T15:55:46.004+0000] {dag.py:2726} INFO - Sync 1 DAGs
[2023-07-10T15:55:46.086+0000] {logging_mixin.py:149} INFO - [2023-07-10T15:55:46.086+0000] {dag.py:3490} INFO - Setting next_dagrun for search_posts to 2023-07-10T00:00:00+00:00, run_after=2023-07-11T00:00:00+00:00
[2023-07-10T15:55:46.119+0000] {processor.py:179} INFO - Processing /opt/airflow/dags/search_posts.py took 0.233 seconds
[2023-07-10T15:56:16.819+0000] {processor.py:157} INFO - Started process (PID=734) to work on /opt/airflow/dags/search_posts.py
[2023-07-10T15:56:16.822+0000] {processor.py:826} INFO - Processing file /opt/airflow/dags/search_posts.py for tasks to queue
[2023-07-10T15:56:16.832+0000] {logging_mixin.py:149} INFO - [2023-07-10T15:56:16.831+0000] {dagbag.py:541} INFO - Filling up the DagBag from /opt/airflow/dags/search_posts.py
[2023-07-10T15:56:16.949+0000] {processor.py:836} INFO - DAG(s) dict_keys(['search_posts']) retrieved from /opt/airflow/dags/search_posts.py
[2023-07-10T15:56:17.021+0000] {logging_mixin.py:149} INFO - [2023-07-10T15:56:17.020+0000] {dag.py:2726} INFO - Sync 1 DAGs
[2023-07-10T15:56:17.093+0000] {logging_mixin.py:149} INFO - [2023-07-10T15:56:17.093+0000] {dag.py:3490} INFO - Setting next_dagrun for search_posts to 2023-07-10T00:00:00+00:00, run_after=2023-07-11T00:00:00+00:00
[2023-07-10T15:56:17.138+0000] {processor.py:179} INFO - Processing /opt/airflow/dags/search_posts.py took 0.328 seconds
[2023-07-10T15:56:47.583+0000] {processor.py:157} INFO - Started process (PID=745) to work on /opt/airflow/dags/search_posts.py
[2023-07-10T15:56:47.585+0000] {processor.py:826} INFO - Processing file /opt/airflow/dags/search_posts.py for tasks to queue
[2023-07-10T15:56:47.591+0000] {logging_mixin.py:149} INFO - [2023-07-10T15:56:47.591+0000] {dagbag.py:541} INFO - Filling up the DagBag from /opt/airflow/dags/search_posts.py
[2023-07-10T15:56:47.633+0000] {processor.py:836} INFO - DAG(s) dict_keys(['search_posts']) retrieved from /opt/airflow/dags/search_posts.py
[2023-07-10T15:56:47.694+0000] {logging_mixin.py:149} INFO - [2023-07-10T15:56:47.693+0000] {dag.py:2726} INFO - Sync 1 DAGs
[2023-07-10T15:56:47.773+0000] {logging_mixin.py:149} INFO - [2023-07-10T15:56:47.772+0000] {dag.py:3490} INFO - Setting next_dagrun for search_posts to 2023-07-10T00:00:00+00:00, run_after=2023-07-11T00:00:00+00:00
[2023-07-10T15:56:47.818+0000] {processor.py:179} INFO - Processing /opt/airflow/dags/search_posts.py took 0.248 seconds
[2023-07-10T15:57:18.534+0000] {processor.py:157} INFO - Started process (PID=756) to work on /opt/airflow/dags/search_posts.py
[2023-07-10T15:57:18.538+0000] {processor.py:826} INFO - Processing file /opt/airflow/dags/search_posts.py for tasks to queue
[2023-07-10T15:57:18.546+0000] {logging_mixin.py:149} INFO - [2023-07-10T15:57:18.546+0000] {dagbag.py:541} INFO - Filling up the DagBag from /opt/airflow/dags/search_posts.py
[2023-07-10T15:57:18.599+0000] {processor.py:836} INFO - DAG(s) dict_keys(['search_posts']) retrieved from /opt/airflow/dags/search_posts.py
[2023-07-10T15:57:18.655+0000] {logging_mixin.py:149} INFO - [2023-07-10T15:57:18.654+0000] {dag.py:2726} INFO - Sync 1 DAGs
[2023-07-10T15:57:18.713+0000] {logging_mixin.py:149} INFO - [2023-07-10T15:57:18.713+0000] {dag.py:3490} INFO - Setting next_dagrun for search_posts to 2023-07-10T00:00:00+00:00, run_after=2023-07-11T00:00:00+00:00
[2023-07-10T15:57:18.752+0000] {processor.py:179} INFO - Processing /opt/airflow/dags/search_posts.py took 0.228 seconds
[2023-07-10T15:57:49.333+0000] {processor.py:157} INFO - Started process (PID=767) to work on /opt/airflow/dags/search_posts.py
[2023-07-10T15:57:49.335+0000] {processor.py:826} INFO - Processing file /opt/airflow/dags/search_posts.py for tasks to queue
[2023-07-10T15:57:49.342+0000] {logging_mixin.py:149} INFO - [2023-07-10T15:57:49.341+0000] {dagbag.py:541} INFO - Filling up the DagBag from /opt/airflow/dags/search_posts.py
[2023-07-10T15:57:49.384+0000] {processor.py:836} INFO - DAG(s) dict_keys(['search_posts']) retrieved from /opt/airflow/dags/search_posts.py
[2023-07-10T15:57:49.440+0000] {logging_mixin.py:149} INFO - [2023-07-10T15:57:49.439+0000] {dag.py:2726} INFO - Sync 1 DAGs
[2023-07-10T15:57:49.500+0000] {logging_mixin.py:149} INFO - [2023-07-10T15:57:49.499+0000] {dag.py:3490} INFO - Setting next_dagrun for search_posts to 2023-07-10T00:00:00+00:00, run_after=2023-07-11T00:00:00+00:00
[2023-07-10T15:57:49.541+0000] {processor.py:179} INFO - Processing /opt/airflow/dags/search_posts.py took 0.219 seconds
[2023-07-10T15:58:20.081+0000] {processor.py:157} INFO - Started process (PID=777) to work on /opt/airflow/dags/search_posts.py
[2023-07-10T15:58:20.084+0000] {processor.py:826} INFO - Processing file /opt/airflow/dags/search_posts.py for tasks to queue
[2023-07-10T15:58:20.091+0000] {logging_mixin.py:149} INFO - [2023-07-10T15:58:20.091+0000] {dagbag.py:541} INFO - Filling up the DagBag from /opt/airflow/dags/search_posts.py
[2023-07-10T15:58:20.138+0000] {processor.py:836} INFO - DAG(s) dict_keys(['search_posts']) retrieved from /opt/airflow/dags/search_posts.py
[2023-07-10T15:58:20.198+0000] {logging_mixin.py:149} INFO - [2023-07-10T15:58:20.197+0000] {dag.py:2726} INFO - Sync 1 DAGs
[2023-07-10T15:58:20.252+0000] {logging_mixin.py:149} INFO - [2023-07-10T15:58:20.251+0000] {dag.py:3490} INFO - Setting next_dagrun for search_posts to 2023-07-10T00:00:00+00:00, run_after=2023-07-11T00:00:00+00:00
[2023-07-10T15:58:20.294+0000] {processor.py:179} INFO - Processing /opt/airflow/dags/search_posts.py took 0.221 seconds
[2023-07-10T15:58:50.763+0000] {processor.py:157} INFO - Started process (PID=788) to work on /opt/airflow/dags/search_posts.py
[2023-07-10T15:58:50.765+0000] {processor.py:826} INFO - Processing file /opt/airflow/dags/search_posts.py for tasks to queue
[2023-07-10T15:58:50.774+0000] {logging_mixin.py:149} INFO - [2023-07-10T15:58:50.773+0000] {dagbag.py:541} INFO - Filling up the DagBag from /opt/airflow/dags/search_posts.py
[2023-07-10T15:58:50.824+0000] {processor.py:836} INFO - DAG(s) dict_keys(['search_posts']) retrieved from /opt/airflow/dags/search_posts.py
[2023-07-10T15:58:50.887+0000] {logging_mixin.py:149} INFO - [2023-07-10T15:58:50.886+0000] {dag.py:2726} INFO - Sync 1 DAGs
[2023-07-10T15:58:50.950+0000] {logging_mixin.py:149} INFO - [2023-07-10T15:58:50.950+0000] {dag.py:3490} INFO - Setting next_dagrun for search_posts to 2023-07-10T00:00:00+00:00, run_after=2023-07-11T00:00:00+00:00
[2023-07-10T15:58:50.993+0000] {processor.py:179} INFO - Processing /opt/airflow/dags/search_posts.py took 0.244 seconds
[2023-07-10T15:59:21.535+0000] {processor.py:157} INFO - Started process (PID=799) to work on /opt/airflow/dags/search_posts.py
[2023-07-10T15:59:21.539+0000] {processor.py:826} INFO - Processing file /opt/airflow/dags/search_posts.py for tasks to queue
[2023-07-10T15:59:21.553+0000] {logging_mixin.py:149} INFO - [2023-07-10T15:59:21.551+0000] {dagbag.py:541} INFO - Filling up the DagBag from /opt/airflow/dags/search_posts.py
[2023-07-10T15:59:21.628+0000] {processor.py:836} INFO - DAG(s) dict_keys(['search_posts']) retrieved from /opt/airflow/dags/search_posts.py
[2023-07-10T15:59:21.687+0000] {logging_mixin.py:149} INFO - [2023-07-10T15:59:21.686+0000] {dag.py:2726} INFO - Sync 1 DAGs
[2023-07-10T15:59:21.748+0000] {logging_mixin.py:149} INFO - [2023-07-10T15:59:21.748+0000] {dag.py:3490} INFO - Setting next_dagrun for search_posts to 2023-07-10T00:00:00+00:00, run_after=2023-07-11T00:00:00+00:00
[2023-07-10T15:59:21.790+0000] {processor.py:179} INFO - Processing /opt/airflow/dags/search_posts.py took 0.269 seconds
[2023-07-10T15:59:52.241+0000] {processor.py:157} INFO - Started process (PID=808) to work on /opt/airflow/dags/search_posts.py
[2023-07-10T15:59:52.245+0000] {processor.py:826} INFO - Processing file /opt/airflow/dags/search_posts.py for tasks to queue
[2023-07-10T15:59:52.254+0000] {logging_mixin.py:149} INFO - [2023-07-10T15:59:52.254+0000] {dagbag.py:541} INFO - Filling up the DagBag from /opt/airflow/dags/search_posts.py
[2023-07-10T15:59:52.305+0000] {processor.py:836} INFO - DAG(s) dict_keys(['search_posts']) retrieved from /opt/airflow/dags/search_posts.py
[2023-07-10T15:59:52.365+0000] {logging_mixin.py:149} INFO - [2023-07-10T15:59:52.364+0000] {dag.py:2726} INFO - Sync 1 DAGs
[2023-07-10T15:59:52.428+0000] {logging_mixin.py:149} INFO - [2023-07-10T15:59:52.426+0000] {dag.py:3490} INFO - Setting next_dagrun for search_posts to 2023-07-10T00:00:00+00:00, run_after=2023-07-11T00:00:00+00:00
[2023-07-10T15:59:52.479+0000] {processor.py:179} INFO - Processing /opt/airflow/dags/search_posts.py took 0.248 seconds
[2023-07-10T16:00:22.941+0000] {processor.py:157} INFO - Started process (PID=818) to work on /opt/airflow/dags/search_posts.py
[2023-07-10T16:00:22.948+0000] {processor.py:826} INFO - Processing file /opt/airflow/dags/search_posts.py for tasks to queue
[2023-07-10T16:00:22.959+0000] {logging_mixin.py:149} INFO - [2023-07-10T16:00:22.959+0000] {dagbag.py:541} INFO - Filling up the DagBag from /opt/airflow/dags/search_posts.py
[2023-07-10T16:00:23.020+0000] {processor.py:836} INFO - DAG(s) dict_keys(['search_posts']) retrieved from /opt/airflow/dags/search_posts.py
[2023-07-10T16:00:23.089+0000] {logging_mixin.py:149} INFO - [2023-07-10T16:00:23.088+0000] {dag.py:2726} INFO - Sync 1 DAGs
[2023-07-10T16:00:23.152+0000] {logging_mixin.py:149} INFO - [2023-07-10T16:00:23.152+0000] {dag.py:3490} INFO - Setting next_dagrun for search_posts to 2023-07-10T00:00:00+00:00, run_after=2023-07-11T00:00:00+00:00
[2023-07-10T16:00:23.195+0000] {processor.py:179} INFO - Processing /opt/airflow/dags/search_posts.py took 0.269 seconds
[2023-07-10T16:00:53.645+0000] {processor.py:157} INFO - Started process (PID=828) to work on /opt/airflow/dags/search_posts.py
[2023-07-10T16:00:53.649+0000] {processor.py:826} INFO - Processing file /opt/airflow/dags/search_posts.py for tasks to queue
[2023-07-10T16:00:53.656+0000] {logging_mixin.py:149} INFO - [2023-07-10T16:00:53.656+0000] {dagbag.py:541} INFO - Filling up the DagBag from /opt/airflow/dags/search_posts.py
[2023-07-10T16:00:53.711+0000] {processor.py:836} INFO - DAG(s) dict_keys(['search_posts']) retrieved from /opt/airflow/dags/search_posts.py
[2023-07-10T16:00:53.766+0000] {logging_mixin.py:149} INFO - [2023-07-10T16:00:53.765+0000] {dag.py:2726} INFO - Sync 1 DAGs
[2023-07-10T16:00:53.830+0000] {logging_mixin.py:149} INFO - [2023-07-10T16:00:53.830+0000] {dag.py:3490} INFO - Setting next_dagrun for search_posts to 2023-07-10T00:00:00+00:00, run_after=2023-07-11T00:00:00+00:00
[2023-07-10T16:00:53.875+0000] {processor.py:179} INFO - Processing /opt/airflow/dags/search_posts.py took 0.243 seconds
