[2023-07-10T15:21:10.005+0000] {processor.py:157} INFO - Started process (PID=44) to work on /opt/airflow/dags/update_post_exposure.py
[2023-07-10T15:21:10.019+0000] {processor.py:826} INFO - Processing file /opt/airflow/dags/update_post_exposure.py for tasks to queue
[2023-07-10T15:21:10.045+0000] {logging_mixin.py:149} INFO - [2023-07-10T15:21:10.045+0000] {dagbag.py:541} INFO - Filling up the DagBag from /opt/airflow/dags/update_post_exposure.py
[2023-07-10T15:21:10.213+0000] {processor.py:836} INFO - DAG(s) dict_keys(['update_post_exposure']) retrieved from /opt/airflow/dags/update_post_exposure.py
[2023-07-10T15:21:11.820+0000] {logging_mixin.py:149} INFO - [2023-07-10T15:21:11.819+0000] {dag.py:2726} INFO - Sync 1 DAGs
[2023-07-10T15:21:12.140+0000] {logging_mixin.py:149} INFO - [2023-07-10T15:21:12.140+0000] {dag.py:3490} INFO - Setting next_dagrun for update_post_exposure to 2023-07-09T00:00:00+00:00, run_after=2023-07-10T00:00:00+00:00
[2023-07-10T15:21:12.303+0000] {processor.py:179} INFO - Processing /opt/airflow/dags/update_post_exposure.py took 2.332 seconds
[2023-07-10T15:21:42.758+0000] {processor.py:157} INFO - Started process (PID=54) to work on /opt/airflow/dags/update_post_exposure.py
[2023-07-10T15:21:42.767+0000] {processor.py:826} INFO - Processing file /opt/airflow/dags/update_post_exposure.py for tasks to queue
[2023-07-10T15:21:42.782+0000] {logging_mixin.py:149} INFO - [2023-07-10T15:21:42.782+0000] {dagbag.py:541} INFO - Filling up the DagBag from /opt/airflow/dags/update_post_exposure.py
[2023-07-10T15:21:42.931+0000] {processor.py:836} INFO - DAG(s) dict_keys(['update_post_exposure']) retrieved from /opt/airflow/dags/update_post_exposure.py
[2023-07-10T15:21:43.184+0000] {logging_mixin.py:149} INFO - [2023-07-10T15:21:43.183+0000] {dag.py:2726} INFO - Sync 1 DAGs
[2023-07-10T15:21:43.500+0000] {logging_mixin.py:149} INFO - [2023-07-10T15:21:43.500+0000] {dag.py:3490} INFO - Setting next_dagrun for update_post_exposure to 2023-07-09T00:00:00+00:00, run_after=2023-07-10T00:00:00+00:00
[2023-07-10T15:21:43.582+0000] {processor.py:179} INFO - Processing /opt/airflow/dags/update_post_exposure.py took 0.868 seconds
[2023-07-10T15:22:14.846+0000] {processor.py:157} INFO - Started process (PID=63) to work on /opt/airflow/dags/update_post_exposure.py
[2023-07-10T15:22:14.875+0000] {processor.py:826} INFO - Processing file /opt/airflow/dags/update_post_exposure.py for tasks to queue
[2023-07-10T15:22:14.933+0000] {logging_mixin.py:149} INFO - [2023-07-10T15:22:14.932+0000] {dagbag.py:541} INFO - Filling up the DagBag from /opt/airflow/dags/update_post_exposure.py
[2023-07-10T15:22:15.620+0000] {processor.py:836} INFO - DAG(s) dict_keys(['update_post_exposure']) retrieved from /opt/airflow/dags/update_post_exposure.py
[2023-07-10T15:22:16.393+0000] {logging_mixin.py:149} INFO - [2023-07-10T15:22:16.368+0000] {dag.py:2726} INFO - Sync 1 DAGs
[2023-07-10T15:22:17.087+0000] {logging_mixin.py:149} INFO - [2023-07-10T15:22:17.086+0000] {dag.py:3490} INFO - Setting next_dagrun for update_post_exposure to 2023-07-09T00:00:00+00:00, run_after=2023-07-10T00:00:00+00:00
[2023-07-10T15:22:17.709+0000] {processor.py:179} INFO - Processing /opt/airflow/dags/update_post_exposure.py took 3.391 seconds
[2023-07-10T15:22:48.271+0000] {processor.py:157} INFO - Started process (PID=73) to work on /opt/airflow/dags/update_post_exposure.py
[2023-07-10T15:22:48.288+0000] {processor.py:826} INFO - Processing file /opt/airflow/dags/update_post_exposure.py for tasks to queue
[2023-07-10T15:22:48.334+0000] {logging_mixin.py:149} INFO - [2023-07-10T15:22:48.334+0000] {dagbag.py:541} INFO - Filling up the DagBag from /opt/airflow/dags/update_post_exposure.py
[2023-07-10T15:22:48.707+0000] {processor.py:836} INFO - DAG(s) dict_keys(['update_post_exposure']) retrieved from /opt/airflow/dags/update_post_exposure.py
[2023-07-10T15:22:49.456+0000] {logging_mixin.py:149} INFO - [2023-07-10T15:22:49.431+0000] {dag.py:2726} INFO - Sync 1 DAGs
[2023-07-10T15:22:50.446+0000] {logging_mixin.py:149} INFO - [2023-07-10T15:22:50.445+0000] {dag.py:3490} INFO - Setting next_dagrun for update_post_exposure to 2023-07-09T00:00:00+00:00, run_after=2023-07-10T00:00:00+00:00
[2023-07-10T15:22:50.840+0000] {processor.py:179} INFO - Processing /opt/airflow/dags/update_post_exposure.py took 2.661 seconds
[2023-07-10T15:23:21.580+0000] {processor.py:157} INFO - Started process (PID=84) to work on /opt/airflow/dags/update_post_exposure.py
[2023-07-10T15:23:21.613+0000] {processor.py:826} INFO - Processing file /opt/airflow/dags/update_post_exposure.py for tasks to queue
[2023-07-10T15:23:21.647+0000] {logging_mixin.py:149} INFO - [2023-07-10T15:23:21.646+0000] {dagbag.py:541} INFO - Filling up the DagBag from /opt/airflow/dags/update_post_exposure.py
[2023-07-10T15:23:22.263+0000] {processor.py:836} INFO - DAG(s) dict_keys(['update_post_exposure']) retrieved from /opt/airflow/dags/update_post_exposure.py
[2023-07-10T15:23:22.767+0000] {logging_mixin.py:149} INFO - [2023-07-10T15:23:22.734+0000] {dag.py:2726} INFO - Sync 1 DAGs
[2023-07-10T15:23:23.359+0000] {logging_mixin.py:149} INFO - [2023-07-10T15:23:23.334+0000] {dag.py:3490} INFO - Setting next_dagrun for update_post_exposure to 2023-07-09T00:00:00+00:00, run_after=2023-07-10T00:00:00+00:00
[2023-07-10T15:23:23.675+0000] {processor.py:179} INFO - Processing /opt/airflow/dags/update_post_exposure.py took 2.175 seconds
[2023-07-10T15:23:54.750+0000] {processor.py:157} INFO - Started process (PID=94) to work on /opt/airflow/dags/update_post_exposure.py
[2023-07-10T15:23:54.890+0000] {processor.py:826} INFO - Processing file /opt/airflow/dags/update_post_exposure.py for tasks to queue
[2023-07-10T15:23:54.994+0000] {logging_mixin.py:149} INFO - [2023-07-10T15:23:54.994+0000] {dagbag.py:541} INFO - Filling up the DagBag from /opt/airflow/dags/update_post_exposure.py
[2023-07-10T15:23:55.489+0000] {processor.py:836} INFO - DAG(s) dict_keys(['update_post_exposure']) retrieved from /opt/airflow/dags/update_post_exposure.py
[2023-07-10T15:23:58.377+0000] {logging_mixin.py:149} INFO - [2023-07-10T15:23:58.376+0000] {dag.py:2726} INFO - Sync 1 DAGs
[2023-07-10T15:23:59.505+0000] {logging_mixin.py:149} INFO - [2023-07-10T15:23:59.505+0000] {dag.py:3490} INFO - Setting next_dagrun for update_post_exposure to 2023-07-09T00:00:00+00:00, run_after=2023-07-10T00:00:00+00:00
[2023-07-10T15:23:59.779+0000] {processor.py:179} INFO - Processing /opt/airflow/dags/update_post_exposure.py took 5.399 seconds
[2023-07-10T15:24:30.329+0000] {processor.py:157} INFO - Started process (PID=104) to work on /opt/airflow/dags/update_post_exposure.py
[2023-07-10T15:24:30.387+0000] {processor.py:826} INFO - Processing file /opt/airflow/dags/update_post_exposure.py for tasks to queue
[2023-07-10T15:24:30.461+0000] {logging_mixin.py:149} INFO - [2023-07-10T15:24:30.443+0000] {dagbag.py:541} INFO - Filling up the DagBag from /opt/airflow/dags/update_post_exposure.py
[2023-07-10T15:24:30.635+0000] {processor.py:836} INFO - DAG(s) dict_keys(['update_post_exposure']) retrieved from /opt/airflow/dags/update_post_exposure.py
[2023-07-10T15:24:31.373+0000] {logging_mixin.py:149} INFO - [2023-07-10T15:24:31.303+0000] {dag.py:2726} INFO - Sync 1 DAGs
[2023-07-10T15:24:33.038+0000] {logging_mixin.py:149} INFO - [2023-07-10T15:24:33.037+0000] {dag.py:3490} INFO - Setting next_dagrun for update_post_exposure to 2023-07-09T00:00:00+00:00, run_after=2023-07-10T00:00:00+00:00
[2023-07-10T15:24:33.495+0000] {processor.py:179} INFO - Processing /opt/airflow/dags/update_post_exposure.py took 3.180 seconds
[2023-07-10T15:25:05.088+0000] {processor.py:157} INFO - Started process (PID=121) to work on /opt/airflow/dags/update_post_exposure.py
[2023-07-10T15:25:05.119+0000] {processor.py:826} INFO - Processing file /opt/airflow/dags/update_post_exposure.py for tasks to queue
[2023-07-10T15:25:05.221+0000] {logging_mixin.py:149} INFO - [2023-07-10T15:25:05.221+0000] {dagbag.py:541} INFO - Filling up the DagBag from /opt/airflow/dags/update_post_exposure.py
[2023-07-10T15:25:05.598+0000] {processor.py:836} INFO - DAG(s) dict_keys(['update_post_exposure']) retrieved from /opt/airflow/dags/update_post_exposure.py
[2023-07-10T15:25:09.008+0000] {logging_mixin.py:149} INFO - [2023-07-10T15:25:08.965+0000] {dag.py:2726} INFO - Sync 1 DAGs
[2023-07-10T15:25:10.074+0000] {logging_mixin.py:149} INFO - [2023-07-10T15:25:10.073+0000] {dag.py:3490} INFO - Setting next_dagrun for update_post_exposure to 2023-07-09T00:00:00+00:00, run_after=2023-07-10T00:00:00+00:00
[2023-07-10T15:25:10.534+0000] {processor.py:179} INFO - Processing /opt/airflow/dags/update_post_exposure.py took 5.595 seconds
[2023-07-10T15:25:41.131+0000] {processor.py:157} INFO - Started process (PID=130) to work on /opt/airflow/dags/update_post_exposure.py
[2023-07-10T15:25:41.137+0000] {processor.py:826} INFO - Processing file /opt/airflow/dags/update_post_exposure.py for tasks to queue
[2023-07-10T15:25:41.146+0000] {logging_mixin.py:149} INFO - [2023-07-10T15:25:41.145+0000] {dagbag.py:541} INFO - Filling up the DagBag from /opt/airflow/dags/update_post_exposure.py
[2023-07-10T15:25:41.212+0000] {processor.py:836} INFO - DAG(s) dict_keys(['update_post_exposure']) retrieved from /opt/airflow/dags/update_post_exposure.py
[2023-07-10T15:25:41.276+0000] {logging_mixin.py:149} INFO - [2023-07-10T15:25:41.275+0000] {dag.py:2726} INFO - Sync 1 DAGs
[2023-07-10T15:25:41.344+0000] {logging_mixin.py:149} INFO - [2023-07-10T15:25:41.344+0000] {dag.py:3490} INFO - Setting next_dagrun for update_post_exposure to 2023-07-09T00:00:00+00:00, run_after=2023-07-10T00:00:00+00:00
[2023-07-10T15:25:41.430+0000] {processor.py:179} INFO - Processing /opt/airflow/dags/update_post_exposure.py took 0.310 seconds
[2023-07-10T15:26:11.554+0000] {processor.py:157} INFO - Started process (PID=140) to work on /opt/airflow/dags/update_post_exposure.py
[2023-07-10T15:26:11.559+0000] {processor.py:826} INFO - Processing file /opt/airflow/dags/update_post_exposure.py for tasks to queue
[2023-07-10T15:26:11.566+0000] {logging_mixin.py:149} INFO - [2023-07-10T15:26:11.566+0000] {dagbag.py:541} INFO - Filling up the DagBag from /opt/airflow/dags/update_post_exposure.py
[2023-07-10T15:26:11.598+0000] {processor.py:836} INFO - DAG(s) dict_keys(['update_post_exposure']) retrieved from /opt/airflow/dags/update_post_exposure.py
[2023-07-10T15:26:11.656+0000] {logging_mixin.py:149} INFO - [2023-07-10T15:26:11.654+0000] {dag.py:2726} INFO - Sync 1 DAGs
[2023-07-10T15:26:11.742+0000] {logging_mixin.py:149} INFO - [2023-07-10T15:26:11.742+0000] {dag.py:3490} INFO - Setting next_dagrun for update_post_exposure to 2023-07-09T00:00:00+00:00, run_after=2023-07-10T00:00:00+00:00
[2023-07-10T15:26:11.936+0000] {processor.py:179} INFO - Processing /opt/airflow/dags/update_post_exposure.py took 0.392 seconds
[2023-07-10T15:26:42.078+0000] {processor.py:157} INFO - Started process (PID=150) to work on /opt/airflow/dags/update_post_exposure.py
[2023-07-10T15:26:42.082+0000] {processor.py:826} INFO - Processing file /opt/airflow/dags/update_post_exposure.py for tasks to queue
[2023-07-10T15:26:42.088+0000] {logging_mixin.py:149} INFO - [2023-07-10T15:26:42.088+0000] {dagbag.py:541} INFO - Filling up the DagBag from /opt/airflow/dags/update_post_exposure.py
[2023-07-10T15:26:42.135+0000] {processor.py:836} INFO - DAG(s) dict_keys(['update_post_exposure']) retrieved from /opt/airflow/dags/update_post_exposure.py
[2023-07-10T15:26:42.233+0000] {logging_mixin.py:149} INFO - [2023-07-10T15:26:42.232+0000] {dag.py:2726} INFO - Sync 1 DAGs
[2023-07-10T15:26:42.306+0000] {logging_mixin.py:149} INFO - [2023-07-10T15:26:42.306+0000] {dag.py:3490} INFO - Setting next_dagrun for update_post_exposure to 2023-07-09T00:00:00+00:00, run_after=2023-07-10T00:00:00+00:00
[2023-07-10T15:26:42.370+0000] {processor.py:179} INFO - Processing /opt/airflow/dags/update_post_exposure.py took 0.300 seconds
[2023-07-10T15:27:12.742+0000] {processor.py:157} INFO - Started process (PID=160) to work on /opt/airflow/dags/update_post_exposure.py
[2023-07-10T15:27:12.746+0000] {processor.py:826} INFO - Processing file /opt/airflow/dags/update_post_exposure.py for tasks to queue
[2023-07-10T15:27:12.758+0000] {logging_mixin.py:149} INFO - [2023-07-10T15:27:12.758+0000] {dagbag.py:541} INFO - Filling up the DagBag from /opt/airflow/dags/update_post_exposure.py
[2023-07-10T15:27:12.833+0000] {processor.py:836} INFO - DAG(s) dict_keys(['update_post_exposure']) retrieved from /opt/airflow/dags/update_post_exposure.py
[2023-07-10T15:27:12.906+0000] {logging_mixin.py:149} INFO - [2023-07-10T15:27:12.905+0000] {dag.py:2726} INFO - Sync 1 DAGs
[2023-07-10T15:27:12.980+0000] {logging_mixin.py:149} INFO - [2023-07-10T15:27:12.980+0000] {dag.py:3490} INFO - Setting next_dagrun for update_post_exposure to 2023-07-09T00:00:00+00:00, run_after=2023-07-10T00:00:00+00:00
[2023-07-10T15:27:13.026+0000] {processor.py:179} INFO - Processing /opt/airflow/dags/update_post_exposure.py took 0.296 seconds
[2023-07-10T15:27:43.360+0000] {processor.py:157} INFO - Started process (PID=170) to work on /opt/airflow/dags/update_post_exposure.py
[2023-07-10T15:27:43.365+0000] {processor.py:826} INFO - Processing file /opt/airflow/dags/update_post_exposure.py for tasks to queue
[2023-07-10T15:27:43.373+0000] {logging_mixin.py:149} INFO - [2023-07-10T15:27:43.372+0000] {dagbag.py:541} INFO - Filling up the DagBag from /opt/airflow/dags/update_post_exposure.py
[2023-07-10T15:27:43.435+0000] {processor.py:836} INFO - DAG(s) dict_keys(['update_post_exposure']) retrieved from /opt/airflow/dags/update_post_exposure.py
[2023-07-10T15:27:43.514+0000] {logging_mixin.py:149} INFO - [2023-07-10T15:27:43.513+0000] {dag.py:2726} INFO - Sync 1 DAGs
[2023-07-10T15:27:43.579+0000] {logging_mixin.py:149} INFO - [2023-07-10T15:27:43.579+0000] {dag.py:3490} INFO - Setting next_dagrun for update_post_exposure to 2023-07-09T00:00:00+00:00, run_after=2023-07-10T00:00:00+00:00
[2023-07-10T15:27:43.623+0000] {processor.py:179} INFO - Processing /opt/airflow/dags/update_post_exposure.py took 0.275 seconds
[2023-07-10T15:28:14.128+0000] {processor.py:157} INFO - Started process (PID=180) to work on /opt/airflow/dags/update_post_exposure.py
[2023-07-10T15:28:14.132+0000] {processor.py:826} INFO - Processing file /opt/airflow/dags/update_post_exposure.py for tasks to queue
[2023-07-10T15:28:14.139+0000] {logging_mixin.py:149} INFO - [2023-07-10T15:28:14.138+0000] {dagbag.py:541} INFO - Filling up the DagBag from /opt/airflow/dags/update_post_exposure.py
[2023-07-10T15:28:14.186+0000] {processor.py:836} INFO - DAG(s) dict_keys(['update_post_exposure']) retrieved from /opt/airflow/dags/update_post_exposure.py
[2023-07-10T15:28:14.280+0000] {logging_mixin.py:149} INFO - [2023-07-10T15:28:14.278+0000] {dag.py:2726} INFO - Sync 1 DAGs
[2023-07-10T15:28:14.467+0000] {logging_mixin.py:149} INFO - [2023-07-10T15:28:14.466+0000] {dag.py:3490} INFO - Setting next_dagrun for update_post_exposure to 2023-07-09T00:00:00+00:00, run_after=2023-07-10T00:00:00+00:00
[2023-07-10T15:28:14.527+0000] {processor.py:179} INFO - Processing /opt/airflow/dags/update_post_exposure.py took 0.406 seconds
[2023-07-10T15:28:44.937+0000] {processor.py:157} INFO - Started process (PID=190) to work on /opt/airflow/dags/update_post_exposure.py
[2023-07-10T15:28:44.941+0000] {processor.py:826} INFO - Processing file /opt/airflow/dags/update_post_exposure.py for tasks to queue
[2023-07-10T15:28:44.996+0000] {logging_mixin.py:149} INFO - [2023-07-10T15:28:44.995+0000] {dagbag.py:541} INFO - Filling up the DagBag from /opt/airflow/dags/update_post_exposure.py
[2023-07-10T15:28:45.204+0000] {processor.py:836} INFO - DAG(s) dict_keys(['update_post_exposure']) retrieved from /opt/airflow/dags/update_post_exposure.py
[2023-07-10T15:28:45.497+0000] {logging_mixin.py:149} INFO - [2023-07-10T15:28:45.494+0000] {dag.py:2726} INFO - Sync 1 DAGs
[2023-07-10T15:28:45.582+0000] {logging_mixin.py:149} INFO - [2023-07-10T15:28:45.582+0000] {dag.py:3490} INFO - Setting next_dagrun for update_post_exposure to 2023-07-09T00:00:00+00:00, run_after=2023-07-10T00:00:00+00:00
[2023-07-10T15:28:45.631+0000] {processor.py:179} INFO - Processing /opt/airflow/dags/update_post_exposure.py took 0.702 seconds
[2023-07-10T15:29:15.975+0000] {processor.py:157} INFO - Started process (PID=200) to work on /opt/airflow/dags/update_post_exposure.py
[2023-07-10T15:29:15.978+0000] {processor.py:826} INFO - Processing file /opt/airflow/dags/update_post_exposure.py for tasks to queue
[2023-07-10T15:29:15.985+0000] {logging_mixin.py:149} INFO - [2023-07-10T15:29:15.984+0000] {dagbag.py:541} INFO - Filling up the DagBag from /opt/airflow/dags/update_post_exposure.py
[2023-07-10T15:29:16.028+0000] {processor.py:836} INFO - DAG(s) dict_keys(['update_post_exposure']) retrieved from /opt/airflow/dags/update_post_exposure.py
[2023-07-10T15:29:16.088+0000] {logging_mixin.py:149} INFO - [2023-07-10T15:29:16.087+0000] {dag.py:2726} INFO - Sync 1 DAGs
[2023-07-10T15:29:16.151+0000] {logging_mixin.py:149} INFO - [2023-07-10T15:29:16.150+0000] {dag.py:3490} INFO - Setting next_dagrun for update_post_exposure to 2023-07-09T00:00:00+00:00, run_after=2023-07-10T00:00:00+00:00
[2023-07-10T15:29:16.192+0000] {processor.py:179} INFO - Processing /opt/airflow/dags/update_post_exposure.py took 0.224 seconds
[2023-07-10T15:29:46.823+0000] {processor.py:157} INFO - Started process (PID=210) to work on /opt/airflow/dags/update_post_exposure.py
[2023-07-10T15:29:46.834+0000] {processor.py:826} INFO - Processing file /opt/airflow/dags/update_post_exposure.py for tasks to queue
[2023-07-10T15:29:46.854+0000] {logging_mixin.py:149} INFO - [2023-07-10T15:29:46.853+0000] {dagbag.py:541} INFO - Filling up the DagBag from /opt/airflow/dags/update_post_exposure.py
[2023-07-10T15:29:46.991+0000] {processor.py:836} INFO - DAG(s) dict_keys(['update_post_exposure']) retrieved from /opt/airflow/dags/update_post_exposure.py
[2023-07-10T15:29:47.117+0000] {logging_mixin.py:149} INFO - [2023-07-10T15:29:47.116+0000] {dag.py:2726} INFO - Sync 1 DAGs
[2023-07-10T15:29:47.177+0000] {logging_mixin.py:149} INFO - [2023-07-10T15:29:47.177+0000] {dag.py:3490} INFO - Setting next_dagrun for update_post_exposure to 2023-07-09T00:00:00+00:00, run_after=2023-07-10T00:00:00+00:00
[2023-07-10T15:29:47.224+0000] {processor.py:179} INFO - Processing /opt/airflow/dags/update_post_exposure.py took 0.457 seconds
[2023-07-10T15:30:17.638+0000] {processor.py:157} INFO - Started process (PID=220) to work on /opt/airflow/dags/update_post_exposure.py
[2023-07-10T15:30:17.651+0000] {processor.py:826} INFO - Processing file /opt/airflow/dags/update_post_exposure.py for tasks to queue
[2023-07-10T15:30:17.671+0000] {logging_mixin.py:149} INFO - [2023-07-10T15:30:17.671+0000] {dagbag.py:541} INFO - Filling up the DagBag from /opt/airflow/dags/update_post_exposure.py
[2023-07-10T15:30:17.746+0000] {processor.py:836} INFO - DAG(s) dict_keys(['update_post_exposure']) retrieved from /opt/airflow/dags/update_post_exposure.py
[2023-07-10T15:30:17.870+0000] {logging_mixin.py:149} INFO - [2023-07-10T15:30:17.869+0000] {dag.py:2726} INFO - Sync 1 DAGs
[2023-07-10T15:30:18.041+0000] {logging_mixin.py:149} INFO - [2023-07-10T15:30:18.041+0000] {dag.py:3490} INFO - Setting next_dagrun for update_post_exposure to 2023-07-09T00:00:00+00:00, run_after=2023-07-10T00:00:00+00:00
[2023-07-10T15:30:18.132+0000] {processor.py:179} INFO - Processing /opt/airflow/dags/update_post_exposure.py took 0.527 seconds
[2023-07-10T15:30:48.537+0000] {processor.py:157} INFO - Started process (PID=230) to work on /opt/airflow/dags/update_post_exposure.py
[2023-07-10T15:30:48.540+0000] {processor.py:826} INFO - Processing file /opt/airflow/dags/update_post_exposure.py for tasks to queue
[2023-07-10T15:30:48.551+0000] {logging_mixin.py:149} INFO - [2023-07-10T15:30:48.551+0000] {dagbag.py:541} INFO - Filling up the DagBag from /opt/airflow/dags/update_post_exposure.py
[2023-07-10T15:30:48.594+0000] {processor.py:836} INFO - DAG(s) dict_keys(['update_post_exposure']) retrieved from /opt/airflow/dags/update_post_exposure.py
[2023-07-10T15:30:48.665+0000] {logging_mixin.py:149} INFO - [2023-07-10T15:30:48.663+0000] {dag.py:2726} INFO - Sync 1 DAGs
[2023-07-10T15:30:48.757+0000] {logging_mixin.py:149} INFO - [2023-07-10T15:30:48.756+0000] {dag.py:3490} INFO - Setting next_dagrun for update_post_exposure to 2023-07-09T00:00:00+00:00, run_after=2023-07-10T00:00:00+00:00
[2023-07-10T15:30:48.810+0000] {processor.py:179} INFO - Processing /opt/airflow/dags/update_post_exposure.py took 0.283 seconds
[2023-07-10T15:31:19.297+0000] {processor.py:157} INFO - Started process (PID=240) to work on /opt/airflow/dags/update_post_exposure.py
[2023-07-10T15:31:19.300+0000] {processor.py:826} INFO - Processing file /opt/airflow/dags/update_post_exposure.py for tasks to queue
[2023-07-10T15:31:19.309+0000] {logging_mixin.py:149} INFO - [2023-07-10T15:31:19.308+0000] {dagbag.py:541} INFO - Filling up the DagBag from /opt/airflow/dags/update_post_exposure.py
[2023-07-10T15:31:19.351+0000] {processor.py:836} INFO - DAG(s) dict_keys(['update_post_exposure']) retrieved from /opt/airflow/dags/update_post_exposure.py
[2023-07-10T15:31:19.435+0000] {logging_mixin.py:149} INFO - [2023-07-10T15:31:19.434+0000] {dag.py:2726} INFO - Sync 1 DAGs
[2023-07-10T15:31:19.499+0000] {logging_mixin.py:149} INFO - [2023-07-10T15:31:19.499+0000] {dag.py:3490} INFO - Setting next_dagrun for update_post_exposure to 2023-07-09T00:00:00+00:00, run_after=2023-07-10T00:00:00+00:00
[2023-07-10T15:31:19.548+0000] {processor.py:179} INFO - Processing /opt/airflow/dags/update_post_exposure.py took 0.260 seconds
[2023-07-10T15:31:49.912+0000] {processor.py:157} INFO - Started process (PID=251) to work on /opt/airflow/dags/update_post_exposure.py
[2023-07-10T15:31:49.915+0000] {processor.py:826} INFO - Processing file /opt/airflow/dags/update_post_exposure.py for tasks to queue
[2023-07-10T15:31:49.922+0000] {logging_mixin.py:149} INFO - [2023-07-10T15:31:49.921+0000] {dagbag.py:541} INFO - Filling up the DagBag from /opt/airflow/dags/update_post_exposure.py
[2023-07-10T15:31:49.960+0000] {processor.py:836} INFO - DAG(s) dict_keys(['update_post_exposure']) retrieved from /opt/airflow/dags/update_post_exposure.py
[2023-07-10T15:31:50.024+0000] {logging_mixin.py:149} INFO - [2023-07-10T15:31:50.023+0000] {dag.py:2726} INFO - Sync 1 DAGs
[2023-07-10T15:31:50.082+0000] {logging_mixin.py:149} INFO - [2023-07-10T15:31:50.081+0000] {dag.py:3490} INFO - Setting next_dagrun for update_post_exposure to 2023-07-09T00:00:00+00:00, run_after=2023-07-10T00:00:00+00:00
[2023-07-10T15:31:50.124+0000] {processor.py:179} INFO - Processing /opt/airflow/dags/update_post_exposure.py took 0.226 seconds
[2023-07-10T15:32:20.589+0000] {processor.py:157} INFO - Started process (PID=261) to work on /opt/airflow/dags/update_post_exposure.py
[2023-07-10T15:32:20.594+0000] {processor.py:826} INFO - Processing file /opt/airflow/dags/update_post_exposure.py for tasks to queue
[2023-07-10T15:32:20.603+0000] {logging_mixin.py:149} INFO - [2023-07-10T15:32:20.602+0000] {dagbag.py:541} INFO - Filling up the DagBag from /opt/airflow/dags/update_post_exposure.py
[2023-07-10T15:32:20.644+0000] {processor.py:836} INFO - DAG(s) dict_keys(['update_post_exposure']) retrieved from /opt/airflow/dags/update_post_exposure.py
[2023-07-10T15:32:20.697+0000] {logging_mixin.py:149} INFO - [2023-07-10T15:32:20.697+0000] {dag.py:2726} INFO - Sync 1 DAGs
[2023-07-10T15:32:20.760+0000] {logging_mixin.py:149} INFO - [2023-07-10T15:32:20.759+0000] {dag.py:3490} INFO - Setting next_dagrun for update_post_exposure to 2023-07-09T00:00:00+00:00, run_after=2023-07-10T00:00:00+00:00
[2023-07-10T15:32:20.816+0000] {processor.py:179} INFO - Processing /opt/airflow/dags/update_post_exposure.py took 0.237 seconds
[2023-07-10T15:32:51.302+0000] {processor.py:157} INFO - Started process (PID=271) to work on /opt/airflow/dags/update_post_exposure.py
[2023-07-10T15:32:51.309+0000] {processor.py:826} INFO - Processing file /opt/airflow/dags/update_post_exposure.py for tasks to queue
[2023-07-10T15:32:51.319+0000] {logging_mixin.py:149} INFO - [2023-07-10T15:32:51.319+0000] {dagbag.py:541} INFO - Filling up the DagBag from /opt/airflow/dags/update_post_exposure.py
[2023-07-10T15:32:51.435+0000] {processor.py:836} INFO - DAG(s) dict_keys(['update_post_exposure']) retrieved from /opt/airflow/dags/update_post_exposure.py
[2023-07-10T15:32:51.538+0000] {logging_mixin.py:149} INFO - [2023-07-10T15:32:51.537+0000] {dag.py:2726} INFO - Sync 1 DAGs
[2023-07-10T15:32:51.730+0000] {logging_mixin.py:149} INFO - [2023-07-10T15:32:51.728+0000] {dag.py:3490} INFO - Setting next_dagrun for update_post_exposure to 2023-07-09T00:00:00+00:00, run_after=2023-07-10T00:00:00+00:00
[2023-07-10T15:32:51.845+0000] {processor.py:179} INFO - Processing /opt/airflow/dags/update_post_exposure.py took 0.568 seconds
[2023-07-10T15:33:22.307+0000] {processor.py:157} INFO - Started process (PID=281) to work on /opt/airflow/dags/update_post_exposure.py
[2023-07-10T15:33:22.311+0000] {processor.py:826} INFO - Processing file /opt/airflow/dags/update_post_exposure.py for tasks to queue
[2023-07-10T15:33:22.321+0000] {logging_mixin.py:149} INFO - [2023-07-10T15:33:22.321+0000] {dagbag.py:541} INFO - Filling up the DagBag from /opt/airflow/dags/update_post_exposure.py
[2023-07-10T15:33:22.376+0000] {processor.py:836} INFO - DAG(s) dict_keys(['update_post_exposure']) retrieved from /opt/airflow/dags/update_post_exposure.py
[2023-07-10T15:33:22.432+0000] {logging_mixin.py:149} INFO - [2023-07-10T15:33:22.431+0000] {dag.py:2726} INFO - Sync 1 DAGs
[2023-07-10T15:33:22.478+0000] {logging_mixin.py:149} INFO - [2023-07-10T15:33:22.478+0000] {dag.py:3490} INFO - Setting next_dagrun for update_post_exposure to 2023-07-09T00:00:00+00:00, run_after=2023-07-10T00:00:00+00:00
[2023-07-10T15:33:22.565+0000] {processor.py:179} INFO - Processing /opt/airflow/dags/update_post_exposure.py took 0.293 seconds
[2023-07-10T15:33:53.024+0000] {processor.py:157} INFO - Started process (PID=291) to work on /opt/airflow/dags/update_post_exposure.py
[2023-07-10T15:33:53.028+0000] {processor.py:826} INFO - Processing file /opt/airflow/dags/update_post_exposure.py for tasks to queue
[2023-07-10T15:33:53.039+0000] {logging_mixin.py:149} INFO - [2023-07-10T15:33:53.038+0000] {dagbag.py:541} INFO - Filling up the DagBag from /opt/airflow/dags/update_post_exposure.py
[2023-07-10T15:33:53.084+0000] {processor.py:836} INFO - DAG(s) dict_keys(['update_post_exposure']) retrieved from /opt/airflow/dags/update_post_exposure.py
[2023-07-10T15:33:53.150+0000] {logging_mixin.py:149} INFO - [2023-07-10T15:33:53.149+0000] {dag.py:2726} INFO - Sync 1 DAGs
[2023-07-10T15:33:53.220+0000] {logging_mixin.py:149} INFO - [2023-07-10T15:33:53.219+0000] {dag.py:3490} INFO - Setting next_dagrun for update_post_exposure to 2023-07-09T00:00:00+00:00, run_after=2023-07-10T00:00:00+00:00
[2023-07-10T15:33:53.266+0000] {processor.py:179} INFO - Processing /opt/airflow/dags/update_post_exposure.py took 0.256 seconds
[2023-07-10T15:34:23.756+0000] {processor.py:157} INFO - Started process (PID=301) to work on /opt/airflow/dags/update_post_exposure.py
[2023-07-10T15:34:23.776+0000] {processor.py:826} INFO - Processing file /opt/airflow/dags/update_post_exposure.py for tasks to queue
[2023-07-10T15:34:23.822+0000] {logging_mixin.py:149} INFO - [2023-07-10T15:34:23.821+0000] {dagbag.py:541} INFO - Filling up the DagBag from /opt/airflow/dags/update_post_exposure.py
[2023-07-10T15:34:23.882+0000] {processor.py:836} INFO - DAG(s) dict_keys(['update_post_exposure']) retrieved from /opt/airflow/dags/update_post_exposure.py
[2023-07-10T15:34:23.938+0000] {logging_mixin.py:149} INFO - [2023-07-10T15:34:23.937+0000] {dag.py:2726} INFO - Sync 1 DAGs
[2023-07-10T15:34:24.010+0000] {logging_mixin.py:149} INFO - [2023-07-10T15:34:24.010+0000] {dag.py:3490} INFO - Setting next_dagrun for update_post_exposure to 2023-07-09T00:00:00+00:00, run_after=2023-07-10T00:00:00+00:00
[2023-07-10T15:34:24.098+0000] {processor.py:179} INFO - Processing /opt/airflow/dags/update_post_exposure.py took 0.350 seconds
[2023-07-10T15:34:54.591+0000] {processor.py:157} INFO - Started process (PID=311) to work on /opt/airflow/dags/update_post_exposure.py
[2023-07-10T15:34:54.599+0000] {processor.py:826} INFO - Processing file /opt/airflow/dags/update_post_exposure.py for tasks to queue
[2023-07-10T15:34:54.609+0000] {logging_mixin.py:149} INFO - [2023-07-10T15:34:54.609+0000] {dagbag.py:541} INFO - Filling up the DagBag from /opt/airflow/dags/update_post_exposure.py
[2023-07-10T15:34:54.669+0000] {processor.py:836} INFO - DAG(s) dict_keys(['update_post_exposure']) retrieved from /opt/airflow/dags/update_post_exposure.py
[2023-07-10T15:34:54.733+0000] {logging_mixin.py:149} INFO - [2023-07-10T15:34:54.732+0000] {dag.py:2726} INFO - Sync 1 DAGs
[2023-07-10T15:34:54.818+0000] {logging_mixin.py:149} INFO - [2023-07-10T15:34:54.818+0000] {dag.py:3490} INFO - Setting next_dagrun for update_post_exposure to 2023-07-09T00:00:00+00:00, run_after=2023-07-10T00:00:00+00:00
[2023-07-10T15:34:54.875+0000] {processor.py:179} INFO - Processing /opt/airflow/dags/update_post_exposure.py took 0.304 seconds
[2023-07-10T15:35:25.326+0000] {processor.py:157} INFO - Started process (PID=321) to work on /opt/airflow/dags/update_post_exposure.py
[2023-07-10T15:35:25.329+0000] {processor.py:826} INFO - Processing file /opt/airflow/dags/update_post_exposure.py for tasks to queue
[2023-07-10T15:35:25.339+0000] {logging_mixin.py:149} INFO - [2023-07-10T15:35:25.339+0000] {dagbag.py:541} INFO - Filling up the DagBag from /opt/airflow/dags/update_post_exposure.py
[2023-07-10T15:35:25.393+0000] {processor.py:836} INFO - DAG(s) dict_keys(['update_post_exposure']) retrieved from /opt/airflow/dags/update_post_exposure.py
[2023-07-10T15:35:25.447+0000] {logging_mixin.py:149} INFO - [2023-07-10T15:35:25.446+0000] {dag.py:2726} INFO - Sync 1 DAGs
[2023-07-10T15:35:25.527+0000] {logging_mixin.py:149} INFO - [2023-07-10T15:35:25.527+0000] {dag.py:3490} INFO - Setting next_dagrun for update_post_exposure to 2023-07-09T00:00:00+00:00, run_after=2023-07-10T00:00:00+00:00
[2023-07-10T15:35:25.579+0000] {processor.py:179} INFO - Processing /opt/airflow/dags/update_post_exposure.py took 0.262 seconds
[2023-07-10T15:35:56.049+0000] {processor.py:157} INFO - Started process (PID=331) to work on /opt/airflow/dags/update_post_exposure.py
[2023-07-10T15:35:56.053+0000] {processor.py:826} INFO - Processing file /opt/airflow/dags/update_post_exposure.py for tasks to queue
[2023-07-10T15:35:56.067+0000] {logging_mixin.py:149} INFO - [2023-07-10T15:35:56.066+0000] {dagbag.py:541} INFO - Filling up the DagBag from /opt/airflow/dags/update_post_exposure.py
[2023-07-10T15:35:56.163+0000] {processor.py:836} INFO - DAG(s) dict_keys(['update_post_exposure']) retrieved from /opt/airflow/dags/update_post_exposure.py
[2023-07-10T15:35:56.250+0000] {logging_mixin.py:149} INFO - [2023-07-10T15:35:56.249+0000] {dag.py:2726} INFO - Sync 1 DAGs
[2023-07-10T15:35:56.403+0000] {logging_mixin.py:149} INFO - [2023-07-10T15:35:56.402+0000] {dag.py:3490} INFO - Setting next_dagrun for update_post_exposure to 2023-07-09T00:00:00+00:00, run_after=2023-07-10T00:00:00+00:00
[2023-07-10T15:35:56.476+0000] {processor.py:179} INFO - Processing /opt/airflow/dags/update_post_exposure.py took 0.442 seconds
[2023-07-10T15:36:27.027+0000] {processor.py:157} INFO - Started process (PID=341) to work on /opt/airflow/dags/update_post_exposure.py
[2023-07-10T15:36:27.031+0000] {processor.py:826} INFO - Processing file /opt/airflow/dags/update_post_exposure.py for tasks to queue
[2023-07-10T15:36:27.040+0000] {logging_mixin.py:149} INFO - [2023-07-10T15:36:27.039+0000] {dagbag.py:541} INFO - Filling up the DagBag from /opt/airflow/dags/update_post_exposure.py
[2023-07-10T15:36:27.082+0000] {processor.py:836} INFO - DAG(s) dict_keys(['update_post_exposure']) retrieved from /opt/airflow/dags/update_post_exposure.py
[2023-07-10T15:36:27.144+0000] {logging_mixin.py:149} INFO - [2023-07-10T15:36:27.143+0000] {dag.py:2726} INFO - Sync 1 DAGs
[2023-07-10T15:36:27.203+0000] {logging_mixin.py:149} INFO - [2023-07-10T15:36:27.203+0000] {dag.py:3490} INFO - Setting next_dagrun for update_post_exposure to 2023-07-09T00:00:00+00:00, run_after=2023-07-10T00:00:00+00:00
[2023-07-10T15:36:27.253+0000] {processor.py:179} INFO - Processing /opt/airflow/dags/update_post_exposure.py took 0.238 seconds
[2023-07-10T15:36:57.677+0000] {processor.py:157} INFO - Started process (PID=351) to work on /opt/airflow/dags/update_post_exposure.py
[2023-07-10T15:36:57.682+0000] {processor.py:826} INFO - Processing file /opt/airflow/dags/update_post_exposure.py for tasks to queue
[2023-07-10T15:36:57.691+0000] {logging_mixin.py:149} INFO - [2023-07-10T15:36:57.691+0000] {dagbag.py:541} INFO - Filling up the DagBag from /opt/airflow/dags/update_post_exposure.py
[2023-07-10T15:36:57.742+0000] {processor.py:836} INFO - DAG(s) dict_keys(['update_post_exposure']) retrieved from /opt/airflow/dags/update_post_exposure.py
[2023-07-10T15:36:57.850+0000] {logging_mixin.py:149} INFO - [2023-07-10T15:36:57.850+0000] {dag.py:2726} INFO - Sync 1 DAGs
[2023-07-10T15:36:57.926+0000] {logging_mixin.py:149} INFO - [2023-07-10T15:36:57.925+0000] {dag.py:3490} INFO - Setting next_dagrun for update_post_exposure to 2023-07-09T00:00:00+00:00, run_after=2023-07-10T00:00:00+00:00
[2023-07-10T15:36:57.977+0000] {processor.py:179} INFO - Processing /opt/airflow/dags/update_post_exposure.py took 0.309 seconds
[2023-07-10T15:37:28.331+0000] {processor.py:157} INFO - Started process (PID=361) to work on /opt/airflow/dags/update_post_exposure.py
[2023-07-10T15:37:28.334+0000] {processor.py:826} INFO - Processing file /opt/airflow/dags/update_post_exposure.py for tasks to queue
[2023-07-10T15:37:28.341+0000] {logging_mixin.py:149} INFO - [2023-07-10T15:37:28.341+0000] {dagbag.py:541} INFO - Filling up the DagBag from /opt/airflow/dags/update_post_exposure.py
[2023-07-10T15:37:28.385+0000] {processor.py:836} INFO - DAG(s) dict_keys(['update_post_exposure']) retrieved from /opt/airflow/dags/update_post_exposure.py
[2023-07-10T15:37:28.445+0000] {logging_mixin.py:149} INFO - [2023-07-10T15:37:28.444+0000] {dag.py:2726} INFO - Sync 1 DAGs
[2023-07-10T15:37:28.518+0000] {logging_mixin.py:149} INFO - [2023-07-10T15:37:28.518+0000] {dag.py:3490} INFO - Setting next_dagrun for update_post_exposure to 2023-07-09T00:00:00+00:00, run_after=2023-07-10T00:00:00+00:00
[2023-07-10T15:37:28.561+0000] {processor.py:179} INFO - Processing /opt/airflow/dags/update_post_exposure.py took 0.239 seconds
[2023-07-10T15:37:59.034+0000] {processor.py:157} INFO - Started process (PID=372) to work on /opt/airflow/dags/update_post_exposure.py
[2023-07-10T15:37:59.038+0000] {processor.py:826} INFO - Processing file /opt/airflow/dags/update_post_exposure.py for tasks to queue
[2023-07-10T15:37:59.044+0000] {logging_mixin.py:149} INFO - [2023-07-10T15:37:59.044+0000] {dagbag.py:541} INFO - Filling up the DagBag from /opt/airflow/dags/update_post_exposure.py
[2023-07-10T15:37:59.113+0000] {processor.py:836} INFO - DAG(s) dict_keys(['update_post_exposure']) retrieved from /opt/airflow/dags/update_post_exposure.py
[2023-07-10T15:37:59.296+0000] {logging_mixin.py:149} INFO - [2023-07-10T15:37:59.295+0000] {dag.py:2726} INFO - Sync 1 DAGs
[2023-07-10T15:37:59.368+0000] {logging_mixin.py:149} INFO - [2023-07-10T15:37:59.367+0000] {dag.py:3490} INFO - Setting next_dagrun for update_post_exposure to 2023-07-09T00:00:00+00:00, run_after=2023-07-10T00:00:00+00:00
[2023-07-10T15:37:59.409+0000] {processor.py:179} INFO - Processing /opt/airflow/dags/update_post_exposure.py took 0.384 seconds
[2023-07-10T15:38:29.793+0000] {processor.py:157} INFO - Started process (PID=381) to work on /opt/airflow/dags/update_post_exposure.py
[2023-07-10T15:38:29.796+0000] {processor.py:826} INFO - Processing file /opt/airflow/dags/update_post_exposure.py for tasks to queue
[2023-07-10T15:38:29.803+0000] {logging_mixin.py:149} INFO - [2023-07-10T15:38:29.802+0000] {dagbag.py:541} INFO - Filling up the DagBag from /opt/airflow/dags/update_post_exposure.py
[2023-07-10T15:38:29.837+0000] {processor.py:836} INFO - DAG(s) dict_keys(['update_post_exposure']) retrieved from /opt/airflow/dags/update_post_exposure.py
[2023-07-10T15:38:29.898+0000] {logging_mixin.py:149} INFO - [2023-07-10T15:38:29.897+0000] {dag.py:2726} INFO - Sync 1 DAGs
[2023-07-10T15:38:29.963+0000] {logging_mixin.py:149} INFO - [2023-07-10T15:38:29.963+0000] {dag.py:3490} INFO - Setting next_dagrun for update_post_exposure to 2023-07-09T00:00:00+00:00, run_after=2023-07-10T00:00:00+00:00
[2023-07-10T15:38:30.013+0000] {processor.py:179} INFO - Processing /opt/airflow/dags/update_post_exposure.py took 0.229 seconds
[2023-07-10T15:39:00.658+0000] {processor.py:157} INFO - Started process (PID=391) to work on /opt/airflow/dags/update_post_exposure.py
[2023-07-10T15:39:00.660+0000] {processor.py:826} INFO - Processing file /opt/airflow/dags/update_post_exposure.py for tasks to queue
[2023-07-10T15:39:00.668+0000] {logging_mixin.py:149} INFO - [2023-07-10T15:39:00.667+0000] {dagbag.py:541} INFO - Filling up the DagBag from /opt/airflow/dags/update_post_exposure.py
[2023-07-10T15:39:00.747+0000] {processor.py:836} INFO - DAG(s) dict_keys(['update_post_exposure']) retrieved from /opt/airflow/dags/update_post_exposure.py
[2023-07-10T15:39:00.856+0000] {logging_mixin.py:149} INFO - [2023-07-10T15:39:00.855+0000] {dag.py:2726} INFO - Sync 1 DAGs
[2023-07-10T15:39:00.931+0000] {logging_mixin.py:149} INFO - [2023-07-10T15:39:00.931+0000] {dag.py:3490} INFO - Setting next_dagrun for update_post_exposure to 2023-07-09T00:00:00+00:00, run_after=2023-07-10T00:00:00+00:00
[2023-07-10T15:39:00.982+0000] {processor.py:179} INFO - Processing /opt/airflow/dags/update_post_exposure.py took 0.332 seconds
[2023-07-10T15:39:31.437+0000] {processor.py:157} INFO - Started process (PID=401) to work on /opt/airflow/dags/update_post_exposure.py
[2023-07-10T15:39:31.446+0000] {processor.py:826} INFO - Processing file /opt/airflow/dags/update_post_exposure.py for tasks to queue
[2023-07-10T15:39:31.457+0000] {logging_mixin.py:149} INFO - [2023-07-10T15:39:31.456+0000] {dagbag.py:541} INFO - Filling up the DagBag from /opt/airflow/dags/update_post_exposure.py
[2023-07-10T15:39:31.501+0000] {processor.py:836} INFO - DAG(s) dict_keys(['update_post_exposure']) retrieved from /opt/airflow/dags/update_post_exposure.py
[2023-07-10T15:39:31.563+0000] {logging_mixin.py:149} INFO - [2023-07-10T15:39:31.562+0000] {dag.py:2726} INFO - Sync 1 DAGs
[2023-07-10T15:39:31.660+0000] {logging_mixin.py:149} INFO - [2023-07-10T15:39:31.659+0000] {dag.py:3490} INFO - Setting next_dagrun for update_post_exposure to 2023-07-09T00:00:00+00:00, run_after=2023-07-10T00:00:00+00:00
[2023-07-10T15:39:31.713+0000] {processor.py:179} INFO - Processing /opt/airflow/dags/update_post_exposure.py took 0.301 seconds
[2023-07-10T15:40:02.182+0000] {processor.py:157} INFO - Started process (PID=411) to work on /opt/airflow/dags/update_post_exposure.py
[2023-07-10T15:40:02.186+0000] {processor.py:826} INFO - Processing file /opt/airflow/dags/update_post_exposure.py for tasks to queue
[2023-07-10T15:40:02.192+0000] {logging_mixin.py:149} INFO - [2023-07-10T15:40:02.192+0000] {dagbag.py:541} INFO - Filling up the DagBag from /opt/airflow/dags/update_post_exposure.py
[2023-07-10T15:40:02.249+0000] {processor.py:836} INFO - DAG(s) dict_keys(['update_post_exposure']) retrieved from /opt/airflow/dags/update_post_exposure.py
[2023-07-10T15:40:02.332+0000] {logging_mixin.py:149} INFO - [2023-07-10T15:40:02.331+0000] {dag.py:2726} INFO - Sync 1 DAGs
[2023-07-10T15:40:02.444+0000] {logging_mixin.py:149} INFO - [2023-07-10T15:40:02.444+0000] {dag.py:3490} INFO - Setting next_dagrun for update_post_exposure to 2023-07-09T00:00:00+00:00, run_after=2023-07-10T00:00:00+00:00
[2023-07-10T15:40:02.492+0000] {processor.py:179} INFO - Processing /opt/airflow/dags/update_post_exposure.py took 0.318 seconds
[2023-07-10T15:40:32.858+0000] {processor.py:157} INFO - Started process (PID=422) to work on /opt/airflow/dags/update_post_exposure.py
[2023-07-10T15:40:32.863+0000] {processor.py:826} INFO - Processing file /opt/airflow/dags/update_post_exposure.py for tasks to queue
[2023-07-10T15:40:32.875+0000] {logging_mixin.py:149} INFO - [2023-07-10T15:40:32.874+0000] {dagbag.py:541} INFO - Filling up the DagBag from /opt/airflow/dags/update_post_exposure.py
[2023-07-10T15:40:32.932+0000] {processor.py:836} INFO - DAG(s) dict_keys(['update_post_exposure']) retrieved from /opt/airflow/dags/update_post_exposure.py
[2023-07-10T15:40:33.003+0000] {logging_mixin.py:149} INFO - [2023-07-10T15:40:33.002+0000] {dag.py:2726} INFO - Sync 1 DAGs
[2023-07-10T15:40:33.064+0000] {logging_mixin.py:149} INFO - [2023-07-10T15:40:33.064+0000] {dag.py:3490} INFO - Setting next_dagrun for update_post_exposure to 2023-07-09T00:00:00+00:00, run_after=2023-07-10T00:00:00+00:00
[2023-07-10T15:40:33.110+0000] {processor.py:179} INFO - Processing /opt/airflow/dags/update_post_exposure.py took 0.259 seconds
[2023-07-10T15:41:03.650+0000] {processor.py:157} INFO - Started process (PID=431) to work on /opt/airflow/dags/update_post_exposure.py
[2023-07-10T15:41:03.658+0000] {processor.py:826} INFO - Processing file /opt/airflow/dags/update_post_exposure.py for tasks to queue
[2023-07-10T15:41:03.673+0000] {logging_mixin.py:149} INFO - [2023-07-10T15:41:03.672+0000] {dagbag.py:541} INFO - Filling up the DagBag from /opt/airflow/dags/update_post_exposure.py
[2023-07-10T15:41:03.756+0000] {processor.py:836} INFO - DAG(s) dict_keys(['update_post_exposure']) retrieved from /opt/airflow/dags/update_post_exposure.py
[2023-07-10T15:41:03.825+0000] {logging_mixin.py:149} INFO - [2023-07-10T15:41:03.824+0000] {dag.py:2726} INFO - Sync 1 DAGs
[2023-07-10T15:41:03.942+0000] {logging_mixin.py:149} INFO - [2023-07-10T15:41:03.942+0000] {dag.py:3490} INFO - Setting next_dagrun for update_post_exposure to 2023-07-09T00:00:00+00:00, run_after=2023-07-10T00:00:00+00:00
[2023-07-10T15:41:04.016+0000] {processor.py:179} INFO - Processing /opt/airflow/dags/update_post_exposure.py took 0.417 seconds
[2023-07-10T15:41:34.561+0000] {processor.py:157} INFO - Started process (PID=441) to work on /opt/airflow/dags/update_post_exposure.py
[2023-07-10T15:41:34.564+0000] {processor.py:826} INFO - Processing file /opt/airflow/dags/update_post_exposure.py for tasks to queue
[2023-07-10T15:41:34.574+0000] {logging_mixin.py:149} INFO - [2023-07-10T15:41:34.574+0000] {dagbag.py:541} INFO - Filling up the DagBag from /opt/airflow/dags/update_post_exposure.py
[2023-07-10T15:41:34.625+0000] {processor.py:836} INFO - DAG(s) dict_keys(['update_post_exposure']) retrieved from /opt/airflow/dags/update_post_exposure.py
[2023-07-10T15:41:34.713+0000] {logging_mixin.py:149} INFO - [2023-07-10T15:41:34.710+0000] {dag.py:2726} INFO - Sync 1 DAGs
[2023-07-10T15:41:34.773+0000] {logging_mixin.py:149} INFO - [2023-07-10T15:41:34.772+0000] {dag.py:3490} INFO - Setting next_dagrun for update_post_exposure to 2023-07-09T00:00:00+00:00, run_after=2023-07-10T00:00:00+00:00
[2023-07-10T15:41:34.818+0000] {processor.py:179} INFO - Processing /opt/airflow/dags/update_post_exposure.py took 0.271 seconds
[2023-07-10T15:42:05.236+0000] {processor.py:157} INFO - Started process (PID=451) to work on /opt/airflow/dags/update_post_exposure.py
[2023-07-10T15:42:05.240+0000] {processor.py:826} INFO - Processing file /opt/airflow/dags/update_post_exposure.py for tasks to queue
[2023-07-10T15:42:05.250+0000] {logging_mixin.py:149} INFO - [2023-07-10T15:42:05.250+0000] {dagbag.py:541} INFO - Filling up the DagBag from /opt/airflow/dags/update_post_exposure.py
[2023-07-10T15:42:05.297+0000] {processor.py:836} INFO - DAG(s) dict_keys(['update_post_exposure']) retrieved from /opt/airflow/dags/update_post_exposure.py
[2023-07-10T15:42:05.362+0000] {logging_mixin.py:149} INFO - [2023-07-10T15:42:05.361+0000] {dag.py:2726} INFO - Sync 1 DAGs
[2023-07-10T15:42:05.438+0000] {logging_mixin.py:149} INFO - [2023-07-10T15:42:05.438+0000] {dag.py:3490} INFO - Setting next_dagrun for update_post_exposure to 2023-07-09T00:00:00+00:00, run_after=2023-07-10T00:00:00+00:00
[2023-07-10T15:42:05.498+0000] {processor.py:179} INFO - Processing /opt/airflow/dags/update_post_exposure.py took 0.278 seconds
[2023-07-10T15:42:35.951+0000] {processor.py:157} INFO - Started process (PID=460) to work on /opt/airflow/dags/update_post_exposure.py
[2023-07-10T15:42:35.956+0000] {processor.py:826} INFO - Processing file /opt/airflow/dags/update_post_exposure.py for tasks to queue
[2023-07-10T15:42:35.964+0000] {logging_mixin.py:149} INFO - [2023-07-10T15:42:35.964+0000] {dagbag.py:541} INFO - Filling up the DagBag from /opt/airflow/dags/update_post_exposure.py
[2023-07-10T15:42:36.005+0000] {processor.py:836} INFO - DAG(s) dict_keys(['update_post_exposure']) retrieved from /opt/airflow/dags/update_post_exposure.py
[2023-07-10T15:42:36.068+0000] {logging_mixin.py:149} INFO - [2023-07-10T15:42:36.067+0000] {dag.py:2726} INFO - Sync 1 DAGs
[2023-07-10T15:42:36.125+0000] {logging_mixin.py:149} INFO - [2023-07-10T15:42:36.125+0000] {dag.py:3490} INFO - Setting next_dagrun for update_post_exposure to 2023-07-09T00:00:00+00:00, run_after=2023-07-10T00:00:00+00:00
[2023-07-10T15:42:36.162+0000] {processor.py:179} INFO - Processing /opt/airflow/dags/update_post_exposure.py took 0.230 seconds
[2023-07-10T15:43:06.611+0000] {processor.py:157} INFO - Started process (PID=470) to work on /opt/airflow/dags/update_post_exposure.py
[2023-07-10T15:43:06.614+0000] {processor.py:826} INFO - Processing file /opt/airflow/dags/update_post_exposure.py for tasks to queue
[2023-07-10T15:43:06.624+0000] {logging_mixin.py:149} INFO - [2023-07-10T15:43:06.624+0000] {dagbag.py:541} INFO - Filling up the DagBag from /opt/airflow/dags/update_post_exposure.py
[2023-07-10T15:43:06.673+0000] {processor.py:836} INFO - DAG(s) dict_keys(['update_post_exposure']) retrieved from /opt/airflow/dags/update_post_exposure.py
[2023-07-10T15:43:06.740+0000] {logging_mixin.py:149} INFO - [2023-07-10T15:43:06.740+0000] {dag.py:2726} INFO - Sync 1 DAGs
[2023-07-10T15:43:06.821+0000] {logging_mixin.py:149} INFO - [2023-07-10T15:43:06.820+0000] {dag.py:3490} INFO - Setting next_dagrun for update_post_exposure to 2023-07-09T00:00:00+00:00, run_after=2023-07-10T00:00:00+00:00
[2023-07-10T15:43:06.926+0000] {processor.py:179} INFO - Processing /opt/airflow/dags/update_post_exposure.py took 0.333 seconds
[2023-07-10T15:43:37.355+0000] {processor.py:157} INFO - Started process (PID=480) to work on /opt/airflow/dags/update_post_exposure.py
[2023-07-10T15:43:37.359+0000] {processor.py:826} INFO - Processing file /opt/airflow/dags/update_post_exposure.py for tasks to queue
[2023-07-10T15:43:37.371+0000] {logging_mixin.py:149} INFO - [2023-07-10T15:43:37.370+0000] {dagbag.py:541} INFO - Filling up the DagBag from /opt/airflow/dags/update_post_exposure.py
[2023-07-10T15:43:37.421+0000] {processor.py:836} INFO - DAG(s) dict_keys(['update_post_exposure']) retrieved from /opt/airflow/dags/update_post_exposure.py
[2023-07-10T15:43:37.488+0000] {logging_mixin.py:149} INFO - [2023-07-10T15:43:37.487+0000] {dag.py:2726} INFO - Sync 1 DAGs
[2023-07-10T15:43:37.574+0000] {logging_mixin.py:149} INFO - [2023-07-10T15:43:37.574+0000] {dag.py:3490} INFO - Setting next_dagrun for update_post_exposure to 2023-07-09T00:00:00+00:00, run_after=2023-07-10T00:00:00+00:00
[2023-07-10T15:43:37.621+0000] {processor.py:179} INFO - Processing /opt/airflow/dags/update_post_exposure.py took 0.276 seconds
[2023-07-10T15:44:08.031+0000] {processor.py:157} INFO - Started process (PID=490) to work on /opt/airflow/dags/update_post_exposure.py
[2023-07-10T15:44:08.035+0000] {processor.py:826} INFO - Processing file /opt/airflow/dags/update_post_exposure.py for tasks to queue
[2023-07-10T15:44:08.043+0000] {logging_mixin.py:149} INFO - [2023-07-10T15:44:08.042+0000] {dagbag.py:541} INFO - Filling up the DagBag from /opt/airflow/dags/update_post_exposure.py
[2023-07-10T15:44:08.083+0000] {processor.py:836} INFO - DAG(s) dict_keys(['update_post_exposure']) retrieved from /opt/airflow/dags/update_post_exposure.py
[2023-07-10T15:44:08.144+0000] {logging_mixin.py:149} INFO - [2023-07-10T15:44:08.143+0000] {dag.py:2726} INFO - Sync 1 DAGs
[2023-07-10T15:44:08.211+0000] {logging_mixin.py:149} INFO - [2023-07-10T15:44:08.211+0000] {dag.py:3490} INFO - Setting next_dagrun for update_post_exposure to 2023-07-09T00:00:00+00:00, run_after=2023-07-10T00:00:00+00:00
[2023-07-10T15:44:08.252+0000] {processor.py:179} INFO - Processing /opt/airflow/dags/update_post_exposure.py took 0.233 seconds
[2023-07-10T15:44:38.724+0000] {processor.py:157} INFO - Started process (PID=501) to work on /opt/airflow/dags/update_post_exposure.py
[2023-07-10T15:44:38.727+0000] {processor.py:826} INFO - Processing file /opt/airflow/dags/update_post_exposure.py for tasks to queue
[2023-07-10T15:44:38.738+0000] {logging_mixin.py:149} INFO - [2023-07-10T15:44:38.737+0000] {dagbag.py:541} INFO - Filling up the DagBag from /opt/airflow/dags/update_post_exposure.py
[2023-07-10T15:44:38.782+0000] {processor.py:836} INFO - DAG(s) dict_keys(['update_post_exposure']) retrieved from /opt/airflow/dags/update_post_exposure.py
[2023-07-10T15:44:38.848+0000] {logging_mixin.py:149} INFO - [2023-07-10T15:44:38.847+0000] {dag.py:2726} INFO - Sync 1 DAGs
[2023-07-10T15:44:38.919+0000] {logging_mixin.py:149} INFO - [2023-07-10T15:44:38.918+0000] {dag.py:3490} INFO - Setting next_dagrun for update_post_exposure to 2023-07-09T00:00:00+00:00, run_after=2023-07-10T00:00:00+00:00
[2023-07-10T15:44:38.998+0000] {processor.py:179} INFO - Processing /opt/airflow/dags/update_post_exposure.py took 0.287 seconds
[2023-07-10T15:45:09.342+0000] {processor.py:157} INFO - Started process (PID=518) to work on /opt/airflow/dags/update_post_exposure.py
[2023-07-10T15:45:09.345+0000] {processor.py:826} INFO - Processing file /opt/airflow/dags/update_post_exposure.py for tasks to queue
[2023-07-10T15:45:09.358+0000] {logging_mixin.py:149} INFO - [2023-07-10T15:45:09.357+0000] {dagbag.py:541} INFO - Filling up the DagBag from /opt/airflow/dags/update_post_exposure.py
[2023-07-10T15:45:09.403+0000] {processor.py:836} INFO - DAG(s) dict_keys(['update_post_exposure']) retrieved from /opt/airflow/dags/update_post_exposure.py
[2023-07-10T15:45:09.538+0000] {logging_mixin.py:149} INFO - [2023-07-10T15:45:09.532+0000] {dag.py:2726} INFO - Sync 1 DAGs
[2023-07-10T15:45:09.633+0000] {logging_mixin.py:149} INFO - [2023-07-10T15:45:09.633+0000] {dag.py:3490} INFO - Setting next_dagrun for update_post_exposure to 2023-07-09T00:00:00+00:00, run_after=2023-07-10T00:00:00+00:00
[2023-07-10T15:45:09.677+0000] {processor.py:179} INFO - Processing /opt/airflow/dags/update_post_exposure.py took 0.344 seconds
[2023-07-10T15:45:40.150+0000] {processor.py:157} INFO - Started process (PID=528) to work on /opt/airflow/dags/update_post_exposure.py
[2023-07-10T15:45:40.155+0000] {processor.py:826} INFO - Processing file /opt/airflow/dags/update_post_exposure.py for tasks to queue
[2023-07-10T15:45:40.169+0000] {logging_mixin.py:149} INFO - [2023-07-10T15:45:40.168+0000] {dagbag.py:541} INFO - Filling up the DagBag from /opt/airflow/dags/update_post_exposure.py
[2023-07-10T15:45:40.220+0000] {processor.py:836} INFO - DAG(s) dict_keys(['update_post_exposure']) retrieved from /opt/airflow/dags/update_post_exposure.py
[2023-07-10T15:45:40.286+0000] {logging_mixin.py:149} INFO - [2023-07-10T15:45:40.285+0000] {dag.py:2726} INFO - Sync 1 DAGs
[2023-07-10T15:45:40.428+0000] {logging_mixin.py:149} INFO - [2023-07-10T15:45:40.428+0000] {dag.py:3490} INFO - Setting next_dagrun for update_post_exposure to 2023-07-09T00:00:00+00:00, run_after=2023-07-10T00:00:00+00:00
[2023-07-10T15:45:40.477+0000] {processor.py:179} INFO - Processing /opt/airflow/dags/update_post_exposure.py took 0.337 seconds
[2023-07-10T15:46:10.683+0000] {processor.py:157} INFO - Started process (PID=537) to work on /opt/airflow/dags/update_post_exposure.py
[2023-07-10T15:46:10.687+0000] {processor.py:826} INFO - Processing file /opt/airflow/dags/update_post_exposure.py for tasks to queue
[2023-07-10T15:46:10.733+0000] {logging_mixin.py:149} INFO - [2023-07-10T15:46:10.732+0000] {dagbag.py:541} INFO - Filling up the DagBag from /opt/airflow/dags/update_post_exposure.py
[2023-07-10T15:46:10.849+0000] {processor.py:836} INFO - DAG(s) dict_keys(['update_post_exposure']) retrieved from /opt/airflow/dags/update_post_exposure.py
[2023-07-10T15:46:10.924+0000] {logging_mixin.py:149} INFO - [2023-07-10T15:46:10.923+0000] {dag.py:2726} INFO - Sync 1 DAGs
[2023-07-10T15:46:10.983+0000] {logging_mixin.py:149} INFO - [2023-07-10T15:46:10.982+0000] {dag.py:3490} INFO - Setting next_dagrun for update_post_exposure to 2023-07-09T00:00:00+00:00, run_after=2023-07-10T00:00:00+00:00
[2023-07-10T15:46:11.028+0000] {processor.py:179} INFO - Processing /opt/airflow/dags/update_post_exposure.py took 0.367 seconds
[2023-07-10T15:46:41.530+0000] {processor.py:157} INFO - Started process (PID=547) to work on /opt/airflow/dags/update_post_exposure.py
[2023-07-10T15:46:41.536+0000] {processor.py:826} INFO - Processing file /opt/airflow/dags/update_post_exposure.py for tasks to queue
[2023-07-10T15:46:41.552+0000] {logging_mixin.py:149} INFO - [2023-07-10T15:46:41.551+0000] {dagbag.py:541} INFO - Filling up the DagBag from /opt/airflow/dags/update_post_exposure.py
[2023-07-10T15:46:41.630+0000] {processor.py:836} INFO - DAG(s) dict_keys(['update_post_exposure']) retrieved from /opt/airflow/dags/update_post_exposure.py
[2023-07-10T15:46:41.773+0000] {logging_mixin.py:149} INFO - [2023-07-10T15:46:41.771+0000] {dag.py:2726} INFO - Sync 1 DAGs
[2023-07-10T15:46:41.981+0000] {logging_mixin.py:149} INFO - [2023-07-10T15:46:41.980+0000] {dag.py:3490} INFO - Setting next_dagrun for update_post_exposure to 2023-07-09T00:00:00+00:00, run_after=2023-07-10T00:00:00+00:00
[2023-07-10T15:46:42.042+0000] {processor.py:179} INFO - Processing /opt/airflow/dags/update_post_exposure.py took 0.548 seconds
[2023-07-10T15:47:12.490+0000] {processor.py:157} INFO - Started process (PID=557) to work on /opt/airflow/dags/update_post_exposure.py
[2023-07-10T15:47:12.495+0000] {processor.py:826} INFO - Processing file /opt/airflow/dags/update_post_exposure.py for tasks to queue
[2023-07-10T15:47:12.506+0000] {logging_mixin.py:149} INFO - [2023-07-10T15:47:12.505+0000] {dagbag.py:541} INFO - Filling up the DagBag from /opt/airflow/dags/update_post_exposure.py
[2023-07-10T15:47:12.557+0000] {processor.py:836} INFO - DAG(s) dict_keys(['update_post_exposure']) retrieved from /opt/airflow/dags/update_post_exposure.py
[2023-07-10T15:47:12.631+0000] {logging_mixin.py:149} INFO - [2023-07-10T15:47:12.630+0000] {dag.py:2726} INFO - Sync 1 DAGs
[2023-07-10T15:47:12.710+0000] {logging_mixin.py:149} INFO - [2023-07-10T15:47:12.709+0000] {dag.py:3490} INFO - Setting next_dagrun for update_post_exposure to 2023-07-09T00:00:00+00:00, run_after=2023-07-10T00:00:00+00:00
[2023-07-10T15:47:12.765+0000] {processor.py:179} INFO - Processing /opt/airflow/dags/update_post_exposure.py took 0.285 seconds
[2023-07-10T15:47:43.257+0000] {processor.py:157} INFO - Started process (PID=567) to work on /opt/airflow/dags/update_post_exposure.py
[2023-07-10T15:47:43.261+0000] {processor.py:826} INFO - Processing file /opt/airflow/dags/update_post_exposure.py for tasks to queue
[2023-07-10T15:47:43.271+0000] {logging_mixin.py:149} INFO - [2023-07-10T15:47:43.271+0000] {dagbag.py:541} INFO - Filling up the DagBag from /opt/airflow/dags/update_post_exposure.py
[2023-07-10T15:47:43.324+0000] {processor.py:836} INFO - DAG(s) dict_keys(['update_post_exposure']) retrieved from /opt/airflow/dags/update_post_exposure.py
[2023-07-10T15:47:43.401+0000] {logging_mixin.py:149} INFO - [2023-07-10T15:47:43.400+0000] {dag.py:2726} INFO - Sync 1 DAGs
[2023-07-10T15:47:43.481+0000] {logging_mixin.py:149} INFO - [2023-07-10T15:47:43.480+0000] {dag.py:3490} INFO - Setting next_dagrun for update_post_exposure to 2023-07-09T00:00:00+00:00, run_after=2023-07-10T00:00:00+00:00
[2023-07-10T15:47:43.537+0000] {processor.py:179} INFO - Processing /opt/airflow/dags/update_post_exposure.py took 0.291 seconds
[2023-07-10T15:48:13.925+0000] {processor.py:157} INFO - Started process (PID=577) to work on /opt/airflow/dags/update_post_exposure.py
[2023-07-10T15:48:13.929+0000] {processor.py:826} INFO - Processing file /opt/airflow/dags/update_post_exposure.py for tasks to queue
[2023-07-10T15:48:13.936+0000] {logging_mixin.py:149} INFO - [2023-07-10T15:48:13.936+0000] {dagbag.py:541} INFO - Filling up the DagBag from /opt/airflow/dags/update_post_exposure.py
[2023-07-10T15:48:13.990+0000] {processor.py:836} INFO - DAG(s) dict_keys(['update_post_exposure']) retrieved from /opt/airflow/dags/update_post_exposure.py
[2023-07-10T15:48:14.074+0000] {logging_mixin.py:149} INFO - [2023-07-10T15:48:14.072+0000] {dag.py:2726} INFO - Sync 1 DAGs
[2023-07-10T15:48:14.141+0000] {logging_mixin.py:149} INFO - [2023-07-10T15:48:14.141+0000] {dag.py:3490} INFO - Setting next_dagrun for update_post_exposure to 2023-07-09T00:00:00+00:00, run_after=2023-07-10T00:00:00+00:00
[2023-07-10T15:48:14.223+0000] {processor.py:179} INFO - Processing /opt/airflow/dags/update_post_exposure.py took 0.306 seconds
[2023-07-10T15:48:44.627+0000] {processor.py:157} INFO - Started process (PID=587) to work on /opt/airflow/dags/update_post_exposure.py
[2023-07-10T15:48:44.631+0000] {processor.py:826} INFO - Processing file /opt/airflow/dags/update_post_exposure.py for tasks to queue
[2023-07-10T15:48:44.640+0000] {logging_mixin.py:149} INFO - [2023-07-10T15:48:44.639+0000] {dagbag.py:541} INFO - Filling up the DagBag from /opt/airflow/dags/update_post_exposure.py
[2023-07-10T15:48:44.694+0000] {processor.py:836} INFO - DAG(s) dict_keys(['update_post_exposure']) retrieved from /opt/airflow/dags/update_post_exposure.py
[2023-07-10T15:48:44.759+0000] {logging_mixin.py:149} INFO - [2023-07-10T15:48:44.758+0000] {dag.py:2726} INFO - Sync 1 DAGs
[2023-07-10T15:48:44.827+0000] {logging_mixin.py:149} INFO - [2023-07-10T15:48:44.827+0000] {dag.py:3490} INFO - Setting next_dagrun for update_post_exposure to 2023-07-09T00:00:00+00:00, run_after=2023-07-10T00:00:00+00:00
[2023-07-10T15:48:44.877+0000] {processor.py:179} INFO - Processing /opt/airflow/dags/update_post_exposure.py took 0.259 seconds
[2023-07-10T15:49:15.159+0000] {processor.py:157} INFO - Started process (PID=596) to work on /opt/airflow/dags/update_post_exposure.py
[2023-07-10T15:49:15.175+0000] {processor.py:826} INFO - Processing file /opt/airflow/dags/update_post_exposure.py for tasks to queue
[2023-07-10T15:49:15.190+0000] {logging_mixin.py:149} INFO - [2023-07-10T15:49:15.189+0000] {dagbag.py:541} INFO - Filling up the DagBag from /opt/airflow/dags/update_post_exposure.py
[2023-07-10T15:49:15.267+0000] {processor.py:836} INFO - DAG(s) dict_keys(['update_post_exposure']) retrieved from /opt/airflow/dags/update_post_exposure.py
[2023-07-10T15:49:15.381+0000] {logging_mixin.py:149} INFO - [2023-07-10T15:49:15.377+0000] {dag.py:2726} INFO - Sync 1 DAGs
[2023-07-10T15:49:15.453+0000] {logging_mixin.py:149} INFO - [2023-07-10T15:49:15.452+0000] {dag.py:3490} INFO - Setting next_dagrun for update_post_exposure to 2023-07-09T00:00:00+00:00, run_after=2023-07-10T00:00:00+00:00
[2023-07-10T15:49:15.501+0000] {processor.py:179} INFO - Processing /opt/airflow/dags/update_post_exposure.py took 0.360 seconds
[2023-07-10T15:49:46.053+0000] {processor.py:157} INFO - Started process (PID=606) to work on /opt/airflow/dags/update_post_exposure.py
[2023-07-10T15:49:46.057+0000] {processor.py:826} INFO - Processing file /opt/airflow/dags/update_post_exposure.py for tasks to queue
[2023-07-10T15:49:46.068+0000] {logging_mixin.py:149} INFO - [2023-07-10T15:49:46.068+0000] {dagbag.py:541} INFO - Filling up the DagBag from /opt/airflow/dags/update_post_exposure.py
[2023-07-10T15:49:46.119+0000] {processor.py:836} INFO - DAG(s) dict_keys(['update_post_exposure']) retrieved from /opt/airflow/dags/update_post_exposure.py
[2023-07-10T15:49:46.182+0000] {logging_mixin.py:149} INFO - [2023-07-10T15:49:46.181+0000] {dag.py:2726} INFO - Sync 1 DAGs
[2023-07-10T15:49:46.271+0000] {logging_mixin.py:149} INFO - [2023-07-10T15:49:46.270+0000] {dag.py:3490} INFO - Setting next_dagrun for update_post_exposure to 2023-07-09T00:00:00+00:00, run_after=2023-07-10T00:00:00+00:00
[2023-07-10T15:49:46.365+0000] {processor.py:179} INFO - Processing /opt/airflow/dags/update_post_exposure.py took 0.332 seconds
[2023-07-10T15:50:16.762+0000] {processor.py:157} INFO - Started process (PID=616) to work on /opt/airflow/dags/update_post_exposure.py
[2023-07-10T15:50:16.766+0000] {processor.py:826} INFO - Processing file /opt/airflow/dags/update_post_exposure.py for tasks to queue
[2023-07-10T15:50:16.776+0000] {logging_mixin.py:149} INFO - [2023-07-10T15:50:16.776+0000] {dagbag.py:541} INFO - Filling up the DagBag from /opt/airflow/dags/update_post_exposure.py
[2023-07-10T15:50:16.936+0000] {processor.py:836} INFO - DAG(s) dict_keys(['update_post_exposure']) retrieved from /opt/airflow/dags/update_post_exposure.py
[2023-07-10T15:50:17.071+0000] {logging_mixin.py:149} INFO - [2023-07-10T15:50:17.065+0000] {dag.py:2726} INFO - Sync 1 DAGs
[2023-07-10T15:50:17.183+0000] {logging_mixin.py:149} INFO - [2023-07-10T15:50:17.182+0000] {dag.py:3490} INFO - Setting next_dagrun for update_post_exposure to 2023-07-09T00:00:00+00:00, run_after=2023-07-10T00:00:00+00:00
[2023-07-10T15:50:17.226+0000] {processor.py:179} INFO - Processing /opt/airflow/dags/update_post_exposure.py took 0.475 seconds
[2023-07-10T15:50:47.691+0000] {processor.py:157} INFO - Started process (PID=626) to work on /opt/airflow/dags/update_post_exposure.py
[2023-07-10T15:50:47.694+0000] {processor.py:826} INFO - Processing file /opt/airflow/dags/update_post_exposure.py for tasks to queue
[2023-07-10T15:50:47.705+0000] {logging_mixin.py:149} INFO - [2023-07-10T15:50:47.704+0000] {dagbag.py:541} INFO - Filling up the DagBag from /opt/airflow/dags/update_post_exposure.py
[2023-07-10T15:50:47.758+0000] {processor.py:836} INFO - DAG(s) dict_keys(['update_post_exposure']) retrieved from /opt/airflow/dags/update_post_exposure.py
[2023-07-10T15:50:47.817+0000] {logging_mixin.py:149} INFO - [2023-07-10T15:50:47.816+0000] {dag.py:2726} INFO - Sync 1 DAGs
[2023-07-10T15:50:47.884+0000] {logging_mixin.py:149} INFO - [2023-07-10T15:50:47.884+0000] {dag.py:3490} INFO - Setting next_dagrun for update_post_exposure to 2023-07-09T00:00:00+00:00, run_after=2023-07-10T00:00:00+00:00
[2023-07-10T15:50:47.936+0000] {processor.py:179} INFO - Processing /opt/airflow/dags/update_post_exposure.py took 0.267 seconds
[2023-07-10T15:51:18.525+0000] {processor.py:157} INFO - Started process (PID=636) to work on /opt/airflow/dags/update_post_exposure.py
[2023-07-10T15:51:18.530+0000] {processor.py:826} INFO - Processing file /opt/airflow/dags/update_post_exposure.py for tasks to queue
[2023-07-10T15:51:18.539+0000] {logging_mixin.py:149} INFO - [2023-07-10T15:51:18.539+0000] {dagbag.py:541} INFO - Filling up the DagBag from /opt/airflow/dags/update_post_exposure.py
[2023-07-10T15:51:18.578+0000] {processor.py:836} INFO - DAG(s) dict_keys(['update_post_exposure']) retrieved from /opt/airflow/dags/update_post_exposure.py
[2023-07-10T15:51:18.652+0000] {logging_mixin.py:149} INFO - [2023-07-10T15:51:18.651+0000] {dag.py:2726} INFO - Sync 1 DAGs
[2023-07-10T15:51:18.720+0000] {logging_mixin.py:149} INFO - [2023-07-10T15:51:18.720+0000] {dag.py:3490} INFO - Setting next_dagrun for update_post_exposure to 2023-07-09T00:00:00+00:00, run_after=2023-07-10T00:00:00+00:00
[2023-07-10T15:51:18.760+0000] {processor.py:179} INFO - Processing /opt/airflow/dags/update_post_exposure.py took 0.245 seconds
[2023-07-10T15:51:49.240+0000] {processor.py:157} INFO - Started process (PID=646) to work on /opt/airflow/dags/update_post_exposure.py
[2023-07-10T15:51:49.244+0000] {processor.py:826} INFO - Processing file /opt/airflow/dags/update_post_exposure.py for tasks to queue
[2023-07-10T15:51:49.261+0000] {logging_mixin.py:149} INFO - [2023-07-10T15:51:49.260+0000] {dagbag.py:541} INFO - Filling up the DagBag from /opt/airflow/dags/update_post_exposure.py
[2023-07-10T15:51:49.335+0000] {processor.py:836} INFO - DAG(s) dict_keys(['update_post_exposure']) retrieved from /opt/airflow/dags/update_post_exposure.py
[2023-07-10T15:51:49.442+0000] {logging_mixin.py:149} INFO - [2023-07-10T15:51:49.442+0000] {dag.py:2726} INFO - Sync 1 DAGs
[2023-07-10T15:51:49.600+0000] {logging_mixin.py:149} INFO - [2023-07-10T15:51:49.600+0000] {dag.py:3490} INFO - Setting next_dagrun for update_post_exposure to 2023-07-09T00:00:00+00:00, run_after=2023-07-10T00:00:00+00:00
[2023-07-10T15:51:49.647+0000] {processor.py:179} INFO - Processing /opt/airflow/dags/update_post_exposure.py took 0.444 seconds
[2023-07-10T15:52:20.052+0000] {processor.py:157} INFO - Started process (PID=656) to work on /opt/airflow/dags/update_post_exposure.py
[2023-07-10T15:52:20.057+0000] {processor.py:826} INFO - Processing file /opt/airflow/dags/update_post_exposure.py for tasks to queue
[2023-07-10T15:52:20.069+0000] {logging_mixin.py:149} INFO - [2023-07-10T15:52:20.069+0000] {dagbag.py:541} INFO - Filling up the DagBag from /opt/airflow/dags/update_post_exposure.py
[2023-07-10T15:52:20.108+0000] {processor.py:836} INFO - DAG(s) dict_keys(['update_post_exposure']) retrieved from /opt/airflow/dags/update_post_exposure.py
[2023-07-10T15:52:20.213+0000] {logging_mixin.py:149} INFO - [2023-07-10T15:52:20.212+0000] {dag.py:2726} INFO - Sync 1 DAGs
[2023-07-10T15:52:20.280+0000] {logging_mixin.py:149} INFO - [2023-07-10T15:52:20.280+0000] {dag.py:3490} INFO - Setting next_dagrun for update_post_exposure to 2023-07-09T00:00:00+00:00, run_after=2023-07-10T00:00:00+00:00
[2023-07-10T15:52:20.344+0000] {processor.py:179} INFO - Processing /opt/airflow/dags/update_post_exposure.py took 0.301 seconds
[2023-07-10T15:52:50.695+0000] {processor.py:157} INFO - Started process (PID=666) to work on /opt/airflow/dags/update_post_exposure.py
[2023-07-10T15:52:50.698+0000] {processor.py:826} INFO - Processing file /opt/airflow/dags/update_post_exposure.py for tasks to queue
[2023-07-10T15:52:50.706+0000] {logging_mixin.py:149} INFO - [2023-07-10T15:52:50.706+0000] {dagbag.py:541} INFO - Filling up the DagBag from /opt/airflow/dags/update_post_exposure.py
[2023-07-10T15:52:50.750+0000] {processor.py:836} INFO - DAG(s) dict_keys(['update_post_exposure']) retrieved from /opt/airflow/dags/update_post_exposure.py
[2023-07-10T15:52:50.816+0000] {logging_mixin.py:149} INFO - [2023-07-10T15:52:50.815+0000] {dag.py:2726} INFO - Sync 1 DAGs
[2023-07-10T15:52:50.897+0000] {logging_mixin.py:149} INFO - [2023-07-10T15:52:50.896+0000] {dag.py:3490} INFO - Setting next_dagrun for update_post_exposure to 2023-07-09T00:00:00+00:00, run_after=2023-07-10T00:00:00+00:00
[2023-07-10T15:52:50.948+0000] {processor.py:179} INFO - Processing /opt/airflow/dags/update_post_exposure.py took 0.263 seconds
[2023-07-10T15:53:21.360+0000] {processor.py:157} INFO - Started process (PID=676) to work on /opt/airflow/dags/update_post_exposure.py
[2023-07-10T15:53:21.366+0000] {processor.py:826} INFO - Processing file /opt/airflow/dags/update_post_exposure.py for tasks to queue
[2023-07-10T15:53:21.383+0000] {logging_mixin.py:149} INFO - [2023-07-10T15:53:21.382+0000] {dagbag.py:541} INFO - Filling up the DagBag from /opt/airflow/dags/update_post_exposure.py
[2023-07-10T15:53:21.435+0000] {processor.py:836} INFO - DAG(s) dict_keys(['update_post_exposure']) retrieved from /opt/airflow/dags/update_post_exposure.py
[2023-07-10T15:53:21.500+0000] {logging_mixin.py:149} INFO - [2023-07-10T15:53:21.499+0000] {dag.py:2726} INFO - Sync 1 DAGs
[2023-07-10T15:53:21.576+0000] {logging_mixin.py:149} INFO - [2023-07-10T15:53:21.575+0000] {dag.py:3490} INFO - Setting next_dagrun for update_post_exposure to 2023-07-09T00:00:00+00:00, run_after=2023-07-10T00:00:00+00:00
[2023-07-10T15:53:21.633+0000] {processor.py:179} INFO - Processing /opt/airflow/dags/update_post_exposure.py took 0.284 seconds
[2023-07-10T15:53:52.037+0000] {processor.py:157} INFO - Started process (PID=686) to work on /opt/airflow/dags/update_post_exposure.py
[2023-07-10T15:53:52.041+0000] {processor.py:826} INFO - Processing file /opt/airflow/dags/update_post_exposure.py for tasks to queue
[2023-07-10T15:53:52.061+0000] {logging_mixin.py:149} INFO - [2023-07-10T15:53:52.058+0000] {dagbag.py:541} INFO - Filling up the DagBag from /opt/airflow/dags/update_post_exposure.py
[2023-07-10T15:53:52.108+0000] {processor.py:836} INFO - DAG(s) dict_keys(['update_post_exposure']) retrieved from /opt/airflow/dags/update_post_exposure.py
[2023-07-10T15:53:52.169+0000] {logging_mixin.py:149} INFO - [2023-07-10T15:53:52.168+0000] {dag.py:2726} INFO - Sync 1 DAGs
[2023-07-10T15:53:52.265+0000] {logging_mixin.py:149} INFO - [2023-07-10T15:53:52.265+0000] {dag.py:3490} INFO - Setting next_dagrun for update_post_exposure to 2023-07-09T00:00:00+00:00, run_after=2023-07-10T00:00:00+00:00
[2023-07-10T15:53:52.308+0000] {processor.py:179} INFO - Processing /opt/airflow/dags/update_post_exposure.py took 0.283 seconds
[2023-07-10T15:54:22.761+0000] {processor.py:157} INFO - Started process (PID=696) to work on /opt/airflow/dags/update_post_exposure.py
[2023-07-10T15:54:22.764+0000] {processor.py:826} INFO - Processing file /opt/airflow/dags/update_post_exposure.py for tasks to queue
[2023-07-10T15:54:22.772+0000] {logging_mixin.py:149} INFO - [2023-07-10T15:54:22.771+0000] {dagbag.py:541} INFO - Filling up the DagBag from /opt/airflow/dags/update_post_exposure.py
[2023-07-10T15:54:22.818+0000] {processor.py:836} INFO - DAG(s) dict_keys(['update_post_exposure']) retrieved from /opt/airflow/dags/update_post_exposure.py
[2023-07-10T15:54:22.887+0000] {logging_mixin.py:149} INFO - [2023-07-10T15:54:22.886+0000] {dag.py:2726} INFO - Sync 1 DAGs
[2023-07-10T15:54:23.014+0000] {logging_mixin.py:149} INFO - [2023-07-10T15:54:23.013+0000] {dag.py:3490} INFO - Setting next_dagrun for update_post_exposure to 2023-07-09T00:00:00+00:00, run_after=2023-07-10T00:00:00+00:00
[2023-07-10T15:54:23.071+0000] {processor.py:179} INFO - Processing /opt/airflow/dags/update_post_exposure.py took 0.319 seconds
[2023-07-10T15:54:53.594+0000] {processor.py:157} INFO - Started process (PID=706) to work on /opt/airflow/dags/update_post_exposure.py
[2023-07-10T15:54:53.598+0000] {processor.py:826} INFO - Processing file /opt/airflow/dags/update_post_exposure.py for tasks to queue
[2023-07-10T15:54:53.609+0000] {logging_mixin.py:149} INFO - [2023-07-10T15:54:53.608+0000] {dagbag.py:541} INFO - Filling up the DagBag from /opt/airflow/dags/update_post_exposure.py
[2023-07-10T15:54:53.667+0000] {processor.py:836} INFO - DAG(s) dict_keys(['update_post_exposure']) retrieved from /opt/airflow/dags/update_post_exposure.py
[2023-07-10T15:54:53.736+0000] {logging_mixin.py:149} INFO - [2023-07-10T15:54:53.734+0000] {dag.py:2726} INFO - Sync 1 DAGs
[2023-07-10T15:54:53.816+0000] {logging_mixin.py:149} INFO - [2023-07-10T15:54:53.815+0000] {dag.py:3490} INFO - Setting next_dagrun for update_post_exposure to 2023-07-09T00:00:00+00:00, run_after=2023-07-10T00:00:00+00:00
[2023-07-10T15:54:53.883+0000] {processor.py:179} INFO - Processing /opt/airflow/dags/update_post_exposure.py took 0.305 seconds
[2023-07-10T15:55:24.302+0000] {processor.py:157} INFO - Started process (PID=716) to work on /opt/airflow/dags/update_post_exposure.py
[2023-07-10T15:55:24.307+0000] {processor.py:826} INFO - Processing file /opt/airflow/dags/update_post_exposure.py for tasks to queue
[2023-07-10T15:55:24.327+0000] {logging_mixin.py:149} INFO - [2023-07-10T15:55:24.327+0000] {dagbag.py:541} INFO - Filling up the DagBag from /opt/airflow/dags/update_post_exposure.py
[2023-07-10T15:55:24.384+0000] {processor.py:836} INFO - DAG(s) dict_keys(['update_post_exposure']) retrieved from /opt/airflow/dags/update_post_exposure.py
[2023-07-10T15:55:24.476+0000] {logging_mixin.py:149} INFO - [2023-07-10T15:55:24.475+0000] {dag.py:2726} INFO - Sync 1 DAGs
[2023-07-10T15:55:24.560+0000] {logging_mixin.py:149} INFO - [2023-07-10T15:55:24.559+0000] {dag.py:3490} INFO - Setting next_dagrun for update_post_exposure to 2023-07-09T00:00:00+00:00, run_after=2023-07-10T00:00:00+00:00
[2023-07-10T15:55:24.618+0000] {processor.py:179} INFO - Processing /opt/airflow/dags/update_post_exposure.py took 0.333 seconds
[2023-07-10T15:55:55.065+0000] {processor.py:157} INFO - Started process (PID=726) to work on /opt/airflow/dags/update_post_exposure.py
[2023-07-10T15:55:55.070+0000] {processor.py:826} INFO - Processing file /opt/airflow/dags/update_post_exposure.py for tasks to queue
[2023-07-10T15:55:55.078+0000] {logging_mixin.py:149} INFO - [2023-07-10T15:55:55.078+0000] {dagbag.py:541} INFO - Filling up the DagBag from /opt/airflow/dags/update_post_exposure.py
[2023-07-10T15:55:55.129+0000] {processor.py:836} INFO - DAG(s) dict_keys(['update_post_exposure']) retrieved from /opt/airflow/dags/update_post_exposure.py
[2023-07-10T15:55:55.226+0000] {logging_mixin.py:149} INFO - [2023-07-10T15:55:55.224+0000] {dag.py:2726} INFO - Sync 1 DAGs
[2023-07-10T15:55:55.380+0000] {logging_mixin.py:149} INFO - [2023-07-10T15:55:55.380+0000] {dag.py:3490} INFO - Setting next_dagrun for update_post_exposure to 2023-07-09T00:00:00+00:00, run_after=2023-07-10T00:00:00+00:00
[2023-07-10T15:55:55.445+0000] {processor.py:179} INFO - Processing /opt/airflow/dags/update_post_exposure.py took 0.390 seconds
[2023-07-10T15:56:25.985+0000] {processor.py:157} INFO - Started process (PID=736) to work on /opt/airflow/dags/update_post_exposure.py
[2023-07-10T15:56:25.989+0000] {processor.py:826} INFO - Processing file /opt/airflow/dags/update_post_exposure.py for tasks to queue
[2023-07-10T15:56:26.000+0000] {logging_mixin.py:149} INFO - [2023-07-10T15:56:25.999+0000] {dagbag.py:541} INFO - Filling up the DagBag from /opt/airflow/dags/update_post_exposure.py
[2023-07-10T15:56:26.058+0000] {processor.py:836} INFO - DAG(s) dict_keys(['update_post_exposure']) retrieved from /opt/airflow/dags/update_post_exposure.py
[2023-07-10T15:56:26.127+0000] {logging_mixin.py:149} INFO - [2023-07-10T15:56:26.126+0000] {dag.py:2726} INFO - Sync 1 DAGs
[2023-07-10T15:56:26.213+0000] {logging_mixin.py:149} INFO - [2023-07-10T15:56:26.212+0000] {dag.py:3490} INFO - Setting next_dagrun for update_post_exposure to 2023-07-09T00:00:00+00:00, run_after=2023-07-10T00:00:00+00:00
[2023-07-10T15:56:26.268+0000] {processor.py:179} INFO - Processing /opt/airflow/dags/update_post_exposure.py took 0.297 seconds
[2023-07-10T15:56:56.757+0000] {processor.py:157} INFO - Started process (PID=747) to work on /opt/airflow/dags/update_post_exposure.py
[2023-07-10T15:56:56.765+0000] {processor.py:826} INFO - Processing file /opt/airflow/dags/update_post_exposure.py for tasks to queue
[2023-07-10T15:56:56.782+0000] {logging_mixin.py:149} INFO - [2023-07-10T15:56:56.781+0000] {dagbag.py:541} INFO - Filling up the DagBag from /opt/airflow/dags/update_post_exposure.py
[2023-07-10T15:56:56.892+0000] {processor.py:836} INFO - DAG(s) dict_keys(['update_post_exposure']) retrieved from /opt/airflow/dags/update_post_exposure.py
[2023-07-10T15:56:57.055+0000] {logging_mixin.py:149} INFO - [2023-07-10T15:56:57.054+0000] {dag.py:2726} INFO - Sync 1 DAGs
[2023-07-10T15:56:57.175+0000] {logging_mixin.py:149} INFO - [2023-07-10T15:56:57.175+0000] {dag.py:3490} INFO - Setting next_dagrun for update_post_exposure to 2023-07-09T00:00:00+00:00, run_after=2023-07-10T00:00:00+00:00
[2023-07-10T15:56:57.258+0000] {processor.py:179} INFO - Processing /opt/airflow/dags/update_post_exposure.py took 0.544 seconds
[2023-07-10T15:57:27.698+0000] {processor.py:157} INFO - Started process (PID=758) to work on /opt/airflow/dags/update_post_exposure.py
[2023-07-10T15:57:27.706+0000] {processor.py:826} INFO - Processing file /opt/airflow/dags/update_post_exposure.py for tasks to queue
[2023-07-10T15:57:27.713+0000] {logging_mixin.py:149} INFO - [2023-07-10T15:57:27.713+0000] {dagbag.py:541} INFO - Filling up the DagBag from /opt/airflow/dags/update_post_exposure.py
[2023-07-10T15:57:27.790+0000] {processor.py:836} INFO - DAG(s) dict_keys(['update_post_exposure']) retrieved from /opt/airflow/dags/update_post_exposure.py
[2023-07-10T15:57:27.902+0000] {logging_mixin.py:149} INFO - [2023-07-10T15:57:27.901+0000] {dag.py:2726} INFO - Sync 1 DAGs
[2023-07-10T15:57:28.018+0000] {logging_mixin.py:149} INFO - [2023-07-10T15:57:28.018+0000] {dag.py:3490} INFO - Setting next_dagrun for update_post_exposure to 2023-07-09T00:00:00+00:00, run_after=2023-07-10T00:00:00+00:00
[2023-07-10T15:57:28.095+0000] {processor.py:179} INFO - Processing /opt/airflow/dags/update_post_exposure.py took 0.414 seconds
[2023-07-10T15:57:58.540+0000] {processor.py:157} INFO - Started process (PID=769) to work on /opt/airflow/dags/update_post_exposure.py
[2023-07-10T15:57:58.550+0000] {processor.py:826} INFO - Processing file /opt/airflow/dags/update_post_exposure.py for tasks to queue
[2023-07-10T15:57:58.568+0000] {logging_mixin.py:149} INFO - [2023-07-10T15:57:58.567+0000] {dagbag.py:541} INFO - Filling up the DagBag from /opt/airflow/dags/update_post_exposure.py
[2023-07-10T15:57:58.632+0000] {processor.py:836} INFO - DAG(s) dict_keys(['update_post_exposure']) retrieved from /opt/airflow/dags/update_post_exposure.py
[2023-07-10T15:57:58.697+0000] {logging_mixin.py:149} INFO - [2023-07-10T15:57:58.696+0000] {dag.py:2726} INFO - Sync 1 DAGs
[2023-07-10T15:57:58.780+0000] {logging_mixin.py:149} INFO - [2023-07-10T15:57:58.780+0000] {dag.py:3490} INFO - Setting next_dagrun for update_post_exposure to 2023-07-09T00:00:00+00:00, run_after=2023-07-10T00:00:00+00:00
[2023-07-10T15:57:58.833+0000] {processor.py:179} INFO - Processing /opt/airflow/dags/update_post_exposure.py took 0.315 seconds
[2023-07-10T15:58:29.237+0000] {processor.py:157} INFO - Started process (PID=779) to work on /opt/airflow/dags/update_post_exposure.py
[2023-07-10T15:58:29.241+0000] {processor.py:826} INFO - Processing file /opt/airflow/dags/update_post_exposure.py for tasks to queue
[2023-07-10T15:58:29.249+0000] {logging_mixin.py:149} INFO - [2023-07-10T15:58:29.249+0000] {dagbag.py:541} INFO - Filling up the DagBag from /opt/airflow/dags/update_post_exposure.py
[2023-07-10T15:58:29.295+0000] {processor.py:836} INFO - DAG(s) dict_keys(['update_post_exposure']) retrieved from /opt/airflow/dags/update_post_exposure.py
[2023-07-10T15:58:29.374+0000] {logging_mixin.py:149} INFO - [2023-07-10T15:58:29.373+0000] {dag.py:2726} INFO - Sync 1 DAGs
[2023-07-10T15:58:29.441+0000] {logging_mixin.py:149} INFO - [2023-07-10T15:58:29.441+0000] {dag.py:3490} INFO - Setting next_dagrun for update_post_exposure to 2023-07-09T00:00:00+00:00, run_after=2023-07-10T00:00:00+00:00
[2023-07-10T15:58:29.488+0000] {processor.py:179} INFO - Processing /opt/airflow/dags/update_post_exposure.py took 0.259 seconds
[2023-07-10T15:58:59.922+0000] {processor.py:157} INFO - Started process (PID=790) to work on /opt/airflow/dags/update_post_exposure.py
[2023-07-10T15:58:59.930+0000] {processor.py:826} INFO - Processing file /opt/airflow/dags/update_post_exposure.py for tasks to queue
[2023-07-10T15:58:59.943+0000] {logging_mixin.py:149} INFO - [2023-07-10T15:58:59.943+0000] {dagbag.py:541} INFO - Filling up the DagBag from /opt/airflow/dags/update_post_exposure.py
[2023-07-10T15:59:00.001+0000] {processor.py:836} INFO - DAG(s) dict_keys(['update_post_exposure']) retrieved from /opt/airflow/dags/update_post_exposure.py
[2023-07-10T15:59:00.110+0000] {logging_mixin.py:149} INFO - [2023-07-10T15:59:00.109+0000] {dag.py:2726} INFO - Sync 1 DAGs
[2023-07-10T15:59:00.195+0000] {logging_mixin.py:149} INFO - [2023-07-10T15:59:00.195+0000] {dag.py:3490} INFO - Setting next_dagrun for update_post_exposure to 2023-07-09T00:00:00+00:00, run_after=2023-07-10T00:00:00+00:00
[2023-07-10T15:59:00.259+0000] {processor.py:179} INFO - Processing /opt/airflow/dags/update_post_exposure.py took 0.359 seconds
[2023-07-10T15:59:30.733+0000] {processor.py:157} INFO - Started process (PID=801) to work on /opt/airflow/dags/update_post_exposure.py
[2023-07-10T15:59:30.747+0000] {processor.py:826} INFO - Processing file /opt/airflow/dags/update_post_exposure.py for tasks to queue
[2023-07-10T15:59:30.759+0000] {logging_mixin.py:149} INFO - [2023-07-10T15:59:30.758+0000] {dagbag.py:541} INFO - Filling up the DagBag from /opt/airflow/dags/update_post_exposure.py
[2023-07-10T15:59:30.828+0000] {processor.py:836} INFO - DAG(s) dict_keys(['update_post_exposure']) retrieved from /opt/airflow/dags/update_post_exposure.py
[2023-07-10T15:59:30.892+0000] {logging_mixin.py:149} INFO - [2023-07-10T15:59:30.891+0000] {dag.py:2726} INFO - Sync 1 DAGs
[2023-07-10T15:59:30.969+0000] {logging_mixin.py:149} INFO - [2023-07-10T15:59:30.969+0000] {dag.py:3490} INFO - Setting next_dagrun for update_post_exposure to 2023-07-09T00:00:00+00:00, run_after=2023-07-10T00:00:00+00:00
[2023-07-10T15:59:31.032+0000] {processor.py:179} INFO - Processing /opt/airflow/dags/update_post_exposure.py took 0.310 seconds
[2023-07-10T16:00:01.410+0000] {processor.py:157} INFO - Started process (PID=810) to work on /opt/airflow/dags/update_post_exposure.py
[2023-07-10T16:00:01.414+0000] {processor.py:826} INFO - Processing file /opt/airflow/dags/update_post_exposure.py for tasks to queue
[2023-07-10T16:00:01.427+0000] {logging_mixin.py:149} INFO - [2023-07-10T16:00:01.427+0000] {dagbag.py:541} INFO - Filling up the DagBag from /opt/airflow/dags/update_post_exposure.py
[2023-07-10T16:00:01.470+0000] {processor.py:836} INFO - DAG(s) dict_keys(['update_post_exposure']) retrieved from /opt/airflow/dags/update_post_exposure.py
[2023-07-10T16:00:01.536+0000] {logging_mixin.py:149} INFO - [2023-07-10T16:00:01.535+0000] {dag.py:2726} INFO - Sync 1 DAGs
[2023-07-10T16:00:01.604+0000] {logging_mixin.py:149} INFO - [2023-07-10T16:00:01.604+0000] {dag.py:3490} INFO - Setting next_dagrun for update_post_exposure to 2023-07-09T00:00:00+00:00, run_after=2023-07-10T00:00:00+00:00
[2023-07-10T16:00:01.649+0000] {processor.py:179} INFO - Processing /opt/airflow/dags/update_post_exposure.py took 0.247 seconds
[2023-07-10T16:00:32.132+0000] {processor.py:157} INFO - Started process (PID=820) to work on /opt/airflow/dags/update_post_exposure.py
[2023-07-10T16:00:32.135+0000] {processor.py:826} INFO - Processing file /opt/airflow/dags/update_post_exposure.py for tasks to queue
[2023-07-10T16:00:32.142+0000] {logging_mixin.py:149} INFO - [2023-07-10T16:00:32.142+0000] {dagbag.py:541} INFO - Filling up the DagBag from /opt/airflow/dags/update_post_exposure.py
[2023-07-10T16:00:32.186+0000] {processor.py:836} INFO - DAG(s) dict_keys(['update_post_exposure']) retrieved from /opt/airflow/dags/update_post_exposure.py
[2023-07-10T16:00:32.244+0000] {logging_mixin.py:149} INFO - [2023-07-10T16:00:32.243+0000] {dag.py:2726} INFO - Sync 1 DAGs
[2023-07-10T16:00:32.304+0000] {logging_mixin.py:149} INFO - [2023-07-10T16:00:32.303+0000] {dag.py:3490} INFO - Setting next_dagrun for update_post_exposure to 2023-07-09T00:00:00+00:00, run_after=2023-07-10T00:00:00+00:00
[2023-07-10T16:00:32.350+0000] {processor.py:179} INFO - Processing /opt/airflow/dags/update_post_exposure.py took 0.227 seconds
[2023-07-10T16:01:03.117+0000] {processor.py:157} INFO - Started process (PID=830) to work on /opt/airflow/dags/update_post_exposure.py
[2023-07-10T16:01:03.131+0000] {processor.py:826} INFO - Processing file /opt/airflow/dags/update_post_exposure.py for tasks to queue
[2023-07-10T16:01:03.154+0000] {logging_mixin.py:149} INFO - [2023-07-10T16:01:03.153+0000] {dagbag.py:541} INFO - Filling up the DagBag from /opt/airflow/dags/update_post_exposure.py
[2023-07-10T16:01:03.291+0000] {processor.py:836} INFO - DAG(s) dict_keys(['update_post_exposure']) retrieved from /opt/airflow/dags/update_post_exposure.py
[2023-07-10T16:01:03.498+0000] {logging_mixin.py:149} INFO - [2023-07-10T16:01:03.497+0000] {dag.py:2726} INFO - Sync 1 DAGs
[2023-07-10T16:01:03.655+0000] {logging_mixin.py:149} INFO - [2023-07-10T16:01:03.654+0000] {dag.py:3490} INFO - Setting next_dagrun for update_post_exposure to 2023-07-09T00:00:00+00:00, run_after=2023-07-10T00:00:00+00:00
[2023-07-10T16:01:03.733+0000] {processor.py:179} INFO - Processing /opt/airflow/dags/update_post_exposure.py took 0.650 seconds
