[2023-06-27T03:11:59.280+0000] {taskinstance.py:1103} INFO - Dependencies all met for dep_context=non-requeueable deps ti=<TaskInstance: search_posts.update_db manual__2023-06-27T03:09:25.646605+00:00 [queued]>
[2023-06-27T03:11:59.300+0000] {taskinstance.py:1103} INFO - Dependencies all met for dep_context=requeueable deps ti=<TaskInstance: search_posts.update_db manual__2023-06-27T03:09:25.646605+00:00 [queued]>
[2023-06-27T03:11:59.302+0000] {taskinstance.py:1308} INFO - Starting attempt 1 of 1
[2023-06-27T03:11:59.329+0000] {taskinstance.py:1327} INFO - Executing <Task(PythonOperator): update_db> on 2023-06-27 03:09:25.646605+00:00
[2023-06-27T03:11:59.339+0000] {standard_task_runner.py:57} INFO - Started process 1821 to run task
[2023-06-27T03:11:59.347+0000] {standard_task_runner.py:84} INFO - Running: ['***', 'tasks', 'run', 'search_posts', 'update_db', 'manual__2023-06-27T03:09:25.646605+00:00', '--job-id', '100', '--raw', '--subdir', 'DAGS_FOLDER/search_posts.py', '--cfg-path', '/tmp/tmpoxq0w42k']
[2023-06-27T03:11:59.352+0000] {standard_task_runner.py:85} INFO - Job 100: Subtask update_db
[2023-06-27T03:11:59.443+0000] {task_command.py:410} INFO - Running <TaskInstance: search_posts.update_db manual__2023-06-27T03:09:25.646605+00:00 [running]> on host 414be138234a
[2023-06-27T03:11:59.616+0000] {taskinstance.py:1547} INFO - Exporting env vars: AIRFLOW_CTX_DAG_OWNER='***' AIRFLOW_CTX_DAG_ID='search_posts' AIRFLOW_CTX_TASK_ID='update_db' AIRFLOW_CTX_EXECUTION_DATE='2023-06-27T03:09:25.646605+00:00' AIRFLOW_CTX_TRY_NUMBER='1' AIRFLOW_CTX_DAG_RUN_ID='manual__2023-06-27T03:09:25.646605+00:00'
[2023-06-27T03:11:59.810+0000] {logging_mixin.py:149} INFO - 
    fresh_data.shape: (4157, 16)
    old_data.shape: (4056, 1)
    update_data.shape: (3087, 16)
    
[2023-06-27T03:11:59.845+0000] {logging_mixin.py:149} INFO -                     created   created_utc  ... search_term                topic
0 2023-06-06 10:58:50-05:00  1.686067e+09  ...     alcohol  alcoholic_beverages
1 2023-06-14 11:27:31-05:00  1.686760e+09  ...     alcohol  alcoholic_beverages
2 2023-05-23 09:16:55-05:00  1.684851e+09  ...     alcohol  alcoholic_beverages
3 2023-06-24 19:20:46-05:00  1.687652e+09  ...     alcohol  alcoholic_beverages
4 2023-06-17 18:15:42-05:00  1.687044e+09  ...     alcohol  alcoholic_beverages

[5 rows x 16 columns]
[2023-06-27T03:11:59.910+0000] {taskinstance.py:1824} ERROR - Task failed with exception
Traceback (most recent call last):
  File "/home/airflow/.local/lib/python3.7/site-packages/airflow/operators/python.py", line 181, in execute
    return_value = self.execute_callable()
  File "/home/airflow/.local/lib/python3.7/site-packages/airflow/operators/python.py", line 198, in execute_callable
    return self.python_callable(*self.op_args, **self.op_kwargs)
  File "/opt/airflow/dags/search_posts.py", line 68, in update_db
    update_bq_from_df(update_data, table_name)
  File "/opt/airflow/dags/lib/big_query_access.py", line 23, in update_bq_from_df
    client = bigquery.Client(credentials= credientials_path, project=table_name)
  File "/home/airflow/.local/lib/python3.7/site-packages/google/cloud/bigquery/client.py", line 249, in __init__
    _http=_http,
  File "/home/airflow/.local/lib/python3.7/site-packages/google/cloud/client/__init__.py", line 322, in __init__
    self, credentials=credentials, client_options=client_options, _http=_http
  File "/home/airflow/.local/lib/python3.7/site-packages/google/cloud/client/__init__.py", line 167, in __init__
    raise ValueError(_GOOGLE_AUTH_CREDENTIALS_HELP)
ValueError: This library only supports credentials from google-auth-library-python. See https://google-auth.readthedocs.io/en/latest/ for help on authentication with this library.
[2023-06-27T03:11:59.934+0000] {taskinstance.py:1350} INFO - Marking task as FAILED. dag_id=search_posts, task_id=update_db, execution_date=20230627T030925, start_date=20230627T031159, end_date=20230627T031159
[2023-06-27T03:11:59.960+0000] {standard_task_runner.py:109} ERROR - Failed to execute job 100 for task update_db (This library only supports credentials from google-auth-library-python. See https://google-auth.readthedocs.io/en/latest/ for help on authentication with this library.; 1821)
[2023-06-27T03:12:00.004+0000] {local_task_job_runner.py:225} INFO - Task exited with return code 1
[2023-06-27T03:12:00.039+0000] {taskinstance.py:2653} INFO - 0 downstream tasks scheduled from follow-on schedule check
