[2023-06-26T01:51:59.784+0000] {processor.py:157} INFO - Started process (PID=319) to work on /opt/airflow/dags/my_dag copy.py
[2023-06-26T01:51:59.793+0000] {processor.py:826} INFO - Processing file /opt/airflow/dags/my_dag copy.py for tasks to queue
[2023-06-26T01:51:59.799+0000] {logging_mixin.py:149} INFO - [2023-06-26T01:51:59.799+0000] {dagbag.py:541} INFO - Filling up the DagBag from /opt/airflow/dags/my_dag copy.py
[2023-06-26T01:52:06.369+0000] {processor.py:836} INFO - DAG(s) dict_keys(['my_dag']) retrieved from /opt/airflow/dags/my_dag copy.py
[2023-06-26T01:52:06.701+0000] {logging_mixin.py:149} INFO - [2023-06-26T01:52:06.699+0000] {dag.py:2726} INFO - Sync 1 DAGs
[2023-06-26T01:52:06.809+0000] {logging_mixin.py:149} INFO - [2023-06-26T01:52:06.809+0000] {dag.py:3490} INFO - Setting next_dagrun for my_dag to 2023-06-26T00:00:00+00:00, run_after=2023-06-27T00:00:00+00:00
[2023-06-26T01:52:06.906+0000] {processor.py:179} INFO - Processing /opt/airflow/dags/my_dag copy.py took 7.150 seconds
[2023-06-26T01:52:22.176+0000] {processor.py:157} INFO - Started process (PID=332) to work on /opt/airflow/dags/my_dag copy.py
[2023-06-26T01:52:22.180+0000] {processor.py:826} INFO - Processing file /opt/airflow/dags/my_dag copy.py for tasks to queue
[2023-06-26T01:52:22.190+0000] {logging_mixin.py:149} INFO - [2023-06-26T01:52:22.189+0000] {dagbag.py:541} INFO - Filling up the DagBag from /opt/airflow/dags/my_dag copy.py
[2023-06-26T01:52:23.751+0000] {processor.py:836} INFO - DAG(s) dict_keys(['my_dag_copy']) retrieved from /opt/airflow/dags/my_dag copy.py
[2023-06-26T01:52:23.978+0000] {logging_mixin.py:149} INFO - [2023-06-26T01:52:23.978+0000] {manager.py:504} INFO - Created Permission View: can delete on DAG:my_dag_copy
[2023-06-26T01:52:24.001+0000] {logging_mixin.py:149} INFO - [2023-06-26T01:52:24.000+0000] {manager.py:504} INFO - Created Permission View: can edit on DAG:my_dag_copy
[2023-06-26T01:52:24.024+0000] {logging_mixin.py:149} INFO - [2023-06-26T01:52:24.023+0000] {manager.py:504} INFO - Created Permission View: can read on DAG:my_dag_copy
[2023-06-26T01:52:24.069+0000] {logging_mixin.py:149} INFO - [2023-06-26T01:52:24.068+0000] {dag.py:2726} INFO - Sync 1 DAGs
[2023-06-26T01:52:24.107+0000] {logging_mixin.py:149} INFO - [2023-06-26T01:52:24.106+0000] {dag.py:2747} INFO - Creating ORM DAG for my_dag_copy
[2023-06-26T01:52:24.138+0000] {logging_mixin.py:149} INFO - [2023-06-26T01:52:24.138+0000] {dag.py:3490} INFO - Setting next_dagrun for my_dag_copy to 2023-06-25T00:00:00+00:00, run_after=2023-06-26T00:00:00+00:00
[2023-06-26T01:52:24.179+0000] {processor.py:179} INFO - Processing /opt/airflow/dags/my_dag copy.py took 2.014 seconds
[2023-06-26T01:52:54.318+0000] {processor.py:157} INFO - Started process (PID=345) to work on /opt/airflow/dags/my_dag copy.py
[2023-06-26T01:52:54.323+0000] {processor.py:826} INFO - Processing file /opt/airflow/dags/my_dag copy.py for tasks to queue
[2023-06-26T01:52:54.327+0000] {logging_mixin.py:149} INFO - [2023-06-26T01:52:54.326+0000] {dagbag.py:541} INFO - Filling up the DagBag from /opt/airflow/dags/my_dag copy.py
[2023-06-26T01:52:55.531+0000] {processor.py:836} INFO - DAG(s) dict_keys(['my_dag_copy']) retrieved from /opt/airflow/dags/my_dag copy.py
[2023-06-26T01:52:55.576+0000] {logging_mixin.py:149} INFO - [2023-06-26T01:52:55.575+0000] {dag.py:2726} INFO - Sync 1 DAGs
[2023-06-26T01:52:55.625+0000] {logging_mixin.py:149} INFO - [2023-06-26T01:52:55.624+0000] {dag.py:3490} INFO - Setting next_dagrun for my_dag_copy to 2023-06-25T00:00:00+00:00, run_after=2023-06-26T00:00:00+00:00
[2023-06-26T01:52:55.658+0000] {processor.py:179} INFO - Processing /opt/airflow/dags/my_dag copy.py took 1.352 seconds
[2023-06-26T01:53:18.628+0000] {processor.py:157} INFO - Started process (PID=351) to work on /opt/airflow/dags/my_dag copy.py
[2023-06-26T01:53:18.631+0000] {processor.py:826} INFO - Processing file /opt/airflow/dags/my_dag copy.py for tasks to queue
[2023-06-26T01:53:18.634+0000] {logging_mixin.py:149} INFO - [2023-06-26T01:53:18.634+0000] {dagbag.py:541} INFO - Filling up the DagBag from /opt/airflow/dags/my_dag copy.py
[2023-06-26T01:53:20.115+0000] {processor.py:836} INFO - DAG(s) dict_keys(['my_dag_copy']) retrieved from /opt/airflow/dags/my_dag copy.py
[2023-06-26T01:53:20.675+0000] {logging_mixin.py:149} INFO - [2023-06-26T01:53:20.674+0000] {dag.py:2726} INFO - Sync 1 DAGs
[2023-06-26T01:53:20.750+0000] {logging_mixin.py:149} INFO - [2023-06-26T01:53:20.750+0000] {dag.py:3490} INFO - Setting next_dagrun for my_dag_copy to 2023-06-25T00:00:00+00:00, run_after=2023-06-26T00:00:00+00:00
[2023-06-26T01:53:20.789+0000] {processor.py:179} INFO - Processing /opt/airflow/dags/my_dag copy.py took 2.192 seconds
[2023-06-26T01:53:51.670+0000] {processor.py:157} INFO - Started process (PID=364) to work on /opt/airflow/dags/my_dag copy.py
[2023-06-26T01:53:51.692+0000] {processor.py:826} INFO - Processing file /opt/airflow/dags/my_dag copy.py for tasks to queue
[2023-06-26T01:53:51.747+0000] {logging_mixin.py:149} INFO - [2023-06-26T01:53:51.737+0000] {dagbag.py:541} INFO - Filling up the DagBag from /opt/airflow/dags/my_dag copy.py
[2023-06-26T01:53:59.959+0000] {processor.py:836} INFO - DAG(s) dict_keys(['my_dag_copy']) retrieved from /opt/airflow/dags/my_dag copy.py
[2023-06-26T01:54:00.206+0000] {logging_mixin.py:149} INFO - [2023-06-26T01:54:00.204+0000] {dag.py:2726} INFO - Sync 1 DAGs
[2023-06-26T01:54:00.777+0000] {logging_mixin.py:149} INFO - [2023-06-26T01:54:00.777+0000] {dag.py:3490} INFO - Setting next_dagrun for my_dag_copy to 2023-06-26T00:00:00+00:00, run_after=2023-06-27T00:00:00+00:00
[2023-06-26T01:54:00.950+0000] {processor.py:179} INFO - Processing /opt/airflow/dags/my_dag copy.py took 9.363 seconds
[2023-06-26T01:54:31.616+0000] {processor.py:157} INFO - Started process (PID=384) to work on /opt/airflow/dags/my_dag copy.py
[2023-06-26T01:54:31.644+0000] {processor.py:826} INFO - Processing file /opt/airflow/dags/my_dag copy.py for tasks to queue
[2023-06-26T01:54:31.681+0000] {logging_mixin.py:149} INFO - [2023-06-26T01:54:31.675+0000] {dagbag.py:541} INFO - Filling up the DagBag from /opt/airflow/dags/my_dag copy.py
[2023-06-26T01:54:35.232+0000] {processor.py:836} INFO - DAG(s) dict_keys(['my_dag_copy']) retrieved from /opt/airflow/dags/my_dag copy.py
[2023-06-26T01:54:35.287+0000] {logging_mixin.py:149} INFO - [2023-06-26T01:54:35.286+0000] {dag.py:2726} INFO - Sync 1 DAGs
[2023-06-26T01:54:35.392+0000] {logging_mixin.py:149} INFO - [2023-06-26T01:54:35.392+0000] {dag.py:3490} INFO - Setting next_dagrun for my_dag_copy to 2023-06-26T00:00:00+00:00, run_after=2023-06-27T00:00:00+00:00
[2023-06-26T01:54:35.457+0000] {processor.py:179} INFO - Processing /opt/airflow/dags/my_dag copy.py took 3.927 seconds
[2023-06-26T01:55:06.086+0000] {processor.py:157} INFO - Started process (PID=397) to work on /opt/airflow/dags/my_dag copy.py
[2023-06-26T01:55:06.088+0000] {processor.py:826} INFO - Processing file /opt/airflow/dags/my_dag copy.py for tasks to queue
[2023-06-26T01:55:06.091+0000] {logging_mixin.py:149} INFO - [2023-06-26T01:55:06.090+0000] {dagbag.py:541} INFO - Filling up the DagBag from /opt/airflow/dags/my_dag copy.py
[2023-06-26T01:55:07.497+0000] {processor.py:836} INFO - DAG(s) dict_keys(['my_dag_copy']) retrieved from /opt/airflow/dags/my_dag copy.py
[2023-06-26T01:55:07.551+0000] {logging_mixin.py:149} INFO - [2023-06-26T01:55:07.550+0000] {dag.py:2726} INFO - Sync 1 DAGs
[2023-06-26T01:55:07.637+0000] {logging_mixin.py:149} INFO - [2023-06-26T01:55:07.637+0000] {dag.py:3490} INFO - Setting next_dagrun for my_dag_copy to 2023-06-26T00:00:00+00:00, run_after=2023-06-27T00:00:00+00:00
[2023-06-26T01:55:07.676+0000] {processor.py:179} INFO - Processing /opt/airflow/dags/my_dag copy.py took 1.597 seconds
[2023-06-26T01:55:12.905+0000] {processor.py:157} INFO - Started process (PID=400) to work on /opt/airflow/dags/my_dag copy.py
[2023-06-26T01:55:12.909+0000] {processor.py:826} INFO - Processing file /opt/airflow/dags/my_dag copy.py for tasks to queue
[2023-06-26T01:55:12.921+0000] {logging_mixin.py:149} INFO - [2023-06-26T01:55:12.919+0000] {dagbag.py:541} INFO - Filling up the DagBag from /opt/airflow/dags/my_dag copy.py
[2023-06-26T01:55:14.844+0000] {processor.py:836} INFO - DAG(s) dict_keys(['my_dag_copy']) retrieved from /opt/airflow/dags/my_dag copy.py
[2023-06-26T01:55:15.434+0000] {logging_mixin.py:149} INFO - [2023-06-26T01:55:15.430+0000] {dag.py:2726} INFO - Sync 1 DAGs
[2023-06-26T01:55:15.754+0000] {logging_mixin.py:149} INFO - [2023-06-26T01:55:15.754+0000] {dag.py:3490} INFO - Setting next_dagrun for my_dag_copy to 2023-06-26T00:00:00+00:00, run_after=2023-06-27T00:00:00+00:00
[2023-06-26T01:55:16.062+0000] {processor.py:179} INFO - Processing /opt/airflow/dags/my_dag copy.py took 3.172 seconds
[2023-06-26T01:55:46.526+0000] {processor.py:157} INFO - Started process (PID=414) to work on /opt/airflow/dags/my_dag copy.py
[2023-06-26T01:55:46.530+0000] {processor.py:826} INFO - Processing file /opt/airflow/dags/my_dag copy.py for tasks to queue
[2023-06-26T01:55:46.537+0000] {logging_mixin.py:149} INFO - [2023-06-26T01:55:46.534+0000] {dagbag.py:541} INFO - Filling up the DagBag from /opt/airflow/dags/my_dag copy.py
[2023-06-26T01:55:48.014+0000] {processor.py:836} INFO - DAG(s) dict_keys(['my_dag_copy']) retrieved from /opt/airflow/dags/my_dag copy.py
[2023-06-26T01:55:48.086+0000] {logging_mixin.py:149} INFO - [2023-06-26T01:55:48.085+0000] {dag.py:2726} INFO - Sync 1 DAGs
[2023-06-26T01:55:48.149+0000] {logging_mixin.py:149} INFO - [2023-06-26T01:55:48.149+0000] {dag.py:3490} INFO - Setting next_dagrun for my_dag_copy to 2023-06-26T00:00:00+00:00, run_after=2023-06-27T00:00:00+00:00
[2023-06-26T01:55:48.188+0000] {processor.py:179} INFO - Processing /opt/airflow/dags/my_dag copy.py took 1.672 seconds
[2023-06-26T01:56:18.388+0000] {processor.py:157} INFO - Started process (PID=427) to work on /opt/airflow/dags/my_dag copy.py
[2023-06-26T01:56:18.391+0000] {processor.py:826} INFO - Processing file /opt/airflow/dags/my_dag copy.py for tasks to queue
[2023-06-26T01:56:18.397+0000] {logging_mixin.py:149} INFO - [2023-06-26T01:56:18.395+0000] {dagbag.py:541} INFO - Filling up the DagBag from /opt/airflow/dags/my_dag copy.py
[2023-06-26T01:56:20.166+0000] {processor.py:836} INFO - DAG(s) dict_keys(['my_dag_copy']) retrieved from /opt/airflow/dags/my_dag copy.py
[2023-06-26T01:56:20.318+0000] {logging_mixin.py:149} INFO - [2023-06-26T01:56:20.317+0000] {dag.py:2726} INFO - Sync 1 DAGs
[2023-06-26T01:56:20.442+0000] {logging_mixin.py:149} INFO - [2023-06-26T01:56:20.442+0000] {dag.py:3490} INFO - Setting next_dagrun for my_dag_copy to 2023-06-26T00:00:00+00:00, run_after=2023-06-27T00:00:00+00:00
[2023-06-26T01:56:20.510+0000] {processor.py:179} INFO - Processing /opt/airflow/dags/my_dag copy.py took 2.153 seconds
[2023-06-26T01:56:51.164+0000] {processor.py:157} INFO - Started process (PID=440) to work on /opt/airflow/dags/my_dag copy.py
[2023-06-26T01:56:51.168+0000] {processor.py:826} INFO - Processing file /opt/airflow/dags/my_dag copy.py for tasks to queue
[2023-06-26T01:56:51.174+0000] {logging_mixin.py:149} INFO - [2023-06-26T01:56:51.173+0000] {dagbag.py:541} INFO - Filling up the DagBag from /opt/airflow/dags/my_dag copy.py
[2023-06-26T01:56:52.163+0000] {processor.py:836} INFO - DAG(s) dict_keys(['my_dag_copy']) retrieved from /opt/airflow/dags/my_dag copy.py
[2023-06-26T01:56:52.211+0000] {logging_mixin.py:149} INFO - [2023-06-26T01:56:52.210+0000] {dag.py:2726} INFO - Sync 1 DAGs
[2023-06-26T01:56:52.268+0000] {logging_mixin.py:149} INFO - [2023-06-26T01:56:52.268+0000] {dag.py:3490} INFO - Setting next_dagrun for my_dag_copy to 2023-06-26T00:00:00+00:00, run_after=2023-06-27T00:00:00+00:00
[2023-06-26T01:56:52.305+0000] {processor.py:179} INFO - Processing /opt/airflow/dags/my_dag copy.py took 1.154 seconds
[2023-06-26T01:57:22.554+0000] {processor.py:157} INFO - Started process (PID=453) to work on /opt/airflow/dags/my_dag copy.py
[2023-06-26T01:57:22.566+0000] {processor.py:826} INFO - Processing file /opt/airflow/dags/my_dag copy.py for tasks to queue
[2023-06-26T01:57:22.586+0000] {logging_mixin.py:149} INFO - [2023-06-26T01:57:22.586+0000] {dagbag.py:541} INFO - Filling up the DagBag from /opt/airflow/dags/my_dag copy.py
[2023-06-26T01:57:27.256+0000] {processor.py:836} INFO - DAG(s) dict_keys(['my_dag_copy']) retrieved from /opt/airflow/dags/my_dag copy.py
[2023-06-26T01:57:27.326+0000] {logging_mixin.py:149} INFO - [2023-06-26T01:57:27.325+0000] {dag.py:2726} INFO - Sync 1 DAGs
[2023-06-26T01:57:27.466+0000] {logging_mixin.py:149} INFO - [2023-06-26T01:57:27.465+0000] {dag.py:3490} INFO - Setting next_dagrun for my_dag_copy to 2023-06-26T00:00:00+00:00, run_after=2023-06-27T00:00:00+00:00
[2023-06-26T01:57:27.532+0000] {processor.py:179} INFO - Processing /opt/airflow/dags/my_dag copy.py took 5.010 seconds
[2023-06-26T01:57:58.030+0000] {processor.py:157} INFO - Started process (PID=473) to work on /opt/airflow/dags/my_dag copy.py
[2023-06-26T01:57:58.037+0000] {processor.py:826} INFO - Processing file /opt/airflow/dags/my_dag copy.py for tasks to queue
[2023-06-26T01:57:58.042+0000] {logging_mixin.py:149} INFO - [2023-06-26T01:57:58.041+0000] {dagbag.py:541} INFO - Filling up the DagBag from /opt/airflow/dags/my_dag copy.py
[2023-06-26T01:58:01.011+0000] {processor.py:836} INFO - DAG(s) dict_keys(['my_dag_copy']) retrieved from /opt/airflow/dags/my_dag copy.py
[2023-06-26T01:58:01.242+0000] {logging_mixin.py:149} INFO - [2023-06-26T01:58:01.241+0000] {dag.py:2726} INFO - Sync 1 DAGs
[2023-06-26T01:58:01.403+0000] {logging_mixin.py:149} INFO - [2023-06-26T01:58:01.403+0000] {dag.py:3490} INFO - Setting next_dagrun for my_dag_copy to 2023-06-26T00:00:00+00:00, run_after=2023-06-27T00:00:00+00:00
[2023-06-26T01:58:01.576+0000] {processor.py:179} INFO - Processing /opt/airflow/dags/my_dag copy.py took 3.562 seconds
[2023-06-26T01:58:32.458+0000] {processor.py:157} INFO - Started process (PID=487) to work on /opt/airflow/dags/my_dag copy.py
[2023-06-26T01:58:32.461+0000] {processor.py:826} INFO - Processing file /opt/airflow/dags/my_dag copy.py for tasks to queue
[2023-06-26T01:58:32.464+0000] {logging_mixin.py:149} INFO - [2023-06-26T01:58:32.463+0000] {dagbag.py:541} INFO - Filling up the DagBag from /opt/airflow/dags/my_dag copy.py
[2023-06-26T01:58:34.136+0000] {processor.py:836} INFO - DAG(s) dict_keys(['my_dag_copy']) retrieved from /opt/airflow/dags/my_dag copy.py
[2023-06-26T01:58:34.214+0000] {logging_mixin.py:149} INFO - [2023-06-26T01:58:34.213+0000] {dag.py:2726} INFO - Sync 1 DAGs
[2023-06-26T01:58:34.333+0000] {logging_mixin.py:149} INFO - [2023-06-26T01:58:34.333+0000] {dag.py:3490} INFO - Setting next_dagrun for my_dag_copy to 2023-06-26T00:00:00+00:00, run_after=2023-06-27T00:00:00+00:00
[2023-06-26T01:58:34.387+0000] {processor.py:179} INFO - Processing /opt/airflow/dags/my_dag copy.py took 1.941 seconds
[2023-06-26T01:59:05.096+0000] {processor.py:157} INFO - Started process (PID=500) to work on /opt/airflow/dags/my_dag copy.py
[2023-06-26T01:59:05.102+0000] {processor.py:826} INFO - Processing file /opt/airflow/dags/my_dag copy.py for tasks to queue
[2023-06-26T01:59:05.109+0000] {logging_mixin.py:149} INFO - [2023-06-26T01:59:05.109+0000] {dagbag.py:541} INFO - Filling up the DagBag from /opt/airflow/dags/my_dag copy.py
[2023-06-26T01:59:09.304+0000] {processor.py:836} INFO - DAG(s) dict_keys(['my_dag_copy']) retrieved from /opt/airflow/dags/my_dag copy.py
[2023-06-26T01:59:09.379+0000] {logging_mixin.py:149} INFO - [2023-06-26T01:59:09.377+0000] {dag.py:2726} INFO - Sync 1 DAGs
[2023-06-26T01:59:09.462+0000] {logging_mixin.py:149} INFO - [2023-06-26T01:59:09.461+0000] {dag.py:3490} INFO - Setting next_dagrun for my_dag_copy to 2023-06-26T00:00:00+00:00, run_after=2023-06-27T00:00:00+00:00
[2023-06-26T01:59:09.511+0000] {processor.py:179} INFO - Processing /opt/airflow/dags/my_dag copy.py took 4.430 seconds
[2023-06-26T01:59:40.046+0000] {processor.py:157} INFO - Started process (PID=513) to work on /opt/airflow/dags/my_dag copy.py
[2023-06-26T01:59:40.052+0000] {processor.py:826} INFO - Processing file /opt/airflow/dags/my_dag copy.py for tasks to queue
[2023-06-26T01:59:40.055+0000] {logging_mixin.py:149} INFO - [2023-06-26T01:59:40.055+0000] {dagbag.py:541} INFO - Filling up the DagBag from /opt/airflow/dags/my_dag copy.py
[2023-06-26T01:59:41.421+0000] {processor.py:836} INFO - DAG(s) dict_keys(['my_dag_copy']) retrieved from /opt/airflow/dags/my_dag copy.py
[2023-06-26T01:59:41.482+0000] {logging_mixin.py:149} INFO - [2023-06-26T01:59:41.481+0000] {dag.py:2726} INFO - Sync 1 DAGs
[2023-06-26T01:59:41.576+0000] {logging_mixin.py:149} INFO - [2023-06-26T01:59:41.576+0000] {dag.py:3490} INFO - Setting next_dagrun for my_dag_copy to 2023-06-26T00:00:00+00:00, run_after=2023-06-27T00:00:00+00:00
[2023-06-26T01:59:41.630+0000] {processor.py:179} INFO - Processing /opt/airflow/dags/my_dag copy.py took 1.595 seconds
[2023-06-26T02:00:12.085+0000] {processor.py:157} INFO - Started process (PID=526) to work on /opt/airflow/dags/my_dag copy.py
[2023-06-26T02:00:12.097+0000] {processor.py:826} INFO - Processing file /opt/airflow/dags/my_dag copy.py for tasks to queue
[2023-06-26T02:00:12.099+0000] {logging_mixin.py:149} INFO - [2023-06-26T02:00:12.099+0000] {dagbag.py:541} INFO - Filling up the DagBag from /opt/airflow/dags/my_dag copy.py
[2023-06-26T02:00:14.728+0000] {processor.py:836} INFO - DAG(s) dict_keys(['my_dag_copy']) retrieved from /opt/airflow/dags/my_dag copy.py
[2023-06-26T02:00:14.969+0000] {logging_mixin.py:149} INFO - [2023-06-26T02:00:14.968+0000] {dag.py:2726} INFO - Sync 1 DAGs
[2023-06-26T02:00:15.046+0000] {logging_mixin.py:149} INFO - [2023-06-26T02:00:15.045+0000] {dag.py:3490} INFO - Setting next_dagrun for my_dag_copy to 2023-06-26T00:00:00+00:00, run_after=2023-06-27T00:00:00+00:00
[2023-06-26T02:00:15.085+0000] {processor.py:179} INFO - Processing /opt/airflow/dags/my_dag copy.py took 3.028 seconds
[2023-06-26T02:07:47.108+0000] {processor.py:157} INFO - Started process (PID=39) to work on /opt/airflow/dags/my_dag copy.py
[2023-06-26T02:07:47.133+0000] {processor.py:826} INFO - Processing file /opt/airflow/dags/my_dag copy.py for tasks to queue
[2023-06-26T02:07:47.140+0000] {logging_mixin.py:149} INFO - [2023-06-26T02:07:47.139+0000] {dagbag.py:541} INFO - Filling up the DagBag from /opt/airflow/dags/my_dag copy.py
[2023-06-26T02:07:58.100+0000] {processor.py:836} INFO - DAG(s) dict_keys(['my_dag_copy']) retrieved from /opt/airflow/dags/my_dag copy.py
[2023-06-26T02:07:59.638+0000] {logging_mixin.py:149} INFO - [2023-06-26T02:07:59.636+0000] {dag.py:2726} INFO - Sync 1 DAGs
[2023-06-26T02:08:00.278+0000] {logging_mixin.py:149} INFO - [2023-06-26T02:08:00.277+0000] {dag.py:3490} INFO - Setting next_dagrun for my_dag_copy to 2023-06-26T00:00:00+00:00, run_after=2023-06-27T00:00:00+00:00
[2023-06-26T02:08:00.521+0000] {processor.py:179} INFO - Processing /opt/airflow/dags/my_dag copy.py took 13.549 seconds
[2023-06-26T02:08:31.503+0000] {processor.py:157} INFO - Started process (PID=59) to work on /opt/airflow/dags/my_dag copy.py
[2023-06-26T02:08:31.508+0000] {processor.py:826} INFO - Processing file /opt/airflow/dags/my_dag copy.py for tasks to queue
[2023-06-26T02:08:31.511+0000] {logging_mixin.py:149} INFO - [2023-06-26T02:08:31.510+0000] {dagbag.py:541} INFO - Filling up the DagBag from /opt/airflow/dags/my_dag copy.py
[2023-06-26T02:08:33.635+0000] {processor.py:836} INFO - DAG(s) dict_keys(['my_dag_copy']) retrieved from /opt/airflow/dags/my_dag copy.py
[2023-06-26T02:08:33.717+0000] {logging_mixin.py:149} INFO - [2023-06-26T02:08:33.716+0000] {dag.py:2726} INFO - Sync 1 DAGs
[2023-06-26T02:08:33.809+0000] {logging_mixin.py:149} INFO - [2023-06-26T02:08:33.808+0000] {dag.py:3490} INFO - Setting next_dagrun for my_dag_copy to 2023-06-26T00:00:00+00:00, run_after=2023-06-27T00:00:00+00:00
[2023-06-26T02:08:33.865+0000] {processor.py:179} INFO - Processing /opt/airflow/dags/my_dag copy.py took 2.370 seconds
[2023-06-26T02:09:04.826+0000] {processor.py:157} INFO - Started process (PID=73) to work on /opt/airflow/dags/my_dag copy.py
[2023-06-26T02:09:04.830+0000] {processor.py:826} INFO - Processing file /opt/airflow/dags/my_dag copy.py for tasks to queue
[2023-06-26T02:09:04.843+0000] {logging_mixin.py:149} INFO - [2023-06-26T02:09:04.841+0000] {dagbag.py:541} INFO - Filling up the DagBag from /opt/airflow/dags/my_dag copy.py
[2023-06-26T02:09:08.853+0000] {processor.py:836} INFO - DAG(s) dict_keys(['my_dag_copy']) retrieved from /opt/airflow/dags/my_dag copy.py
[2023-06-26T02:09:09.293+0000] {logging_mixin.py:149} INFO - [2023-06-26T02:09:09.292+0000] {dag.py:2726} INFO - Sync 1 DAGs
[2023-06-26T02:09:09.460+0000] {logging_mixin.py:149} INFO - [2023-06-26T02:09:09.460+0000] {dag.py:3490} INFO - Setting next_dagrun for my_dag_copy to 2023-06-26T00:00:00+00:00, run_after=2023-06-27T00:00:00+00:00
[2023-06-26T02:09:09.632+0000] {processor.py:179} INFO - Processing /opt/airflow/dags/my_dag copy.py took 4.815 seconds
[2023-06-26T02:09:40.483+0000] {processor.py:157} INFO - Started process (PID=87) to work on /opt/airflow/dags/my_dag copy.py
[2023-06-26T02:09:40.522+0000] {processor.py:826} INFO - Processing file /opt/airflow/dags/my_dag copy.py for tasks to queue
[2023-06-26T02:09:40.554+0000] {logging_mixin.py:149} INFO - [2023-06-26T02:09:40.554+0000] {dagbag.py:541} INFO - Filling up the DagBag from /opt/airflow/dags/my_dag copy.py
[2023-06-26T02:09:44.695+0000] {processor.py:836} INFO - DAG(s) dict_keys(['my_dag_copy']) retrieved from /opt/airflow/dags/my_dag copy.py
[2023-06-26T02:09:44.829+0000] {logging_mixin.py:149} INFO - [2023-06-26T02:09:44.827+0000] {dag.py:2726} INFO - Sync 1 DAGs
[2023-06-26T02:09:44.955+0000] {logging_mixin.py:149} INFO - [2023-06-26T02:09:44.953+0000] {dag.py:3490} INFO - Setting next_dagrun for my_dag_copy to 2023-06-26T00:00:00+00:00, run_after=2023-06-27T00:00:00+00:00
[2023-06-26T02:09:45.267+0000] {processor.py:179} INFO - Processing /opt/airflow/dags/my_dag copy.py took 4.898 seconds
[2023-06-26T02:10:16.303+0000] {processor.py:157} INFO - Started process (PID=102) to work on /opt/airflow/dags/my_dag copy.py
[2023-06-26T02:10:16.307+0000] {processor.py:826} INFO - Processing file /opt/airflow/dags/my_dag copy.py for tasks to queue
[2023-06-26T02:10:16.311+0000] {logging_mixin.py:149} INFO - [2023-06-26T02:10:16.311+0000] {dagbag.py:541} INFO - Filling up the DagBag from /opt/airflow/dags/my_dag copy.py
[2023-06-26T02:10:18.738+0000] {processor.py:836} INFO - DAG(s) dict_keys(['my_dag_copy']) retrieved from /opt/airflow/dags/my_dag copy.py
[2023-06-26T02:10:18.817+0000] {logging_mixin.py:149} INFO - [2023-06-26T02:10:18.816+0000] {dag.py:2726} INFO - Sync 1 DAGs
[2023-06-26T02:10:18.875+0000] {logging_mixin.py:149} INFO - [2023-06-26T02:10:18.875+0000] {dag.py:3490} INFO - Setting next_dagrun for my_dag_copy to 2023-06-26T00:00:00+00:00, run_after=2023-06-27T00:00:00+00:00
[2023-06-26T02:10:18.906+0000] {processor.py:179} INFO - Processing /opt/airflow/dags/my_dag copy.py took 2.617 seconds
[2023-06-26T02:10:51.422+0000] {processor.py:157} INFO - Started process (PID=115) to work on /opt/airflow/dags/my_dag copy.py
[2023-06-26T02:10:51.501+0000] {processor.py:826} INFO - Processing file /opt/airflow/dags/my_dag copy.py for tasks to queue
[2023-06-26T02:10:51.510+0000] {logging_mixin.py:149} INFO - [2023-06-26T02:10:51.509+0000] {dagbag.py:541} INFO - Filling up the DagBag from /opt/airflow/dags/my_dag copy.py
[2023-06-26T02:11:10.696+0000] {processor.py:836} INFO - DAG(s) dict_keys(['my_dag_copy']) retrieved from /opt/airflow/dags/my_dag copy.py
[2023-06-26T02:11:11.694+0000] {logging_mixin.py:149} INFO - [2023-06-26T02:11:11.656+0000] {dag.py:2726} INFO - Sync 1 DAGs
[2023-06-26T02:11:13.153+0000] {logging_mixin.py:149} INFO - [2023-06-26T02:11:13.137+0000] {dag.py:3490} INFO - Setting next_dagrun for my_dag_copy to 2023-06-26T00:00:00+00:00, run_after=2023-06-27T00:00:00+00:00
[2023-06-26T02:11:13.632+0000] {processor.py:179} INFO - Processing /opt/airflow/dags/my_dag copy.py took 22.421 seconds
[2023-06-26T02:11:44.751+0000] {processor.py:157} INFO - Started process (PID=137) to work on /opt/airflow/dags/my_dag copy.py
[2023-06-26T02:11:44.827+0000] {processor.py:826} INFO - Processing file /opt/airflow/dags/my_dag copy.py for tasks to queue
[2023-06-26T02:11:44.848+0000] {logging_mixin.py:149} INFO - [2023-06-26T02:11:44.834+0000] {dagbag.py:541} INFO - Filling up the DagBag from /opt/airflow/dags/my_dag copy.py
[2023-06-26T02:11:57.098+0000] {processor.py:836} INFO - DAG(s) dict_keys(['my_dag_copy']) retrieved from /opt/airflow/dags/my_dag copy.py
[2023-06-26T02:11:57.981+0000] {logging_mixin.py:149} INFO - [2023-06-26T02:11:57.980+0000] {dag.py:2726} INFO - Sync 1 DAGs
[2023-06-26T02:11:58.109+0000] {logging_mixin.py:149} INFO - [2023-06-26T02:11:58.109+0000] {dag.py:3490} INFO - Setting next_dagrun for my_dag_copy to 2023-06-26T00:00:00+00:00, run_after=2023-06-27T00:00:00+00:00
[2023-06-26T02:11:58.201+0000] {processor.py:179} INFO - Processing /opt/airflow/dags/my_dag copy.py took 13.944 seconds
[2023-06-26T02:12:29.480+0000] {processor.py:157} INFO - Started process (PID=154) to work on /opt/airflow/dags/my_dag copy.py
[2023-06-26T02:12:29.505+0000] {processor.py:826} INFO - Processing file /opt/airflow/dags/my_dag copy.py for tasks to queue
[2023-06-26T02:12:29.526+0000] {logging_mixin.py:149} INFO - [2023-06-26T02:12:29.526+0000] {dagbag.py:541} INFO - Filling up the DagBag from /opt/airflow/dags/my_dag copy.py
[2023-06-26T02:12:44.076+0000] {processor.py:836} INFO - DAG(s) dict_keys(['my_dag_copy']) retrieved from /opt/airflow/dags/my_dag copy.py
[2023-06-26T02:12:45.409+0000] {logging_mixin.py:149} INFO - [2023-06-26T02:12:45.408+0000] {dag.py:2726} INFO - Sync 1 DAGs
[2023-06-26T02:12:47.698+0000] {logging_mixin.py:149} INFO - [2023-06-26T02:12:47.698+0000] {dag.py:3490} INFO - Setting next_dagrun for my_dag_copy to 2023-06-26T00:00:00+00:00, run_after=2023-06-27T00:00:00+00:00
[2023-06-26T02:12:48.227+0000] {processor.py:179} INFO - Processing /opt/airflow/dags/my_dag copy.py took 19.028 seconds
[2023-06-26T02:13:18.816+0000] {processor.py:157} INFO - Started process (PID=166) to work on /opt/airflow/dags/my_dag copy.py
[2023-06-26T02:13:18.825+0000] {processor.py:826} INFO - Processing file /opt/airflow/dags/my_dag copy.py for tasks to queue
[2023-06-26T02:13:18.830+0000] {logging_mixin.py:149} INFO - [2023-06-26T02:13:18.830+0000] {dagbag.py:541} INFO - Filling up the DagBag from /opt/airflow/dags/my_dag copy.py
[2023-06-26T02:13:21.783+0000] {processor.py:836} INFO - DAG(s) dict_keys(['my_dag_copy']) retrieved from /opt/airflow/dags/my_dag copy.py
[2023-06-26T02:13:21.973+0000] {logging_mixin.py:149} INFO - [2023-06-26T02:13:21.971+0000] {dag.py:2726} INFO - Sync 1 DAGs
[2023-06-26T02:13:22.886+0000] {logging_mixin.py:149} INFO - [2023-06-26T02:13:22.885+0000] {dag.py:3490} INFO - Setting next_dagrun for my_dag_copy to 2023-06-26T00:00:00+00:00, run_after=2023-06-27T00:00:00+00:00
[2023-06-26T02:13:23.090+0000] {processor.py:179} INFO - Processing /opt/airflow/dags/my_dag copy.py took 4.312 seconds
[2023-06-26T02:13:53.562+0000] {processor.py:157} INFO - Started process (PID=179) to work on /opt/airflow/dags/my_dag copy.py
[2023-06-26T02:13:53.571+0000] {processor.py:826} INFO - Processing file /opt/airflow/dags/my_dag copy.py for tasks to queue
[2023-06-26T02:13:53.580+0000] {logging_mixin.py:149} INFO - [2023-06-26T02:13:53.579+0000] {dagbag.py:541} INFO - Filling up the DagBag from /opt/airflow/dags/my_dag copy.py
[2023-06-26T02:13:56.661+0000] {processor.py:836} INFO - DAG(s) dict_keys(['my_dag_copy']) retrieved from /opt/airflow/dags/my_dag copy.py
[2023-06-26T02:13:57.150+0000] {logging_mixin.py:149} INFO - [2023-06-26T02:13:56.876+0000] {dag.py:2726} INFO - Sync 1 DAGs
[2023-06-26T02:13:57.227+0000] {logging_mixin.py:149} INFO - [2023-06-26T02:13:57.227+0000] {dag.py:3490} INFO - Setting next_dagrun for my_dag_copy to 2023-06-26T00:00:00+00:00, run_after=2023-06-27T00:00:00+00:00
[2023-06-26T02:13:57.280+0000] {processor.py:179} INFO - Processing /opt/airflow/dags/my_dag copy.py took 3.734 seconds
[2023-06-26T02:14:27.884+0000] {processor.py:157} INFO - Started process (PID=192) to work on /opt/airflow/dags/my_dag copy.py
[2023-06-26T02:14:27.889+0000] {processor.py:826} INFO - Processing file /opt/airflow/dags/my_dag copy.py for tasks to queue
[2023-06-26T02:14:27.894+0000] {logging_mixin.py:149} INFO - [2023-06-26T02:14:27.894+0000] {dagbag.py:541} INFO - Filling up the DagBag from /opt/airflow/dags/my_dag copy.py
[2023-06-26T02:14:32.861+0000] {processor.py:836} INFO - DAG(s) dict_keys(['my_dag_copy']) retrieved from /opt/airflow/dags/my_dag copy.py
[2023-06-26T02:14:34.101+0000] {logging_mixin.py:149} INFO - [2023-06-26T02:14:34.098+0000] {dag.py:2726} INFO - Sync 1 DAGs
[2023-06-26T02:14:34.258+0000] {logging_mixin.py:149} INFO - [2023-06-26T02:14:34.258+0000] {dag.py:3490} INFO - Setting next_dagrun for my_dag_copy to 2023-06-26T00:00:00+00:00, run_after=2023-06-27T00:00:00+00:00
[2023-06-26T02:14:34.391+0000] {processor.py:179} INFO - Processing /opt/airflow/dags/my_dag copy.py took 6.518 seconds
[2023-06-26T02:15:05.290+0000] {processor.py:157} INFO - Started process (PID=211) to work on /opt/airflow/dags/my_dag copy.py
[2023-06-26T02:15:05.345+0000] {processor.py:826} INFO - Processing file /opt/airflow/dags/my_dag copy.py for tasks to queue
[2023-06-26T02:15:05.391+0000] {logging_mixin.py:149} INFO - [2023-06-26T02:15:05.388+0000] {dagbag.py:541} INFO - Filling up the DagBag from /opt/airflow/dags/my_dag copy.py
[2023-06-26T02:15:12.030+0000] {processor.py:836} INFO - DAG(s) dict_keys(['my_dag_copy']) retrieved from /opt/airflow/dags/my_dag copy.py
[2023-06-26T02:15:12.248+0000] {logging_mixin.py:149} INFO - [2023-06-26T02:15:12.247+0000] {dag.py:2726} INFO - Sync 1 DAGs
[2023-06-26T02:15:12.437+0000] {logging_mixin.py:149} INFO - [2023-06-26T02:15:12.437+0000] {dag.py:3490} INFO - Setting next_dagrun for my_dag_copy to 2023-06-26T00:00:00+00:00, run_after=2023-06-27T00:00:00+00:00
[2023-06-26T02:15:12.557+0000] {processor.py:179} INFO - Processing /opt/airflow/dags/my_dag copy.py took 7.354 seconds
[2023-06-26T02:15:43.348+0000] {processor.py:157} INFO - Started process (PID=224) to work on /opt/airflow/dags/my_dag copy.py
[2023-06-26T02:15:43.353+0000] {processor.py:826} INFO - Processing file /opt/airflow/dags/my_dag copy.py for tasks to queue
[2023-06-26T02:15:43.357+0000] {logging_mixin.py:149} INFO - [2023-06-26T02:15:43.356+0000] {dagbag.py:541} INFO - Filling up the DagBag from /opt/airflow/dags/my_dag copy.py
[2023-06-26T02:15:44.913+0000] {processor.py:836} INFO - DAG(s) dict_keys(['my_dag_copy']) retrieved from /opt/airflow/dags/my_dag copy.py
[2023-06-26T02:15:45.037+0000] {logging_mixin.py:149} INFO - [2023-06-26T02:15:45.035+0000] {dag.py:2726} INFO - Sync 1 DAGs
[2023-06-26T02:15:45.411+0000] {logging_mixin.py:149} INFO - [2023-06-26T02:15:45.411+0000] {dag.py:3490} INFO - Setting next_dagrun for my_dag_copy to 2023-06-26T00:00:00+00:00, run_after=2023-06-27T00:00:00+00:00
[2023-06-26T02:15:45.482+0000] {processor.py:179} INFO - Processing /opt/airflow/dags/my_dag copy.py took 2.151 seconds
[2023-06-26T02:16:15.874+0000] {processor.py:157} INFO - Started process (PID=238) to work on /opt/airflow/dags/my_dag copy.py
[2023-06-26T02:16:15.881+0000] {processor.py:826} INFO - Processing file /opt/airflow/dags/my_dag copy.py for tasks to queue
[2023-06-26T02:16:15.889+0000] {logging_mixin.py:149} INFO - [2023-06-26T02:16:15.887+0000] {dagbag.py:541} INFO - Filling up the DagBag from /opt/airflow/dags/my_dag copy.py
[2023-06-26T02:16:18.120+0000] {processor.py:836} INFO - DAG(s) dict_keys(['my_dag_copy']) retrieved from /opt/airflow/dags/my_dag copy.py
[2023-06-26T02:16:18.230+0000] {logging_mixin.py:149} INFO - [2023-06-26T02:16:18.229+0000] {dag.py:2726} INFO - Sync 1 DAGs
[2023-06-26T02:16:18.769+0000] {logging_mixin.py:149} INFO - [2023-06-26T02:16:18.768+0000] {dag.py:3490} INFO - Setting next_dagrun for my_dag_copy to 2023-06-26T00:00:00+00:00, run_after=2023-06-27T00:00:00+00:00
[2023-06-26T02:16:18.831+0000] {processor.py:179} INFO - Processing /opt/airflow/dags/my_dag copy.py took 2.975 seconds
[2023-06-26T02:16:49.436+0000] {processor.py:157} INFO - Started process (PID=251) to work on /opt/airflow/dags/my_dag copy.py
[2023-06-26T02:16:49.443+0000] {processor.py:826} INFO - Processing file /opt/airflow/dags/my_dag copy.py for tasks to queue
[2023-06-26T02:16:49.450+0000] {logging_mixin.py:149} INFO - [2023-06-26T02:16:49.449+0000] {dagbag.py:541} INFO - Filling up the DagBag from /opt/airflow/dags/my_dag copy.py
[2023-06-26T02:16:53.212+0000] {processor.py:836} INFO - DAG(s) dict_keys(['my_dag_copy']) retrieved from /opt/airflow/dags/my_dag copy.py
[2023-06-26T02:16:54.246+0000] {logging_mixin.py:149} INFO - [2023-06-26T02:16:54.230+0000] {dag.py:2726} INFO - Sync 1 DAGs
[2023-06-26T02:16:56.847+0000] {logging_mixin.py:149} INFO - [2023-06-26T02:16:56.846+0000] {dag.py:3490} INFO - Setting next_dagrun for my_dag_copy to 2023-06-26T00:00:00+00:00, run_after=2023-06-27T00:00:00+00:00
[2023-06-26T02:16:57.161+0000] {processor.py:179} INFO - Processing /opt/airflow/dags/my_dag copy.py took 7.754 seconds
[2023-06-26T02:17:28.153+0000] {processor.py:157} INFO - Started process (PID=264) to work on /opt/airflow/dags/my_dag copy.py
[2023-06-26T02:17:28.188+0000] {processor.py:826} INFO - Processing file /opt/airflow/dags/my_dag copy.py for tasks to queue
[2023-06-26T02:17:28.220+0000] {logging_mixin.py:149} INFO - [2023-06-26T02:17:28.219+0000] {dagbag.py:541} INFO - Filling up the DagBag from /opt/airflow/dags/my_dag copy.py
[2023-06-26T02:17:40.418+0000] {processor.py:836} INFO - DAG(s) dict_keys(['my_dag_copy']) retrieved from /opt/airflow/dags/my_dag copy.py
[2023-06-26T02:17:41.188+0000] {logging_mixin.py:149} INFO - [2023-06-26T02:17:41.187+0000] {dag.py:2726} INFO - Sync 1 DAGs
[2023-06-26T02:17:41.367+0000] {logging_mixin.py:149} INFO - [2023-06-26T02:17:41.366+0000] {dag.py:3490} INFO - Setting next_dagrun for my_dag_copy to 2023-06-26T00:00:00+00:00, run_after=2023-06-27T00:00:00+00:00
[2023-06-26T02:17:41.445+0000] {processor.py:179} INFO - Processing /opt/airflow/dags/my_dag copy.py took 13.442 seconds
[2023-06-26T02:18:12.232+0000] {processor.py:157} INFO - Started process (PID=283) to work on /opt/airflow/dags/my_dag copy.py
[2023-06-26T02:18:12.242+0000] {processor.py:826} INFO - Processing file /opt/airflow/dags/my_dag copy.py for tasks to queue
[2023-06-26T02:18:12.253+0000] {logging_mixin.py:149} INFO - [2023-06-26T02:18:12.250+0000] {dagbag.py:541} INFO - Filling up the DagBag from /opt/airflow/dags/my_dag copy.py
[2023-06-26T02:18:15.277+0000] {processor.py:836} INFO - DAG(s) dict_keys(['my_dag_copy']) retrieved from /opt/airflow/dags/my_dag copy.py
[2023-06-26T02:18:15.581+0000] {logging_mixin.py:149} INFO - [2023-06-26T02:18:15.578+0000] {dag.py:2726} INFO - Sync 1 DAGs
[2023-06-26T02:18:15.726+0000] {logging_mixin.py:149} INFO - [2023-06-26T02:18:15.726+0000] {dag.py:3490} INFO - Setting next_dagrun for my_dag_copy to 2023-06-26T00:00:00+00:00, run_after=2023-06-27T00:00:00+00:00
[2023-06-26T02:18:15.863+0000] {processor.py:179} INFO - Processing /opt/airflow/dags/my_dag copy.py took 3.644 seconds
[2023-06-26T02:18:46.204+0000] {processor.py:157} INFO - Started process (PID=295) to work on /opt/airflow/dags/my_dag copy.py
[2023-06-26T02:18:46.212+0000] {processor.py:826} INFO - Processing file /opt/airflow/dags/my_dag copy.py for tasks to queue
[2023-06-26T02:18:46.254+0000] {logging_mixin.py:149} INFO - [2023-06-26T02:18:46.253+0000] {dagbag.py:541} INFO - Filling up the DagBag from /opt/airflow/dags/my_dag copy.py
[2023-06-26T02:18:52.938+0000] {processor.py:836} INFO - DAG(s) dict_keys(['my_dag_copy']) retrieved from /opt/airflow/dags/my_dag copy.py
[2023-06-26T02:18:53.391+0000] {logging_mixin.py:149} INFO - [2023-06-26T02:18:53.390+0000] {dag.py:2726} INFO - Sync 1 DAGs
[2023-06-26T02:18:53.992+0000] {logging_mixin.py:149} INFO - [2023-06-26T02:18:53.991+0000] {dag.py:3490} INFO - Setting next_dagrun for my_dag_copy to 2023-06-26T00:00:00+00:00, run_after=2023-06-27T00:00:00+00:00
[2023-06-26T02:18:54.121+0000] {processor.py:179} INFO - Processing /opt/airflow/dags/my_dag copy.py took 7.953 seconds
[2023-06-26T02:19:24.488+0000] {processor.py:157} INFO - Started process (PID=308) to work on /opt/airflow/dags/my_dag copy.py
[2023-06-26T02:19:24.507+0000] {processor.py:826} INFO - Processing file /opt/airflow/dags/my_dag copy.py for tasks to queue
[2023-06-26T02:19:24.554+0000] {logging_mixin.py:149} INFO - [2023-06-26T02:19:24.540+0000] {dagbag.py:541} INFO - Filling up the DagBag from /opt/airflow/dags/my_dag copy.py
[2023-06-26T02:19:26.992+0000] {processor.py:836} INFO - DAG(s) dict_keys(['my_dag_copy']) retrieved from /opt/airflow/dags/my_dag copy.py
[2023-06-26T02:19:27.308+0000] {logging_mixin.py:149} INFO - [2023-06-26T02:19:27.306+0000] {dag.py:2726} INFO - Sync 1 DAGs
[2023-06-26T02:19:27.790+0000] {logging_mixin.py:149} INFO - [2023-06-26T02:19:27.790+0000] {dag.py:3490} INFO - Setting next_dagrun for my_dag_copy to 2023-06-26T00:00:00+00:00, run_after=2023-06-27T00:00:00+00:00
[2023-06-26T02:19:27.845+0000] {processor.py:179} INFO - Processing /opt/airflow/dags/my_dag copy.py took 3.393 seconds
[2023-06-26T02:19:58.782+0000] {processor.py:157} INFO - Started process (PID=320) to work on /opt/airflow/dags/my_dag copy.py
[2023-06-26T02:19:58.787+0000] {processor.py:826} INFO - Processing file /opt/airflow/dags/my_dag copy.py for tasks to queue
[2023-06-26T02:19:58.794+0000] {logging_mixin.py:149} INFO - [2023-06-26T02:19:58.793+0000] {dagbag.py:541} INFO - Filling up the DagBag from /opt/airflow/dags/my_dag copy.py
[2023-06-26T02:20:00.256+0000] {processor.py:836} INFO - DAG(s) dict_keys(['my_dag_copy']) retrieved from /opt/airflow/dags/my_dag copy.py
[2023-06-26T02:20:00.785+0000] {logging_mixin.py:149} INFO - [2023-06-26T02:20:00.380+0000] {dag.py:2726} INFO - Sync 1 DAGs
[2023-06-26T02:20:00.878+0000] {logging_mixin.py:149} INFO - [2023-06-26T02:20:00.877+0000] {dag.py:3490} INFO - Setting next_dagrun for my_dag_copy to 2023-06-26T00:00:00+00:00, run_after=2023-06-27T00:00:00+00:00
[2023-06-26T02:20:00.964+0000] {processor.py:179} INFO - Processing /opt/airflow/dags/my_dag copy.py took 2.199 seconds
[2023-06-26T02:20:31.614+0000] {processor.py:157} INFO - Started process (PID=332) to work on /opt/airflow/dags/my_dag copy.py
[2023-06-26T02:20:31.619+0000] {processor.py:826} INFO - Processing file /opt/airflow/dags/my_dag copy.py for tasks to queue
[2023-06-26T02:20:31.626+0000] {logging_mixin.py:149} INFO - [2023-06-26T02:20:31.625+0000] {dagbag.py:541} INFO - Filling up the DagBag from /opt/airflow/dags/my_dag copy.py
[2023-06-26T02:20:33.203+0000] {processor.py:836} INFO - DAG(s) dict_keys(['my_dag_copy']) retrieved from /opt/airflow/dags/my_dag copy.py
[2023-06-26T02:20:33.562+0000] {logging_mixin.py:149} INFO - [2023-06-26T02:20:33.559+0000] {dag.py:2726} INFO - Sync 1 DAGs
[2023-06-26T02:20:33.647+0000] {logging_mixin.py:149} INFO - [2023-06-26T02:20:33.647+0000] {dag.py:3490} INFO - Setting next_dagrun for my_dag_copy to 2023-06-26T00:00:00+00:00, run_after=2023-06-27T00:00:00+00:00
[2023-06-26T02:20:33.714+0000] {processor.py:179} INFO - Processing /opt/airflow/dags/my_dag copy.py took 2.113 seconds
[2023-06-26T02:21:04.216+0000] {processor.py:157} INFO - Started process (PID=350) to work on /opt/airflow/dags/my_dag copy.py
[2023-06-26T02:21:04.229+0000] {processor.py:826} INFO - Processing file /opt/airflow/dags/my_dag copy.py for tasks to queue
[2023-06-26T02:21:04.238+0000] {logging_mixin.py:149} INFO - [2023-06-26T02:21:04.238+0000] {dagbag.py:541} INFO - Filling up the DagBag from /opt/airflow/dags/my_dag copy.py
[2023-06-26T02:21:05.896+0000] {processor.py:836} INFO - DAG(s) dict_keys(['my_dag_copy']) retrieved from /opt/airflow/dags/my_dag copy.py
[2023-06-26T02:21:06.126+0000] {logging_mixin.py:149} INFO - [2023-06-26T02:21:06.124+0000] {dag.py:2726} INFO - Sync 1 DAGs
[2023-06-26T02:21:06.214+0000] {logging_mixin.py:149} INFO - [2023-06-26T02:21:06.214+0000] {dag.py:3490} INFO - Setting next_dagrun for my_dag_copy to 2023-06-26T00:00:00+00:00, run_after=2023-06-27T00:00:00+00:00
[2023-06-26T02:21:06.285+0000] {processor.py:179} INFO - Processing /opt/airflow/dags/my_dag copy.py took 2.144 seconds
[2023-06-26T02:21:37.140+0000] {processor.py:157} INFO - Started process (PID=364) to work on /opt/airflow/dags/my_dag copy.py
[2023-06-26T02:21:37.151+0000] {processor.py:826} INFO - Processing file /opt/airflow/dags/my_dag copy.py for tasks to queue
[2023-06-26T02:21:37.157+0000] {logging_mixin.py:149} INFO - [2023-06-26T02:21:37.157+0000] {dagbag.py:541} INFO - Filling up the DagBag from /opt/airflow/dags/my_dag copy.py
[2023-06-26T02:21:39.332+0000] {processor.py:836} INFO - DAG(s) dict_keys(['my_dag_copy']) retrieved from /opt/airflow/dags/my_dag copy.py
[2023-06-26T02:21:39.403+0000] {logging_mixin.py:149} INFO - [2023-06-26T02:21:39.402+0000] {dag.py:2726} INFO - Sync 1 DAGs
[2023-06-26T02:21:39.734+0000] {logging_mixin.py:149} INFO - [2023-06-26T02:21:39.734+0000] {dag.py:3490} INFO - Setting next_dagrun for my_dag_copy to 2023-06-26T00:00:00+00:00, run_after=2023-06-27T00:00:00+00:00
[2023-06-26T02:21:39.787+0000] {processor.py:179} INFO - Processing /opt/airflow/dags/my_dag copy.py took 2.682 seconds
[2023-06-26T02:22:10.991+0000] {processor.py:157} INFO - Started process (PID=377) to work on /opt/airflow/dags/my_dag copy.py
[2023-06-26T02:22:11.003+0000] {processor.py:826} INFO - Processing file /opt/airflow/dags/my_dag copy.py for tasks to queue
[2023-06-26T02:22:11.007+0000] {logging_mixin.py:149} INFO - [2023-06-26T02:22:11.006+0000] {dagbag.py:541} INFO - Filling up the DagBag from /opt/airflow/dags/my_dag copy.py
[2023-06-26T02:22:16.187+0000] {processor.py:836} INFO - DAG(s) dict_keys(['my_dag_copy']) retrieved from /opt/airflow/dags/my_dag copy.py
[2023-06-26T02:22:16.273+0000] {logging_mixin.py:149} INFO - [2023-06-26T02:22:16.271+0000] {dag.py:2726} INFO - Sync 1 DAGs
[2023-06-26T02:22:16.646+0000] {logging_mixin.py:149} INFO - [2023-06-26T02:22:16.646+0000] {dag.py:3490} INFO - Setting next_dagrun for my_dag_copy to 2023-06-26T00:00:00+00:00, run_after=2023-06-27T00:00:00+00:00
[2023-06-26T02:22:16.757+0000] {processor.py:179} INFO - Processing /opt/airflow/dags/my_dag copy.py took 5.799 seconds
[2023-06-26T02:22:47.427+0000] {processor.py:157} INFO - Started process (PID=390) to work on /opt/airflow/dags/my_dag copy.py
[2023-06-26T02:22:47.450+0000] {processor.py:826} INFO - Processing file /opt/airflow/dags/my_dag copy.py for tasks to queue
[2023-06-26T02:22:47.461+0000] {logging_mixin.py:149} INFO - [2023-06-26T02:22:47.460+0000] {dagbag.py:541} INFO - Filling up the DagBag from /opt/airflow/dags/my_dag copy.py
[2023-06-26T02:22:51.610+0000] {processor.py:836} INFO - DAG(s) dict_keys(['my_dag_copy']) retrieved from /opt/airflow/dags/my_dag copy.py
[2023-06-26T02:22:52.645+0000] {logging_mixin.py:149} INFO - [2023-06-26T02:22:51.864+0000] {dag.py:2726} INFO - Sync 1 DAGs
[2023-06-26T02:22:52.743+0000] {logging_mixin.py:149} INFO - [2023-06-26T02:22:52.743+0000] {dag.py:3490} INFO - Setting next_dagrun for my_dag_copy to 2023-06-26T00:00:00+00:00, run_after=2023-06-27T00:00:00+00:00
[2023-06-26T02:22:52.816+0000] {processor.py:179} INFO - Processing /opt/airflow/dags/my_dag copy.py took 5.469 seconds
[2023-06-26T02:23:23.619+0000] {processor.py:157} INFO - Started process (PID=403) to work on /opt/airflow/dags/my_dag copy.py
[2023-06-26T02:23:23.643+0000] {processor.py:826} INFO - Processing file /opt/airflow/dags/my_dag copy.py for tasks to queue
[2023-06-26T02:23:23.648+0000] {logging_mixin.py:149} INFO - [2023-06-26T02:23:23.646+0000] {dagbag.py:541} INFO - Filling up the DagBag from /opt/airflow/dags/my_dag copy.py
[2023-06-26T02:23:30.160+0000] {processor.py:836} INFO - DAG(s) dict_keys(['my_dag_copy']) retrieved from /opt/airflow/dags/my_dag copy.py
[2023-06-26T02:23:31.439+0000] {logging_mixin.py:149} INFO - [2023-06-26T02:23:31.438+0000] {dag.py:2726} INFO - Sync 1 DAGs
[2023-06-26T02:23:31.499+0000] {logging_mixin.py:149} INFO - [2023-06-26T02:23:31.499+0000] {dag.py:3490} INFO - Setting next_dagrun for my_dag_copy to 2023-06-26T00:00:00+00:00, run_after=2023-06-27T00:00:00+00:00
[2023-06-26T02:23:31.548+0000] {processor.py:179} INFO - Processing /opt/airflow/dags/my_dag copy.py took 7.960 seconds
[2023-06-26T02:24:02.328+0000] {processor.py:157} INFO - Started process (PID=416) to work on /opt/airflow/dags/my_dag copy.py
[2023-06-26T02:24:02.332+0000] {processor.py:826} INFO - Processing file /opt/airflow/dags/my_dag copy.py for tasks to queue
[2023-06-26T02:24:02.336+0000] {logging_mixin.py:149} INFO - [2023-06-26T02:24:02.335+0000] {dagbag.py:541} INFO - Filling up the DagBag from /opt/airflow/dags/my_dag copy.py
[2023-06-26T02:24:05.514+0000] {processor.py:836} INFO - DAG(s) dict_keys(['my_dag_copy']) retrieved from /opt/airflow/dags/my_dag copy.py
[2023-06-26T02:24:05.633+0000] {logging_mixin.py:149} INFO - [2023-06-26T02:24:05.632+0000] {dag.py:2726} INFO - Sync 1 DAGs
[2023-06-26T02:24:05.833+0000] {logging_mixin.py:149} INFO - [2023-06-26T02:24:05.825+0000] {dag.py:3490} INFO - Setting next_dagrun for my_dag_copy to 2023-06-26T00:00:00+00:00, run_after=2023-06-27T00:00:00+00:00
[2023-06-26T02:24:05.909+0000] {processor.py:179} INFO - Processing /opt/airflow/dags/my_dag copy.py took 3.602 seconds
[2023-06-26T02:24:36.391+0000] {processor.py:157} INFO - Started process (PID=436) to work on /opt/airflow/dags/my_dag copy.py
[2023-06-26T02:24:36.396+0000] {processor.py:826} INFO - Processing file /opt/airflow/dags/my_dag copy.py for tasks to queue
[2023-06-26T02:24:36.400+0000] {logging_mixin.py:149} INFO - [2023-06-26T02:24:36.399+0000] {dagbag.py:541} INFO - Filling up the DagBag from /opt/airflow/dags/my_dag copy.py
[2023-06-26T02:24:37.960+0000] {processor.py:836} INFO - DAG(s) dict_keys(['my_dag_copy']) retrieved from /opt/airflow/dags/my_dag copy.py
[2023-06-26T02:24:38.038+0000] {logging_mixin.py:149} INFO - [2023-06-26T02:24:38.037+0000] {dag.py:2726} INFO - Sync 1 DAGs
[2023-06-26T02:24:38.335+0000] {logging_mixin.py:149} INFO - [2023-06-26T02:24:38.335+0000] {dag.py:3490} INFO - Setting next_dagrun for my_dag_copy to 2023-06-26T00:00:00+00:00, run_after=2023-06-27T00:00:00+00:00
[2023-06-26T02:24:38.402+0000] {processor.py:179} INFO - Processing /opt/airflow/dags/my_dag copy.py took 2.027 seconds
[2023-06-26T02:25:08.868+0000] {processor.py:157} INFO - Started process (PID=449) to work on /opt/airflow/dags/my_dag copy.py
[2023-06-26T02:25:08.875+0000] {processor.py:826} INFO - Processing file /opt/airflow/dags/my_dag copy.py for tasks to queue
[2023-06-26T02:25:08.897+0000] {logging_mixin.py:149} INFO - [2023-06-26T02:25:08.891+0000] {dagbag.py:541} INFO - Filling up the DagBag from /opt/airflow/dags/my_dag copy.py
[2023-06-26T02:25:11.213+0000] {processor.py:836} INFO - DAG(s) dict_keys(['my_dag_copy']) retrieved from /opt/airflow/dags/my_dag copy.py
[2023-06-26T02:25:11.324+0000] {logging_mixin.py:149} INFO - [2023-06-26T02:25:11.323+0000] {dag.py:2726} INFO - Sync 1 DAGs
[2023-06-26T02:25:11.883+0000] {logging_mixin.py:149} INFO - [2023-06-26T02:25:11.882+0000] {dag.py:3490} INFO - Setting next_dagrun for my_dag_copy to 2023-06-26T00:00:00+00:00, run_after=2023-06-27T00:00:00+00:00
[2023-06-26T02:25:12.015+0000] {processor.py:179} INFO - Processing /opt/airflow/dags/my_dag copy.py took 3.239 seconds
[2023-06-26T02:25:43.002+0000] {processor.py:157} INFO - Started process (PID=462) to work on /opt/airflow/dags/my_dag copy.py
[2023-06-26T02:25:43.008+0000] {processor.py:826} INFO - Processing file /opt/airflow/dags/my_dag copy.py for tasks to queue
[2023-06-26T02:25:43.044+0000] {logging_mixin.py:149} INFO - [2023-06-26T02:25:43.014+0000] {dagbag.py:541} INFO - Filling up the DagBag from /opt/airflow/dags/my_dag copy.py
[2023-06-26T02:25:44.852+0000] {processor.py:836} INFO - DAG(s) dict_keys(['my_dag_copy']) retrieved from /opt/airflow/dags/my_dag copy.py
[2023-06-26T02:25:44.912+0000] {logging_mixin.py:149} INFO - [2023-06-26T02:25:44.909+0000] {dag.py:2726} INFO - Sync 1 DAGs
[2023-06-26T02:25:45.238+0000] {logging_mixin.py:149} INFO - [2023-06-26T02:25:45.238+0000] {dag.py:3490} INFO - Setting next_dagrun for my_dag_copy to 2023-06-26T00:00:00+00:00, run_after=2023-06-27T00:00:00+00:00
[2023-06-26T02:25:45.356+0000] {processor.py:179} INFO - Processing /opt/airflow/dags/my_dag copy.py took 2.432 seconds
[2023-06-26T02:26:16.106+0000] {processor.py:157} INFO - Started process (PID=475) to work on /opt/airflow/dags/my_dag copy.py
[2023-06-26T02:26:16.119+0000] {processor.py:826} INFO - Processing file /opt/airflow/dags/my_dag copy.py for tasks to queue
[2023-06-26T02:26:16.128+0000] {logging_mixin.py:149} INFO - [2023-06-26T02:26:16.127+0000] {dagbag.py:541} INFO - Filling up the DagBag from /opt/airflow/dags/my_dag copy.py
[2023-06-26T02:26:18.587+0000] {processor.py:836} INFO - DAG(s) dict_keys(['my_dag_copy']) retrieved from /opt/airflow/dags/my_dag copy.py
[2023-06-26T02:26:19.202+0000] {logging_mixin.py:149} INFO - [2023-06-26T02:26:19.201+0000] {dag.py:2726} INFO - Sync 1 DAGs
[2023-06-26T02:26:19.312+0000] {logging_mixin.py:149} INFO - [2023-06-26T02:26:19.312+0000] {dag.py:3490} INFO - Setting next_dagrun for my_dag_copy to 2023-06-26T00:00:00+00:00, run_after=2023-06-27T00:00:00+00:00
[2023-06-26T02:26:19.397+0000] {processor.py:179} INFO - Processing /opt/airflow/dags/my_dag copy.py took 3.304 seconds
[2023-06-26T02:26:51.056+0000] {processor.py:157} INFO - Started process (PID=488) to work on /opt/airflow/dags/my_dag copy.py
[2023-06-26T02:26:51.064+0000] {processor.py:826} INFO - Processing file /opt/airflow/dags/my_dag copy.py for tasks to queue
[2023-06-26T02:26:51.078+0000] {logging_mixin.py:149} INFO - [2023-06-26T02:26:51.078+0000] {dagbag.py:541} INFO - Filling up the DagBag from /opt/airflow/dags/my_dag copy.py
[2023-06-26T02:26:57.510+0000] {processor.py:836} INFO - DAG(s) dict_keys(['my_dag_copy']) retrieved from /opt/airflow/dags/my_dag copy.py
[2023-06-26T02:26:57.714+0000] {logging_mixin.py:149} INFO - [2023-06-26T02:26:57.713+0000] {dag.py:2726} INFO - Sync 1 DAGs
[2023-06-26T02:26:57.819+0000] {logging_mixin.py:149} INFO - [2023-06-26T02:26:57.819+0000] {dag.py:3490} INFO - Setting next_dagrun for my_dag_copy to 2023-06-26T00:00:00+00:00, run_after=2023-06-27T00:00:00+00:00
[2023-06-26T02:26:57.871+0000] {processor.py:179} INFO - Processing /opt/airflow/dags/my_dag copy.py took 6.887 seconds
[2023-06-26T02:27:28.095+0000] {processor.py:157} INFO - Started process (PID=502) to work on /opt/airflow/dags/my_dag copy.py
[2023-06-26T02:27:28.101+0000] {processor.py:826} INFO - Processing file /opt/airflow/dags/my_dag copy.py for tasks to queue
[2023-06-26T02:27:28.106+0000] {logging_mixin.py:149} INFO - [2023-06-26T02:27:28.105+0000] {dagbag.py:541} INFO - Filling up the DagBag from /opt/airflow/dags/my_dag copy.py
[2023-06-26T02:27:31.996+0000] {processor.py:836} INFO - DAG(s) dict_keys(['my_dag_copy']) retrieved from /opt/airflow/dags/my_dag copy.py
[2023-06-26T02:27:32.131+0000] {logging_mixin.py:149} INFO - [2023-06-26T02:27:32.130+0000] {dag.py:2726} INFO - Sync 1 DAGs
[2023-06-26T02:27:32.249+0000] {logging_mixin.py:149} INFO - [2023-06-26T02:27:32.243+0000] {dag.py:3490} INFO - Setting next_dagrun for my_dag_copy to 2023-06-26T00:00:00+00:00, run_after=2023-06-27T00:00:00+00:00
[2023-06-26T02:27:33.107+0000] {processor.py:179} INFO - Processing /opt/airflow/dags/my_dag copy.py took 5.026 seconds
[2023-06-26T02:28:03.333+0000] {processor.py:157} INFO - Started process (PID=515) to work on /opt/airflow/dags/my_dag copy.py
[2023-06-26T02:28:03.352+0000] {processor.py:826} INFO - Processing file /opt/airflow/dags/my_dag copy.py for tasks to queue
[2023-06-26T02:28:03.369+0000] {logging_mixin.py:149} INFO - [2023-06-26T02:28:03.368+0000] {dagbag.py:541} INFO - Filling up the DagBag from /opt/airflow/dags/my_dag copy.py
[2023-06-26T02:28:06.650+0000] {processor.py:836} INFO - DAG(s) dict_keys(['my_dag_copy']) retrieved from /opt/airflow/dags/my_dag copy.py
[2023-06-26T02:28:06.867+0000] {logging_mixin.py:149} INFO - [2023-06-26T02:28:06.865+0000] {dag.py:2726} INFO - Sync 1 DAGs
[2023-06-26T02:28:08.607+0000] {logging_mixin.py:149} INFO - [2023-06-26T02:28:08.606+0000] {dag.py:3490} INFO - Setting next_dagrun for my_dag_copy to 2023-06-26T00:00:00+00:00, run_after=2023-06-27T00:00:00+00:00
[2023-06-26T02:28:08.698+0000] {processor.py:179} INFO - Processing /opt/airflow/dags/my_dag copy.py took 5.382 seconds
[2023-06-26T02:28:39.402+0000] {processor.py:157} INFO - Started process (PID=528) to work on /opt/airflow/dags/my_dag copy.py
[2023-06-26T02:28:39.416+0000] {processor.py:826} INFO - Processing file /opt/airflow/dags/my_dag copy.py for tasks to queue
[2023-06-26T02:28:39.424+0000] {logging_mixin.py:149} INFO - [2023-06-26T02:28:39.424+0000] {dagbag.py:541} INFO - Filling up the DagBag from /opt/airflow/dags/my_dag copy.py
[2023-06-26T02:28:45.751+0000] {processor.py:836} INFO - DAG(s) dict_keys(['my_dag_copy']) retrieved from /opt/airflow/dags/my_dag copy.py
[2023-06-26T02:28:45.919+0000] {logging_mixin.py:149} INFO - [2023-06-26T02:28:45.911+0000] {dag.py:2726} INFO - Sync 1 DAGs
[2023-06-26T02:28:46.623+0000] {logging_mixin.py:149} INFO - [2023-06-26T02:28:46.622+0000] {dag.py:3490} INFO - Setting next_dagrun for my_dag_copy to 2023-06-26T00:00:00+00:00, run_after=2023-06-27T00:00:00+00:00
[2023-06-26T02:28:46.711+0000] {processor.py:179} INFO - Processing /opt/airflow/dags/my_dag copy.py took 7.450 seconds
[2023-06-26T02:29:17.199+0000] {processor.py:157} INFO - Started process (PID=547) to work on /opt/airflow/dags/my_dag copy.py
[2023-06-26T02:29:17.203+0000] {processor.py:826} INFO - Processing file /opt/airflow/dags/my_dag copy.py for tasks to queue
[2023-06-26T02:29:17.207+0000] {logging_mixin.py:149} INFO - [2023-06-26T02:29:17.207+0000] {dagbag.py:541} INFO - Filling up the DagBag from /opt/airflow/dags/my_dag copy.py
[2023-06-26T02:29:19.453+0000] {processor.py:836} INFO - DAG(s) dict_keys(['my_dag_copy']) retrieved from /opt/airflow/dags/my_dag copy.py
[2023-06-26T02:29:20.458+0000] {logging_mixin.py:149} INFO - [2023-06-26T02:29:20.457+0000] {dag.py:2726} INFO - Sync 1 DAGs
[2023-06-26T02:29:20.660+0000] {logging_mixin.py:149} INFO - [2023-06-26T02:29:20.660+0000] {dag.py:3490} INFO - Setting next_dagrun for my_dag_copy to 2023-06-26T00:00:00+00:00, run_after=2023-06-27T00:00:00+00:00
[2023-06-26T02:29:20.792+0000] {processor.py:179} INFO - Processing /opt/airflow/dags/my_dag copy.py took 3.603 seconds
[2023-06-26T02:29:51.850+0000] {processor.py:157} INFO - Started process (PID=560) to work on /opt/airflow/dags/my_dag copy.py
[2023-06-26T02:29:51.912+0000] {processor.py:826} INFO - Processing file /opt/airflow/dags/my_dag copy.py for tasks to queue
[2023-06-26T02:29:52.050+0000] {logging_mixin.py:149} INFO - [2023-06-26T02:29:52.049+0000] {dagbag.py:541} INFO - Filling up the DagBag from /opt/airflow/dags/my_dag copy.py
[2023-06-26T02:30:01.785+0000] {processor.py:836} INFO - DAG(s) dict_keys(['my_dag_copy']) retrieved from /opt/airflow/dags/my_dag copy.py
[2023-06-26T02:30:02.008+0000] {logging_mixin.py:149} INFO - [2023-06-26T02:30:02.005+0000] {dag.py:2726} INFO - Sync 1 DAGs
[2023-06-26T02:30:02.277+0000] {logging_mixin.py:149} INFO - [2023-06-26T02:30:02.276+0000] {dag.py:3490} INFO - Setting next_dagrun for my_dag_copy to 2023-06-26T00:00:00+00:00, run_after=2023-06-27T00:00:00+00:00
[2023-06-26T02:30:02.387+0000] {processor.py:179} INFO - Processing /opt/airflow/dags/my_dag copy.py took 10.612 seconds
[2023-06-26T02:30:33.349+0000] {processor.py:157} INFO - Started process (PID=574) to work on /opt/airflow/dags/my_dag copy.py
[2023-06-26T02:30:33.407+0000] {processor.py:826} INFO - Processing file /opt/airflow/dags/my_dag copy.py for tasks to queue
[2023-06-26T02:30:33.440+0000] {logging_mixin.py:149} INFO - [2023-06-26T02:30:33.440+0000] {dagbag.py:541} INFO - Filling up the DagBag from /opt/airflow/dags/my_dag copy.py
[2023-06-26T02:30:45.708+0000] {processor.py:836} INFO - DAG(s) dict_keys(['my_dag_copy']) retrieved from /opt/airflow/dags/my_dag copy.py
[2023-06-26T02:30:46.244+0000] {logging_mixin.py:149} INFO - [2023-06-26T02:30:46.243+0000] {dag.py:2726} INFO - Sync 1 DAGs
[2023-06-26T02:30:46.616+0000] {logging_mixin.py:149} INFO - [2023-06-26T02:30:46.616+0000] {dag.py:3490} INFO - Setting next_dagrun for my_dag_copy to 2023-06-26T00:00:00+00:00, run_after=2023-06-27T00:00:00+00:00
[2023-06-26T02:30:46.926+0000] {processor.py:179} INFO - Processing /opt/airflow/dags/my_dag copy.py took 13.777 seconds
[2023-06-26T02:31:17.198+0000] {processor.py:157} INFO - Started process (PID=594) to work on /opt/airflow/dags/my_dag copy.py
[2023-06-26T02:31:17.206+0000] {processor.py:826} INFO - Processing file /opt/airflow/dags/my_dag copy.py for tasks to queue
[2023-06-26T02:31:17.210+0000] {logging_mixin.py:149} INFO - [2023-06-26T02:31:17.210+0000] {dagbag.py:541} INFO - Filling up the DagBag from /opt/airflow/dags/my_dag copy.py
[2023-06-26T02:31:22.145+0000] {processor.py:836} INFO - DAG(s) dict_keys(['my_dag_copy']) retrieved from /opt/airflow/dags/my_dag copy.py
[2023-06-26T02:31:22.243+0000] {logging_mixin.py:149} INFO - [2023-06-26T02:31:22.241+0000] {dag.py:2726} INFO - Sync 1 DAGs
[2023-06-26T02:31:22.658+0000] {logging_mixin.py:149} INFO - [2023-06-26T02:31:22.658+0000] {dag.py:3490} INFO - Setting next_dagrun for my_dag_copy to 2023-06-26T00:00:00+00:00, run_after=2023-06-27T00:00:00+00:00
[2023-06-26T02:31:22.714+0000] {processor.py:179} INFO - Processing /opt/airflow/dags/my_dag copy.py took 5.581 seconds
[2023-06-26T02:31:53.650+0000] {processor.py:157} INFO - Started process (PID=606) to work on /opt/airflow/dags/my_dag copy.py
[2023-06-26T02:31:53.683+0000] {processor.py:826} INFO - Processing file /opt/airflow/dags/my_dag copy.py for tasks to queue
[2023-06-26T02:31:53.686+0000] {logging_mixin.py:149} INFO - [2023-06-26T02:31:53.686+0000] {dagbag.py:541} INFO - Filling up the DagBag from /opt/airflow/dags/my_dag copy.py
[2023-06-26T02:31:59.943+0000] {processor.py:836} INFO - DAG(s) dict_keys(['my_dag_copy']) retrieved from /opt/airflow/dags/my_dag copy.py
[2023-06-26T02:32:00.186+0000] {logging_mixin.py:149} INFO - [2023-06-26T02:32:00.179+0000] {dag.py:2726} INFO - Sync 1 DAGs
[2023-06-26T02:32:01.002+0000] {logging_mixin.py:149} INFO - [2023-06-26T02:32:01.001+0000] {dag.py:3490} INFO - Setting next_dagrun for my_dag_copy to 2023-06-26T00:00:00+00:00, run_after=2023-06-27T00:00:00+00:00
[2023-06-26T02:32:01.158+0000] {processor.py:179} INFO - Processing /opt/airflow/dags/my_dag copy.py took 7.645 seconds
[2023-06-26T02:32:31.708+0000] {processor.py:157} INFO - Started process (PID=619) to work on /opt/airflow/dags/my_dag copy.py
[2023-06-26T02:32:31.712+0000] {processor.py:826} INFO - Processing file /opt/airflow/dags/my_dag copy.py for tasks to queue
[2023-06-26T02:32:31.720+0000] {logging_mixin.py:149} INFO - [2023-06-26T02:32:31.718+0000] {dagbag.py:541} INFO - Filling up the DagBag from /opt/airflow/dags/my_dag copy.py
[2023-06-26T02:32:38.308+0000] {processor.py:836} INFO - DAG(s) dict_keys(['my_dag_copy']) retrieved from /opt/airflow/dags/my_dag copy.py
[2023-06-26T02:32:39.081+0000] {logging_mixin.py:149} INFO - [2023-06-26T02:32:39.079+0000] {dag.py:2726} INFO - Sync 1 DAGs
[2023-06-26T02:32:39.217+0000] {logging_mixin.py:149} INFO - [2023-06-26T02:32:39.217+0000] {dag.py:3490} INFO - Setting next_dagrun for my_dag_copy to 2023-06-26T00:00:00+00:00, run_after=2023-06-27T00:00:00+00:00
[2023-06-26T02:32:39.277+0000] {processor.py:179} INFO - Processing /opt/airflow/dags/my_dag copy.py took 7.581 seconds
[2023-06-26T02:33:09.517+0000] {processor.py:157} INFO - Started process (PID=632) to work on /opt/airflow/dags/my_dag copy.py
[2023-06-26T02:33:09.538+0000] {processor.py:826} INFO - Processing file /opt/airflow/dags/my_dag copy.py for tasks to queue
[2023-06-26T02:33:09.543+0000] {logging_mixin.py:149} INFO - [2023-06-26T02:33:09.542+0000] {dagbag.py:541} INFO - Filling up the DagBag from /opt/airflow/dags/my_dag copy.py
[2023-06-26T02:33:13.138+0000] {processor.py:836} INFO - DAG(s) dict_keys(['my_dag_copy']) retrieved from /opt/airflow/dags/my_dag copy.py
[2023-06-26T02:33:13.300+0000] {logging_mixin.py:149} INFO - [2023-06-26T02:33:13.298+0000] {dag.py:2726} INFO - Sync 1 DAGs
[2023-06-26T02:33:13.553+0000] {logging_mixin.py:149} INFO - [2023-06-26T02:33:13.553+0000] {dag.py:3490} INFO - Setting next_dagrun for my_dag_copy to 2023-06-26T00:00:00+00:00, run_after=2023-06-27T00:00:00+00:00
[2023-06-26T02:33:13.677+0000] {processor.py:179} INFO - Processing /opt/airflow/dags/my_dag copy.py took 4.177 seconds
[2023-06-26T02:33:44.360+0000] {processor.py:157} INFO - Started process (PID=645) to work on /opt/airflow/dags/my_dag copy.py
[2023-06-26T02:33:44.364+0000] {processor.py:826} INFO - Processing file /opt/airflow/dags/my_dag copy.py for tasks to queue
[2023-06-26T02:33:44.384+0000] {logging_mixin.py:149} INFO - [2023-06-26T02:33:44.382+0000] {dagbag.py:541} INFO - Filling up the DagBag from /opt/airflow/dags/my_dag copy.py
[2023-06-26T02:33:49.515+0000] {processor.py:836} INFO - DAG(s) dict_keys(['my_dag_copy']) retrieved from /opt/airflow/dags/my_dag copy.py
[2023-06-26T02:33:49.669+0000] {logging_mixin.py:149} INFO - [2023-06-26T02:33:49.667+0000] {dag.py:2726} INFO - Sync 1 DAGs
[2023-06-26T02:33:49.842+0000] {logging_mixin.py:149} INFO - [2023-06-26T02:33:49.837+0000] {dag.py:3490} INFO - Setting next_dagrun for my_dag_copy to 2023-06-26T00:00:00+00:00, run_after=2023-06-27T00:00:00+00:00
[2023-06-26T02:33:50.429+0000] {processor.py:179} INFO - Processing /opt/airflow/dags/my_dag copy.py took 6.086 seconds
[2023-06-26T02:34:21.202+0000] {processor.py:157} INFO - Started process (PID=665) to work on /opt/airflow/dags/my_dag copy.py
[2023-06-26T02:34:21.221+0000] {processor.py:826} INFO - Processing file /opt/airflow/dags/my_dag copy.py for tasks to queue
[2023-06-26T02:34:21.248+0000] {logging_mixin.py:149} INFO - [2023-06-26T02:34:21.232+0000] {dagbag.py:541} INFO - Filling up the DagBag from /opt/airflow/dags/my_dag copy.py
[2023-06-26T02:34:30.141+0000] {processor.py:836} INFO - DAG(s) dict_keys(['my_dag_copy']) retrieved from /opt/airflow/dags/my_dag copy.py
[2023-06-26T02:34:31.502+0000] {logging_mixin.py:149} INFO - [2023-06-26T02:34:31.500+0000] {dag.py:2726} INFO - Sync 1 DAGs
[2023-06-26T02:34:33.109+0000] {logging_mixin.py:149} INFO - [2023-06-26T02:34:33.094+0000] {dag.py:3490} INFO - Setting next_dagrun for my_dag_copy to 2023-06-26T00:00:00+00:00, run_after=2023-06-27T00:00:00+00:00
[2023-06-26T02:34:33.358+0000] {processor.py:179} INFO - Processing /opt/airflow/dags/my_dag copy.py took 12.257 seconds
[2023-06-26T02:35:04.059+0000] {processor.py:157} INFO - Started process (PID=678) to work on /opt/airflow/dags/my_dag copy.py
[2023-06-26T02:35:04.072+0000] {processor.py:826} INFO - Processing file /opt/airflow/dags/my_dag copy.py for tasks to queue
[2023-06-26T02:35:04.082+0000] {logging_mixin.py:149} INFO - [2023-06-26T02:35:04.082+0000] {dagbag.py:541} INFO - Filling up the DagBag from /opt/airflow/dags/my_dag copy.py
[2023-06-26T02:35:14.653+0000] {processor.py:836} INFO - DAG(s) dict_keys(['my_dag_copy']) retrieved from /opt/airflow/dags/my_dag copy.py
[2023-06-26T02:35:16.266+0000] {logging_mixin.py:149} INFO - [2023-06-26T02:35:16.264+0000] {dag.py:2726} INFO - Sync 1 DAGs
[2023-06-26T02:35:16.692+0000] {logging_mixin.py:149} INFO - [2023-06-26T02:35:16.691+0000] {dag.py:3490} INFO - Setting next_dagrun for my_dag_copy to 2023-06-26T00:00:00+00:00, run_after=2023-06-27T00:00:00+00:00
[2023-06-26T02:35:16.759+0000] {processor.py:179} INFO - Processing /opt/airflow/dags/my_dag copy.py took 12.752 seconds
[2023-06-26T02:35:52.744+0000] {processor.py:157} INFO - Started process (PID=691) to work on /opt/airflow/dags/my_dag copy.py
[2023-06-26T02:35:52.750+0000] {processor.py:826} INFO - Processing file /opt/airflow/dags/my_dag copy.py for tasks to queue
[2023-06-26T02:35:52.757+0000] {logging_mixin.py:149} INFO - [2023-06-26T02:35:52.756+0000] {dagbag.py:541} INFO - Filling up the DagBag from /opt/airflow/dags/my_dag copy.py
[2023-06-26T02:36:02.021+0000] {processor.py:836} INFO - DAG(s) dict_keys(['my_dag_copy']) retrieved from /opt/airflow/dags/my_dag copy.py
[2023-06-26T02:36:02.652+0000] {logging_mixin.py:149} INFO - [2023-06-26T02:36:02.643+0000] {dag.py:2726} INFO - Sync 1 DAGs
[2023-06-26T02:36:02.860+0000] {logging_mixin.py:149} INFO - [2023-06-26T02:36:02.859+0000] {dag.py:3490} INFO - Setting next_dagrun for my_dag_copy to 2023-06-26T00:00:00+00:00, run_after=2023-06-27T00:00:00+00:00
[2023-06-26T02:36:02.925+0000] {processor.py:179} INFO - Processing /opt/airflow/dags/my_dag copy.py took 10.364 seconds
[2023-06-26T02:36:33.325+0000] {processor.py:157} INFO - Started process (PID=710) to work on /opt/airflow/dags/my_dag copy.py
[2023-06-26T02:36:33.332+0000] {processor.py:826} INFO - Processing file /opt/airflow/dags/my_dag copy.py for tasks to queue
[2023-06-26T02:36:33.346+0000] {logging_mixin.py:149} INFO - [2023-06-26T02:36:33.345+0000] {dagbag.py:541} INFO - Filling up the DagBag from /opt/airflow/dags/my_dag copy.py
[2023-06-26T02:36:35.187+0000] {processor.py:836} INFO - DAG(s) dict_keys(['my_dag_copy']) retrieved from /opt/airflow/dags/my_dag copy.py
[2023-06-26T02:36:35.259+0000] {logging_mixin.py:149} INFO - [2023-06-26T02:36:35.258+0000] {dag.py:2726} INFO - Sync 1 DAGs
[2023-06-26T02:36:35.508+0000] {logging_mixin.py:149} INFO - [2023-06-26T02:36:35.507+0000] {dag.py:3490} INFO - Setting next_dagrun for my_dag_copy to 2023-06-26T00:00:00+00:00, run_after=2023-06-27T00:00:00+00:00
[2023-06-26T02:36:35.681+0000] {processor.py:179} INFO - Processing /opt/airflow/dags/my_dag copy.py took 2.381 seconds
[2023-06-26T02:37:08.061+0000] {processor.py:157} INFO - Started process (PID=723) to work on /opt/airflow/dags/my_dag copy.py
[2023-06-26T02:37:08.135+0000] {processor.py:826} INFO - Processing file /opt/airflow/dags/my_dag copy.py for tasks to queue
[2023-06-26T02:37:08.174+0000] {logging_mixin.py:149} INFO - [2023-06-26T02:37:08.173+0000] {dagbag.py:541} INFO - Filling up the DagBag from /opt/airflow/dags/my_dag copy.py
[2023-06-26T02:37:23.612+0000] {processor.py:836} INFO - DAG(s) dict_keys(['my_dag_copy']) retrieved from /opt/airflow/dags/my_dag copy.py
[2023-06-26T02:37:23.793+0000] {logging_mixin.py:149} INFO - [2023-06-26T02:37:23.789+0000] {dag.py:2726} INFO - Sync 1 DAGs
[2023-06-26T02:37:23.894+0000] {logging_mixin.py:149} INFO - [2023-06-26T02:37:23.893+0000] {dag.py:3490} INFO - Setting next_dagrun for my_dag_copy to 2023-06-26T00:00:00+00:00, run_after=2023-06-27T00:00:00+00:00
[2023-06-26T02:37:24.051+0000] {processor.py:179} INFO - Processing /opt/airflow/dags/my_dag copy.py took 16.770 seconds
[2023-06-26T02:37:54.763+0000] {processor.py:157} INFO - Started process (PID=740) to work on /opt/airflow/dags/my_dag copy.py
[2023-06-26T02:37:54.783+0000] {processor.py:826} INFO - Processing file /opt/airflow/dags/my_dag copy.py for tasks to queue
[2023-06-26T02:37:54.806+0000] {logging_mixin.py:149} INFO - [2023-06-26T02:37:54.806+0000] {dagbag.py:541} INFO - Filling up the DagBag from /opt/airflow/dags/my_dag copy.py
[2023-06-26T02:37:56.860+0000] {processor.py:836} INFO - DAG(s) dict_keys(['my_dag_copy']) retrieved from /opt/airflow/dags/my_dag copy.py
[2023-06-26T02:37:57.127+0000] {logging_mixin.py:149} INFO - [2023-06-26T02:37:57.112+0000] {dag.py:2726} INFO - Sync 1 DAGs
[2023-06-26T02:37:57.882+0000] {logging_mixin.py:149} INFO - [2023-06-26T02:37:57.881+0000] {dag.py:3490} INFO - Setting next_dagrun for my_dag_copy to 2023-06-26T00:00:00+00:00, run_after=2023-06-27T00:00:00+00:00
[2023-06-26T02:37:57.929+0000] {processor.py:179} INFO - Processing /opt/airflow/dags/my_dag copy.py took 3.311 seconds
[2023-06-26T02:38:28.646+0000] {processor.py:157} INFO - Started process (PID=754) to work on /opt/airflow/dags/my_dag copy.py
[2023-06-26T02:38:28.705+0000] {processor.py:826} INFO - Processing file /opt/airflow/dags/my_dag copy.py for tasks to queue
[2023-06-26T02:38:28.784+0000] {logging_mixin.py:149} INFO - [2023-06-26T02:38:28.783+0000] {dagbag.py:541} INFO - Filling up the DagBag from /opt/airflow/dags/my_dag copy.py
[2023-06-26T02:38:34.477+0000] {processor.py:836} INFO - DAG(s) dict_keys(['my_dag_copy']) retrieved from /opt/airflow/dags/my_dag copy.py
[2023-06-26T02:38:35.382+0000] {logging_mixin.py:149} INFO - [2023-06-26T02:38:35.381+0000] {dag.py:2726} INFO - Sync 1 DAGs
[2023-06-26T02:38:35.447+0000] {logging_mixin.py:149} INFO - [2023-06-26T02:38:35.447+0000] {dag.py:3490} INFO - Setting next_dagrun for my_dag_copy to 2023-06-26T00:00:00+00:00, run_after=2023-06-27T00:00:00+00:00
[2023-06-26T02:38:35.500+0000] {processor.py:179} INFO - Processing /opt/airflow/dags/my_dag copy.py took 6.909 seconds
[2023-06-26T02:39:06.158+0000] {processor.py:157} INFO - Started process (PID=767) to work on /opt/airflow/dags/my_dag copy.py
[2023-06-26T02:39:06.169+0000] {processor.py:826} INFO - Processing file /opt/airflow/dags/my_dag copy.py for tasks to queue
[2023-06-26T02:39:06.197+0000] {logging_mixin.py:149} INFO - [2023-06-26T02:39:06.196+0000] {dagbag.py:541} INFO - Filling up the DagBag from /opt/airflow/dags/my_dag copy.py
[2023-06-26T02:39:19.063+0000] {processor.py:836} INFO - DAG(s) dict_keys(['my_dag_copy']) retrieved from /opt/airflow/dags/my_dag copy.py
[2023-06-26T02:39:21.225+0000] {logging_mixin.py:149} INFO - [2023-06-26T02:39:21.223+0000] {dag.py:2726} INFO - Sync 1 DAGs
[2023-06-26T02:39:22.768+0000] {logging_mixin.py:149} INFO - [2023-06-26T02:39:22.768+0000] {dag.py:3490} INFO - Setting next_dagrun for my_dag_copy to 2023-06-26T00:00:00+00:00, run_after=2023-06-27T00:00:00+00:00
[2023-06-26T02:39:23.352+0000] {processor.py:179} INFO - Processing /opt/airflow/dags/my_dag copy.py took 17.324 seconds
[2023-06-26T02:39:54.180+0000] {processor.py:157} INFO - Started process (PID=779) to work on /opt/airflow/dags/my_dag copy.py
[2023-06-26T02:39:54.184+0000] {processor.py:826} INFO - Processing file /opt/airflow/dags/my_dag copy.py for tasks to queue
[2023-06-26T02:39:54.188+0000] {logging_mixin.py:149} INFO - [2023-06-26T02:39:54.187+0000] {dagbag.py:541} INFO - Filling up the DagBag from /opt/airflow/dags/my_dag copy.py
[2023-06-26T02:39:55.549+0000] {processor.py:836} INFO - DAG(s) dict_keys(['my_dag_copy']) retrieved from /opt/airflow/dags/my_dag copy.py
[2023-06-26T02:39:55.613+0000] {logging_mixin.py:149} INFO - [2023-06-26T02:39:55.611+0000] {dag.py:2726} INFO - Sync 1 DAGs
[2023-06-26T02:39:55.678+0000] {logging_mixin.py:149} INFO - [2023-06-26T02:39:55.678+0000] {dag.py:3490} INFO - Setting next_dagrun for my_dag_copy to 2023-06-26T00:00:00+00:00, run_after=2023-06-27T00:00:00+00:00
[2023-06-26T02:39:55.721+0000] {processor.py:179} INFO - Processing /opt/airflow/dags/my_dag copy.py took 1.553 seconds
[2023-06-26T02:40:26.378+0000] {processor.py:157} INFO - Started process (PID=792) to work on /opt/airflow/dags/my_dag copy.py
[2023-06-26T02:40:26.383+0000] {processor.py:826} INFO - Processing file /opt/airflow/dags/my_dag copy.py for tasks to queue
[2023-06-26T02:40:26.387+0000] {logging_mixin.py:149} INFO - [2023-06-26T02:40:26.386+0000] {dagbag.py:541} INFO - Filling up the DagBag from /opt/airflow/dags/my_dag copy.py
[2023-06-26T02:40:28.428+0000] {processor.py:836} INFO - DAG(s) dict_keys(['my_dag_copy']) retrieved from /opt/airflow/dags/my_dag copy.py
[2023-06-26T02:40:28.575+0000] {logging_mixin.py:149} INFO - [2023-06-26T02:40:28.574+0000] {dag.py:2726} INFO - Sync 1 DAGs
[2023-06-26T02:40:28.756+0000] {logging_mixin.py:149} INFO - [2023-06-26T02:40:28.754+0000] {dag.py:3490} INFO - Setting next_dagrun for my_dag_copy to 2023-06-26T00:00:00+00:00, run_after=2023-06-27T00:00:00+00:00
[2023-06-26T02:40:28.843+0000] {processor.py:179} INFO - Processing /opt/airflow/dags/my_dag copy.py took 2.473 seconds
[2023-06-26T02:40:59.918+0000] {processor.py:157} INFO - Started process (PID=812) to work on /opt/airflow/dags/my_dag copy.py
[2023-06-26T02:40:59.933+0000] {processor.py:826} INFO - Processing file /opt/airflow/dags/my_dag copy.py for tasks to queue
[2023-06-26T02:41:00.003+0000] {logging_mixin.py:149} INFO - [2023-06-26T02:41:00.002+0000] {dagbag.py:541} INFO - Filling up the DagBag from /opt/airflow/dags/my_dag copy.py
[2023-06-26T02:41:04.593+0000] {processor.py:836} INFO - DAG(s) dict_keys(['my_dag_copy']) retrieved from /opt/airflow/dags/my_dag copy.py
[2023-06-26T02:41:04.749+0000] {logging_mixin.py:149} INFO - [2023-06-26T02:41:04.745+0000] {dag.py:2726} INFO - Sync 1 DAGs
[2023-06-26T02:41:05.332+0000] {logging_mixin.py:149} INFO - [2023-06-26T02:41:05.332+0000] {dag.py:3490} INFO - Setting next_dagrun for my_dag_copy to 2023-06-26T00:00:00+00:00, run_after=2023-06-27T00:00:00+00:00
[2023-06-26T02:41:05.392+0000] {processor.py:179} INFO - Processing /opt/airflow/dags/my_dag copy.py took 5.512 seconds
[2023-06-26T02:41:36.175+0000] {processor.py:157} INFO - Started process (PID=826) to work on /opt/airflow/dags/my_dag copy.py
[2023-06-26T02:41:36.180+0000] {processor.py:826} INFO - Processing file /opt/airflow/dags/my_dag copy.py for tasks to queue
[2023-06-26T02:41:36.196+0000] {logging_mixin.py:149} INFO - [2023-06-26T02:41:36.189+0000] {dagbag.py:541} INFO - Filling up the DagBag from /opt/airflow/dags/my_dag copy.py
[2023-06-26T02:41:40.483+0000] {processor.py:836} INFO - DAG(s) dict_keys(['my_dag_copy']) retrieved from /opt/airflow/dags/my_dag copy.py
[2023-06-26T02:41:41.789+0000] {logging_mixin.py:149} INFO - [2023-06-26T02:41:41.788+0000] {dag.py:2726} INFO - Sync 1 DAGs
[2023-06-26T02:41:41.967+0000] {logging_mixin.py:149} INFO - [2023-06-26T02:41:41.967+0000] {dag.py:3490} INFO - Setting next_dagrun for my_dag_copy to 2023-06-26T00:00:00+00:00, run_after=2023-06-27T00:00:00+00:00
[2023-06-26T02:41:42.040+0000] {processor.py:179} INFO - Processing /opt/airflow/dags/my_dag copy.py took 5.910 seconds
[2023-06-26T02:42:12.642+0000] {processor.py:157} INFO - Started process (PID=839) to work on /opt/airflow/dags/my_dag copy.py
[2023-06-26T02:42:12.670+0000] {processor.py:826} INFO - Processing file /opt/airflow/dags/my_dag copy.py for tasks to queue
[2023-06-26T02:42:12.688+0000] {logging_mixin.py:149} INFO - [2023-06-26T02:42:12.687+0000] {dagbag.py:541} INFO - Filling up the DagBag from /opt/airflow/dags/my_dag copy.py
[2023-06-26T02:42:15.016+0000] {processor.py:836} INFO - DAG(s) dict_keys(['my_dag_copy']) retrieved from /opt/airflow/dags/my_dag copy.py
[2023-06-26T02:42:15.756+0000] {logging_mixin.py:149} INFO - [2023-06-26T02:42:15.753+0000] {dag.py:2726} INFO - Sync 1 DAGs
[2023-06-26T02:42:15.918+0000] {logging_mixin.py:149} INFO - [2023-06-26T02:42:15.917+0000] {dag.py:3490} INFO - Setting next_dagrun for my_dag_copy to 2023-06-26T00:00:00+00:00, run_after=2023-06-27T00:00:00+00:00
[2023-06-26T02:42:16.203+0000] {processor.py:179} INFO - Processing /opt/airflow/dags/my_dag copy.py took 3.633 seconds
[2023-06-26T02:42:46.591+0000] {processor.py:157} INFO - Started process (PID=853) to work on /opt/airflow/dags/my_dag copy.py
[2023-06-26T02:42:46.598+0000] {processor.py:826} INFO - Processing file /opt/airflow/dags/my_dag copy.py for tasks to queue
[2023-06-26T02:42:46.609+0000] {logging_mixin.py:149} INFO - [2023-06-26T02:42:46.609+0000] {dagbag.py:541} INFO - Filling up the DagBag from /opt/airflow/dags/my_dag copy.py
[2023-06-26T02:42:52.158+0000] {processor.py:836} INFO - DAG(s) dict_keys(['my_dag_copy']) retrieved from /opt/airflow/dags/my_dag copy.py
[2023-06-26T02:42:52.277+0000] {logging_mixin.py:149} INFO - [2023-06-26T02:42:52.276+0000] {dag.py:2726} INFO - Sync 1 DAGs
[2023-06-26T02:42:52.343+0000] {logging_mixin.py:149} INFO - [2023-06-26T02:42:52.343+0000] {dag.py:3490} INFO - Setting next_dagrun for my_dag_copy to 2023-06-26T00:00:00+00:00, run_after=2023-06-27T00:00:00+00:00
[2023-06-26T02:42:52.398+0000] {processor.py:179} INFO - Processing /opt/airflow/dags/my_dag copy.py took 5.920 seconds
[2023-06-26T02:43:22.820+0000] {processor.py:157} INFO - Started process (PID=866) to work on /opt/airflow/dags/my_dag copy.py
[2023-06-26T02:43:22.824+0000] {processor.py:826} INFO - Processing file /opt/airflow/dags/my_dag copy.py for tasks to queue
[2023-06-26T02:43:22.828+0000] {logging_mixin.py:149} INFO - [2023-06-26T02:43:22.827+0000] {dagbag.py:541} INFO - Filling up the DagBag from /opt/airflow/dags/my_dag copy.py
[2023-06-26T02:43:26.894+0000] {processor.py:836} INFO - DAG(s) dict_keys(['my_dag_copy']) retrieved from /opt/airflow/dags/my_dag copy.py
[2023-06-26T02:43:27.055+0000] {logging_mixin.py:149} INFO - [2023-06-26T02:43:27.053+0000] {dag.py:2726} INFO - Sync 1 DAGs
[2023-06-26T02:43:27.200+0000] {logging_mixin.py:149} INFO - [2023-06-26T02:43:27.200+0000] {dag.py:3490} INFO - Setting next_dagrun for my_dag_copy to 2023-06-26T00:00:00+00:00, run_after=2023-06-27T00:00:00+00:00
[2023-06-26T02:43:27.250+0000] {processor.py:179} INFO - Processing /opt/airflow/dags/my_dag copy.py took 4.437 seconds
[2023-06-26T02:43:58.061+0000] {processor.py:157} INFO - Started process (PID=879) to work on /opt/airflow/dags/my_dag copy.py
[2023-06-26T02:43:58.069+0000] {processor.py:826} INFO - Processing file /opt/airflow/dags/my_dag copy.py for tasks to queue
[2023-06-26T02:43:58.083+0000] {logging_mixin.py:149} INFO - [2023-06-26T02:43:58.081+0000] {dagbag.py:541} INFO - Filling up the DagBag from /opt/airflow/dags/my_dag copy.py
[2023-06-26T02:44:00.548+0000] {processor.py:836} INFO - DAG(s) dict_keys(['my_dag_copy']) retrieved from /opt/airflow/dags/my_dag copy.py
[2023-06-26T02:44:00.823+0000] {logging_mixin.py:149} INFO - [2023-06-26T02:44:00.813+0000] {dag.py:2726} INFO - Sync 1 DAGs
[2023-06-26T02:44:01.863+0000] {logging_mixin.py:149} INFO - [2023-06-26T02:44:01.862+0000] {dag.py:3490} INFO - Setting next_dagrun for my_dag_copy to 2023-06-26T00:00:00+00:00, run_after=2023-06-27T00:00:00+00:00
[2023-06-26T02:44:02.037+0000] {processor.py:179} INFO - Processing /opt/airflow/dags/my_dag copy.py took 4.156 seconds
[2023-06-26T02:44:32.408+0000] {processor.py:157} INFO - Started process (PID=898) to work on /opt/airflow/dags/my_dag copy.py
[2023-06-26T02:44:32.417+0000] {processor.py:826} INFO - Processing file /opt/airflow/dags/my_dag copy.py for tasks to queue
[2023-06-26T02:44:32.427+0000] {logging_mixin.py:149} INFO - [2023-06-26T02:44:32.426+0000] {dagbag.py:541} INFO - Filling up the DagBag from /opt/airflow/dags/my_dag copy.py
[2023-06-26T02:44:37.017+0000] {processor.py:836} INFO - DAG(s) dict_keys(['my_dag_copy']) retrieved from /opt/airflow/dags/my_dag copy.py
[2023-06-26T02:44:38.081+0000] {logging_mixin.py:149} INFO - [2023-06-26T02:44:38.080+0000] {dag.py:2726} INFO - Sync 1 DAGs
[2023-06-26T02:44:38.482+0000] {logging_mixin.py:149} INFO - [2023-06-26T02:44:38.481+0000] {dag.py:3490} INFO - Setting next_dagrun for my_dag_copy to 2023-06-26T00:00:00+00:00, run_after=2023-06-27T00:00:00+00:00
[2023-06-26T02:44:38.645+0000] {processor.py:179} INFO - Processing /opt/airflow/dags/my_dag copy.py took 6.252 seconds
[2023-06-26T02:45:09.483+0000] {processor.py:157} INFO - Started process (PID=915) to work on /opt/airflow/dags/my_dag copy.py
[2023-06-26T02:45:09.499+0000] {processor.py:826} INFO - Processing file /opt/airflow/dags/my_dag copy.py for tasks to queue
[2023-06-26T02:45:09.518+0000] {logging_mixin.py:149} INFO - [2023-06-26T02:45:09.518+0000] {dagbag.py:541} INFO - Filling up the DagBag from /opt/airflow/dags/my_dag copy.py
[2023-06-26T02:45:13.402+0000] {processor.py:836} INFO - DAG(s) dict_keys(['my_dag_copy']) retrieved from /opt/airflow/dags/my_dag copy.py
[2023-06-26T02:45:14.153+0000] {logging_mixin.py:149} INFO - [2023-06-26T02:45:14.137+0000] {dag.py:2726} INFO - Sync 1 DAGs
[2023-06-26T02:45:14.384+0000] {logging_mixin.py:149} INFO - [2023-06-26T02:45:14.383+0000] {dag.py:3490} INFO - Setting next_dagrun for my_dag_copy to 2023-06-26T00:00:00+00:00, run_after=2023-06-27T00:00:00+00:00
[2023-06-26T02:45:14.554+0000] {processor.py:179} INFO - Processing /opt/airflow/dags/my_dag copy.py took 5.116 seconds
[2023-06-26T02:45:44.935+0000] {processor.py:157} INFO - Started process (PID=925) to work on /opt/airflow/dags/my_dag copy.py
[2023-06-26T02:45:44.942+0000] {processor.py:826} INFO - Processing file /opt/airflow/dags/my_dag copy.py for tasks to queue
[2023-06-26T02:45:44.951+0000] {logging_mixin.py:149} INFO - [2023-06-26T02:45:44.949+0000] {dagbag.py:541} INFO - Filling up the DagBag from /opt/airflow/dags/my_dag copy.py
[2023-06-26T02:45:49.458+0000] {processor.py:836} INFO - DAG(s) dict_keys(['my_dag_copy']) retrieved from /opt/airflow/dags/my_dag copy.py
[2023-06-26T02:45:49.534+0000] {logging_mixin.py:149} INFO - [2023-06-26T02:45:49.533+0000] {dag.py:2726} INFO - Sync 1 DAGs
[2023-06-26T02:45:49.627+0000] {logging_mixin.py:149} INFO - [2023-06-26T02:45:49.626+0000] {dag.py:3490} INFO - Setting next_dagrun for my_dag_copy to 2023-06-26T00:00:00+00:00, run_after=2023-06-27T00:00:00+00:00
[2023-06-26T02:45:49.701+0000] {processor.py:179} INFO - Processing /opt/airflow/dags/my_dag copy.py took 4.780 seconds
[2023-06-26T02:46:20.390+0000] {processor.py:157} INFO - Started process (PID=938) to work on /opt/airflow/dags/my_dag copy.py
[2023-06-26T02:46:20.395+0000] {processor.py:826} INFO - Processing file /opt/airflow/dags/my_dag copy.py for tasks to queue
[2023-06-26T02:46:20.400+0000] {logging_mixin.py:149} INFO - [2023-06-26T02:46:20.400+0000] {dagbag.py:541} INFO - Filling up the DagBag from /opt/airflow/dags/my_dag copy.py
[2023-06-26T02:46:22.242+0000] {processor.py:836} INFO - DAG(s) dict_keys(['my_dag_copy']) retrieved from /opt/airflow/dags/my_dag copy.py
[2023-06-26T02:46:22.344+0000] {logging_mixin.py:149} INFO - [2023-06-26T02:46:22.341+0000] {dag.py:2726} INFO - Sync 1 DAGs
[2023-06-26T02:46:22.677+0000] {logging_mixin.py:149} INFO - [2023-06-26T02:46:22.676+0000] {dag.py:3490} INFO - Setting next_dagrun for my_dag_copy to 2023-06-26T00:00:00+00:00, run_after=2023-06-27T00:00:00+00:00
[2023-06-26T02:46:22.786+0000] {processor.py:179} INFO - Processing /opt/airflow/dags/my_dag copy.py took 2.433 seconds
[2023-06-26T02:46:53.616+0000] {processor.py:157} INFO - Started process (PID=951) to work on /opt/airflow/dags/my_dag copy.py
[2023-06-26T02:46:53.702+0000] {processor.py:826} INFO - Processing file /opt/airflow/dags/my_dag copy.py for tasks to queue
[2023-06-26T02:46:53.719+0000] {logging_mixin.py:149} INFO - [2023-06-26T02:46:53.718+0000] {dagbag.py:541} INFO - Filling up the DagBag from /opt/airflow/dags/my_dag copy.py
[2023-06-26T02:46:55.905+0000] {processor.py:836} INFO - DAG(s) dict_keys(['my_dag_copy']) retrieved from /opt/airflow/dags/my_dag copy.py
[2023-06-26T02:46:56.013+0000] {logging_mixin.py:149} INFO - [2023-06-26T02:46:56.011+0000] {dag.py:2726} INFO - Sync 1 DAGs
[2023-06-26T02:46:56.105+0000] {logging_mixin.py:149} INFO - [2023-06-26T02:46:56.105+0000] {dag.py:3490} INFO - Setting next_dagrun for my_dag_copy to 2023-06-26T00:00:00+00:00, run_after=2023-06-27T00:00:00+00:00
[2023-06-26T02:46:56.174+0000] {processor.py:179} INFO - Processing /opt/airflow/dags/my_dag copy.py took 2.585 seconds
[2023-06-26T02:47:26.624+0000] {processor.py:157} INFO - Started process (PID=964) to work on /opt/airflow/dags/my_dag copy.py
[2023-06-26T02:47:26.631+0000] {processor.py:826} INFO - Processing file /opt/airflow/dags/my_dag copy.py for tasks to queue
[2023-06-26T02:47:26.636+0000] {logging_mixin.py:149} INFO - [2023-06-26T02:47:26.635+0000] {dagbag.py:541} INFO - Filling up the DagBag from /opt/airflow/dags/my_dag copy.py
[2023-06-26T02:47:28.393+0000] {processor.py:836} INFO - DAG(s) dict_keys(['my_dag_copy']) retrieved from /opt/airflow/dags/my_dag copy.py
[2023-06-26T02:47:29.073+0000] {logging_mixin.py:149} INFO - [2023-06-26T02:47:29.072+0000] {dag.py:2726} INFO - Sync 1 DAGs
[2023-06-26T02:47:29.259+0000] {logging_mixin.py:149} INFO - [2023-06-26T02:47:29.259+0000] {dag.py:3490} INFO - Setting next_dagrun for my_dag_copy to 2023-06-26T00:00:00+00:00, run_after=2023-06-27T00:00:00+00:00
[2023-06-26T02:47:29.336+0000] {processor.py:179} INFO - Processing /opt/airflow/dags/my_dag copy.py took 2.732 seconds
[2023-06-26T02:47:59.686+0000] {processor.py:157} INFO - Started process (PID=977) to work on /opt/airflow/dags/my_dag copy.py
[2023-06-26T02:47:59.707+0000] {processor.py:826} INFO - Processing file /opt/airflow/dags/my_dag copy.py for tasks to queue
[2023-06-26T02:47:59.714+0000] {logging_mixin.py:149} INFO - [2023-06-26T02:47:59.713+0000] {dagbag.py:541} INFO - Filling up the DagBag from /opt/airflow/dags/my_dag copy.py
[2023-06-26T02:48:01.902+0000] {processor.py:836} INFO - DAG(s) dict_keys(['my_dag_copy']) retrieved from /opt/airflow/dags/my_dag copy.py
[2023-06-26T02:48:02.202+0000] {logging_mixin.py:149} INFO - [2023-06-26T02:48:02.201+0000] {dag.py:2726} INFO - Sync 1 DAGs
[2023-06-26T02:48:02.290+0000] {logging_mixin.py:149} INFO - [2023-06-26T02:48:02.289+0000] {dag.py:3490} INFO - Setting next_dagrun for my_dag_copy to 2023-06-26T00:00:00+00:00, run_after=2023-06-27T00:00:00+00:00
[2023-06-26T02:48:02.379+0000] {processor.py:179} INFO - Processing /opt/airflow/dags/my_dag copy.py took 2.725 seconds
[2023-06-26T02:48:32.932+0000] {processor.py:157} INFO - Started process (PID=990) to work on /opt/airflow/dags/my_dag copy.py
[2023-06-26T02:48:32.963+0000] {processor.py:826} INFO - Processing file /opt/airflow/dags/my_dag copy.py for tasks to queue
[2023-06-26T02:48:33.001+0000] {logging_mixin.py:149} INFO - [2023-06-26T02:48:33.001+0000] {dagbag.py:541} INFO - Filling up the DagBag from /opt/airflow/dags/my_dag copy.py
[2023-06-26T02:48:37.273+0000] {processor.py:836} INFO - DAG(s) dict_keys(['my_dag_copy']) retrieved from /opt/airflow/dags/my_dag copy.py
[2023-06-26T02:48:37.367+0000] {logging_mixin.py:149} INFO - [2023-06-26T02:48:37.366+0000] {dag.py:2726} INFO - Sync 1 DAGs
[2023-06-26T02:48:37.470+0000] {logging_mixin.py:149} INFO - [2023-06-26T02:48:37.463+0000] {dag.py:3490} INFO - Setting next_dagrun for my_dag_copy to 2023-06-26T00:00:00+00:00, run_after=2023-06-27T00:00:00+00:00
[2023-06-26T02:48:37.580+0000] {processor.py:179} INFO - Processing /opt/airflow/dags/my_dag copy.py took 4.688 seconds
[2023-06-26T02:49:07.746+0000] {processor.py:157} INFO - Started process (PID=1010) to work on /opt/airflow/dags/my_dag copy.py
[2023-06-26T02:49:07.763+0000] {processor.py:826} INFO - Processing file /opt/airflow/dags/my_dag copy.py for tasks to queue
[2023-06-26T02:49:07.830+0000] {logging_mixin.py:149} INFO - [2023-06-26T02:49:07.809+0000] {dagbag.py:541} INFO - Filling up the DagBag from /opt/airflow/dags/my_dag copy.py
[2023-06-26T02:49:11.531+0000] {processor.py:836} INFO - DAG(s) dict_keys(['my_dag_copy']) retrieved from /opt/airflow/dags/my_dag copy.py
[2023-06-26T02:49:11.645+0000] {logging_mixin.py:149} INFO - [2023-06-26T02:49:11.643+0000] {dag.py:2726} INFO - Sync 1 DAGs
[2023-06-26T02:49:11.764+0000] {logging_mixin.py:149} INFO - [2023-06-26T02:49:11.764+0000] {dag.py:3490} INFO - Setting next_dagrun for my_dag_copy to 2023-06-26T00:00:00+00:00, run_after=2023-06-27T00:00:00+00:00
[2023-06-26T02:49:11.986+0000] {processor.py:179} INFO - Processing /opt/airflow/dags/my_dag copy.py took 4.257 seconds
[2023-06-26T02:49:42.520+0000] {processor.py:157} INFO - Started process (PID=1022) to work on /opt/airflow/dags/my_dag copy.py
[2023-06-26T02:49:42.524+0000] {processor.py:826} INFO - Processing file /opt/airflow/dags/my_dag copy.py for tasks to queue
[2023-06-26T02:49:42.530+0000] {logging_mixin.py:149} INFO - [2023-06-26T02:49:42.530+0000] {dagbag.py:541} INFO - Filling up the DagBag from /opt/airflow/dags/my_dag copy.py
[2023-06-26T02:49:46.350+0000] {processor.py:836} INFO - DAG(s) dict_keys(['my_dag_copy']) retrieved from /opt/airflow/dags/my_dag copy.py
[2023-06-26T02:49:46.535+0000] {logging_mixin.py:149} INFO - [2023-06-26T02:49:46.531+0000] {dag.py:2726} INFO - Sync 1 DAGs
[2023-06-26T02:49:46.726+0000] {logging_mixin.py:149} INFO - [2023-06-26T02:49:46.725+0000] {dag.py:3490} INFO - Setting next_dagrun for my_dag_copy to 2023-06-26T00:00:00+00:00, run_after=2023-06-27T00:00:00+00:00
[2023-06-26T02:49:46.868+0000] {processor.py:179} INFO - Processing /opt/airflow/dags/my_dag copy.py took 4.365 seconds
[2023-06-26T02:50:17.448+0000] {processor.py:157} INFO - Started process (PID=1035) to work on /opt/airflow/dags/my_dag copy.py
[2023-06-26T02:50:17.451+0000] {processor.py:826} INFO - Processing file /opt/airflow/dags/my_dag copy.py for tasks to queue
[2023-06-26T02:50:17.455+0000] {logging_mixin.py:149} INFO - [2023-06-26T02:50:17.455+0000] {dagbag.py:541} INFO - Filling up the DagBag from /opt/airflow/dags/my_dag copy.py
[2023-06-26T02:50:19.022+0000] {processor.py:836} INFO - DAG(s) dict_keys(['my_dag_copy']) retrieved from /opt/airflow/dags/my_dag copy.py
[2023-06-26T02:50:19.461+0000] {logging_mixin.py:149} INFO - [2023-06-26T02:50:19.460+0000] {dag.py:2726} INFO - Sync 1 DAGs
[2023-06-26T02:50:19.765+0000] {logging_mixin.py:149} INFO - [2023-06-26T02:50:19.765+0000] {dag.py:3490} INFO - Setting next_dagrun for my_dag_copy to 2023-06-26T00:00:00+00:00, run_after=2023-06-27T00:00:00+00:00
[2023-06-26T02:50:19.904+0000] {processor.py:179} INFO - Processing /opt/airflow/dags/my_dag copy.py took 2.465 seconds
