[2023-06-29T21:01:53.611+0000] {taskinstance.py:1103} INFO - Dependencies all met for dep_context=non-requeueable deps ti=<TaskInstance: search_posts.get_posts manual__2023-06-29T21:01:48.115586+00:00 [queued]>
[2023-06-29T21:01:53.667+0000] {taskinstance.py:1103} INFO - Dependencies all met for dep_context=requeueable deps ti=<TaskInstance: search_posts.get_posts manual__2023-06-29T21:01:48.115586+00:00 [queued]>
[2023-06-29T21:01:53.674+0000] {taskinstance.py:1308} INFO - Starting attempt 1 of 1
[2023-06-29T21:01:53.719+0000] {taskinstance.py:1327} INFO - Executing <Task(PythonOperator): get_posts> on 2023-06-29 21:01:48.115586+00:00
[2023-06-29T21:01:53.739+0000] {standard_task_runner.py:57} INFO - Started process 455 to run task
[2023-06-29T21:01:53.755+0000] {standard_task_runner.py:84} INFO - Running: ['***', 'tasks', 'run', 'search_posts', 'get_posts', 'manual__2023-06-29T21:01:48.115586+00:00', '--job-id', '122', '--raw', '--subdir', 'DAGS_FOLDER/search_posts.py', '--cfg-path', '/tmp/tmpxn2mi3zc']
[2023-06-29T21:01:53.764+0000] {standard_task_runner.py:85} INFO - Job 122: Subtask get_posts
[2023-06-29T21:01:53.887+0000] {task_command.py:410} INFO - Running <TaskInstance: search_posts.get_posts manual__2023-06-29T21:01:48.115586+00:00 [running]> on host 414be138234a
[2023-06-29T21:01:54.141+0000] {taskinstance.py:1547} INFO - Exporting env vars: AIRFLOW_CTX_DAG_OWNER='***' AIRFLOW_CTX_DAG_ID='search_posts' AIRFLOW_CTX_TASK_ID='get_posts' AIRFLOW_CTX_EXECUTION_DATE='2023-06-29T21:01:48.115586+00:00' AIRFLOW_CTX_TRY_NUMBER='1' AIRFLOW_CTX_DAG_RUN_ID='manual__2023-06-29T21:01:48.115586+00:00'
[2023-06-29T21:01:56.741+0000] {logging_mixin.py:149} INFO - <Response [200]>
[2023-06-29T21:01:56.751+0000] {logging_mixin.py:149} INFO - searching alcohol...
[2023-06-29T21:02:04.377+0000] {logging_mixin.py:149} INFO - searching drinks...
[2023-06-29T21:02:15.510+0000] {logging_mixin.py:149} INFO - searching cocktails...
[2023-06-29T21:02:31.218+0000] {logging_mixin.py:149} INFO - searching beer...
[2023-06-29T21:02:40.220+0000] {logging_mixin.py:149} INFO - searching wine...
[2023-06-29T21:02:49.100+0000] {logging_mixin.py:149} INFO - searching liquor...
[2023-06-29T21:02:57.615+0000] {logging_mixin.py:149} INFO - searching spirits...
[2023-06-29T21:03:05.306+0000] {logging_mixin.py:149} INFO - searching happyhour...
[2023-06-29T21:03:11.232+0000] {logging_mixin.py:149} INFO - searching mixology...
[2023-06-29T21:03:19.820+0000] {logging_mixin.py:149} INFO - searching bartender...
[2023-06-29T21:03:28.356+0000] {logging_mixin.py:149} INFO - searching craftbeer...
[2023-06-29T21:03:33.975+0000] {logging_mixin.py:149} INFO - searching winelover...
[2023-06-29T21:03:38.424+0000] {logging_mixin.py:149} INFO - searching drinkstagram...
[2023-06-29T21:03:40.207+0000] {logging_mixin.py:149} INFO - searching whiskey...
[2023-06-29T21:03:48.728+0000] {logging_mixin.py:149} INFO - searching vodka...
[2023-06-29T21:04:00.454+0000] {logging_mixin.py:149} INFO - searching gin...
[2023-06-29T21:04:10.762+0000] {logging_mixin.py:149} INFO - searching rum...
[2023-06-29T21:04:27.687+0000] {logging_mixin.py:149} INFO - searching tequila...
[2023-06-29T21:04:46.137+0000] {logging_mixin.py:149} INFO - searching drinking...
[2023-06-29T21:04:55.823+0000] {logging_mixin.py:149} INFO - searching drinkresponsibly...
[2023-06-29T21:04:58.013+0000] {logging_mixin.py:149} INFO - 
    raw_reddit_posts.shape: (4177, 16)
    
[2023-06-29T21:04:58.065+0000] {logging_mixin.py:149} INFO -                     created   created_utc  ... search_term                topic
0 2023-06-24 19:20:46-05:00  1.687652e+09  ...     alcohol  alcoholic_beverages
1 2023-06-06 10:58:50-05:00  1.686067e+09  ...     alcohol  alcoholic_beverages
2 2023-05-23 09:16:55-05:00  1.684851e+09  ...     alcohol  alcoholic_beverages
3 2023-06-17 18:15:42-05:00  1.687044e+09  ...     alcohol  alcoholic_beverages
4 2023-03-01 16:42:49-06:00  1.677711e+09  ...     alcohol  alcoholic_beverages

[5 rows x 16 columns]
[2023-06-29T21:04:58.070+0000] {python.py:183} INFO - Done. Returned value was:                        created  ...                topic
0    2023-06-24 19:20:46-05:00  ...  alcoholic_beverages
1    2023-06-06 10:58:50-05:00  ...  alcoholic_beverages
2    2023-05-23 09:16:55-05:00  ...  alcoholic_beverages
3    2023-06-17 18:15:42-05:00  ...  alcoholic_beverages
4    2023-03-01 16:42:49-06:00  ...  alcoholic_beverages
...                        ...  ...                  ...
4172 2022-12-28 15:40:22-06:00  ...  alcoholic_beverages
4173 2021-03-27 12:33:25-05:00  ...  alcoholic_beverages
4174 2021-05-05 15:12:35-05:00  ...  alcoholic_beverages
4175 2019-08-02 14:52:47-05:00  ...  alcoholic_beverages
4176 2023-04-15 23:03:35-05:00  ...  alcoholic_beverages

[4177 rows x 16 columns]
[2023-06-29T21:04:58.569+0000] {taskinstance.py:1350} INFO - Marking task as SUCCESS. dag_id=search_posts, task_id=get_posts, execution_date=20230629T210148, start_date=20230629T210153, end_date=20230629T210458
[2023-06-29T21:04:58.712+0000] {local_task_job_runner.py:225} INFO - Task exited with return code 0
[2023-06-29T21:04:58.831+0000] {taskinstance.py:2653} INFO - 1 downstream tasks scheduled from follow-on schedule check
