[2023-06-27T01:38:46.331+0000] {taskinstance.py:1103} INFO - Dependencies all met for dep_context=non-requeueable deps ti=<TaskInstance: my_dag.get_seed_df scheduled__2023-06-26T00:00:00+00:00 [queued]>
[2023-06-27T01:38:46.435+0000] {taskinstance.py:1103} INFO - Dependencies all met for dep_context=requeueable deps ti=<TaskInstance: my_dag.get_seed_df scheduled__2023-06-26T00:00:00+00:00 [queued]>
[2023-06-27T01:38:46.442+0000] {taskinstance.py:1308} INFO - Starting attempt 1 of 1
[2023-06-27T01:38:46.658+0000] {taskinstance.py:1327} INFO - Executing <Task(PythonOperator): get_seed_df> on 2023-06-26 00:00:00+00:00
[2023-06-27T01:38:46.753+0000] {standard_task_runner.py:57} INFO - Started process 73 to run task
[2023-06-27T01:38:46.860+0000] {standard_task_runner.py:84} INFO - Running: ['***', 'tasks', 'run', 'my_dag', 'get_seed_df', 'scheduled__2023-06-26T00:00:00+00:00', '--job-id', '63', '--raw', '--subdir', 'DAGS_FOLDER/my_dag.py', '--cfg-path', '/tmp/tmpj9j8ek9_']
[2023-06-27T01:38:46.876+0000] {standard_task_runner.py:85} INFO - Job 63: Subtask get_seed_df
[2023-06-27T01:38:48.265+0000] {task_command.py:410} INFO - Running <TaskInstance: my_dag.get_seed_df scheduled__2023-06-26T00:00:00+00:00 [running]> on host 414be138234a
[2023-06-27T01:38:50.246+0000] {taskinstance.py:1547} INFO - Exporting env vars: AIRFLOW_CTX_DAG_OWNER='***' AIRFLOW_CTX_DAG_ID='my_dag' AIRFLOW_CTX_TASK_ID='get_seed_df' AIRFLOW_CTX_EXECUTION_DATE='2023-06-26T00:00:00+00:00' AIRFLOW_CTX_TRY_NUMBER='1' AIRFLOW_CTX_DAG_RUN_ID='scheduled__2023-06-26T00:00:00+00:00'
[2023-06-27T01:38:50.266+0000] {logging_mixin.py:149} INFO - from inside big_query_access.py
[2023-06-27T01:38:50.269+0000] {logging_mixin.py:149} INFO - ['logs', 'dags', '***-worker.pid', 'webserver_config.py', 'plugins', '***.cfg', 'config']
[2023-06-27T01:38:55.076+0000] {logging_mixin.py:149} INFO -         id  ...                                                url
0  132urnj  ...  https://www.reddit.com/r/math/comments/132urnj...
1  12ysjlo  ...  https://www.reddit.com/r/linux/comments/12ysjl...
2   133skw  ...  https://www.reddit.com/r/AskReddit/comments/13...
3   fcalx2  ...  https://www.reddit.com/r/Music/comments/fcalx2...
4  1330lvj  ...  https://www.reddit.com/r/atheism/comments/1330...

[5 rows x 9 columns]
[2023-06-27T01:38:55.080+0000] {python.py:183} INFO - Done. Returned value was: None
[2023-06-27T01:38:55.108+0000] {taskinstance.py:1350} INFO - Marking task as SUCCESS. dag_id=my_dag, task_id=get_seed_df, execution_date=20230626T000000, start_date=20230627T013846, end_date=20230627T013855
[2023-06-27T01:38:55.222+0000] {local_task_job_runner.py:225} INFO - Task exited with return code 0
[2023-06-27T01:38:55.262+0000] {taskinstance.py:2653} INFO - 0 downstream tasks scheduled from follow-on schedule check
