[2023-07-02T00:00:17.922+0000] {taskinstance.py:1103} INFO - Dependencies all met for dep_context=non-requeueable deps ti=<TaskInstance: my_dag.get_seed_df scheduled__2023-07-01T00:00:00+00:00 [queued]>
[2023-07-02T00:00:18.117+0000] {taskinstance.py:1103} INFO - Dependencies all met for dep_context=requeueable deps ti=<TaskInstance: my_dag.get_seed_df scheduled__2023-07-01T00:00:00+00:00 [queued]>
[2023-07-02T00:00:18.139+0000] {taskinstance.py:1308} INFO - Starting attempt 1 of 1
[2023-07-02T00:00:18.571+0000] {taskinstance.py:1327} INFO - Executing <Task(PythonOperator): get_seed_df> on 2023-07-01 00:00:00+00:00
[2023-07-02T00:00:18.710+0000] {standard_task_runner.py:57} INFO - Started process 415 to run task
[2023-07-02T00:00:18.785+0000] {standard_task_runner.py:84} INFO - Running: ['***', 'tasks', 'run', 'my_dag', 'get_seed_df', 'scheduled__2023-07-01T00:00:00+00:00', '--job-id', '181', '--raw', '--subdir', 'DAGS_FOLDER/my_dag.py', '--cfg-path', '/tmp/tmppq92swcp']
[2023-07-02T00:00:19.045+0000] {standard_task_runner.py:85} INFO - Job 181: Subtask get_seed_df
[2023-07-02T00:00:20.358+0000] {task_command.py:410} INFO - Running <TaskInstance: my_dag.get_seed_df scheduled__2023-07-01T00:00:00+00:00 [running]> on host 414be138234a
[2023-07-02T00:00:21.932+0000] {taskinstance.py:1547} INFO - Exporting env vars: AIRFLOW_CTX_DAG_OWNER='***' AIRFLOW_CTX_DAG_ID='my_dag' AIRFLOW_CTX_TASK_ID='get_seed_df' AIRFLOW_CTX_EXECUTION_DATE='2023-07-01T00:00:00+00:00' AIRFLOW_CTX_TRY_NUMBER='1' AIRFLOW_CTX_DAG_RUN_ID='scheduled__2023-07-01T00:00:00+00:00'
[2023-07-02T00:00:22.525+0000] {logging_mixin.py:149} INFO - executing BigQuery: 
            SELECT *
            FROM reddit_db.raw_reddit_pulls
[2023-07-02T00:00:29.667+0000] {logging_mixin.py:149} INFO -         id  ...                                                url
0  14c6etq  ...  https://www.reddit.com/r/AskReddit/comments/14...
1  14bve7n  ...  https://notthebee.com/article/desantis-bartend...
2  14105x3  ...  https://www.reddit.com/r/Jokes/comments/14105x...
3  13vr031  ...  https://www.reddit.com/r/Jokes/comments/13vr03...
4  14kowx6  ...  https://www.reddit.com/r/questions/comments/14...

[5 rows x 9 columns]
[2023-07-02T00:00:29.671+0000] {python.py:183} INFO - Done. Returned value was: None
[2023-07-02T00:00:29.693+0000] {taskinstance.py:1350} INFO - Marking task as SUCCESS. dag_id=my_dag, task_id=get_seed_df, execution_date=20230701T000000, start_date=20230702T000017, end_date=20230702T000029
[2023-07-02T00:00:29.781+0000] {local_task_job_runner.py:225} INFO - Task exited with return code 0
[2023-07-02T00:00:29.821+0000] {taskinstance.py:2653} INFO - 0 downstream tasks scheduled from follow-on schedule check
