[2023-06-29T21:33:01.359+0000] {taskinstance.py:1103} INFO - Dependencies all met for dep_context=non-requeueable deps ti=<TaskInstance: search_posts.get_posts manual__2023-06-29T21:32:55.615371+00:00 [queued]>
[2023-06-29T21:33:01.397+0000] {taskinstance.py:1103} INFO - Dependencies all met for dep_context=requeueable deps ti=<TaskInstance: search_posts.get_posts manual__2023-06-29T21:32:55.615371+00:00 [queued]>
[2023-06-29T21:33:01.424+0000] {taskinstance.py:1308} INFO - Starting attempt 1 of 1
[2023-06-29T21:33:01.715+0000] {taskinstance.py:1327} INFO - Executing <Task(PythonOperator): get_posts> on 2023-06-29 21:32:55.615371+00:00
[2023-06-29T21:33:01.764+0000] {standard_task_runner.py:57} INFO - Started process 996 to run task
[2023-06-29T21:33:01.831+0000] {standard_task_runner.py:84} INFO - Running: ['***', 'tasks', 'run', 'search_posts', 'get_posts', 'manual__2023-06-29T21:32:55.615371+00:00', '--job-id', '125', '--raw', '--subdir', 'DAGS_FOLDER/search_posts.py', '--cfg-path', '/tmp/tmpllf4bmxd']
[2023-06-29T21:33:01.897+0000] {standard_task_runner.py:85} INFO - Job 125: Subtask get_posts
[2023-06-29T21:33:02.231+0000] {task_command.py:410} INFO - Running <TaskInstance: search_posts.get_posts manual__2023-06-29T21:32:55.615371+00:00 [running]> on host 414be138234a
[2023-06-29T21:33:02.533+0000] {taskinstance.py:1547} INFO - Exporting env vars: AIRFLOW_CTX_DAG_OWNER='***' AIRFLOW_CTX_DAG_ID='search_posts' AIRFLOW_CTX_TASK_ID='get_posts' AIRFLOW_CTX_EXECUTION_DATE='2023-06-29T21:32:55.615371+00:00' AIRFLOW_CTX_TRY_NUMBER='1' AIRFLOW_CTX_DAG_RUN_ID='manual__2023-06-29T21:32:55.615371+00:00'
[2023-06-29T21:33:06.529+0000] {logging_mixin.py:149} INFO - <Response [200]>
[2023-06-29T21:33:06.536+0000] {logging_mixin.py:149} INFO - searching alcohol...
[2023-06-29T21:33:18.900+0000] {logging_mixin.py:149} INFO - searching drinks...
[2023-06-29T21:33:28.275+0000] {logging_mixin.py:149} INFO - searching cocktails...
[2023-06-29T21:33:36.822+0000] {logging_mixin.py:149} INFO - searching beer...
[2023-06-29T21:33:45.791+0000] {logging_mixin.py:149} INFO - searching wine...
[2023-06-29T21:33:53.243+0000] {logging_mixin.py:149} INFO - searching liquor...
[2023-06-29T21:34:03.318+0000] {logging_mixin.py:149} INFO - searching spirits...
[2023-06-29T21:34:12.202+0000] {logging_mixin.py:149} INFO - searching happyhour...
[2023-06-29T21:34:19.356+0000] {logging_mixin.py:149} INFO - searching mixology...
[2023-06-29T21:34:26.913+0000] {logging_mixin.py:149} INFO - searching bartender...
[2023-06-29T21:34:34.394+0000] {logging_mixin.py:149} INFO - searching craftbeer...
[2023-06-29T21:34:41.902+0000] {logging_mixin.py:149} INFO - searching winelover...
[2023-06-29T21:34:47.169+0000] {logging_mixin.py:149} INFO - searching drinkstagram...
[2023-06-29T21:34:49.257+0000] {logging_mixin.py:149} INFO - searching whiskey...
[2023-06-29T21:34:58.354+0000] {logging_mixin.py:149} INFO - searching vodka...
[2023-06-29T21:35:07.295+0000] {logging_mixin.py:149} INFO - searching gin...
[2023-06-29T21:35:18.000+0000] {logging_mixin.py:149} INFO - searching rum...
[2023-06-29T21:35:26.928+0000] {logging_mixin.py:149} INFO - searching tequila...
[2023-06-29T21:35:35.247+0000] {logging_mixin.py:149} INFO - searching drinking...
[2023-06-29T21:35:45.007+0000] {logging_mixin.py:149} INFO - searching drinkresponsibly...
[2023-06-29T21:35:47.549+0000] {logging_mixin.py:149} INFO - 
    raw_reddit_posts.shape: (4176, 16)
    
[2023-06-29T21:35:47.637+0000] {logging_mixin.py:149} INFO -                     created   created_utc  ... search_term                topic
0 2023-06-24 19:20:46-05:00  1.687652e+09  ...     alcohol  alcoholic_beverages
1 2023-06-06 10:58:50-05:00  1.686067e+09  ...     alcohol  alcoholic_beverages
2 2023-05-23 09:16:55-05:00  1.684851e+09  ...     alcohol  alcoholic_beverages
3 2023-06-17 18:15:42-05:00  1.687044e+09  ...     alcohol  alcoholic_beverages
4 2023-03-01 16:42:49-06:00  1.677711e+09  ...     alcohol  alcoholic_beverages

[5 rows x 16 columns]
[2023-06-29T21:35:47.652+0000] {python.py:183} INFO - Done. Returned value was:                        created  ...                topic
0    2023-06-24 19:20:46-05:00  ...  alcoholic_beverages
1    2023-06-06 10:58:50-05:00  ...  alcoholic_beverages
2    2023-05-23 09:16:55-05:00  ...  alcoholic_beverages
3    2023-06-17 18:15:42-05:00  ...  alcoholic_beverages
4    2023-03-01 16:42:49-06:00  ...  alcoholic_beverages
...                        ...  ...                  ...
4171 2022-12-28 15:30:44-06:00  ...  alcoholic_beverages
4172 2021-03-27 12:33:25-05:00  ...  alcoholic_beverages
4173 2021-05-05 15:12:35-05:00  ...  alcoholic_beverages
4174 2019-08-02 14:52:47-05:00  ...  alcoholic_beverages
4175 2023-04-15 23:03:35-05:00  ...  alcoholic_beverages

[4176 rows x 16 columns]
[2023-06-29T21:35:48.406+0000] {taskinstance.py:1350} INFO - Marking task as SUCCESS. dag_id=search_posts, task_id=get_posts, execution_date=20230629T213255, start_date=20230629T213301, end_date=20230629T213548
[2023-06-29T21:35:48.522+0000] {local_task_job_runner.py:225} INFO - Task exited with return code 0
[2023-06-29T21:35:48.709+0000] {taskinstance.py:2653} INFO - 0 downstream tasks scheduled from follow-on schedule check
