[2023-06-30T14:49:01.918+0000] {taskinstance.py:1103} INFO - Dependencies all met for dep_context=non-requeueable deps ti=<TaskInstance: search_posts.get_posts manual__2023-06-30T14:48:55.678506+00:00 [queued]>
[2023-06-30T14:49:01.954+0000] {taskinstance.py:1103} INFO - Dependencies all met for dep_context=requeueable deps ti=<TaskInstance: search_posts.get_posts manual__2023-06-30T14:48:55.678506+00:00 [queued]>
[2023-06-30T14:49:01.956+0000] {taskinstance.py:1308} INFO - Starting attempt 1 of 1
[2023-06-30T14:49:02.078+0000] {taskinstance.py:1327} INFO - Executing <Task(PythonOperator): get_posts> on 2023-06-30 14:48:55.678506+00:00
[2023-06-30T14:49:02.092+0000] {standard_task_runner.py:57} INFO - Started process 17222 to run task
[2023-06-30T14:49:02.124+0000] {standard_task_runner.py:84} INFO - Running: ['***', 'tasks', 'run', 'search_posts', 'get_posts', 'manual__2023-06-30T14:48:55.678506+00:00', '--job-id', '146', '--raw', '--subdir', 'DAGS_FOLDER/search_posts.py', '--cfg-path', '/tmp/tmpfm6agwq8']
[2023-06-30T14:49:02.132+0000] {standard_task_runner.py:85} INFO - Job 146: Subtask get_posts
[2023-06-30T14:49:02.314+0000] {task_command.py:410} INFO - Running <TaskInstance: search_posts.get_posts manual__2023-06-30T14:48:55.678506+00:00 [running]> on host 414be138234a
[2023-06-30T14:49:02.534+0000] {taskinstance.py:1547} INFO - Exporting env vars: AIRFLOW_CTX_DAG_OWNER='***' AIRFLOW_CTX_DAG_ID='search_posts' AIRFLOW_CTX_TASK_ID='get_posts' AIRFLOW_CTX_EXECUTION_DATE='2023-06-30T14:48:55.678506+00:00' AIRFLOW_CTX_TRY_NUMBER='1' AIRFLOW_CTX_DAG_RUN_ID='manual__2023-06-30T14:48:55.678506+00:00'
[2023-06-30T14:49:05.835+0000] {logging_mixin.py:149} INFO - <Response [200]>
[2023-06-30T14:49:05.844+0000] {logging_mixin.py:149} INFO - searching alcohol...
[2023-06-30T14:49:16.258+0000] {logging_mixin.py:149} INFO - searching drinks...
[2023-06-30T14:49:25.806+0000] {logging_mixin.py:149} INFO - searching cocktails...
[2023-06-30T14:49:33.718+0000] {logging_mixin.py:149} INFO - searching beer...
[2023-06-30T14:49:42.021+0000] {logging_mixin.py:149} INFO - searching wine...
[2023-06-30T14:49:52.349+0000] {logging_mixin.py:149} INFO - searching liquor...
[2023-06-30T14:50:00.400+0000] {logging_mixin.py:149} INFO - searching spirits...
[2023-06-30T14:50:09.500+0000] {logging_mixin.py:149} INFO - searching happyhour...
[2023-06-30T14:50:14.551+0000] {logging_mixin.py:149} INFO - searching mixology...
[2023-06-30T14:50:22.305+0000] {logging_mixin.py:149} INFO - searching bartender...
[2023-06-30T14:50:30.507+0000] {logging_mixin.py:149} INFO - searching craftbeer...
[2023-06-30T14:50:36.794+0000] {logging_mixin.py:149} INFO - searching winelover...
[2023-06-30T14:50:41.780+0000] {logging_mixin.py:149} INFO - searching drinkstagram...
[2023-06-30T14:50:43.285+0000] {logging_mixin.py:149} INFO - searching whiskey...
[2023-06-30T14:50:53.247+0000] {logging_mixin.py:149} INFO - searching vodka...
[2023-06-30T14:51:03.131+0000] {logging_mixin.py:149} INFO - searching gin...
[2023-06-30T14:51:10.409+0000] {logging_mixin.py:149} INFO - searching rum...
[2023-06-30T14:51:18.063+0000] {logging_mixin.py:149} INFO - searching tequila...
[2023-06-30T14:51:27.848+0000] {logging_mixin.py:149} INFO - searching drinking...
[2023-06-30T14:51:36.226+0000] {logging_mixin.py:149} INFO - searching drinkresponsibly...
[2023-06-30T14:51:37.821+0000] {logging_mixin.py:149} INFO - 
    raw_reddit_posts.shape: (4180, 16)
    
[2023-06-30T14:51:37.860+0000] {logging_mixin.py:149} INFO -                     created   created_utc  ... search_term                topic
0 2023-06-24 19:20:46-05:00  1.687652e+09  ...     alcohol  alcoholic_beverages
1 2023-06-06 10:58:50-05:00  1.686067e+09  ...     alcohol  alcoholic_beverages
2 2023-05-23 09:16:55-05:00  1.684851e+09  ...     alcohol  alcoholic_beverages
3 2023-06-17 18:15:42-05:00  1.687044e+09  ...     alcohol  alcoholic_beverages
4 2023-03-01 16:42:49-06:00  1.677711e+09  ...     alcohol  alcoholic_beverages

[5 rows x 16 columns]
[2023-06-30T14:51:37.864+0000] {python.py:183} INFO - Done. Returned value was:                        created  ...                topic
0    2023-06-24 19:20:46-05:00  ...  alcoholic_beverages
1    2023-06-06 10:58:50-05:00  ...  alcoholic_beverages
2    2023-05-23 09:16:55-05:00  ...  alcoholic_beverages
3    2023-06-17 18:15:42-05:00  ...  alcoholic_beverages
4    2023-03-01 16:42:49-06:00  ...  alcoholic_beverages
...                        ...  ...                  ...
4175 2022-12-28 15:30:44-06:00  ...  alcoholic_beverages
4176 2021-03-27 12:33:25-05:00  ...  alcoholic_beverages
4177 2021-05-05 15:12:35-05:00  ...  alcoholic_beverages
4178 2019-08-02 14:52:47-05:00  ...  alcoholic_beverages
4179 2023-04-15 23:03:35-05:00  ...  alcoholic_beverages

[4180 rows x 16 columns]
[2023-06-30T14:51:38.275+0000] {taskinstance.py:1350} INFO - Marking task as SUCCESS. dag_id=search_posts, task_id=get_posts, execution_date=20230630T144855, start_date=20230630T144901, end_date=20230630T145138
[2023-06-30T14:51:38.375+0000] {local_task_job_runner.py:225} INFO - Task exited with return code 0
[2023-06-30T14:51:38.433+0000] {taskinstance.py:2653} INFO - 1 downstream tasks scheduled from follow-on schedule check
