[2023-07-02T00:03:31.086+0000] {taskinstance.py:1103} INFO - Dependencies all met for dep_context=non-requeueable deps ti=<TaskInstance: search_posts.get_post_ids scheduled__2023-07-01T00:00:00+00:00 [queued]>
[2023-07-02T00:03:31.105+0000] {taskinstance.py:1103} INFO - Dependencies all met for dep_context=requeueable deps ti=<TaskInstance: search_posts.get_post_ids scheduled__2023-07-01T00:00:00+00:00 [queued]>
[2023-07-02T00:03:31.107+0000] {taskinstance.py:1308} INFO - Starting attempt 1 of 1
[2023-07-02T00:03:31.139+0000] {taskinstance.py:1327} INFO - Executing <Task(PythonOperator): get_post_ids> on 2023-07-01 00:00:00+00:00
[2023-07-02T00:03:31.151+0000] {standard_task_runner.py:57} INFO - Started process 490 to run task
[2023-07-02T00:03:31.165+0000] {standard_task_runner.py:84} INFO - Running: ['***', 'tasks', 'run', 'search_posts', 'get_post_ids', 'scheduled__2023-07-01T00:00:00+00:00', '--job-id', '186', '--raw', '--subdir', 'DAGS_FOLDER/search_posts.py', '--cfg-path', '/tmp/tmpybpsuir0']
[2023-07-02T00:03:31.171+0000] {standard_task_runner.py:85} INFO - Job 186: Subtask get_post_ids
[2023-07-02T00:03:31.280+0000] {task_command.py:410} INFO - Running <TaskInstance: search_posts.get_post_ids scheduled__2023-07-01T00:00:00+00:00 [running]> on host 414be138234a
[2023-07-02T00:03:31.457+0000] {taskinstance.py:1547} INFO - Exporting env vars: AIRFLOW_CTX_DAG_OWNER='***' AIRFLOW_CTX_DAG_ID='search_posts' AIRFLOW_CTX_TASK_ID='get_post_ids' AIRFLOW_CTX_EXECUTION_DATE='2023-07-01T00:00:00+00:00' AIRFLOW_CTX_TRY_NUMBER='1' AIRFLOW_CTX_DAG_RUN_ID='scheduled__2023-07-01T00:00:00+00:00'
[2023-07-02T00:03:31.461+0000] {logging_mixin.py:149} INFO - ['logs', 'dags', '***-worker.pid', 'webserver_config.py', 'plugins', '***.cfg', 'config']
[2023-07-02T00:03:31.523+0000] {logging_mixin.py:149} INFO - executing BigQuery: 
            SELECT name
            FROM reddit_db.raw_reddit_pulls
[2023-07-02T00:03:37.089+0000] {logging_mixin.py:149} INFO -          name
0  t3_13lyjsx
1  t3_14lnu13
2  t3_149zhbu
3  t3_14gjrmk
4  t3_14i4ncp
[2023-07-02T00:03:37.091+0000] {python.py:183} INFO - Done. Returned value was:             name
0     t3_13lyjsx
1     t3_14lnu13
2     t3_149zhbu
3     t3_14gjrmk
4     t3_14i4ncp
...          ...
7346  t3_14gokv6
7347  t3_13q136n
7348  t3_13qy6dv
7349  t3_149ab1g
7350  t3_14jszxg

[7351 rows x 1 columns]
[2023-07-02T00:03:37.203+0000] {taskinstance.py:1350} INFO - Marking task as SUCCESS. dag_id=search_posts, task_id=get_post_ids, execution_date=20230701T000000, start_date=20230702T000331, end_date=20230702T000337
[2023-07-02T00:03:37.275+0000] {local_task_job_runner.py:225} INFO - Task exited with return code 0
[2023-07-02T00:03:37.322+0000] {taskinstance.py:2653} INFO - 1 downstream tasks scheduled from follow-on schedule check
