[2023-06-27T03:08:31.491+0000] {taskinstance.py:1103} INFO - Dependencies all met for dep_context=non-requeueable deps ti=<TaskInstance: search_posts.update_db manual__2023-06-27T03:06:03.041622+00:00 [queued]>
[2023-06-27T03:08:31.521+0000] {taskinstance.py:1103} INFO - Dependencies all met for dep_context=requeueable deps ti=<TaskInstance: search_posts.update_db manual__2023-06-27T03:06:03.041622+00:00 [queued]>
[2023-06-27T03:08:31.523+0000] {taskinstance.py:1308} INFO - Starting attempt 1 of 1
[2023-06-27T03:08:31.566+0000] {taskinstance.py:1327} INFO - Executing <Task(PythonOperator): update_db> on 2023-06-27 03:06:03.041622+00:00
[2023-06-27T03:08:31.580+0000] {standard_task_runner.py:57} INFO - Started process 1740 to run task
[2023-06-27T03:08:31.596+0000] {standard_task_runner.py:84} INFO - Running: ['***', 'tasks', 'run', 'search_posts', 'update_db', 'manual__2023-06-27T03:06:03.041622+00:00', '--job-id', '97', '--raw', '--subdir', 'DAGS_FOLDER/search_posts.py', '--cfg-path', '/tmp/tmpj50c8qy9']
[2023-06-27T03:08:31.602+0000] {standard_task_runner.py:85} INFO - Job 97: Subtask update_db
[2023-06-27T03:08:31.732+0000] {task_command.py:410} INFO - Running <TaskInstance: search_posts.update_db manual__2023-06-27T03:06:03.041622+00:00 [running]> on host 414be138234a
[2023-06-27T03:08:31.981+0000] {taskinstance.py:1547} INFO - Exporting env vars: AIRFLOW_CTX_DAG_OWNER='***' AIRFLOW_CTX_DAG_ID='search_posts' AIRFLOW_CTX_TASK_ID='update_db' AIRFLOW_CTX_EXECUTION_DATE='2023-06-27T03:06:03.041622+00:00' AIRFLOW_CTX_TRY_NUMBER='1' AIRFLOW_CTX_DAG_RUN_ID='manual__2023-06-27T03:06:03.041622+00:00'
[2023-06-27T03:08:32.472+0000] {logging_mixin.py:149} INFO - 
    fresh_data.shape: (4157, 16)
    old_data.shape: (4056, 1)
    update_data.shape: (3086, 16)
    
[2023-06-27T03:08:32.543+0000] {logging_mixin.py:149} INFO -                     created   created_utc  ... search_term                topic
0 2023-06-06 10:58:50-05:00  1.686067e+09  ...     alcohol  alcoholic_beverages
1 2023-06-14 11:27:31-05:00  1.686760e+09  ...     alcohol  alcoholic_beverages
2 2023-05-23 09:16:55-05:00  1.684851e+09  ...     alcohol  alcoholic_beverages
3 2023-06-24 19:20:46-05:00  1.687652e+09  ...     alcohol  alcoholic_beverages
4 2023-06-17 18:15:42-05:00  1.687044e+09  ...     alcohol  alcoholic_beverages

[5 rows x 16 columns]
[2023-06-27T03:08:32.639+0000] {taskinstance.py:1824} ERROR - Task failed with exception
Traceback (most recent call last):
  File "/home/airflow/.local/lib/python3.7/site-packages/airflow/operators/python.py", line 181, in execute
    return_value = self.execute_callable()
  File "/home/airflow/.local/lib/python3.7/site-packages/airflow/operators/python.py", line 198, in execute_callable
    return self.python_callable(*self.op_args, **self.op_kwargs)
  File "/opt/airflow/dags/search_posts.py", line 68, in update_db
    update_bq_from_df(update_data, table_name)
  File "/opt/airflow/dags/lib/big_query_access.py", line 23, in update_bq_from_df
    client = bigquery.Client(credentials= CREDIENTIALS_PATH, project=PROJECT_ID)
  File "/home/airflow/.local/lib/python3.7/site-packages/google/cloud/bigquery/client.py", line 249, in __init__
    _http=_http,
  File "/home/airflow/.local/lib/python3.7/site-packages/google/cloud/client/__init__.py", line 322, in __init__
    self, credentials=credentials, client_options=client_options, _http=_http
  File "/home/airflow/.local/lib/python3.7/site-packages/google/cloud/client/__init__.py", line 167, in __init__
    raise ValueError(_GOOGLE_AUTH_CREDENTIALS_HELP)
ValueError: This library only supports credentials from google-auth-library-python. See https://google-auth.readthedocs.io/en/latest/ for help on authentication with this library.
[2023-06-27T03:08:32.673+0000] {taskinstance.py:1350} INFO - Marking task as FAILED. dag_id=search_posts, task_id=update_db, execution_date=20230627T030603, start_date=20230627T030831, end_date=20230627T030832
[2023-06-27T03:08:32.731+0000] {standard_task_runner.py:109} ERROR - Failed to execute job 97 for task update_db (This library only supports credentials from google-auth-library-python. See https://google-auth.readthedocs.io/en/latest/ for help on authentication with this library.; 1740)
[2023-06-27T03:08:32.819+0000] {local_task_job_runner.py:225} INFO - Task exited with return code 1
[2023-06-27T03:08:32.863+0000] {taskinstance.py:2653} INFO - 0 downstream tasks scheduled from follow-on schedule check
