[2023-06-27T03:13:16.301+0000] {taskinstance.py:1103} INFO - Dependencies all met for dep_context=non-requeueable deps ti=<TaskInstance: search_posts.get_posts manual__2023-06-27T03:13:07.065728+00:00 [queued]>
[2023-06-27T03:13:16.347+0000] {taskinstance.py:1103} INFO - Dependencies all met for dep_context=requeueable deps ti=<TaskInstance: search_posts.get_posts manual__2023-06-27T03:13:07.065728+00:00 [queued]>
[2023-06-27T03:13:16.349+0000] {taskinstance.py:1308} INFO - Starting attempt 1 of 1
[2023-06-27T03:13:16.448+0000] {taskinstance.py:1327} INFO - Executing <Task(PythonOperator): get_posts> on 2023-06-27 03:13:07.065728+00:00
[2023-06-27T03:13:16.471+0000] {standard_task_runner.py:57} INFO - Started process 1846 to run task
[2023-06-27T03:13:16.498+0000] {standard_task_runner.py:84} INFO - Running: ['***', 'tasks', 'run', 'search_posts', 'get_posts', 'manual__2023-06-27T03:13:07.065728+00:00', '--job-id', '101', '--raw', '--subdir', 'DAGS_FOLDER/search_posts.py', '--cfg-path', '/tmp/tmproafx9g6']
[2023-06-27T03:13:16.509+0000] {standard_task_runner.py:85} INFO - Job 101: Subtask get_posts
[2023-06-27T03:13:16.734+0000] {task_command.py:410} INFO - Running <TaskInstance: search_posts.get_posts manual__2023-06-27T03:13:07.065728+00:00 [running]> on host 414be138234a
[2023-06-27T03:13:17.178+0000] {taskinstance.py:1547} INFO - Exporting env vars: AIRFLOW_CTX_DAG_OWNER='***' AIRFLOW_CTX_DAG_ID='search_posts' AIRFLOW_CTX_TASK_ID='get_posts' AIRFLOW_CTX_EXECUTION_DATE='2023-06-27T03:13:07.065728+00:00' AIRFLOW_CTX_TRY_NUMBER='1' AIRFLOW_CTX_DAG_RUN_ID='manual__2023-06-27T03:13:07.065728+00:00'
[2023-06-27T03:13:18.505+0000] {logging_mixin.py:149} INFO - <Response [200]>
[2023-06-27T03:13:18.533+0000] {logging_mixin.py:149} INFO - searching alcohol...
[2023-06-27T03:13:26.188+0000] {logging_mixin.py:149} INFO - searching drinks...
[2023-06-27T03:13:33.615+0000] {logging_mixin.py:149} INFO - searching cocktails...
[2023-06-27T03:13:41.466+0000] {logging_mixin.py:149} INFO - searching beer...
[2023-06-27T03:13:48.962+0000] {logging_mixin.py:149} INFO - searching wine...
[2023-06-27T03:13:56.420+0000] {logging_mixin.py:149} INFO - searching liquor...
[2023-06-27T03:14:02.931+0000] {logging_mixin.py:149} INFO - searching spirits...
[2023-06-27T03:14:09.880+0000] {logging_mixin.py:149} INFO - searching happyhour...
[2023-06-27T03:14:14.383+0000] {logging_mixin.py:149} INFO - searching mixology...
[2023-06-27T03:14:22.002+0000] {logging_mixin.py:149} INFO - searching bartender...
[2023-06-27T03:14:48.956+0000] {logging_mixin.py:149} INFO - searching craftbeer...
[2023-06-27T03:14:55.145+0000] {logging_mixin.py:149} INFO - searching winelover...
[2023-06-27T03:14:58.634+0000] {logging_mixin.py:149} INFO - searching drinkstagram...
[2023-06-27T03:14:59.705+0000] {logging_mixin.py:149} INFO - searching whiskey...
[2023-06-27T03:15:06.687+0000] {logging_mixin.py:149} INFO - searching vodka...
[2023-06-27T03:15:13.134+0000] {logging_mixin.py:149} INFO - searching gin...
[2023-06-27T03:15:20.735+0000] {logging_mixin.py:149} INFO - searching rum...
[2023-06-27T03:15:29.384+0000] {logging_mixin.py:149} INFO - searching tequila...
[2023-06-27T03:15:37.002+0000] {logging_mixin.py:149} INFO - searching drinking...
[2023-06-27T03:15:44.455+0000] {logging_mixin.py:149} INFO - searching drinkresponsibly...
[2023-06-27T03:15:45.504+0000] {logging_mixin.py:149} INFO - 
    raw_reddit_posts.shape: (4157, 16)
    
[2023-06-27T03:15:45.544+0000] {logging_mixin.py:149} INFO -                     created   created_utc  ... search_term                topic
0 2023-06-06 10:58:50-05:00  1.686067e+09  ...     alcohol  alcoholic_beverages
1 2023-06-14 11:27:31-05:00  1.686760e+09  ...     alcohol  alcoholic_beverages
2 2023-05-23 09:16:55-05:00  1.684851e+09  ...     alcohol  alcoholic_beverages
3 2023-06-24 19:20:46-05:00  1.687652e+09  ...     alcohol  alcoholic_beverages
4 2023-06-17 18:15:42-05:00  1.687044e+09  ...     alcohol  alcoholic_beverages

[5 rows x 16 columns]
[2023-06-27T03:15:45.548+0000] {python.py:183} INFO - Done. Returned value was:                        created  ...                topic
0    2023-06-06 10:58:50-05:00  ...  alcoholic_beverages
1    2023-06-14 11:27:31-05:00  ...  alcoholic_beverages
2    2023-05-23 09:16:55-05:00  ...  alcoholic_beverages
3    2023-06-24 19:20:46-05:00  ...  alcoholic_beverages
4    2023-06-17 18:15:42-05:00  ...  alcoholic_beverages
...                        ...  ...                  ...
4152 2022-12-28 15:28:21-06:00  ...  alcoholic_beverages
4153 2021-03-27 12:33:25-05:00  ...  alcoholic_beverages
4154 2021-05-05 15:12:35-05:00  ...  alcoholic_beverages
4155 2019-08-02 14:52:47-05:00  ...  alcoholic_beverages
4156 2023-04-15 23:03:35-05:00  ...  alcoholic_beverages

[4157 rows x 16 columns]
[2023-06-27T03:15:46.452+0000] {taskinstance.py:1350} INFO - Marking task as SUCCESS. dag_id=search_posts, task_id=get_posts, execution_date=20230627T031307, start_date=20230627T031316, end_date=20230627T031546
[2023-06-27T03:15:46.564+0000] {local_task_job_runner.py:225} INFO - Task exited with return code 0
[2023-06-27T03:15:46.715+0000] {taskinstance.py:2653} INFO - 1 downstream tasks scheduled from follow-on schedule check
