[2023-06-27T02:58:59.522+0000] {taskinstance.py:1103} INFO - Dependencies all met for dep_context=non-requeueable deps ti=<TaskInstance: search_posts.update_db manual__2023-06-27T02:56:09.421122+00:00 [queued]>
[2023-06-27T02:58:59.546+0000] {taskinstance.py:1103} INFO - Dependencies all met for dep_context=requeueable deps ti=<TaskInstance: search_posts.update_db manual__2023-06-27T02:56:09.421122+00:00 [queued]>
[2023-06-27T02:58:59.548+0000] {taskinstance.py:1308} INFO - Starting attempt 1 of 1
[2023-06-27T02:58:59.584+0000] {taskinstance.py:1327} INFO - Executing <Task(PythonOperator): update_db> on 2023-06-27 02:56:09.421122+00:00
[2023-06-27T02:58:59.602+0000] {standard_task_runner.py:57} INFO - Started process 1527 to run task
[2023-06-27T02:58:59.612+0000] {standard_task_runner.py:84} INFO - Running: ['***', 'tasks', 'run', 'search_posts', 'update_db', 'manual__2023-06-27T02:56:09.421122+00:00', '--job-id', '91', '--raw', '--subdir', 'DAGS_FOLDER/search_posts.py', '--cfg-path', '/tmp/tmpmgvvo8vr']
[2023-06-27T02:58:59.625+0000] {standard_task_runner.py:85} INFO - Job 91: Subtask update_db
[2023-06-27T02:58:59.773+0000] {task_command.py:410} INFO - Running <TaskInstance: search_posts.update_db manual__2023-06-27T02:56:09.421122+00:00 [running]> on host 414be138234a
[2023-06-27T02:58:59.931+0000] {taskinstance.py:1547} INFO - Exporting env vars: AIRFLOW_CTX_DAG_OWNER='***' AIRFLOW_CTX_DAG_ID='search_posts' AIRFLOW_CTX_TASK_ID='update_db' AIRFLOW_CTX_EXECUTION_DATE='2023-06-27T02:56:09.421122+00:00' AIRFLOW_CTX_TRY_NUMBER='1' AIRFLOW_CTX_DAG_RUN_ID='manual__2023-06-27T02:56:09.421122+00:00'
[2023-06-27T02:59:00.267+0000] {logging_mixin.py:149} INFO - 
    fresh_data.shape: (4157, 16)
    old_data.shape: (4056, 1)
    update_data.shape: (3086, 16)
    
[2023-06-27T02:59:00.302+0000] {logging_mixin.py:149} INFO -                     created   created_utc  ... search_term                topic
0 2023-06-06 10:58:50-05:00  1.686067e+09  ...     alcohol  alcoholic_beverages
1 2023-06-14 11:27:31-05:00  1.686760e+09  ...     alcohol  alcoholic_beverages
2 2023-05-23 09:16:55-05:00  1.684851e+09  ...     alcohol  alcoholic_beverages
3 2023-06-24 19:20:46-05:00  1.687652e+09  ...     alcohol  alcoholic_beverages
4 2023-06-17 18:15:42-05:00  1.687044e+09  ...     alcohol  alcoholic_beverages

[5 rows x 16 columns]
[2023-06-27T02:59:00.304+0000] {taskinstance.py:1824} ERROR - Task failed with exception
Traceback (most recent call last):
  File "/home/airflow/.local/lib/python3.7/site-packages/airflow/operators/python.py", line 181, in execute
    return_value = self.execute_callable()
  File "/home/airflow/.local/lib/python3.7/site-packages/airflow/operators/python.py", line 198, in execute_callable
    return self.python_callable(*self.op_args, **self.op_kwargs)
  File "/opt/airflow/dags/search_posts.py", line 68, in update_db
    update_bq_from_df(update_data, table_name)
  File "/opt/airflow/dags/lib/big_query_access.py", line 22, in update_bq_from_df
    credentials = service_account.Credentials.from_service_account_file(credientials_path)
NameError: name 'credientials_path' is not defined
[2023-06-27T02:59:00.327+0000] {taskinstance.py:1350} INFO - Marking task as FAILED. dag_id=search_posts, task_id=update_db, execution_date=20230627T025609, start_date=20230627T025859, end_date=20230627T025900
[2023-06-27T02:59:00.352+0000] {standard_task_runner.py:109} ERROR - Failed to execute job 91 for task update_db (name 'credientials_path' is not defined; 1527)
[2023-06-27T02:59:00.395+0000] {local_task_job_runner.py:225} INFO - Task exited with return code 1
[2023-06-27T02:59:00.430+0000] {taskinstance.py:2653} INFO - 0 downstream tasks scheduled from follow-on schedule check
