[2023-06-29T19:35:40.818+0000] {taskinstance.py:1103} INFO - Dependencies all met for dep_context=non-requeueable deps ti=<TaskInstance: search_posts.get_posts manual__2023-06-29T19:35:33.224717+00:00 [queued]>
[2023-06-29T19:35:40.895+0000] {taskinstance.py:1103} INFO - Dependencies all met for dep_context=requeueable deps ti=<TaskInstance: search_posts.get_posts manual__2023-06-29T19:35:33.224717+00:00 [queued]>
[2023-06-29T19:35:40.903+0000] {taskinstance.py:1308} INFO - Starting attempt 1 of 1
[2023-06-29T19:35:40.972+0000] {taskinstance.py:1327} INFO - Executing <Task(PythonOperator): get_posts> on 2023-06-29 19:35:33.224717+00:00
[2023-06-29T19:35:40.990+0000] {standard_task_runner.py:57} INFO - Started process 3452 to run task
[2023-06-29T19:35:41.024+0000] {standard_task_runner.py:84} INFO - Running: ['***', 'tasks', 'run', 'search_posts', 'get_posts', 'manual__2023-06-29T19:35:33.224717+00:00', '--job-id', '116', '--raw', '--subdir', 'DAGS_FOLDER/search_posts.py', '--cfg-path', '/tmp/tmp7d6wfbxu']
[2023-06-29T19:35:41.037+0000] {standard_task_runner.py:85} INFO - Job 116: Subtask get_posts
[2023-06-29T19:35:41.262+0000] {task_command.py:410} INFO - Running <TaskInstance: search_posts.get_posts manual__2023-06-29T19:35:33.224717+00:00 [running]> on host 414be138234a
[2023-06-29T19:35:42.084+0000] {taskinstance.py:1547} INFO - Exporting env vars: AIRFLOW_CTX_DAG_OWNER='***' AIRFLOW_CTX_DAG_ID='search_posts' AIRFLOW_CTX_TASK_ID='get_posts' AIRFLOW_CTX_EXECUTION_DATE='2023-06-29T19:35:33.224717+00:00' AIRFLOW_CTX_TRY_NUMBER='1' AIRFLOW_CTX_DAG_RUN_ID='manual__2023-06-29T19:35:33.224717+00:00'
[2023-06-29T19:35:44.988+0000] {logging_mixin.py:149} INFO - <Response [200]>
[2023-06-29T19:35:45.028+0000] {logging_mixin.py:149} INFO - searching alcohol...
[2023-06-29T19:35:56.144+0000] {logging_mixin.py:149} INFO - searching drinks...
[2023-06-29T19:36:06.482+0000] {logging_mixin.py:149} INFO - searching cocktails...
[2023-06-29T19:36:17.118+0000] {logging_mixin.py:149} INFO - searching beer...
[2023-06-29T19:36:27.415+0000] {logging_mixin.py:149} INFO - searching wine...
[2023-06-29T19:36:37.183+0000] {logging_mixin.py:149} INFO - searching liquor...
[2023-06-29T19:36:47.299+0000] {logging_mixin.py:149} INFO - searching spirits...
[2023-06-29T19:36:56.925+0000] {logging_mixin.py:149} INFO - searching happyhour...
[2023-06-29T19:37:05.016+0000] {logging_mixin.py:149} INFO - searching mixology...
[2023-06-29T19:37:17.493+0000] {logging_mixin.py:149} INFO - searching bartender...
[2023-06-29T19:37:50.723+0000] {logging_mixin.py:149} INFO - searching craftbeer...
[2023-06-29T19:38:00.134+0000] {logging_mixin.py:149} INFO - searching winelover...
[2023-06-29T19:38:13.683+0000] {logging_mixin.py:149} INFO - searching drinkstagram...
[2023-06-29T19:38:16.248+0000] {logging_mixin.py:149} INFO - searching whiskey...
[2023-06-29T19:38:30.634+0000] {logging_mixin.py:149} INFO - searching vodka...
[2023-06-29T19:38:39.583+0000] {logging_mixin.py:149} INFO - searching gin...
[2023-06-29T19:38:50.467+0000] {logging_mixin.py:149} INFO - searching rum...
[2023-06-29T19:38:59.939+0000] {logging_mixin.py:149} INFO - searching tequila...
[2023-06-29T19:39:11.074+0000] {logging_mixin.py:149} INFO - searching drinking...
[2023-06-29T19:39:23.652+0000] {logging_mixin.py:149} INFO - searching drinkresponsibly...
[2023-06-29T19:39:26.108+0000] {logging_mixin.py:149} INFO - 
    raw_reddit_posts.shape: (4177, 16)
    
[2023-06-29T19:39:26.186+0000] {logging_mixin.py:149} INFO -                     created   created_utc  ... search_term                topic
0 2023-06-24 19:20:46-05:00  1.687652e+09  ...     alcohol  alcoholic_beverages
1 2023-06-06 10:58:50-05:00  1.686067e+09  ...     alcohol  alcoholic_beverages
2 2023-05-23 09:16:55-05:00  1.684851e+09  ...     alcohol  alcoholic_beverages
3 2023-06-17 18:15:42-05:00  1.687044e+09  ...     alcohol  alcoholic_beverages
4 2023-03-01 16:42:49-06:00  1.677711e+09  ...     alcohol  alcoholic_beverages

[5 rows x 16 columns]
[2023-06-29T19:39:26.189+0000] {python.py:183} INFO - Done. Returned value was:                        created  ...                topic
0    2023-06-24 19:20:46-05:00  ...  alcoholic_beverages
1    2023-06-06 10:58:50-05:00  ...  alcoholic_beverages
2    2023-05-23 09:16:55-05:00  ...  alcoholic_beverages
3    2023-06-17 18:15:42-05:00  ...  alcoholic_beverages
4    2023-03-01 16:42:49-06:00  ...  alcoholic_beverages
...                        ...  ...                  ...
4172 2022-12-28 15:30:44-06:00  ...  alcoholic_beverages
4173 2021-03-27 12:33:25-05:00  ...  alcoholic_beverages
4174 2021-05-05 15:12:35-05:00  ...  alcoholic_beverages
4175 2019-08-02 14:52:47-05:00  ...  alcoholic_beverages
4176 2023-04-15 23:03:35-05:00  ...  alcoholic_beverages

[4177 rows x 16 columns]
[2023-06-29T19:39:26.866+0000] {taskinstance.py:1350} INFO - Marking task as SUCCESS. dag_id=search_posts, task_id=get_posts, execution_date=20230629T193533, start_date=20230629T193540, end_date=20230629T193926
[2023-06-29T19:39:26.983+0000] {local_task_job_runner.py:225} INFO - Task exited with return code 0
[2023-06-29T19:39:27.041+0000] {taskinstance.py:2653} INFO - 1 downstream tasks scheduled from follow-on schedule check
