[2023-06-27T03:43:29.327+0000] {taskinstance.py:1103} INFO - Dependencies all met for dep_context=non-requeueable deps ti=<TaskInstance: search_posts.get_posts manual__2023-06-27T03:43:22.104575+00:00 [queued]>
[2023-06-27T03:43:29.352+0000] {taskinstance.py:1103} INFO - Dependencies all met for dep_context=requeueable deps ti=<TaskInstance: search_posts.get_posts manual__2023-06-27T03:43:22.104575+00:00 [queued]>
[2023-06-27T03:43:29.354+0000] {taskinstance.py:1308} INFO - Starting attempt 1 of 1
[2023-06-27T03:43:29.395+0000] {taskinstance.py:1327} INFO - Executing <Task(PythonOperator): get_posts> on 2023-06-27 03:43:22.104575+00:00
[2023-06-27T03:43:29.410+0000] {standard_task_runner.py:57} INFO - Started process 2385 to run task
[2023-06-27T03:43:29.426+0000] {standard_task_runner.py:84} INFO - Running: ['***', 'tasks', 'run', 'search_posts', 'get_posts', 'manual__2023-06-27T03:43:22.104575+00:00', '--job-id', '107', '--raw', '--subdir', 'DAGS_FOLDER/search_posts.py', '--cfg-path', '/tmp/tmp0m7g4swj']
[2023-06-27T03:43:29.432+0000] {standard_task_runner.py:85} INFO - Job 107: Subtask get_posts
[2023-06-27T03:43:29.596+0000] {task_command.py:410} INFO - Running <TaskInstance: search_posts.get_posts manual__2023-06-27T03:43:22.104575+00:00 [running]> on host 414be138234a
[2023-06-27T03:43:29.968+0000] {taskinstance.py:1547} INFO - Exporting env vars: AIRFLOW_CTX_DAG_OWNER='***' AIRFLOW_CTX_DAG_ID='search_posts' AIRFLOW_CTX_TASK_ID='get_posts' AIRFLOW_CTX_EXECUTION_DATE='2023-06-27T03:43:22.104575+00:00' AIRFLOW_CTX_TRY_NUMBER='1' AIRFLOW_CTX_DAG_RUN_ID='manual__2023-06-27T03:43:22.104575+00:00'
[2023-06-27T03:43:31.471+0000] {logging_mixin.py:149} INFO - <Response [200]>
[2023-06-27T03:43:31.501+0000] {logging_mixin.py:149} INFO - searching alcohol...
[2023-06-27T03:43:46.598+0000] {logging_mixin.py:149} INFO - searching drinks...
[2023-06-27T03:43:54.586+0000] {logging_mixin.py:149} INFO - searching cocktails...
[2023-06-27T03:44:01.922+0000] {logging_mixin.py:149} INFO - searching beer...
[2023-06-27T03:44:09.741+0000] {logging_mixin.py:149} INFO - searching wine...
[2023-06-27T03:44:18.749+0000] {logging_mixin.py:149} INFO - searching liquor...
[2023-06-27T03:44:25.417+0000] {logging_mixin.py:149} INFO - searching spirits...
[2023-06-27T03:44:34.265+0000] {logging_mixin.py:149} INFO - searching happyhour...
[2023-06-27T03:44:43.998+0000] {logging_mixin.py:149} INFO - searching mixology...
[2023-06-27T03:44:53.679+0000] {logging_mixin.py:149} INFO - searching bartender...
[2023-06-27T03:45:01.014+0000] {logging_mixin.py:149} INFO - searching craftbeer...
[2023-06-27T03:45:05.714+0000] {logging_mixin.py:149} INFO - searching winelover...
[2023-06-27T03:45:09.873+0000] {logging_mixin.py:149} INFO - searching drinkstagram...
[2023-06-27T03:45:10.663+0000] {logging_mixin.py:149} INFO - searching whiskey...
[2023-06-27T03:45:19.663+0000] {logging_mixin.py:149} INFO - searching vodka...
[2023-06-27T03:45:27.368+0000] {logging_mixin.py:149} INFO - searching gin...
[2023-06-27T03:45:34.271+0000] {logging_mixin.py:149} INFO - searching rum...
[2023-06-27T03:45:40.914+0000] {logging_mixin.py:149} INFO - searching tequila...
[2023-06-27T03:45:48.938+0000] {logging_mixin.py:149} INFO - searching drinking...
[2023-06-27T03:45:58.707+0000] {logging_mixin.py:149} INFO - searching drinkresponsibly...
[2023-06-27T03:45:59.546+0000] {logging_mixin.py:149} INFO - 
    raw_reddit_posts.shape: (4157, 16)
    
[2023-06-27T03:45:59.589+0000] {logging_mixin.py:149} INFO -                     created   created_utc  ... search_term                topic
0 2023-06-06 10:58:50-05:00  1.686067e+09  ...     alcohol  alcoholic_beverages
1 2023-06-14 11:27:31-05:00  1.686760e+09  ...     alcohol  alcoholic_beverages
2 2023-05-23 09:16:55-05:00  1.684851e+09  ...     alcohol  alcoholic_beverages
3 2023-06-24 19:20:46-05:00  1.687652e+09  ...     alcohol  alcoholic_beverages
4 2023-06-17 18:15:42-05:00  1.687044e+09  ...     alcohol  alcoholic_beverages

[5 rows x 16 columns]
[2023-06-27T03:45:59.592+0000] {python.py:183} INFO - Done. Returned value was:                        created  ...                topic
0    2023-06-06 10:58:50-05:00  ...  alcoholic_beverages
1    2023-06-14 11:27:31-05:00  ...  alcoholic_beverages
2    2023-05-23 09:16:55-05:00  ...  alcoholic_beverages
3    2023-06-24 19:20:46-05:00  ...  alcoholic_beverages
4    2023-06-17 18:15:42-05:00  ...  alcoholic_beverages
...                        ...  ...                  ...
4152 2022-12-28 15:30:44-06:00  ...  alcoholic_beverages
4153 2021-03-27 12:33:25-05:00  ...  alcoholic_beverages
4154 2021-05-05 15:12:35-05:00  ...  alcoholic_beverages
4155 2019-08-02 14:52:47-05:00  ...  alcoholic_beverages
4156 2023-04-15 23:03:35-05:00  ...  alcoholic_beverages

[4157 rows x 16 columns]
[2023-06-27T03:46:00.635+0000] {taskinstance.py:1350} INFO - Marking task as SUCCESS. dag_id=search_posts, task_id=get_posts, execution_date=20230627T034322, start_date=20230627T034329, end_date=20230627T034600
[2023-06-27T03:46:00.768+0000] {local_task_job_runner.py:225} INFO - Task exited with return code 0
[2023-06-27T03:46:00.821+0000] {taskinstance.py:2653} INFO - 1 downstream tasks scheduled from follow-on schedule check
