[2023-07-01T00:00:17.085+0000] {taskinstance.py:1103} INFO - Dependencies all met for dep_context=non-requeueable deps ti=<TaskInstance: search_posts.get_posts scheduled__2023-06-30T00:00:00+00:00 [queued]>
[2023-07-01T00:00:17.139+0000] {taskinstance.py:1103} INFO - Dependencies all met for dep_context=requeueable deps ti=<TaskInstance: search_posts.get_posts scheduled__2023-06-30T00:00:00+00:00 [queued]>
[2023-07-01T00:00:17.141+0000] {taskinstance.py:1308} INFO - Starting attempt 1 of 1
[2023-07-01T00:00:17.258+0000] {taskinstance.py:1327} INFO - Executing <Task(PythonOperator): get_posts> on 2023-06-30 00:00:00+00:00
[2023-07-01T00:00:17.303+0000] {standard_task_runner.py:57} INFO - Started process 26399 to run task
[2023-07-01T00:00:17.377+0000] {standard_task_runner.py:84} INFO - Running: ['***', 'tasks', 'run', 'search_posts', 'get_posts', 'scheduled__2023-06-30T00:00:00+00:00', '--job-id', '163', '--raw', '--subdir', 'DAGS_FOLDER/search_posts.py', '--cfg-path', '/tmp/tmppioyb73c']
[2023-07-01T00:00:17.412+0000] {standard_task_runner.py:85} INFO - Job 163: Subtask get_posts
[2023-07-01T00:00:17.867+0000] {task_command.py:410} INFO - Running <TaskInstance: search_posts.get_posts scheduled__2023-06-30T00:00:00+00:00 [running]> on host 414be138234a
[2023-07-01T00:00:18.474+0000] {taskinstance.py:1547} INFO - Exporting env vars: AIRFLOW_CTX_DAG_OWNER='***' AIRFLOW_CTX_DAG_ID='search_posts' AIRFLOW_CTX_TASK_ID='get_posts' AIRFLOW_CTX_EXECUTION_DATE='2023-06-30T00:00:00+00:00' AIRFLOW_CTX_TRY_NUMBER='1' AIRFLOW_CTX_DAG_RUN_ID='scheduled__2023-06-30T00:00:00+00:00'
[2023-07-01T00:00:21.128+0000] {logging_mixin.py:149} INFO - <Response [200]>
[2023-07-01T00:00:21.176+0000] {logging_mixin.py:149} INFO - searching alcohol...
[2023-07-01T00:00:32.875+0000] {logging_mixin.py:149} INFO - searching drinks...
[2023-07-01T00:00:43.415+0000] {logging_mixin.py:149} INFO - searching cocktails...
[2023-07-01T00:00:53.582+0000] {logging_mixin.py:149} INFO - searching beer...
[2023-07-01T00:01:04.218+0000] {logging_mixin.py:149} INFO - searching wine...
[2023-07-01T00:01:15.376+0000] {logging_mixin.py:149} INFO - searching liquor...
[2023-07-01T00:01:27.135+0000] {logging_mixin.py:149} INFO - searching spirits...
[2023-07-01T00:01:35.626+0000] {logging_mixin.py:149} INFO - searching happyhour...
[2023-07-01T00:01:41.120+0000] {logging_mixin.py:149} INFO - searching mixology...
[2023-07-01T00:01:48.991+0000] {logging_mixin.py:149} INFO - searching bartender...
[2023-07-01T00:01:59.144+0000] {logging_mixin.py:149} INFO - searching craftbeer...
[2023-07-01T00:02:07.353+0000] {logging_mixin.py:149} INFO - searching winelover...
[2023-07-01T00:02:13.811+0000] {logging_mixin.py:149} INFO - searching drinkstagram...
[2023-07-01T00:02:15.488+0000] {logging_mixin.py:149} INFO - searching whiskey...
[2023-07-01T00:02:27.947+0000] {logging_mixin.py:149} INFO - searching vodka...
[2023-07-01T00:02:37.216+0000] {logging_mixin.py:149} INFO - searching gin...
[2023-07-01T00:02:45.880+0000] {logging_mixin.py:149} INFO - searching rum...
[2023-07-01T00:02:55.241+0000] {logging_mixin.py:149} INFO - searching tequila...
[2023-07-01T00:03:05.322+0000] {logging_mixin.py:149} INFO - searching drinking...
[2023-07-01T00:03:15.433+0000] {logging_mixin.py:149} INFO - searching drinkresponsibly...
[2023-07-01T00:03:17.602+0000] {logging_mixin.py:149} INFO - 
    raw_reddit_posts.shape: (4178, 16)
    
[2023-07-01T00:03:17.657+0000] {logging_mixin.py:149} INFO -                     created   created_utc  ... search_term                topic
0 2023-06-24 19:20:46-05:00  1.687652e+09  ...     alcohol  alcoholic_beverages
1 2023-06-06 10:58:50-05:00  1.686067e+09  ...     alcohol  alcoholic_beverages
2 2023-05-23 09:16:55-05:00  1.684851e+09  ...     alcohol  alcoholic_beverages
3 2023-06-17 18:15:42-05:00  1.687044e+09  ...     alcohol  alcoholic_beverages
4 2023-03-01 16:42:49-06:00  1.677711e+09  ...     alcohol  alcoholic_beverages

[5 rows x 16 columns]
[2023-07-01T00:03:17.661+0000] {python.py:183} INFO - Done. Returned value was:                        created  ...                topic
0    2023-06-24 19:20:46-05:00  ...  alcoholic_beverages
1    2023-06-06 10:58:50-05:00  ...  alcoholic_beverages
2    2023-05-23 09:16:55-05:00  ...  alcoholic_beverages
3    2023-06-17 18:15:42-05:00  ...  alcoholic_beverages
4    2023-03-01 16:42:49-06:00  ...  alcoholic_beverages
...                        ...  ...                  ...
4173 2022-12-28 15:30:44-06:00  ...  alcoholic_beverages
4174 2021-03-27 12:33:25-05:00  ...  alcoholic_beverages
4175 2021-05-05 15:12:35-05:00  ...  alcoholic_beverages
4176 2019-08-02 14:52:47-05:00  ...  alcoholic_beverages
4177 2023-04-15 23:03:35-05:00  ...  alcoholic_beverages

[4178 rows x 16 columns]
[2023-07-01T00:03:18.156+0000] {taskinstance.py:1350} INFO - Marking task as SUCCESS. dag_id=search_posts, task_id=get_posts, execution_date=20230630T000000, start_date=20230701T000017, end_date=20230701T000318
[2023-07-01T00:03:18.242+0000] {local_task_job_runner.py:225} INFO - Task exited with return code 0
[2023-07-01T00:03:18.307+0000] {taskinstance.py:2653} INFO - 1 downstream tasks scheduled from follow-on schedule check
