[2023-06-29T21:35:59.325+0000] {taskinstance.py:1103} INFO - Dependencies all met for dep_context=non-requeueable deps ti=<TaskInstance: search_posts.update_db manual__2023-06-29T21:32:55.615371+00:00 [queued]>
[2023-06-29T21:35:59.344+0000] {taskinstance.py:1103} INFO - Dependencies all met for dep_context=requeueable deps ti=<TaskInstance: search_posts.update_db manual__2023-06-29T21:32:55.615371+00:00 [queued]>
[2023-06-29T21:35:59.345+0000] {taskinstance.py:1308} INFO - Starting attempt 1 of 1
[2023-06-29T21:35:59.374+0000] {taskinstance.py:1327} INFO - Executing <Task(PythonOperator): update_db> on 2023-06-29 21:32:55.615371+00:00
[2023-06-29T21:35:59.384+0000] {standard_task_runner.py:57} INFO - Started process 1061 to run task
[2023-06-29T21:35:59.392+0000] {standard_task_runner.py:84} INFO - Running: ['***', 'tasks', 'run', 'search_posts', 'update_db', 'manual__2023-06-29T21:32:55.615371+00:00', '--job-id', '127', '--raw', '--subdir', 'DAGS_FOLDER/search_posts.py', '--cfg-path', '/tmp/tmpy8rcck_x']
[2023-06-29T21:35:59.397+0000] {standard_task_runner.py:85} INFO - Job 127: Subtask update_db
[2023-06-29T21:35:59.488+0000] {task_command.py:410} INFO - Running <TaskInstance: search_posts.update_db manual__2023-06-29T21:32:55.615371+00:00 [running]> on host 414be138234a
[2023-06-29T21:35:59.685+0000] {taskinstance.py:1547} INFO - Exporting env vars: AIRFLOW_CTX_DAG_OWNER='***' AIRFLOW_CTX_DAG_ID='search_posts' AIRFLOW_CTX_TASK_ID='update_db' AIRFLOW_CTX_EXECUTION_DATE='2023-06-29T21:32:55.615371+00:00' AIRFLOW_CTX_TRY_NUMBER='1' AIRFLOW_CTX_DAG_RUN_ID='manual__2023-06-29T21:32:55.615371+00:00'
[2023-06-29T21:35:59.858+0000] {logging_mixin.py:149} INFO - 
    fresh_data.shape: (4176, 16)
    old_data.shape: (4057, 1)
    update_data.shape: (3165, 16)
    
[2023-06-29T21:35:59.894+0000] {logging_mixin.py:149} INFO -                     created   created_utc  ... search_term                topic
0 2023-06-24 19:20:46-05:00  1.687652e+09  ...     alcohol  alcoholic_beverages
1 2023-06-06 10:58:50-05:00  1.686067e+09  ...     alcohol  alcoholic_beverages
2 2023-05-23 09:16:55-05:00  1.684851e+09  ...     alcohol  alcoholic_beverages
3 2023-06-17 18:15:42-05:00  1.687044e+09  ...     alcohol  alcoholic_beverages
5 2023-06-22 12:26:09-05:00  1.687455e+09  ...     alcohol  alcoholic_beverages

[5 rows x 16 columns]
[2023-06-29T21:36:00.250+0000] {logging_mixin.py:149} INFO - INSERT INTO reddit_db.raw_reddit_pulls (id, created, subreddit, subreddit_id, selftext, author_fullname, title, name, url) VALUES ('['14i7ycb' Timestamp('2023-06-24 19:20:46-0500', tz='America/Chicago')
 'AmItheAsshole' 't5_2xhvq'
 "One of my (M35) best friends (M34) got married last week.\xa0 He drinks alcohol and our friend group will meet up at breweries a few times a month to hang out.\xa0 His fiance, now wife, does not drink.\xa0 Its never been a part of her life.\xa0\xa0\n\n  \nMy wife and I got a hotel room by the reception space and ubered to the wedding. The ceremony\xa0occurs, we go 
[2023-06-29T21:36:00.251+0000] {taskinstance.py:1824} ERROR - Task failed with exception
Traceback (most recent call last):
  File "/home/airflow/.local/lib/python3.7/site-packages/airflow/operators/python.py", line 181, in execute
    return_value = self.execute_callable()
  File "/home/airflow/.local/lib/python3.7/site-packages/airflow/operators/python.py", line 198, in execute_callable
    return self.python_callable(*self.op_args, **self.op_kwargs)
  File "/opt/airflow/dags/search_posts.py", line 76, in update_db
    _ = get_big_query(query)
NameError: name 'query' is not defined
[2023-06-29T21:36:00.269+0000] {taskinstance.py:1350} INFO - Marking task as FAILED. dag_id=search_posts, task_id=update_db, execution_date=20230629T213255, start_date=20230629T213559, end_date=20230629T213600
[2023-06-29T21:36:00.293+0000] {standard_task_runner.py:109} ERROR - Failed to execute job 127 for task update_db (name 'query' is not defined; 1061)
[2023-06-29T21:36:00.346+0000] {local_task_job_runner.py:225} INFO - Task exited with return code 1
[2023-06-29T21:36:00.411+0000] {taskinstance.py:2653} INFO - 0 downstream tasks scheduled from follow-on schedule check
