[2023-06-27T02:20:42.572+0000] {taskinstance.py:1103} INFO - Dependencies all met for dep_context=non-requeueable deps ti=<TaskInstance: search_posts.get_posts manual__2023-06-27T02:20:20.305888+00:00 [queued]>
[2023-06-27T02:20:42.606+0000] {taskinstance.py:1103} INFO - Dependencies all met for dep_context=requeueable deps ti=<TaskInstance: search_posts.get_posts manual__2023-06-27T02:20:20.305888+00:00 [queued]>
[2023-06-27T02:20:42.609+0000] {taskinstance.py:1308} INFO - Starting attempt 1 of 1
[2023-06-27T02:20:42.770+0000] {taskinstance.py:1327} INFO - Executing <Task(PythonOperator): get_posts> on 2023-06-27 02:20:20.305888+00:00
[2023-06-27T02:20:42.801+0000] {standard_task_runner.py:57} INFO - Started process 840 to run task
[2023-06-27T02:20:42.828+0000] {standard_task_runner.py:84} INFO - Running: ['***', 'tasks', 'run', 'search_posts', 'get_posts', 'manual__2023-06-27T02:20:20.305888+00:00', '--job-id', '83', '--raw', '--subdir', 'DAGS_FOLDER/search_posts.py', '--cfg-path', '/tmp/tmp8j7yb8np']
[2023-06-27T02:20:42.837+0000] {standard_task_runner.py:85} INFO - Job 83: Subtask get_posts
[2023-06-27T02:20:43.220+0000] {task_command.py:410} INFO - Running <TaskInstance: search_posts.get_posts manual__2023-06-27T02:20:20.305888+00:00 [running]> on host 414be138234a
[2023-06-27T02:20:43.744+0000] {taskinstance.py:1547} INFO - Exporting env vars: AIRFLOW_CTX_DAG_OWNER='***' AIRFLOW_CTX_DAG_ID='search_posts' AIRFLOW_CTX_TASK_ID='get_posts' AIRFLOW_CTX_EXECUTION_DATE='2023-06-27T02:20:20.305888+00:00' AIRFLOW_CTX_TRY_NUMBER='1' AIRFLOW_CTX_DAG_RUN_ID='manual__2023-06-27T02:20:20.305888+00:00'
[2023-06-27T02:20:45.662+0000] {logging_mixin.py:149} INFO - <Response [200]>
[2023-06-27T02:20:45.692+0000] {logging_mixin.py:149} INFO - searching tests...
[2023-06-27T02:20:54.483+0000] {logging_mixin.py:149} INFO - 
    raw_reddit_posts.shape: (246, 16)
    
[2023-06-27T02:20:54.519+0000] {logging_mixin.py:149} INFO -                     created   created_utc  ... search_term topic
0 2023-06-26 02:28:36-05:00  1.687765e+09  ...       tests  test
1 2023-06-09 05:28:48-05:00  1.686307e+09  ...       tests  test
2 2023-06-07 05:13:48-05:00  1.686133e+09  ...       tests  test
3 2023-05-13 21:52:49-05:00  1.684033e+09  ...       tests  test
4 2023-06-24 13:52:30-05:00  1.687633e+09  ...       tests  test

[5 rows x 16 columns]
[2023-06-27T02:20:54.522+0000] {python.py:183} INFO - Done. Returned value was:                       created   created_utc  ... search_term topic
0   2023-06-26 02:28:36-05:00  1.687765e+09  ...       tests  test
1   2023-06-09 05:28:48-05:00  1.686307e+09  ...       tests  test
2   2023-06-07 05:13:48-05:00  1.686133e+09  ...       tests  test
3   2023-05-13 21:52:49-05:00  1.684033e+09  ...       tests  test
4   2023-06-24 13:52:30-05:00  1.687633e+09  ...       tests  test
..                        ...           ...  ...         ...   ...
241 2023-04-27 16:23:03-05:00  1.682631e+09  ...       tests  test
242 2023-04-24 08:21:11-05:00  1.682342e+09  ...       tests  test
243 2023-05-20 18:37:31-05:00  1.684626e+09  ...       tests  test
244 2023-06-08 23:46:28-05:00  1.686286e+09  ...       tests  test
245 2023-05-30 22:15:18-05:00  1.685503e+09  ...       tests  test

[246 rows x 16 columns]
[2023-06-27T02:20:54.653+0000] {taskinstance.py:1350} INFO - Marking task as SUCCESS. dag_id=search_posts, task_id=get_posts, execution_date=20230627T022020, start_date=20230627T022042, end_date=20230627T022054
[2023-06-27T02:20:54.734+0000] {local_task_job_runner.py:225} INFO - Task exited with return code 0
[2023-06-27T02:20:54.828+0000] {taskinstance.py:2653} INFO - 1 downstream tasks scheduled from follow-on schedule check
