[2023-06-27T02:56:25.113+0000] {taskinstance.py:1103} INFO - Dependencies all met for dep_context=non-requeueable deps ti=<TaskInstance: search_posts.get_posts manual__2023-06-27T02:56:09.421122+00:00 [queued]>
[2023-06-27T02:56:25.242+0000] {taskinstance.py:1103} INFO - Dependencies all met for dep_context=requeueable deps ti=<TaskInstance: search_posts.get_posts manual__2023-06-27T02:56:09.421122+00:00 [queued]>
[2023-06-27T02:56:25.244+0000] {taskinstance.py:1308} INFO - Starting attempt 1 of 1
[2023-06-27T02:56:25.433+0000] {taskinstance.py:1327} INFO - Executing <Task(PythonOperator): get_posts> on 2023-06-27 02:56:09.421122+00:00
[2023-06-27T02:56:25.504+0000] {standard_task_runner.py:57} INFO - Started process 1470 to run task
[2023-06-27T02:56:25.618+0000] {standard_task_runner.py:84} INFO - Running: ['***', 'tasks', 'run', 'search_posts', 'get_posts', 'manual__2023-06-27T02:56:09.421122+00:00', '--job-id', '89', '--raw', '--subdir', 'DAGS_FOLDER/search_posts.py', '--cfg-path', '/tmp/tmplnb5sg12']
[2023-06-27T02:56:25.671+0000] {standard_task_runner.py:85} INFO - Job 89: Subtask get_posts
[2023-06-27T02:56:26.300+0000] {task_command.py:410} INFO - Running <TaskInstance: search_posts.get_posts manual__2023-06-27T02:56:09.421122+00:00 [running]> on host 414be138234a
[2023-06-27T02:56:27.434+0000] {taskinstance.py:1547} INFO - Exporting env vars: AIRFLOW_CTX_DAG_OWNER='***' AIRFLOW_CTX_DAG_ID='search_posts' AIRFLOW_CTX_TASK_ID='get_posts' AIRFLOW_CTX_EXECUTION_DATE='2023-06-27T02:56:09.421122+00:00' AIRFLOW_CTX_TRY_NUMBER='1' AIRFLOW_CTX_DAG_RUN_ID='manual__2023-06-27T02:56:09.421122+00:00'
[2023-06-27T02:56:29.468+0000] {logging_mixin.py:149} INFO - <Response [200]>
[2023-06-27T02:56:29.507+0000] {logging_mixin.py:149} INFO - searching alcohol...
[2023-06-27T02:56:37.145+0000] {logging_mixin.py:149} INFO - searching drinks...
[2023-06-27T02:56:44.870+0000] {logging_mixin.py:149} INFO - searching cocktails...
[2023-06-27T02:56:53.735+0000] {logging_mixin.py:149} INFO - searching beer...
[2023-06-27T02:57:01.545+0000] {logging_mixin.py:149} INFO - searching wine...
[2023-06-27T02:57:09.793+0000] {logging_mixin.py:149} INFO - searching liquor...
[2023-06-27T02:57:16.986+0000] {logging_mixin.py:149} INFO - searching spirits...
[2023-06-27T02:57:23.391+0000] {logging_mixin.py:149} INFO - searching happyhour...
[2023-06-27T02:57:27.479+0000] {logging_mixin.py:149} INFO - searching mixology...
[2023-06-27T02:57:35.997+0000] {logging_mixin.py:149} INFO - searching bartender...
[2023-06-27T02:57:46.218+0000] {logging_mixin.py:149} INFO - searching craftbeer...
[2023-06-27T02:57:51.915+0000] {logging_mixin.py:149} INFO - searching winelover...
[2023-06-27T02:57:58.672+0000] {logging_mixin.py:149} INFO - searching drinkstagram...
[2023-06-27T02:57:59.701+0000] {logging_mixin.py:149} INFO - searching whiskey...
[2023-06-27T02:58:10.936+0000] {logging_mixin.py:149} INFO - searching vodka...
[2023-06-27T02:58:18.278+0000] {logging_mixin.py:149} INFO - searching gin...
[2023-06-27T02:58:25.576+0000] {logging_mixin.py:149} INFO - searching rum...
[2023-06-27T02:58:32.451+0000] {logging_mixin.py:149} INFO - searching tequila...
[2023-06-27T02:58:41.036+0000] {logging_mixin.py:149} INFO - searching drinking...
[2023-06-27T02:58:50.070+0000] {logging_mixin.py:149} INFO - searching drinkresponsibly...
[2023-06-27T02:58:51.089+0000] {logging_mixin.py:149} INFO - 
    raw_reddit_posts.shape: (4157, 16)
    
[2023-06-27T02:58:51.130+0000] {logging_mixin.py:149} INFO -                     created   created_utc  ... search_term                topic
0 2023-06-06 10:58:50-05:00  1.686067e+09  ...     alcohol  alcoholic_beverages
1 2023-06-14 11:27:31-05:00  1.686760e+09  ...     alcohol  alcoholic_beverages
2 2023-05-23 09:16:55-05:00  1.684851e+09  ...     alcohol  alcoholic_beverages
3 2023-06-24 19:20:46-05:00  1.687652e+09  ...     alcohol  alcoholic_beverages
4 2023-06-17 18:15:42-05:00  1.687044e+09  ...     alcohol  alcoholic_beverages

[5 rows x 16 columns]
[2023-06-27T02:58:51.134+0000] {python.py:183} INFO - Done. Returned value was:                        created  ...                topic
0    2023-06-06 10:58:50-05:00  ...  alcoholic_beverages
1    2023-06-14 11:27:31-05:00  ...  alcoholic_beverages
2    2023-05-23 09:16:55-05:00  ...  alcoholic_beverages
3    2023-06-24 19:20:46-05:00  ...  alcoholic_beverages
4    2023-06-17 18:15:42-05:00  ...  alcoholic_beverages
...                        ...  ...                  ...
4152 2022-12-28 15:30:44-06:00  ...  alcoholic_beverages
4153 2021-03-27 12:33:25-05:00  ...  alcoholic_beverages
4154 2021-05-05 15:12:35-05:00  ...  alcoholic_beverages
4155 2019-08-02 14:52:47-05:00  ...  alcoholic_beverages
4156 2023-04-15 23:03:35-05:00  ...  alcoholic_beverages

[4157 rows x 16 columns]
[2023-06-27T02:58:51.547+0000] {taskinstance.py:1350} INFO - Marking task as SUCCESS. dag_id=search_posts, task_id=get_posts, execution_date=20230627T025609, start_date=20230627T025625, end_date=20230627T025851
[2023-06-27T02:58:51.711+0000] {local_task_job_runner.py:225} INFO - Task exited with return code 0
[2023-06-27T02:58:51.772+0000] {taskinstance.py:2653} INFO - 1 downstream tasks scheduled from follow-on schedule check
