[2023-06-27T04:10:20.648+0000] {taskinstance.py:1103} INFO - Dependencies all met for dep_context=non-requeueable deps ti=<TaskInstance: search_posts.get_posts manual__2023-06-27T04:10:11.583942+00:00 [queued]>
[2023-06-27T04:10:20.830+0000] {taskinstance.py:1103} INFO - Dependencies all met for dep_context=requeueable deps ti=<TaskInstance: search_posts.get_posts manual__2023-06-27T04:10:11.583942+00:00 [queued]>
[2023-06-27T04:10:20.836+0000] {taskinstance.py:1308} INFO - Starting attempt 1 of 1
[2023-06-27T04:10:20.994+0000] {taskinstance.py:1327} INFO - Executing <Task(PythonOperator): get_posts> on 2023-06-27 04:10:11.583942+00:00
[2023-06-27T04:10:21.060+0000] {standard_task_runner.py:57} INFO - Started process 125 to run task
[2023-06-27T04:10:21.107+0000] {standard_task_runner.py:84} INFO - Running: ['***', 'tasks', 'run', 'search_posts', 'get_posts', 'manual__2023-06-27T04:10:11.583942+00:00', '--job-id', '112', '--raw', '--subdir', 'DAGS_FOLDER/search_posts.py', '--cfg-path', '/tmp/tmpmd_45ip3']
[2023-06-27T04:10:21.149+0000] {standard_task_runner.py:85} INFO - Job 112: Subtask get_posts
[2023-06-27T04:10:21.639+0000] {task_command.py:410} INFO - Running <TaskInstance: search_posts.get_posts manual__2023-06-27T04:10:11.583942+00:00 [running]> on host 414be138234a
[2023-06-27T04:10:22.509+0000] {taskinstance.py:1547} INFO - Exporting env vars: AIRFLOW_CTX_DAG_OWNER='***' AIRFLOW_CTX_DAG_ID='search_posts' AIRFLOW_CTX_TASK_ID='get_posts' AIRFLOW_CTX_EXECUTION_DATE='2023-06-27T04:10:11.583942+00:00' AIRFLOW_CTX_TRY_NUMBER='1' AIRFLOW_CTX_DAG_RUN_ID='manual__2023-06-27T04:10:11.583942+00:00'
[2023-06-27T04:10:23.910+0000] {logging_mixin.py:149} INFO - <Response [200]>
[2023-06-27T04:10:23.926+0000] {logging_mixin.py:149} INFO - searching alcohol...
[2023-06-27T04:10:34.290+0000] {logging_mixin.py:149} INFO - searching drinks...
[2023-06-27T04:10:42.800+0000] {logging_mixin.py:149} INFO - searching cocktails...
[2023-06-27T04:10:52.244+0000] {logging_mixin.py:149} INFO - searching beer...
[2023-06-27T04:10:59.791+0000] {logging_mixin.py:149} INFO - searching wine...
[2023-06-27T04:11:07.507+0000] {logging_mixin.py:149} INFO - searching liquor...
[2023-06-27T04:11:15.227+0000] {logging_mixin.py:149} INFO - searching spirits...
[2023-06-27T04:11:22.496+0000] {logging_mixin.py:149} INFO - searching happyhour...
[2023-06-27T04:11:26.779+0000] {logging_mixin.py:149} INFO - searching mixology...
[2023-06-27T04:11:32.977+0000] {logging_mixin.py:149} INFO - searching bartender...
[2023-06-27T04:11:40.097+0000] {logging_mixin.py:149} INFO - searching craftbeer...
[2023-06-27T04:11:45.288+0000] {logging_mixin.py:149} INFO - searching winelover...
[2023-06-27T04:11:49.990+0000] {logging_mixin.py:149} INFO - searching drinkstagram...
[2023-06-27T04:11:50.973+0000] {logging_mixin.py:149} INFO - searching whiskey...
[2023-06-27T04:11:58.384+0000] {logging_mixin.py:149} INFO - searching vodka...
[2023-06-27T04:12:05.708+0000] {logging_mixin.py:149} INFO - searching gin...
[2023-06-27T04:12:12.921+0000] {logging_mixin.py:149} INFO - searching rum...
[2023-06-27T04:12:20.437+0000] {logging_mixin.py:149} INFO - searching tequila...
[2023-06-27T04:12:28.795+0000] {logging_mixin.py:149} INFO - searching drinking...
[2023-06-27T04:12:37.780+0000] {logging_mixin.py:149} INFO - searching drinkresponsibly...
[2023-06-27T04:12:38.906+0000] {logging_mixin.py:149} INFO - 
    raw_reddit_posts.shape: (4156, 16)
    
[2023-06-27T04:12:38.951+0000] {logging_mixin.py:149} INFO -                     created   created_utc  ... search_term                topic
0 2023-06-06 10:58:50-05:00  1.686067e+09  ...     alcohol  alcoholic_beverages
1 2023-06-14 11:27:31-05:00  1.686760e+09  ...     alcohol  alcoholic_beverages
2 2023-05-23 09:16:55-05:00  1.684851e+09  ...     alcohol  alcoholic_beverages
3 2023-06-24 19:20:46-05:00  1.687652e+09  ...     alcohol  alcoholic_beverages
4 2023-06-17 18:15:42-05:00  1.687044e+09  ...     alcohol  alcoholic_beverages

[5 rows x 16 columns]
[2023-06-27T04:12:38.956+0000] {python.py:183} INFO - Done. Returned value was:                        created  ...                topic
0    2023-06-06 10:58:50-05:00  ...  alcoholic_beverages
1    2023-06-14 11:27:31-05:00  ...  alcoholic_beverages
2    2023-05-23 09:16:55-05:00  ...  alcoholic_beverages
3    2023-06-24 19:20:46-05:00  ...  alcoholic_beverages
4    2023-06-17 18:15:42-05:00  ...  alcoholic_beverages
...                        ...  ...                  ...
4151 2022-12-28 15:30:44-06:00  ...  alcoholic_beverages
4152 2021-03-27 12:33:25-05:00  ...  alcoholic_beverages
4153 2021-05-05 15:12:35-05:00  ...  alcoholic_beverages
4154 2019-08-02 14:52:47-05:00  ...  alcoholic_beverages
4155 2023-04-15 23:03:35-05:00  ...  alcoholic_beverages

[4156 rows x 16 columns]
[2023-06-27T04:12:39.523+0000] {taskinstance.py:1350} INFO - Marking task as SUCCESS. dag_id=search_posts, task_id=get_posts, execution_date=20230627T041011, start_date=20230627T041020, end_date=20230627T041239
[2023-06-27T04:12:39.615+0000] {local_task_job_runner.py:225} INFO - Task exited with return code 0
[2023-06-27T04:12:39.677+0000] {taskinstance.py:2653} INFO - 1 downstream tasks scheduled from follow-on schedule check
