[2023-06-27T02:23:29.788+0000] {taskinstance.py:1103} INFO - Dependencies all met for dep_context=non-requeueable deps ti=<TaskInstance: search_posts.get_posts manual__2023-06-27T02:23:22.163143+00:00 [queued]>
[2023-06-27T02:23:29.955+0000] {taskinstance.py:1103} INFO - Dependencies all met for dep_context=requeueable deps ti=<TaskInstance: search_posts.get_posts manual__2023-06-27T02:23:22.163143+00:00 [queued]>
[2023-06-27T02:23:29.960+0000] {taskinstance.py:1308} INFO - Starting attempt 1 of 1
[2023-06-27T02:23:30.107+0000] {taskinstance.py:1327} INFO - Executing <Task(PythonOperator): get_posts> on 2023-06-27 02:23:22.163143+00:00
[2023-06-27T02:23:30.181+0000] {standard_task_runner.py:57} INFO - Started process 910 to run task
[2023-06-27T02:23:30.257+0000] {standard_task_runner.py:84} INFO - Running: ['***', 'tasks', 'run', 'search_posts', 'get_posts', 'manual__2023-06-27T02:23:22.163143+00:00', '--job-id', '86', '--raw', '--subdir', 'DAGS_FOLDER/search_posts.py', '--cfg-path', '/tmp/tmpy6l00uu2']
[2023-06-27T02:23:30.272+0000] {standard_task_runner.py:85} INFO - Job 86: Subtask get_posts
[2023-06-27T02:23:30.598+0000] {task_command.py:410} INFO - Running <TaskInstance: search_posts.get_posts manual__2023-06-27T02:23:22.163143+00:00 [running]> on host 414be138234a
[2023-06-27T02:23:31.374+0000] {taskinstance.py:1547} INFO - Exporting env vars: AIRFLOW_CTX_DAG_OWNER='***' AIRFLOW_CTX_DAG_ID='search_posts' AIRFLOW_CTX_TASK_ID='get_posts' AIRFLOW_CTX_EXECUTION_DATE='2023-06-27T02:23:22.163143+00:00' AIRFLOW_CTX_TRY_NUMBER='1' AIRFLOW_CTX_DAG_RUN_ID='manual__2023-06-27T02:23:22.163143+00:00'
[2023-06-27T02:23:32.787+0000] {logging_mixin.py:149} INFO - <Response [200]>
[2023-06-27T02:23:32.813+0000] {logging_mixin.py:149} INFO - searching alcohol...
[2023-06-27T02:23:40.062+0000] {logging_mixin.py:149} INFO - searching drinks...
[2023-06-27T02:23:51.320+0000] {logging_mixin.py:149} INFO - searching cocktails...
[2023-06-27T02:24:02.367+0000] {logging_mixin.py:149} INFO - searching beer...
[2023-06-27T02:24:12.291+0000] {logging_mixin.py:149} INFO - searching wine...
[2023-06-27T02:24:19.894+0000] {logging_mixin.py:149} INFO - searching liquor...
[2023-06-27T02:24:27.256+0000] {logging_mixin.py:149} INFO - searching spirits...
[2023-06-27T02:24:34.405+0000] {logging_mixin.py:149} INFO - searching happyhour...
[2023-06-27T02:24:40.216+0000] {logging_mixin.py:149} INFO - searching mixology...
[2023-06-27T02:24:48.167+0000] {logging_mixin.py:149} INFO - searching bartender...
[2023-06-27T02:24:55.867+0000] {logging_mixin.py:149} INFO - searching craftbeer...
[2023-06-27T02:25:03.123+0000] {logging_mixin.py:149} INFO - searching winelover...
[2023-06-27T02:25:11.121+0000] {logging_mixin.py:149} INFO - searching drinkstagram...
[2023-06-27T02:25:12.551+0000] {logging_mixin.py:149} INFO - searching whiskey...
[2023-06-27T02:25:26.163+0000] {logging_mixin.py:149} INFO - searching vodka...
[2023-06-27T02:25:33.562+0000] {logging_mixin.py:149} INFO - searching gin...
[2023-06-27T02:25:41.891+0000] {logging_mixin.py:149} INFO - searching rum...
[2023-06-27T02:25:50.800+0000] {logging_mixin.py:149} INFO - searching tequila...
[2023-06-27T02:25:59.314+0000] {logging_mixin.py:149} INFO - searching drinking...
[2023-06-27T02:26:07.492+0000] {logging_mixin.py:149} INFO - searching drinkresponsibly...
[2023-06-27T02:26:08.513+0000] {logging_mixin.py:149} INFO - 
    raw_reddit_posts.shape: (4159, 16)
    
[2023-06-27T02:26:08.560+0000] {logging_mixin.py:149} INFO -                     created   created_utc  ... search_term                topic
0 2023-06-06 10:58:50-05:00  1.686067e+09  ...     alcohol  alcoholic_beverages
1 2023-06-14 11:27:31-05:00  1.686760e+09  ...     alcohol  alcoholic_beverages
2 2023-05-23 09:16:55-05:00  1.684851e+09  ...     alcohol  alcoholic_beverages
3 2023-06-24 19:20:46-05:00  1.687652e+09  ...     alcohol  alcoholic_beverages
4 2023-06-17 18:15:42-05:00  1.687044e+09  ...     alcohol  alcoholic_beverages

[5 rows x 16 columns]
[2023-06-27T02:26:08.565+0000] {python.py:183} INFO - Done. Returned value was:                        created  ...                topic
0    2023-06-06 10:58:50-05:00  ...  alcoholic_beverages
1    2023-06-14 11:27:31-05:00  ...  alcoholic_beverages
2    2023-05-23 09:16:55-05:00  ...  alcoholic_beverages
3    2023-06-24 19:20:46-05:00  ...  alcoholic_beverages
4    2023-06-17 18:15:42-05:00  ...  alcoholic_beverages
...                        ...  ...                  ...
4154 2022-12-28 15:40:22-06:00  ...  alcoholic_beverages
4155 2021-03-27 12:33:25-05:00  ...  alcoholic_beverages
4156 2021-05-05 15:12:35-05:00  ...  alcoholic_beverages
4157 2019-08-02 14:52:47-05:00  ...  alcoholic_beverages
4158 2023-04-15 23:03:35-05:00  ...  alcoholic_beverages

[4159 rows x 16 columns]
[2023-06-27T02:26:09.066+0000] {taskinstance.py:1350} INFO - Marking task as SUCCESS. dag_id=search_posts, task_id=get_posts, execution_date=20230627T022322, start_date=20230627T022329, end_date=20230627T022609
[2023-06-27T02:26:09.204+0000] {local_task_job_runner.py:225} INFO - Task exited with return code 0
[2023-06-27T02:26:09.270+0000] {taskinstance.py:2653} INFO - 1 downstream tasks scheduled from follow-on schedule check
