[2023-07-10T15:21:27.276+0000] {taskinstance.py:1103} INFO - Dependencies all met for dep_context=non-requeueable deps ti=<TaskInstance: search_posts.get_posts scheduled__2023-07-09T00:00:00+00:00 [queued]>
[2023-07-10T15:21:27.331+0000] {taskinstance.py:1103} INFO - Dependencies all met for dep_context=requeueable deps ti=<TaskInstance: search_posts.get_posts scheduled__2023-07-09T00:00:00+00:00 [queued]>
[2023-07-10T15:21:27.333+0000] {taskinstance.py:1308} INFO - Starting attempt 1 of 1
[2023-07-10T15:21:27.463+0000] {taskinstance.py:1327} INFO - Executing <Task(PythonOperator): get_posts> on 2023-07-09 00:00:00+00:00
[2023-07-10T15:21:27.559+0000] {standard_task_runner.py:57} INFO - Started process 74 to run task
[2023-07-10T15:21:27.633+0000] {standard_task_runner.py:84} INFO - Running: ['***', 'tasks', 'run', 'search_posts', 'get_posts', 'scheduled__2023-07-09T00:00:00+00:00', '--job-id', '252', '--raw', '--subdir', 'DAGS_FOLDER/search_posts.py', '--cfg-path', '/tmp/tmpgrqb9kgk']
[2023-07-10T15:21:27.677+0000] {standard_task_runner.py:85} INFO - Job 252: Subtask get_posts
[2023-07-10T15:21:28.473+0000] {task_command.py:410} INFO - Running <TaskInstance: search_posts.get_posts scheduled__2023-07-09T00:00:00+00:00 [running]> on host 414be138234a
[2023-07-10T15:21:29.516+0000] {taskinstance.py:1547} INFO - Exporting env vars: AIRFLOW_CTX_DAG_OWNER='***' AIRFLOW_CTX_DAG_ID='search_posts' AIRFLOW_CTX_TASK_ID='get_posts' AIRFLOW_CTX_EXECUTION_DATE='2023-07-09T00:00:00+00:00' AIRFLOW_CTX_TRY_NUMBER='1' AIRFLOW_CTX_DAG_RUN_ID='scheduled__2023-07-09T00:00:00+00:00'
[2023-07-10T15:21:30.906+0000] {logging_mixin.py:149} INFO - <Response [200]>
[2023-07-10T15:21:30.948+0000] {logging_mixin.py:149} INFO - searching alcohol...
[2023-07-10T15:21:38.893+0000] {logging_mixin.py:149} INFO - searching drinks...
[2023-07-10T15:21:48.311+0000] {logging_mixin.py:149} INFO - searching cocktails...
[2023-07-10T15:21:55.435+0000] {logging_mixin.py:149} INFO - searching beer...
[2023-07-10T15:22:03.483+0000] {logging_mixin.py:149} INFO - searching wine...
[2023-07-10T15:22:16.475+0000] {logging_mixin.py:149} INFO - searching liquor...
[2023-07-10T15:22:29.716+0000] {logging_mixin.py:149} INFO - searching spirits...
[2023-07-10T15:22:39.137+0000] {logging_mixin.py:149} INFO - searching happyhour...
[2023-07-10T15:22:45.878+0000] {logging_mixin.py:149} INFO - searching mixology...
[2023-07-10T15:23:07.720+0000] {logging_mixin.py:149} INFO - searching bartender...
[2023-07-10T15:23:27.079+0000] {logging_mixin.py:149} INFO - searching craftbeer...
[2023-07-10T15:23:36.339+0000] {logging_mixin.py:149} INFO - searching winelover...
[2023-07-10T15:23:52.826+0000] {logging_mixin.py:149} INFO - searching drinkstagram...
[2023-07-10T15:23:56.060+0000] {logging_mixin.py:149} INFO - searching whiskey...
[2023-07-10T15:24:13.032+0000] {logging_mixin.py:149} INFO - searching vodka...
[2023-07-10T15:24:38.748+0000] {logging_mixin.py:149} INFO - searching gin...
[2023-07-10T15:25:14.881+0000] {logging_mixin.py:149} INFO - searching rum...
[2023-07-10T15:25:25.605+0000] {logging_mixin.py:149} INFO - searching tequila...
[2023-07-10T15:25:33.420+0000] {logging_mixin.py:149} INFO - searching drinking...
[2023-07-10T15:25:45.163+0000] {logging_mixin.py:149} INFO - searching drinkresponsibly...
[2023-07-10T15:25:46.643+0000] {logging_mixin.py:149} INFO - 
    raw_reddit_posts.shape: (4188, 16)
    
[2023-07-10T15:25:46.815+0000] {logging_mixin.py:149} INFO -                     created   created_utc  ... search_term                topic
0 2023-06-24 19:20:46-05:00  1.687652e+09  ...     alcohol  alcoholic_beverages
1 2023-06-06 10:58:50-05:00  1.686067e+09  ...     alcohol  alcoholic_beverages
2 2023-05-23 09:16:55-05:00  1.684851e+09  ...     alcohol  alcoholic_beverages
3 2023-03-01 16:42:49-06:00  1.677711e+09  ...     alcohol  alcoholic_beverages
4 2023-06-17 18:15:42-05:00  1.687044e+09  ...     alcohol  alcoholic_beverages

[5 rows x 16 columns]
[2023-07-10T15:25:46.830+0000] {python.py:183} INFO - Done. Returned value was:                        created  ...                topic
0    2023-06-24 19:20:46-05:00  ...  alcoholic_beverages
1    2023-06-06 10:58:50-05:00  ...  alcoholic_beverages
2    2023-05-23 09:16:55-05:00  ...  alcoholic_beverages
3    2023-03-01 16:42:49-06:00  ...  alcoholic_beverages
4    2023-06-17 18:15:42-05:00  ...  alcoholic_beverages
...                        ...  ...                  ...
4183 2022-12-28 15:30:44-06:00  ...  alcoholic_beverages
4184 2021-03-27 12:33:25-05:00  ...  alcoholic_beverages
4185 2021-05-05 15:12:35-05:00  ...  alcoholic_beverages
4186 2019-08-02 14:52:47-05:00  ...  alcoholic_beverages
4187 2023-04-15 23:03:35-05:00  ...  alcoholic_beverages

[4188 rows x 16 columns]
[2023-07-10T15:25:47.609+0000] {taskinstance.py:1350} INFO - Marking task as SUCCESS. dag_id=search_posts, task_id=get_posts, execution_date=20230709T000000, start_date=20230710T152127, end_date=20230710T152547
[2023-07-10T15:25:47.754+0000] {local_task_job_runner.py:225} INFO - Task exited with return code 0
[2023-07-10T15:25:47.832+0000] {taskinstance.py:2653} INFO - 1 downstream tasks scheduled from follow-on schedule check
