[2023-06-30T00:03:27.425+0000] {taskinstance.py:1103} INFO - Dependencies all met for dep_context=non-requeueable deps ti=<TaskInstance: search_posts.get_post_ids scheduled__2023-06-29T00:00:00+00:00 [queued]>
[2023-06-30T00:03:27.460+0000] {taskinstance.py:1103} INFO - Dependencies all met for dep_context=requeueable deps ti=<TaskInstance: search_posts.get_post_ids scheduled__2023-06-29T00:00:00+00:00 [queued]>
[2023-06-30T00:03:27.468+0000] {taskinstance.py:1308} INFO - Starting attempt 1 of 1
[2023-06-30T00:03:27.512+0000] {taskinstance.py:1327} INFO - Executing <Task(PythonOperator): get_post_ids> on 2023-06-29 00:00:00+00:00
[2023-06-30T00:03:27.530+0000] {standard_task_runner.py:57} INFO - Started process 3574 to run task
[2023-06-30T00:03:27.539+0000] {standard_task_runner.py:84} INFO - Running: ['***', 'tasks', 'run', 'search_posts', 'get_post_ids', 'scheduled__2023-06-29T00:00:00+00:00', '--job-id', '143', '--raw', '--subdir', 'DAGS_FOLDER/search_posts.py', '--cfg-path', '/tmp/tmpismr123g']
[2023-06-30T00:03:27.544+0000] {standard_task_runner.py:85} INFO - Job 143: Subtask get_post_ids
[2023-06-30T00:03:27.646+0000] {task_command.py:410} INFO - Running <TaskInstance: search_posts.get_post_ids scheduled__2023-06-29T00:00:00+00:00 [running]> on host 414be138234a
[2023-06-30T00:03:27.810+0000] {taskinstance.py:1547} INFO - Exporting env vars: AIRFLOW_CTX_DAG_OWNER='***' AIRFLOW_CTX_DAG_ID='search_posts' AIRFLOW_CTX_TASK_ID='get_post_ids' AIRFLOW_CTX_EXECUTION_DATE='2023-06-29T00:00:00+00:00' AIRFLOW_CTX_TRY_NUMBER='1' AIRFLOW_CTX_DAG_RUN_ID='scheduled__2023-06-29T00:00:00+00:00'
[2023-06-30T00:03:27.814+0000] {logging_mixin.py:149} INFO - ['logs', 'dags', '***-worker.pid', 'webserver_config.py', 'plugins', '***.cfg', 'config']
[2023-06-30T00:03:27.885+0000] {logging_mixin.py:149} INFO - executing BigQuery: 
            SELECT name
            FROM reddit_db.raw_reddit_pulls
[2023-06-30T00:03:30.715+0000] {logging_mixin.py:149} INFO -          name
0  t3_132urnj
1  t3_12ysjlo
2   t3_133skw
3   t3_fcalx2
4  t3_1330lvj
[2023-06-30T00:03:30.719+0000] {python.py:183} INFO - Done. Returned value was:             name
0     t3_132urnj
1     t3_12ysjlo
2      t3_133skw
3      t3_fcalx2
4     t3_1330lvj
...          ...
4052  t3_13e8lce
4053  t3_139ia96
4054  t3_13a97ft
4055  t3_13b4n5x
4056        test

[4057 rows x 1 columns]
[2023-06-30T00:03:30.855+0000] {taskinstance.py:1350} INFO - Marking task as SUCCESS. dag_id=search_posts, task_id=get_post_ids, execution_date=20230629T000000, start_date=20230630T000327, end_date=20230630T000330
[2023-06-30T00:03:30.955+0000] {local_task_job_runner.py:225} INFO - Task exited with return code 0
[2023-06-30T00:03:31.022+0000] {taskinstance.py:2653} INFO - 1 downstream tasks scheduled from follow-on schedule check
