[2023-06-27T03:20:47.375+0000] {taskinstance.py:1103} INFO - Dependencies all met for dep_context=non-requeueable deps ti=<TaskInstance: search_posts.get_posts manual__2023-06-27T03:20:38.377999+00:00 [queued]>
[2023-06-27T03:20:47.459+0000] {taskinstance.py:1103} INFO - Dependencies all met for dep_context=requeueable deps ti=<TaskInstance: search_posts.get_posts manual__2023-06-27T03:20:38.377999+00:00 [queued]>
[2023-06-27T03:20:47.466+0000] {taskinstance.py:1308} INFO - Starting attempt 1 of 1
[2023-06-27T03:20:47.806+0000] {taskinstance.py:1327} INFO - Executing <Task(PythonOperator): get_posts> on 2023-06-27 03:20:38.377999+00:00
[2023-06-27T03:20:47.873+0000] {standard_task_runner.py:57} INFO - Started process 1989 to run task
[2023-06-27T03:20:47.998+0000] {standard_task_runner.py:84} INFO - Running: ['***', 'tasks', 'run', 'search_posts', 'get_posts', 'manual__2023-06-27T03:20:38.377999+00:00', '--job-id', '104', '--raw', '--subdir', 'DAGS_FOLDER/search_posts.py', '--cfg-path', '/tmp/tmp9ee43g_7']
[2023-06-27T03:20:48.034+0000] {standard_task_runner.py:85} INFO - Job 104: Subtask get_posts
[2023-06-27T03:20:48.517+0000] {task_command.py:410} INFO - Running <TaskInstance: search_posts.get_posts manual__2023-06-27T03:20:38.377999+00:00 [running]> on host 414be138234a
[2023-06-27T03:20:48.882+0000] {taskinstance.py:1547} INFO - Exporting env vars: AIRFLOW_CTX_DAG_OWNER='***' AIRFLOW_CTX_DAG_ID='search_posts' AIRFLOW_CTX_TASK_ID='get_posts' AIRFLOW_CTX_EXECUTION_DATE='2023-06-27T03:20:38.377999+00:00' AIRFLOW_CTX_TRY_NUMBER='1' AIRFLOW_CTX_DAG_RUN_ID='manual__2023-06-27T03:20:38.377999+00:00'
[2023-06-27T03:20:50.412+0000] {logging_mixin.py:149} INFO - <Response [200]>
[2023-06-27T03:20:50.419+0000] {logging_mixin.py:149} INFO - searching alcohol...
[2023-06-27T03:20:58.161+0000] {logging_mixin.py:149} INFO - searching drinks...
[2023-06-27T03:21:05.762+0000] {logging_mixin.py:149} INFO - searching cocktails...
[2023-06-27T03:21:13.554+0000] {logging_mixin.py:149} INFO - searching beer...
[2023-06-27T03:21:20.628+0000] {logging_mixin.py:149} INFO - searching wine...
[2023-06-27T03:21:31.357+0000] {logging_mixin.py:149} INFO - searching liquor...
[2023-06-27T03:21:39.161+0000] {logging_mixin.py:149} INFO - searching spirits...
[2023-06-27T03:21:47.270+0000] {logging_mixin.py:149} INFO - searching happyhour...
[2023-06-27T03:21:52.514+0000] {logging_mixin.py:149} INFO - searching mixology...
[2023-06-27T03:22:00.255+0000] {logging_mixin.py:149} INFO - searching bartender...
[2023-06-27T03:22:07.849+0000] {logging_mixin.py:149} INFO - searching craftbeer...
[2023-06-27T03:22:12.704+0000] {logging_mixin.py:149} INFO - searching winelover...
[2023-06-27T03:22:17.264+0000] {logging_mixin.py:149} INFO - searching drinkstagram...
[2023-06-27T03:22:18.316+0000] {logging_mixin.py:149} INFO - searching whiskey...
[2023-06-27T03:22:26.955+0000] {logging_mixin.py:149} INFO - searching vodka...
[2023-06-27T03:22:34.327+0000] {logging_mixin.py:149} INFO - searching gin...
[2023-06-27T03:22:40.972+0000] {logging_mixin.py:149} INFO - searching rum...
[2023-06-27T03:22:47.939+0000] {logging_mixin.py:149} INFO - searching tequila...
[2023-06-27T03:22:55.653+0000] {logging_mixin.py:149} INFO - searching drinking...
[2023-06-27T03:23:02.997+0000] {logging_mixin.py:149} INFO - searching drinkresponsibly...
[2023-06-27T03:23:04.003+0000] {logging_mixin.py:149} INFO - 
    raw_reddit_posts.shape: (4155, 16)
    
[2023-06-27T03:23:04.052+0000] {logging_mixin.py:149} INFO -                     created   created_utc  ... search_term                topic
0 2023-06-06 10:58:50-05:00  1.686067e+09  ...     alcohol  alcoholic_beverages
1 2023-06-14 11:27:31-05:00  1.686760e+09  ...     alcohol  alcoholic_beverages
2 2023-05-23 09:16:55-05:00  1.684851e+09  ...     alcohol  alcoholic_beverages
3 2023-06-24 19:20:46-05:00  1.687652e+09  ...     alcohol  alcoholic_beverages
4 2023-06-17 18:15:42-05:00  1.687044e+09  ...     alcohol  alcoholic_beverages

[5 rows x 16 columns]
[2023-06-27T03:23:04.057+0000] {python.py:183} INFO - Done. Returned value was:                        created  ...                topic
0    2023-06-06 10:58:50-05:00  ...  alcoholic_beverages
1    2023-06-14 11:27:31-05:00  ...  alcoholic_beverages
2    2023-05-23 09:16:55-05:00  ...  alcoholic_beverages
3    2023-06-24 19:20:46-05:00  ...  alcoholic_beverages
4    2023-06-17 18:15:42-05:00  ...  alcoholic_beverages
...                        ...  ...                  ...
4150 2022-12-28 15:30:44-06:00  ...  alcoholic_beverages
4151 2021-03-27 12:33:25-05:00  ...  alcoholic_beverages
4152 2021-05-05 15:12:35-05:00  ...  alcoholic_beverages
4153 2019-08-02 14:52:47-05:00  ...  alcoholic_beverages
4154 2023-04-15 23:03:35-05:00  ...  alcoholic_beverages

[4155 rows x 16 columns]
[2023-06-27T03:23:04.969+0000] {taskinstance.py:1350} INFO - Marking task as SUCCESS. dag_id=search_posts, task_id=get_posts, execution_date=20230627T032038, start_date=20230627T032047, end_date=20230627T032304
[2023-06-27T03:23:05.075+0000] {local_task_job_runner.py:225} INFO - Task exited with return code 0
[2023-06-27T03:23:05.134+0000] {taskinstance.py:2653} INFO - 1 downstream tasks scheduled from follow-on schedule check
