[2023-07-10T15:25:50.200+0000] {taskinstance.py:1103} INFO - Dependencies all met for dep_context=non-requeueable deps ti=<TaskInstance: search_posts.get_post_ids scheduled__2023-07-09T00:00:00+00:00 [queued]>
[2023-07-10T15:25:50.237+0000] {taskinstance.py:1103} INFO - Dependencies all met for dep_context=requeueable deps ti=<TaskInstance: search_posts.get_post_ids scheduled__2023-07-09T00:00:00+00:00 [queued]>
[2023-07-10T15:25:50.238+0000] {taskinstance.py:1308} INFO - Starting attempt 1 of 1
[2023-07-10T15:25:50.292+0000] {taskinstance.py:1327} INFO - Executing <Task(PythonOperator): get_post_ids> on 2023-07-09 00:00:00+00:00
[2023-07-10T15:25:50.344+0000] {standard_task_runner.py:57} INFO - Started process 165 to run task
[2023-07-10T15:25:50.381+0000] {standard_task_runner.py:84} INFO - Running: ['***', 'tasks', 'run', 'search_posts', 'get_post_ids', 'scheduled__2023-07-09T00:00:00+00:00', '--job-id', '260', '--raw', '--subdir', 'DAGS_FOLDER/search_posts.py', '--cfg-path', '/tmp/tmpxlh23n76']
[2023-07-10T15:25:50.393+0000] {standard_task_runner.py:85} INFO - Job 260: Subtask get_post_ids
[2023-07-10T15:25:50.656+0000] {task_command.py:410} INFO - Running <TaskInstance: search_posts.get_post_ids scheduled__2023-07-09T00:00:00+00:00 [running]> on host 414be138234a
[2023-07-10T15:25:50.897+0000] {taskinstance.py:1547} INFO - Exporting env vars: AIRFLOW_CTX_DAG_OWNER='***' AIRFLOW_CTX_DAG_ID='search_posts' AIRFLOW_CTX_TASK_ID='get_post_ids' AIRFLOW_CTX_EXECUTION_DATE='2023-07-09T00:00:00+00:00' AIRFLOW_CTX_TRY_NUMBER='1' AIRFLOW_CTX_DAG_RUN_ID='scheduled__2023-07-09T00:00:00+00:00'
[2023-07-10T15:25:50.915+0000] {logging_mixin.py:149} INFO - ['logs', 'dags', '***-worker.pid', 'webserver_config.py', 'plugins', '***.cfg', 'config']
[2023-07-10T15:25:51.057+0000] {logging_mixin.py:149} INFO - executing BigQuery: 
            SELECT name
            FROM reddit_db.raw_reddit_pulls
[2023-07-10T15:25:53.535+0000] {logging_mixin.py:149} INFO -          name
0        test
1  t3_132urnj
2  t3_12ysjlo
3  t3_14ep7gh
4  t3_147t7wb
[2023-07-10T15:25:53.543+0000] {python.py:183} INFO - Done. Returned value was:             name
0           test
1     t3_132urnj
2     t3_12ysjlo
3     t3_14ep7gh
4     t3_147t7wb
...          ...
7499  t3_13ow6xf
7500  t3_14c3t9q
7501  t3_14ify1i
7502  t3_14ni2qq
7503  t3_14n1n7p

[7504 rows x 1 columns]
[2023-07-10T15:25:53.852+0000] {taskinstance.py:1350} INFO - Marking task as SUCCESS. dag_id=search_posts, task_id=get_post_ids, execution_date=20230709T000000, start_date=20230710T152550, end_date=20230710T152553
[2023-07-10T15:25:54.039+0000] {local_task_job_runner.py:225} INFO - Task exited with return code 0
[2023-07-10T15:25:54.162+0000] {taskinstance.py:2653} INFO - 1 downstream tasks scheduled from follow-on schedule check
