[2023-06-30T15:48:47.838+0000] {taskinstance.py:1103} INFO - Dependencies all met for dep_context=non-requeueable deps ti=<TaskInstance: search_posts.get_post_ids manual__2023-06-30T15:45:37.271250+00:00 [queued]>
[2023-06-30T15:48:47.862+0000] {taskinstance.py:1103} INFO - Dependencies all met for dep_context=requeueable deps ti=<TaskInstance: search_posts.get_post_ids manual__2023-06-30T15:45:37.271250+00:00 [queued]>
[2023-06-30T15:48:47.864+0000] {taskinstance.py:1308} INFO - Starting attempt 1 of 1
[2023-06-30T15:48:47.897+0000] {taskinstance.py:1327} INFO - Executing <Task(PythonOperator): get_post_ids> on 2023-06-30 15:45:37.271250+00:00
[2023-06-30T15:48:47.910+0000] {standard_task_runner.py:57} INFO - Started process 18241 to run task
[2023-06-30T15:48:47.926+0000] {standard_task_runner.py:84} INFO - Running: ['***', 'tasks', 'run', 'search_posts', 'get_post_ids', 'manual__2023-06-30T15:45:37.271250+00:00', '--job-id', '153', '--raw', '--subdir', 'DAGS_FOLDER/search_posts.py', '--cfg-path', '/tmp/tmpynsx76uh']
[2023-06-30T15:48:47.931+0000] {standard_task_runner.py:85} INFO - Job 153: Subtask get_post_ids
[2023-06-30T15:48:48.034+0000] {task_command.py:410} INFO - Running <TaskInstance: search_posts.get_post_ids manual__2023-06-30T15:45:37.271250+00:00 [running]> on host 414be138234a
[2023-06-30T15:48:48.211+0000] {taskinstance.py:1547} INFO - Exporting env vars: AIRFLOW_CTX_DAG_OWNER='***' AIRFLOW_CTX_DAG_ID='search_posts' AIRFLOW_CTX_TASK_ID='get_post_ids' AIRFLOW_CTX_EXECUTION_DATE='2023-06-30T15:45:37.271250+00:00' AIRFLOW_CTX_TRY_NUMBER='1' AIRFLOW_CTX_DAG_RUN_ID='manual__2023-06-30T15:45:37.271250+00:00'
[2023-06-30T15:48:48.214+0000] {logging_mixin.py:149} INFO - ['logs', 'dags', '***-worker.pid', 'webserver_config.py', 'plugins', '***.cfg', 'config']
[2023-06-30T15:48:48.284+0000] {logging_mixin.py:149} INFO - executing BigQuery: 
            SELECT name
            FROM reddit_db.raw_reddit_pulls
[2023-06-30T15:48:52.121+0000] {logging_mixin.py:149} INFO -          name
0  t3_13vvmjv
1  t3_14ewre8
2  t3_13zl9lf
3  t3_13ij6r9
4  t3_14ljiye
[2023-06-30T15:48:52.123+0000] {python.py:183} INFO - Done. Returned value was:             name
0     t3_13vvmjv
1     t3_14ewre8
2     t3_13zl9lf
3     t3_13ij6r9
4     t3_14ljiye
...          ...
7199  t3_13ku2wk
7200  t3_14gldfm
7201  t3_13oam3m
7202  t3_13tdb27
7203  t3_14c3t9q

[7204 rows x 1 columns]
[2023-06-30T15:48:52.214+0000] {taskinstance.py:1350} INFO - Marking task as SUCCESS. dag_id=search_posts, task_id=get_post_ids, execution_date=20230630T154537, start_date=20230630T154847, end_date=20230630T154852
[2023-06-30T15:48:52.293+0000] {local_task_job_runner.py:225} INFO - Task exited with return code 0
[2023-06-30T15:48:52.363+0000] {taskinstance.py:2653} INFO - 0 downstream tasks scheduled from follow-on schedule check
