[2023-07-10T15:21:30.056+0000] {taskinstance.py:1103} INFO - Dependencies all met for dep_context=non-requeueable deps ti=<TaskInstance: my_dag.get_seed_df scheduled__2023-07-09T00:00:00+00:00 [queued]>
[2023-07-10T15:21:30.245+0000] {taskinstance.py:1103} INFO - Dependencies all met for dep_context=requeueable deps ti=<TaskInstance: my_dag.get_seed_df scheduled__2023-07-09T00:00:00+00:00 [queued]>
[2023-07-10T15:21:30.251+0000] {taskinstance.py:1308} INFO - Starting attempt 1 of 1
[2023-07-10T15:21:30.471+0000] {taskinstance.py:1327} INFO - Executing <Task(PythonOperator): get_seed_df> on 2023-07-09 00:00:00+00:00
[2023-07-10T15:21:30.530+0000] {standard_task_runner.py:57} INFO - Started process 79 to run task
[2023-07-10T15:21:30.602+0000] {standard_task_runner.py:84} INFO - Running: ['***', 'tasks', 'run', 'my_dag', 'get_seed_df', 'scheduled__2023-07-09T00:00:00+00:00', '--job-id', '257', '--raw', '--subdir', 'DAGS_FOLDER/my_dag.py', '--cfg-path', '/tmp/tmpblyt9_j9']
[2023-07-10T15:21:30.653+0000] {standard_task_runner.py:85} INFO - Job 257: Subtask get_seed_df
[2023-07-10T15:21:31.050+0000] {task_command.py:410} INFO - Running <TaskInstance: my_dag.get_seed_df scheduled__2023-07-09T00:00:00+00:00 [running]> on host 414be138234a
[2023-07-10T15:21:32.270+0000] {taskinstance.py:1547} INFO - Exporting env vars: AIRFLOW_CTX_DAG_OWNER='***' AIRFLOW_CTX_DAG_ID='my_dag' AIRFLOW_CTX_TASK_ID='get_seed_df' AIRFLOW_CTX_EXECUTION_DATE='2023-07-09T00:00:00+00:00' AIRFLOW_CTX_TRY_NUMBER='1' AIRFLOW_CTX_DAG_RUN_ID='scheduled__2023-07-09T00:00:00+00:00'
[2023-07-10T15:21:32.707+0000] {logging_mixin.py:149} INFO - executing BigQuery: 
            SELECT *
            FROM reddit_db.raw_reddit_pulls
[2023-07-10T15:21:36.877+0000] {logging_mixin.py:149} INFO -         id  ...                                                url
0     test  ...                                               test
1  132urnj  ...  https://www.reddit.com/r/math/comments/132urnj...
2  12ysjlo  ...  https://www.reddit.com/r/linux/comments/12ysjl...
3  14ep7gh  ...                    https://i.imgur.com/huife3K.jpg
4  147t7wb  ...  https://www.reddit.com/r/podcasts/comments/147...

[5 rows x 9 columns]
[2023-07-10T15:21:36.889+0000] {python.py:183} INFO - Done. Returned value was: None
[2023-07-10T15:21:36.915+0000] {taskinstance.py:1350} INFO - Marking task as SUCCESS. dag_id=my_dag, task_id=get_seed_df, execution_date=20230709T000000, start_date=20230710T152130, end_date=20230710T152136
[2023-07-10T15:21:36.982+0000] {local_task_job_runner.py:225} INFO - Task exited with return code 0
[2023-07-10T15:21:37.028+0000] {taskinstance.py:2653} INFO - 0 downstream tasks scheduled from follow-on schedule check
